Log file open, 07/14/22 11:28:30
LogWindows: Failed to load 'aqProf.dll' (GetLastError=126)
LogWindows: File 'aqProf.dll' does not exist
LogWindows: Failed to load 'VtuneApi.dll' (GetLastError=126)
LogWindows: File 'VtuneApi.dll' does not exist
LogWindows: Failed to load 'VtuneApi32e.dll' (GetLastError=126)
LogWindows: File 'VtuneApi32e.dll' does not exist
LogConsoleResponse: Display: Failed to find resolution value strings in scalability ini. Falling back to default.
LogConsoleResponse: Display: Failed to find resolution value strings in scalability ini. Falling back to default.
LogInit: Display: Running engine for game: GameplayProgramming
LogPlatformFile: Not using cached read wrapper
LogTaskGraph: Started task graph with 5 named threads and 47 total threads with 3 sets of task threads.
LogStats: Stats thread started at 0.243319
LogICUInternationalization: ICU TimeZone Detection - Raw Offset: +1:00, Platform Override: ''
LogInit: Display: Loading text-based GConfig....
LogPluginManager: Mounting plugin MeshPainting
LogPluginManager: Mounting plugin XGEController
LogPluginManager: Mounting plugin Paper2D
LogPluginManager: Mounting plugin AISupport
LogPluginManager: Mounting plugin LightPropagationVolume
LogPluginManager: Mounting plugin EnvironmentQueryEditor
LogPluginManager: Mounting plugin LiveLink
LogPluginManager: Mounting plugin OodleData
LogPluginManager: Mounting plugin CameraShakePreviewer
LogPluginManager: Mounting plugin OodleNetwork
LogPluginManager: Mounting plugin GameplayCameras
LogPluginManager: Mounting plugin AssetManagerEditor
LogPluginManager: Mounting plugin CryptoKeys
LogPluginManager: Mounting plugin DataValidation
LogPluginManager: Mounting plugin CurveEditorTools
LogPluginManager: Mounting plugin GeometryMode
LogPluginManager: Mounting plugin FacialAnimation
LogPluginManager: Mounting plugin MacGraphicsSwitching
LogPluginManager: Mounting plugin MaterialAnalyzer
LogPluginManager: Mounting plugin GameplayTagsEditor
LogPluginManager: Mounting plugin MobileLauncherProfileWizard
LogPluginManager: Mounting plugin PluginBrowser
LogPluginManager: Mounting plugin SpeedTreeImporter
LogPluginManager: Mounting plugin AnimationSharing
LogPluginManager: Mounting plugin CLionSourceCodeAccess
LogPluginManager: Mounting plugin CodeLiteSourceCodeAccess
LogPluginManager: Mounting plugin GitSourceControl
LogPluginManager: Mounting plugin KDevelopSourceCodeAccess
LogPluginManager: Mounting plugin PerforceSourceControl
LogPluginManager: Mounting plugin PixWinPlugin
LogPluginManager: Mounting plugin NullSourceCodeAccess
LogPluginManager: Mounting plugin PlasticSourceControl
LogPluginManager: Mounting plugin PluginUtils
LogPluginManager: Mounting plugin PropertyAccessNode
LogPluginManager: Mounting plugin SubversionSourceControl
LogPluginManager: Mounting plugin TextureFormatOodle
LogPluginManager: Mounting plugin RiderSourceCodeAccess
LogPluginManager: Mounting plugin UObjectPlugin
LogPluginManager: Mounting plugin VisualStudioCodeSourceCodeAccess
LogPluginManager: Mounting plugin VisualStudioSourceCodeAccess
LogPluginManager: Mounting plugin XCodeSourceCodeAccess
LogPluginManager: Mounting plugin DatasmithContent
LogPluginManager: Mounting plugin VariantManagerContent
LogPluginManager: Mounting plugin AlembicImporter
LogPluginManager: Mounting plugin AutomationUtils
LogPluginManager: Mounting plugin BackChannel
LogPluginManager: Mounting plugin ChaosCloth
LogPluginManager: Mounting plugin ChaosClothEditor
LogPluginManager: Mounting plugin ChaosEditor
LogPluginManager: Mounting plugin ChaosSolverPlugin
LogPluginManager: Mounting plugin ChaosNiagara
LogPluginManager: Mounting plugin CharacterAI
LogPluginManager: Mounting plugin GeometryCache
LogPluginManager: Mounting plugin GeometryCollectionPlugin
LogPluginManager: Mounting plugin GeometryProcessing
LogPluginManager: Mounting plugin MotoSynth
LogPluginManager: Mounting plugin OpenImageDenoise
LogPluginManager: Mounting plugin PlanarCut
LogPluginManager: Mounting plugin PlatformCrypto
LogPluginManager: Mounting plugin ProxyLODPlugin
LogPluginManager: Mounting plugin PythonScriptPlugin
LogPluginManager: Mounting plugin SkeletalReduction
LogPluginManager: Mounting plugin Niagara
LogPluginManager: Mounting plugin MagicLeap
LogPluginManager: Mounting plugin LuminPlatformFeatures
LogPluginManager: Mounting plugin MagicLeapLightEstimation
LogPluginManager: Mounting plugin MagicLeapMedia
LogPluginManager: Mounting plugin MagicLeapPassableWorld
LogPluginManager: Mounting plugin MLSDK
LogPluginManager: Mounting plugin AndroidMedia
LogPluginManager: Mounting plugin AvfMedia
LogPluginManager: Mounting plugin ImgMedia
LogPluginManager: Mounting plugin MediaCompositing
LogPluginManager: Mounting plugin MediaPlayerEditor
LogPluginManager: Mounting plugin WebMMedia
LogPluginManager: Mounting plugin TcpMessaging
LogPluginManager: Mounting plugin UdpMessaging
LogPluginManager: Mounting plugin WmfMedia
LogPluginManager: Mounting plugin ActorSequence
LogPluginManager: Mounting plugin LevelSequenceEditor
LogPluginManager: Mounting plugin MatineeToLevelSequence
LogPluginManager: Mounting plugin TemplateSequence
LogPluginManager: Mounting plugin OnlineSubsystem
LogPluginManager: Mounting plugin OnlineSubsystemNull
LogPluginManager: Mounting plugin OnlineSubsystemUtils
LogPluginManager: Mounting plugin LauncherChunkInstaller
LogPluginManager: Mounting plugin ActorLayerUtilities
LogPluginManager: Mounting plugin AndroidDeviceProfileSelector
LogPluginManager: Mounting plugin AndroidMoviePlayer
LogPluginManager: Mounting plugin AndroidPermission
LogPluginManager: Mounting plugin AppleImageUtils
LogPluginManager: Mounting plugin AppleMoviePlayer
LogPluginManager: Mounting plugin ArchVisCharacter
LogPluginManager: Mounting plugin AssetTags
LogPluginManager: Mounting plugin AudioCapture
LogPluginManager: Mounting plugin AudioSynesthesia
LogPluginManager: Mounting plugin CableComponent
LogPluginManager: Mounting plugin ChunkDownloader
LogPluginManager: Mounting plugin CustomMeshComponent
LogPluginManager: Mounting plugin EditableMesh
LogPluginManager: Mounting plugin ExampleDeviceProfileSelector
LogPluginManager: Mounting plugin GoogleCloudMessaging
LogPluginManager: Mounting plugin GooglePAD
LogPluginManager: Mounting plugin IOSDeviceProfileSelector
LogPluginManager: Mounting plugin LinuxDeviceProfileSelector
LogPluginManager: Mounting plugin LocationServicesBPLibrary
LogPluginManager: Mounting plugin MobilePatchingUtils
LogPluginManager: Mounting plugin ScreenshotTools
LogPluginManager: Mounting plugin OpenXREyeTracker
LogPluginManager: Mounting plugin OpenXR
LogPluginManager: Mounting plugin OpenXRHandTracking
LogPluginManager: Mounting plugin PhysXVehicles
LogPluginManager: Mounting plugin PostSplashScreen
LogPluginManager: Mounting plugin ProceduralMeshComponent
LogPluginManager: Mounting plugin PropertyAccessEditor
LogPluginManager: Mounting plugin SignificanceManager
LogPluginManager: Mounting plugin RuntimePhysXCooking
LogPluginManager: Mounting plugin SoundFields
LogPluginManager: Mounting plugin Synthesis
LogPluginManager: Mounting plugin WebMMoviePlayer
LogPluginManager: Mounting plugin WindowsMoviePlayer
LogPluginManager: Mounting plugin Takes
LogPluginManager: Mounting plugin ContentBrowserClassDataSource
LogPluginManager: Mounting plugin ContentBrowserAssetDataSource
LogPluginManager: Mounting plugin ContentBrowserFileDataSource
LogPluginManager: Mounting plugin OnlineSubsystemGooglePlay
LogPluginManager: Mounting plugin OnlineSubsystemIOS
LogPluginManager: Mounting plugin OculusVR
LogPluginManager: Mounting plugin SteamVR
PixWinPlugin: PIX capture plugin failed to initialize! Check that the process is launched from PIX.
LogInit: Using libcurl 7.55.1-DEV
LogInit:  - built for x86_64-pc-win32
LogInit:  - supports SSL with OpenSSL/1.1.1
LogInit:  - supports HTTP deflate (compression) using libz 1.2.8
LogInit:  - other features:
LogInit:      CURL_VERSION_SSL
LogInit:      CURL_VERSION_LIBZ
LogInit:      CURL_VERSION_IPV6
LogInit:      CURL_VERSION_ASYNCHDNS
LogInit:      CURL_VERSION_LARGEFILE
LogInit:      CURL_VERSION_IDN
LogInit:  CurlRequestOptions (configurable via config and command line):
LogInit:  - bVerifyPeer = true  - Libcurl will verify peer certificate
LogInit:  - bUseHttpProxy = false  - Libcurl will NOT use HTTP proxy
LogInit:  - bDontReuseConnections = false  - Libcurl will reuse connections
LogInit:  - MaxHostConnections = 16  - Libcurl will limit the number of connections to a host
LogInit:  - LocalHostAddr = Default
LogInit:  - BufferSize = 65536
LogOnline: OSS: Creating online subsystem instance for: NULL
LogInit: WinSock: version 1.1 (2.2), MaxSocks=32767, MaxUdp=65467
LogOnline: OSS: TryLoadSubsystemAndSetDefault: Loaded subsystem for module [NULL]
LogOculusPluginWrapper: OculusPlugin initialized successfully
LogHMD: Failed initializing OVRPlugin 1.59.0
LogInit: Build: ++UE4+Release-4.27-CL-18319896
LogInit: Engine Version: 4.27.2-18319896+++UE4+Release-4.27
LogInit: Compatible Engine Version: 4.27.0-17155196+++UE4+Release-4.27
LogInit: Net CL: 17155196
LogInit: OS: Windows 10 (Release 2009) (), CPU: AMD Ryzen 7 4800H with Radeon Graphics         , GPU: AMD Radeon(TM) Graphics
LogInit: Compiled (64-bit): Nov 30 2021 07:12:08
LogInit: Compiled with Visual C++: 19.24.28315.00
LogInit: Build Configuration: Development
LogInit: Branch Name: ++UE4+Release-4.27
LogInit: Command Line:  /Game/FirstPersonBP/Maps/FirstPersonExampleMap -game -PIEVIACONSOLE -Multiprocess GameUserSettingsINI=C:/Users/ivcha/Documents/GitHub/GameplayProgramming/Saved/Config/Windows/PIEGameUserSettings0.ini -MultiprocessSaveConfig -forcepassthrough -messaging -SessionName="Play in Standalone Game" -windowed -ResX=1280 -ResY=720
LogInit: Base Directory: C:/Program Files/Epic Games/UE_4.27/Engine/Binaries/Win64/
LogInit: Allocator: TBB
LogInit: Installed Engine Build: 1
LogDevObjectVersion: Number of dev versions registered: 29
LogDevObjectVersion:   Dev-Blueprints (B0D832E4-1F89-4F0D-ACCF-7EB736FD4AA2): 10
LogDevObjectVersion:   Dev-Build (E1C64328-A22C-4D53-A36C-8E866417BD8C): 0
LogDevObjectVersion:   Dev-Core (375EC13C-06E4-48FB-B500-84F0262A717E): 4
LogDevObjectVersion:   Dev-Editor (E4B068ED-F494-42E9-A231-DA0B2E46BB41): 40
LogDevObjectVersion:   Dev-Framework (CFFC743F-43B0-4480-9391-14DF171D2073): 37
LogDevObjectVersion:   Dev-Mobile (B02B49B5-BB20-44E9-A304-32B752E40360): 3
LogDevObjectVersion:   Dev-Networking (A4E4105C-59A1-49B5-A7C5-40C4547EDFEE): 0
LogDevObjectVersion:   Dev-Online (39C831C9-5AE6-47DC-9A44-9C173E1C8E7C): 0
LogDevObjectVersion:   Dev-Physics (78F01B33-EBEA-4F98-B9B4-84EACCB95AA2): 14
LogDevObjectVersion:   Dev-Platform (6631380F-2D4D-43E0-8009-CF276956A95A): 0
LogDevObjectVersion:   Dev-Rendering (12F88B9F-8875-4AFC-A67C-D90C383ABD29): 45
LogDevObjectVersion:   Dev-Sequencer (7B5AE74C-D270-4C10-A958-57980B212A5A): 13
LogDevObjectVersion:   Dev-VR (D7296918-1DD6-4BDD-9DE2-64A83CC13884): 3
LogDevObjectVersion:   Dev-LoadTimes (C2A15278-BFE7-4AFE-6C17-90FF531DF755): 1
LogDevObjectVersion:   Private-Geometry (6EACA3D4-40EC-4CC1-B786-8BED09428FC5): 3
LogDevObjectVersion:   Dev-AnimPhys (29E575DD-E0A3-4627-9D10-D276232CDCEA): 17
LogDevObjectVersion:   Dev-Anim (AF43A65D-7FD3-4947-9873-3E8ED9C1BB05): 15
LogDevObjectVersion:   Dev-ReflectionCapture (6B266CEC-1EC7-4B8F-A30B-E4D90942FC07): 1
LogDevObjectVersion:   Dev-Automation (0DF73D61-A23F-47EA-B727-89E90C41499A): 1
LogDevObjectVersion:   FortniteMain (601D1886-AC64-4F84-AA16-D3DE0DEAC7D6): 47
LogDevObjectVersion:   FortniteRelease (E7086368-6B23-4C58-8439-1B7016265E91): 1
LogDevObjectVersion:   Dev-Enterprise (9DFFBCD6-494F-0158-E221-12823C92A888): 10
LogDevObjectVersion:   Dev-Niagara (F2AED0AC-9AFE-416F-8664-AA7FFA26D6FC): 1
LogDevObjectVersion:   Dev-Destruction (174F1F0B-B4C6-45A5-B13F-2EE8D0FB917D): 10
LogDevObjectVersion:   Dev-Physics-Ext (35F94A83-E258-406C-A318-09F59610247C): 41
LogDevObjectVersion:   Dev-PhysicsMaterial-Chaos (B68FC16E-8B1B-42E2-B453-215C058844FE): 1
LogDevObjectVersion:   Dev-CineCamera (B2E18506-4273-CFC2-A54E-F4BB758BBA07): 1
LogDevObjectVersion:   Dev-VirtualProduction (64F58936-FD1B-42BA-BA96-7289D5D0FA4E): 1
LogDevObjectVersion:   Dev-MediaFramework (6F0ED827-A609-4895-9C91-998D90180EA4): 2
LogInit: Presizing for max 25165824 objects, including 0 objects not considered by GC, pre-allocating 0 bytes for permanent pool.
LogConfig: Applying CVar settings from Section [/Script/Engine.StreamingSettings] File [C:/Users/ivcha/Documents/GitHub/GameplayProgramming/Saved/Config/Windows/Engine.ini]
LogConfig: Setting CVar [[s.MinBulkDataSizeForAsyncLoading:131072]]
LogConfig: Setting CVar [[s.AsyncLoadingThreadEnabled:0]]
LogConfig: Setting CVar [[s.EventDrivenLoaderEnabled:1]]
LogConfig: Setting CVar [[s.WarnIfTimeLimitExceeded:0]]
LogConfig: Setting CVar [[s.TimeLimitExceededMultiplier:1.5]]
LogConfig: Setting CVar [[s.TimeLimitExceededMinTime:0.005]]
LogConfig: Setting CVar [[s.UseBackgroundLevelStreaming:1]]
LogConfig: Setting CVar [[s.PriorityAsyncLoadingExtraTime:15.0]]
LogConfig: Setting CVar [[s.LevelStreamingActorsUpdateTimeLimit:5.0]]
LogConfig: Setting CVar [[s.PriorityLevelStreamingActorsUpdateExtraTime:5.0]]
LogConfig: Setting CVar [[s.LevelStreamingComponentsRegistrationGranularity:10]]
LogConfig: Setting CVar [[s.UnregisterComponentsTimeLimit:1.0]]
LogConfig: Setting CVar [[s.LevelStreamingComponentsUnregistrationGranularity:5]]
LogConfig: Setting CVar [[s.FlushStreamingOnExit:1]]
LogInit: Object subsystem initialized
LogConfig: Setting CVar [[con.DebugEarlyDefault:1]]
LogConfig: Setting CVar [[r.setres:1280x720]]
[2022.07.14-09.28.31:450][  0]LogConfig: Setting CVar [[con.DebugEarlyDefault:1]]
[2022.07.14-09.28.31:450][  0]LogConfig: Setting CVar [[r.setres:1280x720]]
[2022.07.14-09.28.31:450][  0]LogConfig: Applying CVar settings from Section [/Script/Engine.RendererSettings] File [C:/Users/ivcha/Documents/GitHub/GameplayProgramming/Saved/Config/Windows/Engine.ini]
[2022.07.14-09.28.31:451][  0]LogConfig: Setting CVar [[r.GPUCrashDebugging:0]]
[2022.07.14-09.28.31:451][  0]LogConfig: Applying CVar settings from Section [/Script/Engine.RendererOverrideSettings] File [C:/Users/ivcha/Documents/GitHub/GameplayProgramming/Saved/Config/Windows/Engine.ini]
[2022.07.14-09.28.31:451][  0]LogConfig: Applying CVar settings from Section [/Script/Engine.StreamingSettings] File [C:/Users/ivcha/Documents/GitHub/GameplayProgramming/Saved/Config/Windows/Engine.ini]
[2022.07.14-09.28.31:451][  0]LogConfig: Setting CVar [[s.MinBulkDataSizeForAsyncLoading:131072]]
[2022.07.14-09.28.31:451][  0]LogConfig: Setting CVar [[s.AsyncLoadingThreadEnabled:0]]
[2022.07.14-09.28.31:451][  0]LogConfig: Setting CVar [[s.EventDrivenLoaderEnabled:1]]
[2022.07.14-09.28.31:451][  0]LogConfig: Setting CVar [[s.WarnIfTimeLimitExceeded:0]]
[2022.07.14-09.28.31:451][  0]LogConfig: Setting CVar [[s.TimeLimitExceededMultiplier:1.5]]
[2022.07.14-09.28.31:451][  0]LogConfig: Setting CVar [[s.TimeLimitExceededMinTime:0.005]]
[2022.07.14-09.28.31:451][  0]LogConfig: Setting CVar [[s.UseBackgroundLevelStreaming:1]]
[2022.07.14-09.28.31:451][  0]LogConfig: Setting CVar [[s.PriorityAsyncLoadingExtraTime:15.0]]
[2022.07.14-09.28.31:451][  0]LogConfig: Setting CVar [[s.LevelStreamingActorsUpdateTimeLimit:5.0]]
[2022.07.14-09.28.31:451][  0]LogConfig: Setting CVar [[s.PriorityLevelStreamingActorsUpdateExtraTime:5.0]]
[2022.07.14-09.28.31:451][  0]LogConfig: Setting CVar [[s.LevelStreamingComponentsRegistrationGranularity:10]]
[2022.07.14-09.28.31:451][  0]LogConfig: Setting CVar [[s.UnregisterComponentsTimeLimit:1.0]]
[2022.07.14-09.28.31:451][  0]LogConfig: Setting CVar [[s.LevelStreamingComponentsUnregistrationGranularity:5]]
[2022.07.14-09.28.31:451][  0]LogConfig: Setting CVar [[s.FlushStreamingOnExit:1]]
[2022.07.14-09.28.31:451][  0]LogConfig: Applying CVar settings from Section [/Script/Engine.GarbageCollectionSettings] File [C:/Users/ivcha/Documents/GitHub/GameplayProgramming/Saved/Config/Windows/Engine.ini]
[2022.07.14-09.28.31:451][  0]LogConfig: Setting CVar [[gc.MaxObjectsNotConsideredByGC:1]]
[2022.07.14-09.28.31:451][  0]LogConfig: Setting CVar [[gc.SizeOfPermanentObjectPool:0]]
[2022.07.14-09.28.31:451][  0]LogConfig: Setting CVar [[gc.FlushStreamingOnGC:0]]
[2022.07.14-09.28.31:451][  0]LogConfig: Setting CVar [[gc.NumRetriesBeforeForcingGC:10]]
[2022.07.14-09.28.31:451][  0]LogConfig: Setting CVar [[gc.AllowParallelGC:1]]
[2022.07.14-09.28.31:451][  0]LogConfig: Setting CVar [[gc.TimeBetweenPurgingPendingKillObjects:61.1]]
[2022.07.14-09.28.31:451][  0]LogConfig: Setting CVar [[gc.MaxObjectsInEditor:25165824]]
[2022.07.14-09.28.31:451][  0]LogConfig: Setting CVar [[gc.IncrementalBeginDestroyEnabled:1]]
[2022.07.14-09.28.31:451][  0]LogConfig: Setting CVar [[gc.CreateGCClusters:1]]
[2022.07.14-09.28.31:451][  0]LogConfig: Setting CVar [[gc.MinGCClusterSize:5]]
[2022.07.14-09.28.31:451][  0]LogConfig: Setting CVar [[gc.ActorClusteringEnabled:0]]
[2022.07.14-09.28.31:451][  0]LogConfig: Setting CVar [[gc.BlueprintClusteringEnabled:0]]
[2022.07.14-09.28.31:451][  0]LogConfig: Setting CVar [[gc.UseDisregardForGCOnDedicatedServers:0]]
[2022.07.14-09.28.31:451][  0]LogConfig: Setting CVar [[gc.MultithreadedDestructionEnabled:1]]
[2022.07.14-09.28.31:451][  0]LogConfig: Applying CVar settings from Section [/Script/Engine.NetworkSettings] File [C:/Users/ivcha/Documents/GitHub/GameplayProgramming/Saved/Config/Windows/Engine.ini]
[2022.07.14-09.28.31:451][  0]LogConfig: Applying CVar settings from Section [/Script/UnrealEd.CookerSettings] File [C:/Users/ivcha/Documents/GitHub/GameplayProgramming/Saved/Config/Windows/Engine.ini]
[2022.07.14-09.28.31:455][  0]LogConfig: Applying CVar settings from Section [ViewDistanceQuality@3] File [C:/Users/ivcha/Documents/GitHub/GameplayProgramming/Saved/Config/Windows/Scalability.ini]
[2022.07.14-09.28.31:455][  0]LogConfig: Setting CVar [[r.SkeletalMeshLODBias:0]]
[2022.07.14-09.28.31:455][  0]LogConfig: Setting CVar [[r.ViewDistanceScale:1.0]]
[2022.07.14-09.28.31:455][  0]LogConfig: Applying CVar settings from Section [AntiAliasingQuality@3] File [C:/Users/ivcha/Documents/GitHub/GameplayProgramming/Saved/Config/Windows/Scalability.ini]
[2022.07.14-09.28.31:455][  0]LogConfig: Setting CVar [[r.PostProcessAAQuality:4]]
[2022.07.14-09.28.31:455][  0]LogConfig: Applying CVar settings from Section [ShadowQuality@3] File [C:/Users/ivcha/Documents/GitHub/GameplayProgramming/Saved/Config/Windows/Scalability.ini]
[2022.07.14-09.28.31:455][  0]LogConfig: Setting CVar [[r.LightFunctionQuality:1]]
[2022.07.14-09.28.31:455][  0]LogConfig: Setting CVar [[r.ShadowQuality:5]]
[2022.07.14-09.28.31:455][  0]LogConfig: Setting CVar [[r.Shadow.CSM.MaxCascades:10]]
[2022.07.14-09.28.31:455][  0]LogConfig: Setting CVar [[r.Shadow.MaxResolution:2048]]
[2022.07.14-09.28.31:455][  0]LogConfig: Setting CVar [[r.Shadow.MaxCSMResolution:2048]]
[2022.07.14-09.28.31:455][  0]LogConfig: Setting CVar [[r.Shadow.RadiusThreshold:0.01]]
[2022.07.14-09.28.31:455][  0]LogConfig: Setting CVar [[r.Shadow.DistanceScale:1.0]]
[2022.07.14-09.28.31:455][  0]LogConfig: Setting CVar [[r.Shadow.CSM.TransitionScale:1.0]]
[2022.07.14-09.28.31:455][  0]LogConfig: Setting CVar [[r.Shadow.PreShadowResolutionFactor:1.0]]
[2022.07.14-09.28.31:455][  0]LogConfig: Setting CVar [[r.DistanceFieldShadowing:1]]
[2022.07.14-09.28.31:455][  0]LogConfig: Setting CVar [[r.DistanceFieldAO:1]]
[2022.07.14-09.28.31:455][  0]LogConfig: Setting CVar [[r.AOQuality:2]]
[2022.07.14-09.28.31:455][  0]LogConfig: Setting CVar [[r.VolumetricFog:1]]
[2022.07.14-09.28.31:455][  0]LogConfig: Setting CVar [[r.VolumetricFog.GridPixelSize:8]]
[2022.07.14-09.28.31:455][  0]LogConfig: Setting CVar [[r.VolumetricFog.GridSizeZ:128]]
[2022.07.14-09.28.31:455][  0]LogConfig: Setting CVar [[r.VolumetricFog.HistoryMissSupersampleCount:4]]
[2022.07.14-09.28.31:455][  0]LogConfig: Setting CVar [[r.LightMaxDrawDistanceScale:1]]
[2022.07.14-09.28.31:455][  0]LogConfig: Setting CVar [[r.CapsuleShadows:1]]
[2022.07.14-09.28.31:455][  0]LogConfig: Applying CVar settings from Section [PostProcessQuality@3] File [C:/Users/ivcha/Documents/GitHub/GameplayProgramming/Saved/Config/Windows/Scalability.ini]
[2022.07.14-09.28.31:455][  0]LogConfig: Setting CVar [[r.MotionBlurQuality:4]]
[2022.07.14-09.28.31:455][  0]LogConfig: Setting CVar [[r.AmbientOcclusionMipLevelFactor:0.4]]
[2022.07.14-09.28.31:455][  0]LogConfig: Setting CVar [[r.AmbientOcclusionMaxQuality:100]]
[2022.07.14-09.28.31:455][  0]LogConfig: Setting CVar [[r.AmbientOcclusionLevels:-1]]
[2022.07.14-09.28.31:455][  0]LogConfig: Setting CVar [[r.AmbientOcclusionRadiusScale:1.0]]
[2022.07.14-09.28.31:455][  0]LogConfig: Setting CVar [[r.DepthOfFieldQuality:2]]
[2022.07.14-09.28.31:455][  0]LogConfig: Setting CVar [[r.RenderTargetPoolMin:400]]
[2022.07.14-09.28.31:455][  0]LogConfig: Setting CVar [[r.LensFlareQuality:2]]
[2022.07.14-09.28.31:455][  0]LogConfig: Setting CVar [[r.SceneColorFringeQuality:1]]
[2022.07.14-09.28.31:455][  0]LogConfig: Setting CVar [[r.EyeAdaptationQuality:2]]
[2022.07.14-09.28.31:455][  0]LogConfig: Setting CVar [[r.BloomQuality:5]]
[2022.07.14-09.28.31:455][  0]LogConfig: Setting CVar [[r.FastBlurThreshold:100]]
[2022.07.14-09.28.31:455][  0]LogConfig: Setting CVar [[r.Upscale.Quality:3]]
[2022.07.14-09.28.31:455][  0]LogConfig: Setting CVar [[r.Tonemapper.GrainQuantization:1]]
[2022.07.14-09.28.31:455][  0]LogConfig: Setting CVar [[r.LightShaftQuality:1]]
[2022.07.14-09.28.31:455][  0]LogConfig: Setting CVar [[r.Filter.SizeScale:1]]
[2022.07.14-09.28.31:455][  0]LogConfig: Setting CVar [[r.Tonemapper.Quality:5]]
[2022.07.14-09.28.31:455][  0]LogConfig: Setting CVar [[r.DOF.Gather.AccumulatorQuality:1        ; higher gathering accumulator quality]]
[2022.07.14-09.28.31:455][  0]LogConfig: Setting CVar [[r.DOF.Gather.PostfilterMethod:1          ; Median3x3 postfilering method]]
[2022.07.14-09.28.31:455][  0]LogConfig: Setting CVar [[r.DOF.Gather.EnableBokehSettings:0       ; no bokeh simulation when gathering]]
[2022.07.14-09.28.31:455][  0]LogConfig: Setting CVar [[r.DOF.Gather.RingCount:4                 ; medium number of samples when gathering]]
[2022.07.14-09.28.31:455][  0]LogConfig: Setting CVar [[r.DOF.Scatter.ForegroundCompositing:1    ; additive foreground scattering]]
[2022.07.14-09.28.31:455][  0]LogConfig: Setting CVar [[r.DOF.Scatter.BackgroundCompositing:2    ; additive background scattering]]
[2022.07.14-09.28.31:455][  0]LogConfig: Setting CVar [[r.DOF.Scatter.EnableBokehSettings:1      ; bokeh simulation when scattering]]
[2022.07.14-09.28.31:455][  0]LogConfig: Setting CVar [[r.DOF.Scatter.MaxSpriteRatio:0.1         ; only a maximum of 10% of scattered bokeh]]
[2022.07.14-09.28.31:455][  0]LogConfig: Setting CVar [[r.DOF.Recombine.Quality:1                ; cheap slight out of focus]]
[2022.07.14-09.28.31:455][  0]LogConfig: Setting CVar [[r.DOF.Recombine.EnableBokehSettings:0    ; no bokeh simulation on slight out of focus]]
[2022.07.14-09.28.31:455][  0]LogConfig: Setting CVar [[r.DOF.TemporalAAQuality:1                ; more stable temporal accumulation]]
[2022.07.14-09.28.31:455][  0]LogConfig: Setting CVar [[r.DOF.Kernel.MaxForegroundRadius:0.025]]
[2022.07.14-09.28.31:455][  0]LogConfig: Setting CVar [[r.DOF.Kernel.MaxBackgroundRadius:0.025]]
[2022.07.14-09.28.31:455][  0]LogConfig: Applying CVar settings from Section [TextureQuality@3] File [C:/Users/ivcha/Documents/GitHub/GameplayProgramming/Saved/Config/Windows/Scalability.ini]
[2022.07.14-09.28.31:455][  0]LogConfig: Setting CVar [[r.Streaming.MipBias:0]]
[2022.07.14-09.28.31:455][  0]LogConfig: Setting CVar [[r.Streaming.AmortizeCPUToGPUCopy:0]]
[2022.07.14-09.28.31:455][  0]LogConfig: Setting CVar [[r.Streaming.MaxNumTexturesToStreamPerFrame:0]]
[2022.07.14-09.28.31:455][  0]LogConfig: Setting CVar [[r.Streaming.Boost:1]]
[2022.07.14-09.28.31:456][  0]LogConfig: Setting CVar [[r.MaxAnisotropy:8]]
[2022.07.14-09.28.31:456][  0]LogConfig: Setting CVar [[r.VT.MaxAnisotropy:8]]
[2022.07.14-09.28.31:456][  0]LogConfig: Setting CVar [[r.Streaming.LimitPoolSizeToVRAM:0]]
[2022.07.14-09.28.31:456][  0]LogConfig: Setting CVar [[r.Streaming.PoolSize:1000]]
[2022.07.14-09.28.31:456][  0]LogConfig: Setting CVar [[r.Streaming.MaxEffectiveScreenSize:0]]
[2022.07.14-09.28.31:456][  0]LogConfig: Applying CVar settings from Section [EffectsQuality@3] File [C:/Users/ivcha/Documents/GitHub/GameplayProgramming/Saved/Config/Windows/Scalability.ini]
[2022.07.14-09.28.31:456][  0]LogConfig: Setting CVar [[r.TranslucencyLightingVolumeDim:64]]
[2022.07.14-09.28.31:456][  0]LogConfig: Setting CVar [[r.RefractionQuality:2]]
[2022.07.14-09.28.31:456][  0]LogConfig: Setting CVar [[r.SSR.Quality:3]]
[2022.07.14-09.28.31:456][  0]LogConfig: Setting CVar [[r.SSR.HalfResSceneColor:0]]
[2022.07.14-09.28.31:456][  0]LogConfig: Setting CVar [[r.SceneColorFormat:4]]
[2022.07.14-09.28.31:456][  0]LogConfig: Setting CVar [[r.DetailMode:2]]
[2022.07.14-09.28.31:456][  0]LogConfig: Setting CVar [[r.TranslucencyVolumeBlur:1]]
[2022.07.14-09.28.31:456][  0]LogConfig: Setting CVar [[r.MaterialQualityLevel:1 ; High quality]]
[2022.07.14-09.28.31:456][  0]LogConfig: Setting CVar [[r.AnisotropicMaterials:1]]
[2022.07.14-09.28.31:456][  0]LogConfig: Setting CVar [[r.SSS.Scale:1]]
[2022.07.14-09.28.31:456][  0]LogConfig: Setting CVar [[r.SSS.SampleSet:2]]
[2022.07.14-09.28.31:456][  0]LogConfig: Setting CVar [[r.SSS.Quality:1]]
[2022.07.14-09.28.31:456][  0]LogConfig: Setting CVar [[r.SSS.HalfRes:0]]
[2022.07.14-09.28.31:456][  0]LogConfig: Setting CVar [[r.SSGI.Quality:3]]
[2022.07.14-09.28.31:456][  0]LogConfig: Setting CVar [[r.EmitterSpawnRateScale:1.0]]
[2022.07.14-09.28.31:456][  0]LogConfig: Setting CVar [[r.ParticleLightQuality:2]]
[2022.07.14-09.28.31:456][  0]LogConfig: Setting CVar [[r.SkyAtmosphere.AerialPerspectiveLUT.FastApplyOnOpaque:1 ; Always have FastSkyLUT 1 in this case to avoid wrong sky]]
[2022.07.14-09.28.31:456][  0]LogConfig: Setting CVar [[r.SkyAtmosphere.AerialPerspectiveLUT.SampleCountMaxPerSlice:4]]
[2022.07.14-09.28.31:456][  0]LogConfig: Setting CVar [[r.SkyAtmosphere.AerialPerspectiveLUT.DepthResolution:16.0]]
[2022.07.14-09.28.31:456][  0]LogConfig: Setting CVar [[r.SkyAtmosphere.FastSkyLUT:1]]
[2022.07.14-09.28.31:456][  0]LogConfig: Setting CVar [[r.SkyAtmosphere.FastSkyLUT.SampleCountMin:4.0]]
[2022.07.14-09.28.31:456][  0]LogConfig: Setting CVar [[r.SkyAtmosphere.FastSkyLUT.SampleCountMax:128.0]]
[2022.07.14-09.28.31:456][  0]LogConfig: Setting CVar [[r.SkyAtmosphere.SampleCountMin:4.0]]
[2022.07.14-09.28.31:456][  0]LogConfig: Setting CVar [[r.SkyAtmosphere.SampleCountMax:128.0]]
[2022.07.14-09.28.31:456][  0]LogConfig: Setting CVar [[r.SkyAtmosphere.TransmittanceLUT.UseSmallFormat:0]]
[2022.07.14-09.28.31:456][  0]LogConfig: Setting CVar [[r.SkyAtmosphere.TransmittanceLUT.SampleCount:10.0]]
[2022.07.14-09.28.31:456][  0]LogConfig: Setting CVar [[r.SkyAtmosphere.MultiScatteringLUT.SampleCount:15.0]]
[2022.07.14-09.28.31:456][  0]LogConfig: Setting CVar [[r.SkyLight.RealTimeReflectionCapture:1]]
[2022.07.14-09.28.31:456][  0]LogConfig: Applying CVar settings from Section [FoliageQuality@3] File [C:/Users/ivcha/Documents/GitHub/GameplayProgramming/Saved/Config/Windows/Scalability.ini]
[2022.07.14-09.28.31:456][  0]LogConfig: Setting CVar [[foliage.DensityScale:1.0]]
[2022.07.14-09.28.31:456][  0]LogConfig: Setting CVar [[grass.DensityScale:1.0]]
[2022.07.14-09.28.31:456][  0]LogConfig: Applying CVar settings from Section [ShadingQuality@3] File [C:/Users/ivcha/Documents/GitHub/GameplayProgramming/Saved/Config/Windows/Scalability.ini]
[2022.07.14-09.28.31:456][  0]LogConfig: Setting CVar [[r.HairStrands.SkyLighting.IntegrationType:2]]
[2022.07.14-09.28.31:456][  0]LogConfig: Setting CVar [[r.HairStrands.SkyAO.SampleCount:4]]
[2022.07.14-09.28.31:456][  0]LogConfig: Setting CVar [[r.HairStrands.Visibility.MSAA.SamplePerPixel:4]]
[2022.07.14-09.28.31:456][  0]LogInit: Selected Device Profile: [Windows]
[2022.07.14-09.28.31:456][  0]LogInit: Applying CVar settings loaded from the selected device profile: [Windows]
[2022.07.14-09.28.31:456][  0]LogHAL: Display: Platform has ~ 16 GB [16558354432 / 17179869184 / 16], which maps to Larger [LargestMinGB=32, LargerMinGB=12, DefaultMinGB=8, SmallerMinGB=6, SmallestMinGB=0)
[2022.07.14-09.28.31:456][  0]LogInit: Going up to parent DeviceProfile []
[2022.07.14-09.28.31:456][  0]LogConfig: Applying CVar settings from Section [ViewDistanceQuality@3] File [C:/Users/ivcha/Documents/GitHub/GameplayProgramming/Saved/Config/Windows/Scalability.ini]
[2022.07.14-09.28.31:456][  0]LogConfig: Setting CVar [[r.SkeletalMeshLODBias:0]]
[2022.07.14-09.28.31:456][  0]LogConfig: Setting CVar [[r.ViewDistanceScale:1.0]]
[2022.07.14-09.28.31:456][  0]LogConfig: Applying CVar settings from Section [AntiAliasingQuality@3] File [C:/Users/ivcha/Documents/GitHub/GameplayProgramming/Saved/Config/Windows/Scalability.ini]
[2022.07.14-09.28.31:456][  0]LogConfig: Setting CVar [[r.PostProcessAAQuality:4]]
[2022.07.14-09.28.31:456][  0]LogConfig: Applying CVar settings from Section [ShadowQuality@3] File [C:/Users/ivcha/Documents/GitHub/GameplayProgramming/Saved/Config/Windows/Scalability.ini]
[2022.07.14-09.28.31:456][  0]LogConfig: Setting CVar [[r.LightFunctionQuality:1]]
[2022.07.14-09.28.31:456][  0]LogConfig: Setting CVar [[r.ShadowQuality:5]]
[2022.07.14-09.28.31:456][  0]LogConfig: Setting CVar [[r.Shadow.CSM.MaxCascades:10]]
[2022.07.14-09.28.31:456][  0]LogConfig: Setting CVar [[r.Shadow.MaxResolution:2048]]
[2022.07.14-09.28.31:456][  0]LogConfig: Setting CVar [[r.Shadow.MaxCSMResolution:2048]]
[2022.07.14-09.28.31:456][  0]LogConfig: Setting CVar [[r.Shadow.RadiusThreshold:0.01]]
[2022.07.14-09.28.31:456][  0]LogConfig: Setting CVar [[r.Shadow.DistanceScale:1.0]]
[2022.07.14-09.28.31:456][  0]LogConfig: Setting CVar [[r.Shadow.CSM.TransitionScale:1.0]]
[2022.07.14-09.28.31:456][  0]LogConfig: Setting CVar [[r.Shadow.PreShadowResolutionFactor:1.0]]
[2022.07.14-09.28.31:456][  0]LogConfig: Setting CVar [[r.DistanceFieldShadowing:1]]
[2022.07.14-09.28.31:456][  0]LogConfig: Setting CVar [[r.DistanceFieldAO:1]]
[2022.07.14-09.28.31:456][  0]LogConfig: Setting CVar [[r.AOQuality:2]]
[2022.07.14-09.28.31:456][  0]LogConfig: Setting CVar [[r.VolumetricFog:1]]
[2022.07.14-09.28.31:456][  0]LogConfig: Setting CVar [[r.VolumetricFog.GridPixelSize:8]]
[2022.07.14-09.28.31:456][  0]LogConfig: Setting CVar [[r.VolumetricFog.GridSizeZ:128]]
[2022.07.14-09.28.31:456][  0]LogConfig: Setting CVar [[r.VolumetricFog.HistoryMissSupersampleCount:4]]
[2022.07.14-09.28.31:456][  0]LogConfig: Setting CVar [[r.LightMaxDrawDistanceScale:1]]
[2022.07.14-09.28.31:456][  0]LogConfig: Setting CVar [[r.CapsuleShadows:1]]
[2022.07.14-09.28.31:456][  0]LogConfig: Applying CVar settings from Section [PostProcessQuality@3] File [C:/Users/ivcha/Documents/GitHub/GameplayProgramming/Saved/Config/Windows/Scalability.ini]
[2022.07.14-09.28.31:456][  0]LogConfig: Setting CVar [[r.MotionBlurQuality:4]]
[2022.07.14-09.28.31:456][  0]LogConfig: Setting CVar [[r.AmbientOcclusionMipLevelFactor:0.4]]
[2022.07.14-09.28.31:456][  0]LogConfig: Setting CVar [[r.AmbientOcclusionMaxQuality:100]]
[2022.07.14-09.28.31:456][  0]LogConfig: Setting CVar [[r.AmbientOcclusionLevels:-1]]
[2022.07.14-09.28.31:456][  0]LogConfig: Setting CVar [[r.AmbientOcclusionRadiusScale:1.0]]
[2022.07.14-09.28.31:456][  0]LogConfig: Setting CVar [[r.DepthOfFieldQuality:2]]
[2022.07.14-09.28.31:456][  0]LogConfig: Setting CVar [[r.RenderTargetPoolMin:400]]
[2022.07.14-09.28.31:456][  0]LogConfig: Setting CVar [[r.LensFlareQuality:2]]
[2022.07.14-09.28.31:456][  0]LogConfig: Setting CVar [[r.SceneColorFringeQuality:1]]
[2022.07.14-09.28.31:456][  0]LogConfig: Setting CVar [[r.EyeAdaptationQuality:2]]
[2022.07.14-09.28.31:456][  0]LogConfig: Setting CVar [[r.BloomQuality:5]]
[2022.07.14-09.28.31:456][  0]LogConfig: Setting CVar [[r.FastBlurThreshold:100]]
[2022.07.14-09.28.31:456][  0]LogConfig: Setting CVar [[r.Upscale.Quality:3]]
[2022.07.14-09.28.31:456][  0]LogConfig: Setting CVar [[r.Tonemapper.GrainQuantization:1]]
[2022.07.14-09.28.31:456][  0]LogConfig: Setting CVar [[r.LightShaftQuality:1]]
[2022.07.14-09.28.31:456][  0]LogConfig: Setting CVar [[r.Filter.SizeScale:1]]
[2022.07.14-09.28.31:456][  0]LogConfig: Setting CVar [[r.Tonemapper.Quality:5]]
[2022.07.14-09.28.31:456][  0]LogConfig: Setting CVar [[r.DOF.Gather.AccumulatorQuality:1        ; higher gathering accumulator quality]]
[2022.07.14-09.28.31:456][  0]LogConfig: Setting CVar [[r.DOF.Gather.PostfilterMethod:1          ; Median3x3 postfilering method]]
[2022.07.14-09.28.31:456][  0]LogConfig: Setting CVar [[r.DOF.Gather.EnableBokehSettings:0       ; no bokeh simulation when gathering]]
[2022.07.14-09.28.31:456][  0]LogConfig: Setting CVar [[r.DOF.Gather.RingCount:4                 ; medium number of samples when gathering]]
[2022.07.14-09.28.31:457][  0]LogConfig: Setting CVar [[r.DOF.Scatter.ForegroundCompositing:1    ; additive foreground scattering]]
[2022.07.14-09.28.31:457][  0]LogConfig: Setting CVar [[r.DOF.Scatter.BackgroundCompositing:2    ; additive background scattering]]
[2022.07.14-09.28.31:457][  0]LogConfig: Setting CVar [[r.DOF.Scatter.EnableBokehSettings:1      ; bokeh simulation when scattering]]
[2022.07.14-09.28.31:457][  0]LogConfig: Setting CVar [[r.DOF.Scatter.MaxSpriteRatio:0.1         ; only a maximum of 10% of scattered bokeh]]
[2022.07.14-09.28.31:457][  0]LogConfig: Setting CVar [[r.DOF.Recombine.Quality:1                ; cheap slight out of focus]]
[2022.07.14-09.28.31:457][  0]LogConfig: Setting CVar [[r.DOF.Recombine.EnableBokehSettings:0    ; no bokeh simulation on slight out of focus]]
[2022.07.14-09.28.31:457][  0]LogConfig: Setting CVar [[r.DOF.TemporalAAQuality:1                ; more stable temporal accumulation]]
[2022.07.14-09.28.31:457][  0]LogConfig: Setting CVar [[r.DOF.Kernel.MaxForegroundRadius:0.025]]
[2022.07.14-09.28.31:457][  0]LogConfig: Setting CVar [[r.DOF.Kernel.MaxBackgroundRadius:0.025]]
[2022.07.14-09.28.31:457][  0]LogConfig: Applying CVar settings from Section [TextureQuality@3] File [C:/Users/ivcha/Documents/GitHub/GameplayProgramming/Saved/Config/Windows/Scalability.ini]
[2022.07.14-09.28.31:457][  0]LogConfig: Setting CVar [[r.Streaming.MipBias:0]]
[2022.07.14-09.28.31:457][  0]LogConfig: Setting CVar [[r.Streaming.AmortizeCPUToGPUCopy:0]]
[2022.07.14-09.28.31:457][  0]LogConfig: Setting CVar [[r.Streaming.MaxNumTexturesToStreamPerFrame:0]]
[2022.07.14-09.28.31:457][  0]LogConfig: Setting CVar [[r.Streaming.Boost:1]]
[2022.07.14-09.28.31:457][  0]LogConfig: Setting CVar [[r.MaxAnisotropy:8]]
[2022.07.14-09.28.31:457][  0]LogConfig: Setting CVar [[r.VT.MaxAnisotropy:8]]
[2022.07.14-09.28.31:457][  0]LogConfig: Setting CVar [[r.Streaming.LimitPoolSizeToVRAM:0]]
[2022.07.14-09.28.31:457][  0]LogConfig: Setting CVar [[r.Streaming.PoolSize:1000]]
[2022.07.14-09.28.31:457][  0]LogConfig: Setting CVar [[r.Streaming.MaxEffectiveScreenSize:0]]
[2022.07.14-09.28.31:457][  0]LogConfig: Applying CVar settings from Section [EffectsQuality@3] File [C:/Users/ivcha/Documents/GitHub/GameplayProgramming/Saved/Config/Windows/Scalability.ini]
[2022.07.14-09.28.31:457][  0]LogConfig: Setting CVar [[r.TranslucencyLightingVolumeDim:64]]
[2022.07.14-09.28.31:457][  0]LogConfig: Setting CVar [[r.RefractionQuality:2]]
[2022.07.14-09.28.31:457][  0]LogConfig: Setting CVar [[r.SSR.Quality:3]]
[2022.07.14-09.28.31:457][  0]LogConfig: Setting CVar [[r.SSR.HalfResSceneColor:0]]
[2022.07.14-09.28.31:457][  0]LogConfig: Setting CVar [[r.SceneColorFormat:4]]
[2022.07.14-09.28.31:457][  0]LogConfig: Setting CVar [[r.DetailMode:2]]
[2022.07.14-09.28.31:457][  0]LogConfig: Setting CVar [[r.TranslucencyVolumeBlur:1]]
[2022.07.14-09.28.31:457][  0]LogConfig: Setting CVar [[r.MaterialQualityLevel:1 ; High quality]]
[2022.07.14-09.28.31:457][  0]LogConfig: Setting CVar [[r.AnisotropicMaterials:1]]
[2022.07.14-09.28.31:457][  0]LogConfig: Setting CVar [[r.SSS.Scale:1]]
[2022.07.14-09.28.31:457][  0]LogConfig: Setting CVar [[r.SSS.SampleSet:2]]
[2022.07.14-09.28.31:457][  0]LogConfig: Setting CVar [[r.SSS.Quality:1]]
[2022.07.14-09.28.31:457][  0]LogConfig: Setting CVar [[r.SSS.HalfRes:0]]
[2022.07.14-09.28.31:457][  0]LogConfig: Setting CVar [[r.SSGI.Quality:3]]
[2022.07.14-09.28.31:457][  0]LogConfig: Setting CVar [[r.EmitterSpawnRateScale:1.0]]
[2022.07.14-09.28.31:457][  0]LogConfig: Setting CVar [[r.ParticleLightQuality:2]]
[2022.07.14-09.28.31:457][  0]LogConfig: Setting CVar [[r.SkyAtmosphere.AerialPerspectiveLUT.FastApplyOnOpaque:1 ; Always have FastSkyLUT 1 in this case to avoid wrong sky]]
[2022.07.14-09.28.31:457][  0]LogConfig: Setting CVar [[r.SkyAtmosphere.AerialPerspectiveLUT.SampleCountMaxPerSlice:4]]
[2022.07.14-09.28.31:457][  0]LogConfig: Setting CVar [[r.SkyAtmosphere.AerialPerspectiveLUT.DepthResolution:16.0]]
[2022.07.14-09.28.31:457][  0]LogConfig: Setting CVar [[r.SkyAtmosphere.FastSkyLUT:1]]
[2022.07.14-09.28.31:457][  0]LogConfig: Setting CVar [[r.SkyAtmosphere.FastSkyLUT.SampleCountMin:4.0]]
[2022.07.14-09.28.31:457][  0]LogConfig: Setting CVar [[r.SkyAtmosphere.FastSkyLUT.SampleCountMax:128.0]]
[2022.07.14-09.28.31:457][  0]LogConfig: Setting CVar [[r.SkyAtmosphere.SampleCountMin:4.0]]
[2022.07.14-09.28.31:457][  0]LogConfig: Setting CVar [[r.SkyAtmosphere.SampleCountMax:128.0]]
[2022.07.14-09.28.31:457][  0]LogConfig: Setting CVar [[r.SkyAtmosphere.TransmittanceLUT.UseSmallFormat:0]]
[2022.07.14-09.28.31:457][  0]LogConfig: Setting CVar [[r.SkyAtmosphere.TransmittanceLUT.SampleCount:10.0]]
[2022.07.14-09.28.31:457][  0]LogConfig: Setting CVar [[r.SkyAtmosphere.MultiScatteringLUT.SampleCount:15.0]]
[2022.07.14-09.28.31:457][  0]LogConfig: Setting CVar [[r.SkyLight.RealTimeReflectionCapture:1]]
[2022.07.14-09.28.31:457][  0]LogConfig: Applying CVar settings from Section [FoliageQuality@3] File [C:/Users/ivcha/Documents/GitHub/GameplayProgramming/Saved/Config/Windows/Scalability.ini]
[2022.07.14-09.28.31:457][  0]LogConfig: Setting CVar [[foliage.DensityScale:1.0]]
[2022.07.14-09.28.31:457][  0]LogConfig: Setting CVar [[grass.DensityScale:1.0]]
[2022.07.14-09.28.31:457][  0]LogConfig: Applying CVar settings from Section [ShadingQuality@3] File [C:/Users/ivcha/Documents/GitHub/GameplayProgramming/Saved/Config/Windows/Scalability.ini]
[2022.07.14-09.28.31:457][  0]LogConfig: Setting CVar [[r.HairStrands.SkyLighting.IntegrationType:2]]
[2022.07.14-09.28.31:457][  0]LogConfig: Setting CVar [[r.HairStrands.SkyAO.SampleCount:4]]
[2022.07.14-09.28.31:457][  0]LogConfig: Setting CVar [[r.HairStrands.Visibility.MSAA.SamplePerPixel:4]]
[2022.07.14-09.28.31:457][  0]LogConfig: Applying CVar settings from Section [Startup] File [../../../Engine/Config/ConsoleVariables.ini]
[2022.07.14-09.28.31:458][  0]LogConfig: Setting CVar [[net.UseAdaptiveNetUpdateFrequency:0]]
[2022.07.14-09.28.31:458][  0]LogConfig: Setting CVar [[p.chaos.AllowCreatePhysxBodies:1]]
[2022.07.14-09.28.31:458][  0]LogConfig: Setting CVar [[fx.SkipVectorVMBackendOptimizations:1]]
[2022.07.14-09.28.31:458][  0]LogConfig: Applying CVar settings from Section [ConsoleVariables] File [C:/Users/ivcha/Documents/GitHub/GameplayProgramming/Saved/Config/Windows/Engine.ini]
[2022.07.14-09.28.31:458][  0]LogConfig: Applying CVar settings from Section [ConsoleVariables] File [C:/Users/ivcha/Documents/GitHub/GameplayProgramming/Saved/Config/Windows/Editor.ini]
[2022.07.14-09.28.31:458][  0]LogInit: Computer: DESKTOP-4KBLNKT
[2022.07.14-09.28.31:458][  0]LogInit: User: ivcha
[2022.07.14-09.28.31:458][  0]LogInit: CPU Page size=4096, Cores=8
[2022.07.14-09.28.31:458][  0]LogInit: High frequency timer resolution =10.000000 MHz
[2022.07.14-09.28.31:458][  0]LogMemory: Memory total: Physical=15.4GB (16GB approx)
[2022.07.14-09.28.31:458][  0]LogMemory: Platform Memory Stats for Windows
[2022.07.14-09.28.31:458][  0]LogMemory: Process Physical Memory: 147.14 MB used, 147.15 MB peak
[2022.07.14-09.28.31:458][  0]LogMemory: Process Virtual Memory: 131.34 MB used, 131.34 MB peak
[2022.07.14-09.28.31:458][  0]LogMemory: Physical Memory: 13133.42 MB used,  2657.86 MB free, 15791.28 MB total
[2022.07.14-09.28.31:458][  0]LogMemory: Virtual Memory: 134212536.00 MB used,  5187.93 MB free, 134217728.00 MB total
[2022.07.14-09.28.31:464][  0]LogWindows: WindowsPlatformFeatures enabled
[2022.07.14-09.28.31:506][  0]LogInit: Physics initialised using underlying interface: PhysX
[2022.07.14-09.28.31:506][  0]LogInit: Using OS detected language (es-ES).
[2022.07.14-09.28.31:506][  0]LogInit: Using OS detected locale (es-ES).
[2022.07.14-09.28.31:509][  0]LogTextLocalizationManager: No specific localization for 'es-ES' exists, so the 'es' localization will be used.
[2022.07.14-09.28.31:553][  0]LogWindowsTextInputMethodSystem: Display: IME system deactivated.
[2022.07.14-09.28.31:577][  0]LogSlate: New Slate User Created.  User Index 0, Is Virtual User: 0
[2022.07.14-09.28.31:577][  0]LogSlate: Slate User Registered.  User Index 0, Is Virtual User: 0
[2022.07.14-09.28.31:591][  0]LogD3D11RHI: Loaded GFSDK_Aftermath_Lib.x64.dll
[2022.07.14-09.28.31:605][  0]LogHMD: Failed to initialize OpenVR with code 110
[2022.07.14-09.28.31:606][  0]LogD3D11RHI: D3D11 min allowed feature level: 11_0
[2022.07.14-09.28.31:606][  0]LogD3D11RHI: D3D11 max allowed feature level: 11_0
[2022.07.14-09.28.31:606][  0]LogD3D11RHI: D3D11 adapters:
[2022.07.14-09.28.31:697][  0]LogD3D11RHI:    0. 'NVIDIA GeForce GTX 1650 Ti' (Feature Level 11_0)
[2022.07.14-09.28.31:697][  0]LogD3D11RHI:       3962/0/7895 MB DedicatedVideo/DedicatedSystem/SharedSystem, Outputs:1, VendorId:0x10de
[2022.07.14-09.28.31:726][  0]LogD3D11RHI:    1. 'AMD Radeon(TM) Graphics' (Feature Level 11_0)
[2022.07.14-09.28.31:726][  0]LogD3D11RHI:       496/0/7895 MB DedicatedVideo/DedicatedSystem/SharedSystem, Outputs:0, VendorId:0x1002
[2022.07.14-09.28.31:728][  0]LogD3D11RHI:    2. 'Microsoft Basic Render Driver' (Feature Level 11_0)
[2022.07.14-09.28.31:729][  0]LogD3D11RHI:       0/0/7895 MB DedicatedVideo/DedicatedSystem/SharedSystem, Outputs:0, VendorId:0x1414
[2022.07.14-09.28.31:729][  0]LogD3D11RHI: Chosen D3D11 Adapter:
[2022.07.14-09.28.31:729][  0]LogD3D11RHI:     Description : NVIDIA GeForce GTX 1650 Ti
[2022.07.14-09.28.31:729][  0]LogD3D11RHI:     VendorId    : 10de
[2022.07.14-09.28.31:729][  0]LogD3D11RHI:     DeviceId    : 1f95
[2022.07.14-09.28.31:729][  0]LogD3D11RHI:     SubSysId    : 16df1043
[2022.07.14-09.28.31:729][  0]LogD3D11RHI:     Revision    : 00a1
[2022.07.14-09.28.31:729][  0]LogD3D11RHI:     DedicatedVideoMemory : 4154458112 bytes
[2022.07.14-09.28.31:729][  0]LogD3D11RHI:     DedicatedSystemMemory : 0 bytes
[2022.07.14-09.28.31:729][  0]LogD3D11RHI:     SharedSystemMemory : 8279177216 bytes
[2022.07.14-09.28.31:729][  0]LogD3D11RHI:     AdapterLuid : 0 59561
[2022.07.14-09.28.31:737][  0]LogD3D11RHI: Creating new Direct3DDevice
[2022.07.14-09.28.31:737][  0]LogD3D11RHI:     GPU DeviceId: 0x1f95 (for the marketing name, search the web for "GPU Device Id")
[2022.07.14-09.28.31:737][  0]LogWindows: EnumDisplayDevices:
[2022.07.14-09.28.31:737][  0]LogWindows:    0. 'AMD Radeon(TM) Graphics' (P:1 D:1)
[2022.07.14-09.28.31:737][  0]LogWindows:    1. 'AMD Radeon(TM) Graphics' (P:0 D:0)
[2022.07.14-09.28.31:738][  0]LogWindows:    2. 'AMD Radeon(TM) Graphics' (P:0 D:0)
[2022.07.14-09.28.31:738][  0]LogWindows:    3. 'AMD Radeon(TM) Graphics' (P:0 D:0)
[2022.07.14-09.28.31:738][  0]LogWindows:    4. 'NVIDIA GeForce GTX 1650 Ti' (P:0 D:0)
[2022.07.14-09.28.31:738][  0]LogWindows:    5. 'NVIDIA GeForce GTX 1650 Ti' (P:0 D:0)
[2022.07.14-09.28.31:738][  0]LogWindows:    6. 'NVIDIA GeForce GTX 1650 Ti' (P:0 D:0)
[2022.07.14-09.28.31:739][  0]LogWindows:    7. 'NVIDIA GeForce GTX 1650 Ti' (P:0 D:0)
[2022.07.14-09.28.31:739][  0]LogWindows: DebugString: PrimaryIsNotTheChoosenAdapter PrimaryIsNotTheChoosenAdapter PrimaryIsNotTheChoosenAdapter PrimaryIsNotTheChoosenAdapter FoundDriverCount:4 
[2022.07.14-09.28.31:739][  0]LogD3D11RHI:     Adapter Name: NVIDIA GeForce GTX 1650 Ti
[2022.07.14-09.28.31:739][  0]LogD3D11RHI:   Driver Version: 516.59 (internal:31.0.15.1659, unified:516.59)
[2022.07.14-09.28.31:739][  0]LogD3D11RHI:      Driver Date: 6-23-2022
[2022.07.14-09.28.31:739][  0]LogRHI: Texture pool is 2773 MB (70% of 3962 MB)
[2022.07.14-09.28.31:739][  0]LogD3D11RHI: Creating D3DDevice using adapter:
[2022.07.14-09.28.31:739][  0]LogD3D11RHI:     Description : NVIDIA GeForce GTX 1650 Ti
[2022.07.14-09.28.31:739][  0]LogD3D11RHI:     VendorId    : 10de
[2022.07.14-09.28.31:739][  0]LogD3D11RHI:     DeviceId    : 1f95
[2022.07.14-09.28.31:739][  0]LogD3D11RHI:     SubSysId    : 16df1043
[2022.07.14-09.28.31:739][  0]LogD3D11RHI:     Revision    : 00a1
[2022.07.14-09.28.31:739][  0]LogD3D11RHI:     DedicatedVideoMemory : 4154458112 bytes
[2022.07.14-09.28.31:739][  0]LogD3D11RHI:     DedicatedSystemMemory : 0 bytes
[2022.07.14-09.28.31:739][  0]LogD3D11RHI:     SharedSystemMemory : 8279177216 bytes
[2022.07.14-09.28.31:739][  0]LogD3D11RHI:     AdapterLuid : 0 59561
[2022.07.14-09.28.31:793][  0]LogD3D11RHI: RHI has support for 64 bit atomics
[2022.07.14-09.28.31:793][  0]LogD3D11RHI: Async texture creation enabled
[2022.07.14-09.28.31:793][  0]LogD3D11RHI: Array index from any shader is supported
[2022.07.14-09.28.31:816][  0]LogD3D11RHI: GPU Timing Frequency: 1000.000000 (Debug: 2 1)
[2022.07.14-09.28.31:840][  0]LogRHI: GeForceNow SDK initialized: 1
[2022.07.14-09.28.32:107][  0]LogTargetPlatformManager: Display: Loaded TargetPlatform 'WindowsNoEditor'
[2022.07.14-09.28.32:112][  0]LogTargetPlatformManager: Display: Loaded TargetPlatform 'Windows'
[2022.07.14-09.28.32:117][  0]LogTargetPlatformManager: Display: Loaded TargetPlatform 'WindowsClient'
[2022.07.14-09.28.32:123][  0]LogTargetPlatformManager: Display: Loaded TargetPlatform 'WindowsServer'
[2022.07.14-09.28.32:123][  0]LogTargetPlatformManager: Display: Building Assets For Windows
[2022.07.14-09.28.32:131][  0]LogAudioDebug: Display: Lib vorbis DLL was dynamically loaded.
[2022.07.14-09.28.32:168][  0]LogTextureFormatOodle: Display: Oodle Texture 2.9.0 init RDO Off
[2022.07.14-09.28.32:203][  0]LogRendererCore: Ray tracing is disabled. Reason: r.RayTracing=0.
[2022.07.14-09.28.32:203][  0]LogShaderCompilers: Guid format shader working directory is -21 characters bigger than the processId version (../../../../../../Users/ivcha/Documents/GitHub/GameplayProgramming/Intermediate/Shaders/WorkingDirectory/11304/).
[2022.07.14-09.28.32:203][  0]LogShaderCompilers: Cleaned the shader compiler working directory 'C:/Users/ivcha/AppData/Local/Temp/UnrealShaderWorkingDir/444A916648EFF527E89898A9E35B230D/'.
[2022.07.14-09.28.32:203][  0]LogXGEController: Cannot use XGE Controller as Incredibuild is not installed on this machine.
[2022.07.14-09.28.32:203][  0]LogShaderCompilers: Cannot use XGE Shader Compiler as Incredibuild is not installed on this machine.
[2022.07.14-09.28.32:203][  0]LogShaderCompilers: Display: Using Local Shader Compiler.
[2022.07.14-09.28.32:871][  0]LogDerivedDataCache: Display: Max Cache Size: 512 MB
[2022.07.14-09.28.32:925][  0]LogDerivedDataCache: Loaded boot cache 0.05s 94MB C:/Users/ivcha/AppData/Local/UnrealEngine/4.27/DerivedDataCache/Boot.ddc.
[2022.07.14-09.28.32:925][  0]LogDerivedDataCache: Display: Loaded Boot cache: C:/Users/ivcha/AppData/Local/UnrealEngine/4.27/DerivedDataCache/Boot.ddc
[2022.07.14-09.28.32:925][  0]LogDerivedDataCache: FDerivedDataBackendGraph:  Pak pak cache file ../../../../../../Users/ivcha/Documents/GitHub/GameplayProgramming/DerivedDataCache/DDC.ddp not found, will not use a pak cache.
[2022.07.14-09.28.32:925][  0]LogDerivedDataCache: Unable to find inner node Pak for hierarchical cache Hierarchy.
[2022.07.14-09.28.32:925][  0]LogDerivedDataCache: FDerivedDataBackendGraph:  CompressedPak pak cache file ../../../../../../Users/ivcha/Documents/GitHub/GameplayProgramming/DerivedDataCache/Compressed.ddp not found, will not use a pak cache.
[2022.07.14-09.28.32:925][  0]LogDerivedDataCache: Unable to find inner node CompressedPak for hierarchical cache Hierarchy.
[2022.07.14-09.28.32:943][  0]LogDerivedDataCache: Display: Pak cache opened for reading ../../../Engine/DerivedDataCache/Compressed.ddp.
[2022.07.14-09.28.32:943][  0]LogDerivedDataCache: FDerivedDataBackendGraph:  EnterprisePak pak cache file ../../../Enterprise/DerivedDataCache/Compressed.ddp not found, will not use a pak cache.
[2022.07.14-09.28.32:943][  0]LogDerivedDataCache: Unable to find inner node EnterprisePak for hierarchical cache Hierarchy.
[2022.07.14-09.28.32:953][  0]LogDerivedDataCache: Speed tests for C:/Users/ivcha/AppData/Local/UnrealEngine/Common/DerivedDataCache took 0.01 seconds
[2022.07.14-09.28.32:953][  0]LogDerivedDataCache: Display: Performance to C:/Users/ivcha/AppData/Local/UnrealEngine/Common/DerivedDataCache: Latency=0.02ms. RandomReadSpeed=237.24MBs, RandomWriteSpeed=170.45MBs. Assigned SpeedClass 'Local'
[2022.07.14-09.28.32:954][  0]LogDerivedDataCache: Using Local data cache path C:/Users/ivcha/AppData/Local/UnrealEngine/Common/DerivedDataCache: Writable
[2022.07.14-09.28.32:954][  0]LogDerivedDataCache: Shared data cache path not found in *engine.ini, will not use an Shared cache.
[2022.07.14-09.28.32:954][  0]LogDerivedDataCache: Unable to find inner node Shared for hierarchical cache Hierarchy.
[2022.07.14-09.28.32:986][  0]LogSlate: Using FreeType 2.10.0
[2022.07.14-09.28.32:986][  0]LogSlate: SlateFontServices - WITH_FREETYPE: 1, WITH_HARFBUZZ: 1
[2022.07.14-09.28.33:095][  0]LogInit: Using OS detected language (es-ES).
[2022.07.14-09.28.33:095][  0]LogInit: Using OS detected locale (es-ES).
[2022.07.14-09.28.33:095][  0]LogTextLocalizationManager: No localization for 'es-ES' exists, so 'en' will be used for the language.
[2022.07.14-09.28.33:095][  0]LogTextLocalizationManager: No localization for 'es-ES' exists, so 'en' will be used for the locale.
[2022.07.14-09.28.33:095][  0]LogSlate: FontCache flush requested. Reason: Culture for localization was changed
[2022.07.14-09.28.33:095][  0]LogSlate: FontCache flush requested. Reason: Culture for localization was changed
[2022.07.14-09.28.33:098][  0]LogAssetRegistry: FAssetRegistry took 0.0022 seconds to start up
[2022.07.14-09.28.33:251][  0]LogTextLocalizationManager: Compacting localization data took   0.00ms
[2022.07.14-09.28.33:251][  0]LogPackageLocalizationCache: Processed 27 localized package path(s) for 1 prioritized culture(s) in 0.000999 seconds
[2022.07.14-09.28.33:316][  0]LogInit: Selected Device Profile: [Windows]
[2022.07.14-09.28.33:317][  0]LogInit: Active device profile: [00000252183DF100][0000025278B1E300 49] Windows
[2022.07.14-09.28.33:317][  0]LogInit: Profiles: [00000252183DF100][0000025278B1E300 49] Windows, [00000252183A1100][0000025278B26480 49] WindowsNoEditor, [00000252183DD100][0000025278B2A600 49] WindowsServer, [00000252183A2600][0000025278B2E780 49] WindowsClient, [00000252183DE600][000002520C84E900 49] IOS, [00000252183A3C00][000002520C852A80 49] iPadAir, [00000252183DEF00][000002520C856C00 49] iPadAir2, [000002521834EB00][000002520C85EEC0 49] IPadPro, [000002521834EC00][000002520C85AF00 49] iPadAir3, [00000252183DD300][000002520C863080 49] iPadAir4, [000002521834F600][000002520C867200 49] iPadMini2, [00000252183DC100][000002520C86B380 49] iPadMini3, [000002521834CB00][000002520C86F500 49] iPadMini4, [00000252183DCB00][000002520C873680 49] iPadMini5, [0000025218376400][000002520C8778C0 49] iPhone6, [0000025218376500][0000025278B23900 49] iPodTouch6, [000002521834E500][000002520C87FB40 49] iPhone7, [000002521834E700][000002520C87BB80 49] iPodTouch7, [0000025218376E00][000002520EC84180 49] iPhone5S, [000002521834E400][000002520EC88300 49] iPhone6Plus, [0000025218374B00][000002520EC8C480 49] iPhone6S, [000002521834DD00][000002520EC90600 49] iPhone6SPlus, [0000025218377500][000002520EC94780 49] iPhone7Plus, [000002521834CA00][000002520EC98900 49] iPhoneSE, [0000025218374600][000002520EC9CA80 49] iPhone8, [000002521834C500][000002520ECA0C00 49] iPhone8Plus, [0000025218377000][000002520ECA4D80 49] iPhoneX, [000002521834CD00][000002520ECA8F00 49] iPhoneXS, [0000025218375900][000002520ECAD080 49] iPhoneXSMax, [000002521834E200][000002520ECB1200 49] iPhoneXR, [0000025218375800][000002520ECB5380 49] iPhone11, [000002521834C300][000002520ECB9500 49] iPhone11Pro, [0000025218375600][000002520ECBD680 49] iPhone11ProMax, [000002521834C800][000002520ECC1800 49] iPhoneSE2, [0000025218374D00][000002520C883940 49] iPhone12Mini, [000002521834CE00][000002520ECC5A80 49] iPhone12, [0000025218375D00][0000025278A67BC0 49] iPhone12Pro, [000002521834F200][0000025278A6A180 49] iPhone12ProMax, [0000025218375C00][0000025278A72300 49] iPadPro105, [000002521834D400][0000025278A76480 49] iPadPro129, [0000025218376D00][0000025278A7A600 49] iPadPro97, [000002521834E300][0000025278A7E780 49] iPadPro2_129, [0000025218377F00][0000025278A82900 49] iPad5, [000002521834D300][0000025278A86A80 49] iPad6, [0000025218376700][0000025278A8AC00 49] iPad7, [000002521834D500][0000025278A8ED80 49] iPad8, [0000025218377600][0000025278A92F00 49] iPadPro11, [000002521834DA00][0000025278A97080 49] iPadPro2_11, [0000025218377D00][0000025278A9B200 49] iPadPro3_129, [000002521834DF00][0000025278A9F380 49] iPadPro4_129, [00000252183A1300][0000025278AA3500 49] AppleTV, [0000025218421400][0000025278AA7680 49] AppleTV4K, [00000252183A2300][0000025278AAB800 49] TVOS, [0000025218421000][0000025278AAF980 49] Mac, [00000252183A0700][0000025278A6FAC0 49] MacClient, [0000025218421100][000002520C585C00 49] MacNoEditor, [00000252183A0A00][000002520C5881C0 49] MacServer, [0000025218422100][000002520C58C300 49] Linux, [00000252183A3000][000002520C594480 49] LinuxAArch64, [0000025218421F00][000002520C598600 49] LinuxNoEditor, [00000252183A1F00][000002520C59C780 49] LinuxAArch64NoEditor, [0000025218420300][000002520C5A0900 49] LinuxClient, [00000252183A3800][000002520C5A4A80 49] LinuxAArch64Client, [0000025218421D00][000002520C5A8C00 49] LinuxServer, [00000252183A0B00][000002520C5ACD80 49] LinuxAArch64Server, [0000025218422400][000002520C5B0F00 49] Android, [00000252183A1400][000002520C5B5080 49] Android_Low, [0000025218422800][000002520C5B9200 49] Android_Mid, [00000252183A1B00][000002520C5BD380 49] Android_High, [0000025218421A00][000002520C5C1500 49] Android_Default, [000002521834D600][000002520C5C5680 49] Android_Adreno4xx, [0000025218375700][000002520C5C9800 49] Android_Adreno5xx_Low, [000002521834E100][000002520C5CD980 49] Android_Adreno5xx, [0000025218374900][000002520BEBBB00 49] Android_Adreno6xx, [000002521834CF00][000002520BEBE100 49] Android_Adreno6xx_Vulkan, [0000025218375A00][000002520C590240 49] Android_Mali_T6xx, [000002521834DE00][000002520BEC2380 49] Android_Mali_T7xx, [0000025218377900][000002520BEC64C0 49] Android_Mali_T8xx, [000002521834C600][000002520BECE640 49] Android_Mali_G71, [0000025218420100][000002520BED27C0 49] Android_Mali_G72, [000002521834D100][000002520BED6940 49] Android_Mali_G72_Vulkan, [0000025218420400][000002520BEDAAC0 49] Android_Mali_G76, [000002521834EA00][000002520BEDEC40 49] Android_Mali_G76_Vulkan, [0000025218420500][000002520BEE2DC0 49] Android_Mali_G77, [000002521834D800][000002520BEE6F40 49] Android_Mali_G77_Vulkan, [0000025218421700][000002520BEEB0C0 49] Android_Mali_G78, [000002521834EF00][000002520BEEF240 49] Android_Mali_G78_Vulkan, [0000025218421600][000002520BEF33C0 49] Android_Mali_G710, [000002521834FF00][000002520BEF7540 49] Android_Mali_G710_Vulkan, [0000025218421800][000002520BEFB6C0 49] Android_Vulkan_SM5, [000002521834C900][000002520BEFF840 49] Android_PowerVR_G6xxx, [0000025218421B00][000002520BF039C0 49] Android_PowerVR_GT7xxx, [000002521834E000][000002520BF07B40 49] Android_PowerVR_GE8xxx, [0000025218421500][000002520BF0A140 49] Android_PowerVR_GM9xxx, [000002521834C700][000002520BF0E2C0 49] Android_PowerVR_GM9xxx_Vulkan, [0000025218374E00][000002520BECA400 49] Android_TegraK1, [000002521834E600][000002520BF12540 49] Android_Unknown_Vulkan, [0000025218376A00][000002520BF16680 49] Lumin, [000002521834F700][000002520C4367C0 49] Lumin_Desktop, [0000025218374300][000002520C43E940 49] HoloLens, 
[2022.07.14-09.28.33:360][  0]LogMeshReduction: Using QuadricMeshReduction for automatic static mesh reduction
[2022.07.14-09.28.33:360][  0]LogMeshReduction: Using SimplygonMeshReduction for automatic skeletal mesh reduction
[2022.07.14-09.28.33:360][  0]LogMeshReduction: Using ProxyLODMeshReduction for automatic mesh merging
[2022.07.14-09.28.33:360][  0]LogMeshReduction: No distributed automatic mesh merging module available
[2022.07.14-09.28.33:360][  0]LogMeshMerging: No distributed automatic mesh merging module available
[2022.07.14-09.28.33:449][  0]LogNetVersion: GameplayProgramming 1.0.0, NetCL: 17155196, EngineNetVer: 17, GameNetVer: 0 (Checksum: 1408040546)
[2022.07.14-09.28.33:687][  0]LogTexture: Default maximum texture size for cubemaps generated from long-lat sources has been changed from 512 to unlimited. In order to preserve old behaiour for '/Engine/MapTemplates/Sky/DaylightAmbientCubemap.DaylightAmbientCubemap', its maximum texture size has been explicitly set to 512.
[2022.07.14-09.28.33:739][  0]LogHMD: PokeAHoleMaterial loaded successfully
[2022.07.14-09.28.33:856][  0]LogMoviePlayer: Initializing movie player
[2022.07.14-09.28.33:965][  0]LogPython: Using Python 3.7.7
[2022.07.14-09.28.34:352][  0]LogNiagaraDebuggerClient: Niagara Debugger Client Initialized | Session: 5E5B75C64491444907621AB3976A8F44 | Instance: 3503D08F4ACED95E201EB1B7CA81F0A0 (DESKTOP-4KBLNKT-11304).
[2022.07.14-09.28.34:373][  0]LogCollectionManager: Loaded 0 collections in 0.001542 seconds
[2022.07.14-09.28.34:376][  0]LogFileCache: Scanning file cache for directory 'C:/Users/ivcha/Documents/GitHub/GameplayProgramming/Saved/Collections/' took 0.00s
[2022.07.14-09.28.34:376][  0]LogFileCache: Scanning file cache for directory 'C:/Users/ivcha/Documents/GitHub/GameplayProgramming/Content/Developers/ivcha/Collections/' took 0.00s
[2022.07.14-09.28.34:376][  0]LogCollectionManager: Fixed up redirectors for 0 collections in 0.000001 seconds (updated 0 objects)
[2022.07.14-09.28.34:503][  0]LogFileCache: Scanning file cache for directory 'C:/Users/ivcha/Documents/GitHub/GameplayProgramming/Content/Collections/' took 0.00s
[2022.07.14-09.28.34:503][  0]LogTcpMessaging: Initializing TcpMessaging bridge
[2022.07.14-09.28.34:508][  0]LogUdpMessaging: Initializing bridge on interface 0.0.0.0:0 to multicast group 230.0.0.1:6666.
[2022.07.14-09.28.34:608][  0]SourceControl: Source control is disabled
[2022.07.14-09.28.34:608][  0]SourceControl: Source control is disabled
[2022.07.14-09.28.34:612][  0]SourceControl: Source control is disabled
[2022.07.14-09.28.34:618][  0]LogUProjectInfo: Found projects:
[2022.07.14-09.28.34:626][  0]LogVSAccessor: Display: Unable to create Visual Studio setup instance: 80040154
[2022.07.14-09.28.34:627][  0]LogVSAccessor: Display: Unable to create Visual Studio setup instance: 80040154
[2022.07.14-09.28.34:628][  0]LogVSAccessor: Display: Unable to create Visual Studio setup instance: 80040154
[2022.07.14-09.28.34:709][  0]LogOpenImageDenoise: OIDN starting up
[2022.07.14-09.28.34:748][  0]LogAndroidPermission: UAndroidPermissionCallbackProxy::GetInstance
[2022.07.14-09.28.34:772][  0]LogAudioCaptureCore: Display: No Audio Capture implementations found. Audio input will be silent.
[2022.07.14-09.28.34:772][  0]LogAudioCaptureCore: Display: No Audio Capture implementations found. Audio input will be silent.
[2022.07.14-09.28.34:840][  0]LogOcInput: OculusInput pre-init called
[2022.07.14-09.28.34:849][  0]LogUObjectArray: 22121 objects as part of root set at end of initial load.
[2022.07.14-09.28.34:849][  0]LogUObjectAllocator: 5975632 out of 0 bytes used by permanent object pool.
[2022.07.14-09.28.34:849][  0]LogUObjectArray: CloseDisregardForGC: 0/0 objects in disregard for GC pool
[2022.07.14-09.28.34:904][  0]LogEngine: Initializing Engine...
[2022.07.14-09.28.34:906][  0]LogHMD: Failed to enumerate extensions. Please check that you have a valid OpenXR runtime installed.
[2022.07.14-09.28.34:906][  0]LogHMD: Failed to initialize OpenVR with code 110
[2022.07.14-09.28.34:906][  0]LogMagicLeap: Warning: VR disabled because ZI is not enabled.  To enable, in the editor, Edit -> Project Settings -> Plugins -> Magic Leap Plugin -> Enable Zero Iteration
[2022.07.14-09.28.34:908][  0]LogStats: UGameplayTagsManager::InitializeManager -  0.000 s
[2022.07.14-09.28.35:008][  0]LogInit: Initializing FReadOnlyCVARCache
[2022.07.14-09.28.35:008][  0]LogAudio: Display: Initializing Audio Device Manager...
[2022.07.14-09.28.35:013][  0]LogAudio: Display: Loading Default Audio Settings Objects...
[2022.07.14-09.28.35:014][  0]LogAudio: Display: No default SoundConcurrencyObject specified (or failed to load).
[2022.07.14-09.28.35:014][  0]LogAudio: Display: Audio Device Manager Initialized
[2022.07.14-09.28.35:014][  0]LogAudio: Display: Creating Audio Device:                 Id: 1, Scope: Shared, Realtime: True
[2022.07.14-09.28.35:014][  0]LogAudioMixer: Display: Audio Mixer Platform Settings:
[2022.07.14-09.28.35:014][  0]LogAudioMixer: Display: 	Sample Rate:						  48000
[2022.07.14-09.28.35:014][  0]LogAudioMixer: Display: 	Callback Buffer Frame Size Requested: 1024
[2022.07.14-09.28.35:015][  0]LogAudioMixer: Display: 	Callback Buffer Frame Size To Use:	  1024
[2022.07.14-09.28.35:015][  0]LogAudioMixer: Display: 	Number of buffers to queue:			  2
[2022.07.14-09.28.35:015][  0]LogAudioMixer: Display: 	Max Channels (voices):				  32
[2022.07.14-09.28.35:015][  0]LogAudioMixer: Display: 	Number of Async Source Workers:		  0
[2022.07.14-09.28.35:015][  0]LogAudio: Display: AudioDevice MaxSources: 32
[2022.07.14-09.28.35:015][  0]LogAudio: Display: Audio Spatialization Plugin: None (built-in).
[2022.07.14-09.28.35:015][  0]LogAudio: Display: Audio Reverb Plugin: None (built-in).
[2022.07.14-09.28.35:015][  0]LogAudio: Display: Audio Occlusion Plugin: None (built-in).
[2022.07.14-09.28.35:015][  0]LogAudioMixer: Display: Initializing audio mixer.
[2022.07.14-09.28.35:030][  0]LogAudioMixer: Display: 0: FrontLeft
[2022.07.14-09.28.35:030][  0]LogAudioMixer: Display: 1: FrontRight
[2022.07.14-09.28.35:046][  0]LogAudioMixer: Display: Using Audio Device Altavoces (KROM)
[2022.07.14-09.28.35:051][  0]LogAudioMixer: Display: Initializing Sound Submixes...
[2022.07.14-09.28.35:052][  0]LogAudioMixer: Display: Creating Master Submix 'MasterSubmixDefault'
[2022.07.14-09.28.35:053][  0]LogAudioMixer: Display: Creating Master Submix 'MasterReverbSubmixDefault'
[2022.07.14-09.28.35:054][  0]LogAudioMixer: Display: Creating Master Submix 'MasterEQSubmixDefault'
[2022.07.14-09.28.35:054][  0]LogAudioMixer: FMixerPlatformXAudio2::StartAudioStream() called
[2022.07.14-09.28.35:054][  0]LogAudioMixer: Display: Output buffers initialized: Frames=1024, Channels=2, Samples=2048
[2022.07.14-09.28.35:055][  0]LogAudioMixer: Display: Starting AudioMixerPlatformInterface::RunInternal()
[2022.07.14-09.28.35:055][  0]LogAudioMixer: Display: FMixerPlatformXAudio2::SubmitBuffer() called for the first time
[2022.07.14-09.28.35:055][  0]LogInit: FAudioDevice initialized.
[2022.07.14-09.28.35:058][  0]LogNetVersion: Set ProjectVersion to 1.0.0.0. Version Checksum will be recalculated on next use.
[2022.07.14-09.28.35:058][  0]LogInit: Texture streaming: Enabled
[2022.07.14-09.28.35:125][  0]LogAudio: Display: Audio Device (ID: 1) registered with world 'Untitled'.
[2022.07.14-09.28.35:125][  0]LogSlate: Updating window title bar state: overlay mode, drag disabled, window buttons hidden, title bar hidden
[2022.07.14-09.28.35:125][  0]LogInit: Display: Game Engine Initialized.
[2022.07.14-09.28.35:125][  0]LogNiagaraEditor: GEditor isn't valid! Particle reset commands will not work for Niagara components!
[2022.07.14-09.28.35:244][  0]LogInit: Display: Starting Game.
[2022.07.14-09.28.35:244][  0]LogNet: Browse: /Game/FirstPersonBP/Maps/FirstPersonExampleMap?Name=Player
[2022.07.14-09.28.35:244][  0]LogLoad: LoadMap: /Game/FirstPersonBP/Maps/FirstPersonExampleMap?Name=Player
[2022.07.14-09.28.35:244][  0]LogWorld: BeginTearingDown for /Temp/Untitled_0
[2022.07.14-09.28.35:245][  0]LogWorld: UWorld::CleanupWorld for Untitled, bSessionEnded=true, bCleanupResources=true
[2022.07.14-09.28.35:245][  0]LogSlate: InvalidateAllWidgets triggered.  All widgets were invalidated
[2022.07.14-09.28.35:254][  0]LogAudio: Display: Audio Device unregistered from world 'None'.
[2022.07.14-09.28.35:256][  0]LogUObjectHash: Compacting FUObjectHashTables data took   0.75ms
[2022.07.14-09.28.35:775][  0]LogAudio: Display: Audio Device (ID: 1) registered with world 'FirstPersonExampleMap'.
[2022.07.14-09.28.35:784][  0]LogAIModule: Creating AISystem for world FirstPersonExampleMap
[2022.07.14-09.28.35:784][  0]LogLoad: Game class is 'FirstPersonGameMode_C'
[2022.07.14-09.28.35:798][  0]LogPhysics: Warning: Scale for /Game/FirstPersonBP/Maps/FirstPersonExampleMap.FirstPersonExampleMap:PersistentLevel.EnemyBP_2.SpawnPoint has a component set to zero, which will result in a bad body instance. Scale:X=0.000 Y=0.000 Z=0.000
[2022.07.14-09.28.35:798][  0]LogPhysics: Warning: Initialising Body : Scale3D is (nearly) zero: Component: '/Game/FirstPersonBP/Maps/FirstPersonExampleMap.FirstPersonExampleMap:PersistentLevel.EnemyBP_2.SpawnPoint' 
[2022.07.14-09.28.35:800][  0]LogPhysics: Warning: Scale for /Game/FirstPersonBP/Maps/FirstPersonExampleMap.FirstPersonExampleMap:PersistentLevel.EnemyBP_2.SpawnPoint has a component set to zero, which will result in a bad body instance. Scale:X=0.000 Y=0.000 Z=0.000
[2022.07.14-09.28.35:800][  0]LogPhysics: Warning: Initialising Body : Scale3D is (nearly) zero: Component: '/Game/FirstPersonBP/Maps/FirstPersonExampleMap.FirstPersonExampleMap:PersistentLevel.EnemyBP_2.SpawnPoint' 
[2022.07.14-09.28.35:801][  0]LogPhysics: Warning: Scale for /Game/FirstPersonBP/Maps/FirstPersonExampleMap.FirstPersonExampleMap:PersistentLevel.EnemyBP_2.SpawnPoint has a component set to zero, which will result in a bad body instance. Scale:X=0.000 Y=0.000 Z=0.000
[2022.07.14-09.28.35:801][  0]LogPhysics: Warning: Initialising Body : Scale3D is (nearly) zero: Component: '/Game/FirstPersonBP/Maps/FirstPersonExampleMap.FirstPersonExampleMap:PersistentLevel.EnemyBP_2.SpawnPoint' 
[2022.07.14-09.28.35:801][  0]LogPhysics: Warning: Scale for /Game/FirstPersonBP/Maps/FirstPersonExampleMap.FirstPersonExampleMap:PersistentLevel.EnemyBP_2.SpawnPoint has a component set to zero, which will result in a bad body instance. Scale:X=0.000 Y=0.000 Z=0.000
[2022.07.14-09.28.35:801][  0]LogPhysics: Warning: Initialising Body : Scale3D is (nearly) zero: Component: '/Game/FirstPersonBP/Maps/FirstPersonExampleMap.FirstPersonExampleMap:PersistentLevel.EnemyBP_2.SpawnPoint' 
[2022.07.14-09.28.35:803][  0]LogWorld: Bringing World /Game/FirstPersonBP/Maps/FirstPersonExampleMap.FirstPersonExampleMap up for play (max tick rate 0) at 2022.07.14-11.28.35
[2022.07.14-09.28.35:804][  0]LogWorld: Bringing up level for play took: 0.019249
[2022.07.14-09.28.35:808][  0]LogLoad: Took 0.563703 seconds to LoadMap(/Game/FirstPersonBP/Maps/FirstPersonExampleMap)
[2022.07.14-09.28.35:843][  0]LogSlate: Took 0.000206 seconds to synchronously load lazily loaded font '../../../Engine/Content/Slate/Fonts/Roboto-Regular.ttf' (155K)
[2022.07.14-09.28.35:863][  0]LogRenderer: Reallocating scene render targets to support 1280x720 Format 10 NumSamples 1 (Frame:1).
[2022.07.14-09.28.35:863][  0]LogInit: Display: Engine is initialized. Leaving FEngineLoop::Init()
[2022.07.14-09.28.35:863][  0]LogLoad: (Engine Initialization) Total time: 5.78 seconds
[2022.07.14-09.28.35:863][  0]LogLoad: (Engine Initialization) Total Blueprint compile time: 0.00 seconds
[2022.07.14-09.28.35:878][  0]LogContentStreaming: Texture pool size now 1000 MB
[2022.07.14-09.28.35:881][  0]LogSlate: InvalidateAllWidgets triggered.  All widgets were invalidated
[2022.07.14-09.28.36:042][  0]LogRenderer: Reallocating scene render targets to support 128x128 Format 10 NumSamples 1 (Frame:1).
[2022.07.14-09.28.36:066][  0]LogRenderer: Reallocating scene render targets to support 1280x720 Format 10 NumSamples 1 (Frame:2).
[2022.07.14-09.28.36:082][  1]LogSlate: Took 0.000251 seconds to synchronously load lazily loaded font '../../../Engine/Content/Slate/Fonts/Roboto-Regular.ttf' (155K)
[2022.07.14-09.28.41:736][805]LogScript: Warning: Attempted to access Projectile_C_1 via property K2Node_Event_Other, but Projectile_C_1 is pending kill
	FirstPersonCharacter_C /Game/FirstPersonBP/Maps/FirstPersonExampleMap.FirstPersonExampleMap:PersistentLevel.FirstPersonCharacter_C_1
	Function /Game/FirstPersonBP/Blueprints/FirstPersonCharacter.FirstPersonCharacter_C:ExecuteUbergraph_FirstPersonCharacter:09FD
[2022.07.14-09.28.41:736][805]LogScript: Warning: Script call stack:
	Function /Game/FirstPersonBP/Blueprints/FirstPersonCharacter.FirstPersonCharacter_C:ReceiveHit
	Function /Game/FirstPersonBP/Blueprints/FirstPersonCharacter.FirstPersonCharacter_C:ExecuteUbergraph_FirstPersonCharacter

[2022.07.14-09.28.43:894][326]LogScript: Warning: Attempted to access Projectile_C_2 via property K2Node_Event_Other, but Projectile_C_2 is pending kill
	FirstPersonCharacter_C /Game/FirstPersonBP/Maps/FirstPersonExampleMap.FirstPersonExampleMap:PersistentLevel.FirstPersonCharacter_C_1
	Function /Game/FirstPersonBP/Blueprints/FirstPersonCharacter.FirstPersonCharacter_C:ExecuteUbergraph_FirstPersonCharacter:09FD
[2022.07.14-09.28.43:895][326]LogScript: Warning: Script call stack:
	Function /Game/FirstPersonBP/Blueprints/FirstPersonCharacter.FirstPersonCharacter_C:ReceiveHit
	Function /Game/FirstPersonBP/Blueprints/FirstPersonCharacter.FirstPersonCharacter_C:ExecuteUbergraph_FirstPersonCharacter

[2022.07.14-09.28.45:770][792]LogScript: Warning: Attempted to access Projectile_C_3 via property K2Node_Event_Other, but Projectile_C_3 is pending kill
	FirstPersonCharacter_C /Game/FirstPersonBP/Maps/FirstPersonExampleMap.FirstPersonExampleMap:PersistentLevel.FirstPersonCharacter_C_1
	Function /Game/FirstPersonBP/Blueprints/FirstPersonCharacter.FirstPersonCharacter_C:ExecuteUbergraph_FirstPersonCharacter:09FD
[2022.07.14-09.28.45:770][792]LogScript: Warning: Script call stack:
	Function /Game/FirstPersonBP/Blueprints/FirstPersonCharacter.FirstPersonCharacter_C:ReceiveHit
	Function /Game/FirstPersonBP/Blueprints/FirstPersonCharacter.FirstPersonCharacter_C:ExecuteUbergraph_FirstPersonCharacter

[2022.07.14-09.28.51:489][128]LogScript: Warning: Accessed None trying to read property K2Node_DynamicCast_AsFirst_Person_Character
	EnemyBP_C /Game/FirstPersonBP/Maps/FirstPersonExampleMap.FirstPersonExampleMap:PersistentLevel.EnemyBP_2
	Function /Game/Enemy/EnemyBP.EnemyBP_C:ExecuteUbergraph_EnemyBP:00F5
[2022.07.14-09.28.51:489][128]LogScript: Warning: Script call stack:
	Function /Game/Enemy/EnemyBP.EnemyBP_C:ExecuteUbergraph_EnemyBP

[2022.07.14-09.28.51:489][128]LogScript: Warning: Accessed None trying to read property K2Node_DynamicCast_AsFirst_Person_Character
	EnemyBP_C /Game/FirstPersonBP/Maps/FirstPersonExampleMap.FirstPersonExampleMap:PersistentLevel.EnemyBP_2
	Function /Game/Enemy/EnemyBP.EnemyBP_C:ExecuteUbergraph_EnemyBP:0216
[2022.07.14-09.28.51:489][128]LogScript: Warning: Script call stack:
	Function /Game/Enemy/EnemyBP.EnemyBP_C:ExecuteUbergraph_EnemyBP

[2022.07.14-09.28.52:327][341]LogWindowsDesktop: Alt-F4 pressed!
[2022.07.14-09.28.52:335][341]LogSlate: Window 'GameplayProgramming (64-bit Development PCD3D_SM5) ' being destroyed
[2022.07.14-09.28.52:336][341]LogWindowsTextInputMethodSystem: Display: IME system deactivated.
[2022.07.14-09.28.52:341][341]LogWindowsTextInputMethodSystem: Display: IME system deactivated.
[2022.07.14-09.28.52:345][341]LogSlate: Updating window title bar state: overlay mode, drag disabled, window buttons hidden, title bar hidden
[2022.07.14-09.28.52:345][341]LogEngine: All Windows Closed
[2022.07.14-09.28.52:345][341]LogWindows: FPlatformMisc::RequestExit(0)
[2022.07.14-09.28.52:345][341]LogWindows: FPlatformMisc::RequestExitWithStatus(0, 0)
[2022.07.14-09.28.52:345][341]LogCore: Engine exit requested (reason: Win RequestExit)
[2022.07.14-09.28.52:346][342]LogCore: Engine exit requested (reason: EngineExit() was called; note: exit was already requested)
[2022.07.14-09.28.52:346][342]LogInit: Display: PreExit Game.
[2022.07.14-09.28.52:356][342]LogWorld: BeginTearingDown for /Game/FirstPersonBP/Maps/FirstPersonExampleMap
[2022.07.14-09.28.52:357][342]LogWorld: UWorld::CleanupWorld for FirstPersonExampleMap, bSessionEnded=true, bCleanupResources=true
[2022.07.14-09.28.52:357][342]LogSlate: InvalidateAllWidgets triggered.  All widgets were invalidated
[2022.07.14-09.28.52:920][342]LogAudio: Display: Beginning Audio Device Manager Shutdown (Module: AudioMixerXAudio2)...
[2022.07.14-09.28.52:920][342]LogAudio: Display: Destroying 1 Remaining Audio Device(s)...
[2022.07.14-09.28.52:920][342]LogAudio: Display: Audio Device unregistered from world 'FirstPersonExampleMap'.
[2022.07.14-09.28.52:953][342]LogAudioMixer: FMixerPlatformXAudio2::StopAudioStream() called
[2022.07.14-09.28.52:954][342]LogAudioMixer: FMixerPlatformXAudio2::StopAudioStream() called
[2022.07.14-09.28.52:957][342]LogAudio: Display: Audio Device Manager Shutdown
[2022.07.14-09.28.52:967][342]LogExit: Preparing to exit.
[2022.07.14-09.28.53:524][342]LogSlate: Updating window title bar state: overlay mode, drag disabled, window buttons hidden, title bar hidden
[2022.07.14-09.28.53:528][342]LogUObjectHash: Compacting FUObjectHashTables data took   0.98ms
[2022.07.14-09.28.53:562][342]LogMoviePlayer: Shutting down movie player
[2022.07.14-09.28.53:730][342]LogDemo: Cleaned up 0 splitscreen connections with owner deletion
[2022.07.14-09.28.53:735][342]LogExit: Game engine shut down
[2022.07.14-09.28.53:776][342]LogExit: Object subsystem successfully closed.
[2022.07.14-09.28.53:805][342]LogShaderCompilers: Display: === FShaderJobCache stats ===
[2022.07.14-09.28.53:806][342]LogShaderCompilers: Display: Total job queries 0, among them cache hits 0 (0.00%)
[2022.07.14-09.28.53:806][342]LogShaderCompilers: Display: Tracking 0 distinct input hashes that result in 0 distinct outputs (0.00%)
[2022.07.14-09.28.53:806][342]LogShaderCompilers: Display: RAM used: 0.00 MB (0.00 GB) of 819.20 MB (0.80 GB) budget. Usage: 0.00%
[2022.07.14-09.28.53:806][342]LogShaderCompilers: Display: ================================================
[2022.07.14-09.28.53:819][342]LogShaderCompilers: Display: Shaders left to compile 0
[2022.07.14-09.28.53:835][342]LogModuleManager: Shutting down and abandoning module SequenceRecorderSections (560)
[2022.07.14-09.28.53:835][342]LogModuleManager: Shutting down and abandoning module SequenceRecorder (558)
[2022.07.14-09.28.53:835][342]LogModuleManager: Shutting down and abandoning module AutomationController (556)
[2022.07.14-09.28.53:835][342]LogModuleManager: Shutting down and abandoning module AutomationWorker (554)
[2022.07.14-09.28.53:835][342]LogModuleManager: Shutting down and abandoning module Voice (552)
[2022.07.14-09.28.53:835][342]LogModuleManager: Shutting down and abandoning module AIModule (550)
[2022.07.14-09.28.53:835][342]LogModuleManager: Shutting down and abandoning module GameplayDebugger (549)
[2022.07.14-09.28.53:835][342]LogModuleManager: Shutting down and abandoning module AITestSuite (547)
[2022.07.14-09.28.53:835][342]LogModuleManager: Shutting down and abandoning module NavigationSystem (545)
[2022.07.14-09.28.53:835][342]LogModuleManager: Shutting down and abandoning module AnimGraph (542)
[2022.07.14-09.28.53:835][342]LogModuleManager: Shutting down and abandoning module SteamVREditor (540)
[2022.07.14-09.28.53:835][342]LogModuleManager: Shutting down and abandoning module ToolMenus (539)
[2022.07.14-09.28.53:835][342]LogModuleManager: Shutting down and abandoning module OculusMR (536)
[2022.07.14-09.28.53:835][342]LogModuleManager: Shutting down and abandoning module TakeRecorderSources (534)
[2022.07.14-09.28.53:835][342]LogModuleManager: Shutting down and abandoning module TakeRecorder (533)
[2022.07.14-09.28.53:835][342]LogModuleManager: Shutting down and abandoning module TakeTrackRecorders (530)
[2022.07.14-09.28.53:835][342]LogModuleManager: Shutting down and abandoning module TakesCore (528)
[2022.07.14-09.28.53:835][342]LogModuleManager: Shutting down and abandoning module OpenXRInput (526)
[2022.07.14-09.28.53:835][342]LogModuleManager: Shutting down and abandoning module WmfMediaFactory (524)
[2022.07.14-09.28.53:835][342]LogModuleManager: Shutting down and abandoning module WebMMediaFactory (522)
[2022.07.14-09.28.53:835][342]LogModuleManager: Shutting down and abandoning module WebMMedia (520)
[2022.07.14-09.28.53:835][342]LogModuleManager: Shutting down and abandoning module OpenExrWrapper (518)
[2022.07.14-09.28.53:835][342]LogModuleManager: Shutting down and abandoning module ImgMediaFactory (516)
[2022.07.14-09.28.53:835][342]LogModuleManager: Shutting down and abandoning module AvfMediaFactory (514)
[2022.07.14-09.28.53:835][342]LogModuleManager: Shutting down and abandoning module MagicLeapMediaCodecFactory (512)
[2022.07.14-09.28.53:835][342]LogModuleManager: Shutting down and abandoning module MagicLeapMediaFactory (510)
[2022.07.14-09.28.53:835][342]LogModuleManager: Shutting down and abandoning module PlanarCut (508)
[2022.07.14-09.28.53:835][342]LogModuleManager: Shutting down and abandoning module CharacterAI (506)
[2022.07.14-09.28.53:835][342]LogModuleManager: Shutting down and abandoning module SessionServices (504)
[2022.07.14-09.28.53:835][342]LogModuleManager: Shutting down and abandoning module MovieSceneCapture (502)
[2022.07.14-09.28.53:835][342]LogModuleManager: Shutting down and abandoning module LiveCoding (500)
[2022.07.14-09.28.53:836][342]LogModuleManager: Shutting down and abandoning module LevelSequence (498)
[2022.07.14-09.28.53:836][342]LogModuleManager: Shutting down and abandoning module MovieSceneTracks (496)
[2022.07.14-09.28.53:836][342]LogModuleManager: Shutting down and abandoning module MovieScene (494)
[2022.07.14-09.28.53:836][342]LogModuleManager: Shutting down and abandoning module StreamingPauseRendering (492)
[2022.07.14-09.28.53:836][342]LogModuleManager: Shutting down and abandoning module PortalServices (490)
[2022.07.14-09.28.53:836][342]LogModuleManager: Shutting down and abandoning module PortalRpc (488)
[2022.07.14-09.28.53:836][342]LogModuleManager: Shutting down and abandoning module MessagingRpc (486)
[2022.07.14-09.28.53:836][342]LogModuleManager: Shutting down and abandoning module AudioMixerXAudio2 (484)
[2022.07.14-09.28.53:836][342]LogModuleManager: Shutting down and abandoning module AudioMixerCore (483)
[2022.07.14-09.28.53:836][342]LogModuleManager: Shutting down and abandoning module ImageWriteQueue (480)
[2022.07.14-09.28.53:842][342]LogModuleManager: Shutting down and abandoning module ProfilerService (478)
[2022.07.14-09.28.53:900][342]LogModuleManager: Shutting down and abandoning module TaskGraph (476)
[2022.07.14-09.28.53:900][342]LogModuleManager: Shutting down and abandoning module OculusInput (474)
[2022.07.14-09.28.53:900][342]LogModuleManager: Shutting down and abandoning module TakeMovieScene (472)
[2022.07.14-09.28.53:900][342]LogModuleManager: Shutting down and abandoning module Synthesis (470)
[2022.07.14-09.28.53:901][342]LogModuleManager: Shutting down and abandoning module ProceduralMeshComponent (468)
[2022.07.14-09.28.53:901][342]LogModuleManager: Shutting down and abandoning module MobilePatchingUtils (466)
[2022.07.14-09.28.53:901][342]LogModuleManager: Shutting down and abandoning module GooglePAD (464)
[2022.07.14-09.28.53:901][342]LogModuleManager: Shutting down and abandoning module EditableMesh (462)
[2022.07.14-09.28.53:901][342]LogModuleManager: Shutting down and abandoning module CustomMeshComponent (460)
[2022.07.14-09.28.53:901][342]LogModuleManager: Shutting down and abandoning module CableComponent (458)
[2022.07.14-09.28.53:901][342]LogModuleManager: Shutting down and abandoning module AudioCapture (456)
[2022.07.14-09.28.53:901][342]LogModuleManager: Shutting down and abandoning module AudioCaptureRtAudio (455)
[2022.07.14-09.28.53:901][342]LogModuleManager: Shutting down and abandoning module AssetTags (452)
[2022.07.14-09.28.53:901][342]LogModuleManager: Shutting down and abandoning module ArchVisCharacter (450)
[2022.07.14-09.28.53:901][342]LogModuleManager: Shutting down and abandoning module AppleImageUtilsBlueprintSupport (448)
[2022.07.14-09.28.53:901][342]LogModuleManager: Shutting down and abandoning module AppleImageUtils (446)
[2022.07.14-09.28.53:901][342]LogModuleManager: Shutting down and abandoning module AndroidPermission (444)
[2022.07.14-09.28.53:901][342]LogModuleManager: Shutting down and abandoning module ActorLayerUtilities (442)
[2022.07.14-09.28.53:901][342]LogModuleManager: Shutting down and abandoning module TemplateSequence (440)
[2022.07.14-09.28.53:901][342]LogModuleManager: Shutting down and abandoning module MediaCompositing (438)
[2022.07.14-09.28.53:901][342]LogModuleManager: Shutting down and abandoning module ImgMedia (436)
[2022.07.14-09.28.53:901][342]LogModuleManager: Shutting down and abandoning module MagicLeapSharedWorld (434)
[2022.07.14-09.28.53:901][342]LogModuleManager: Shutting down and abandoning module MagicLeapLightEstimation (432)
[2022.07.14-09.28.53:901][342]LogModuleManager: Shutting down and abandoning module MagicLeapHelperVulkan (430)
[2022.07.14-09.28.53:901][342]LogModuleManager: Shutting down and abandoning module MagicLeapHelperOpenGL (428)
[2022.07.14-09.28.53:901][342]LogModuleManager: Shutting down and abandoning module MagicLeapAudio (426)
[2022.07.14-09.28.53:901][342]LogModuleManager: Shutting down and abandoning module OpenImageDenoise (424)
[2022.07.14-09.28.53:901][342]LogOpenImageDenoise: OIDN shutting down
[2022.07.14-09.28.53:901][342]LogModuleManager: Shutting down and abandoning module MotoSynth (422)
[2022.07.14-09.28.53:901][342]LogModuleManager: Shutting down and abandoning module MeshConversion (420)
[2022.07.14-09.28.53:901][342]LogModuleManager: Shutting down and abandoning module DynamicMesh (418)
[2022.07.14-09.28.53:901][342]LogModuleManager: Shutting down and abandoning module GeometryAlgorithms (416)
[2022.07.14-09.28.53:901][342]LogModuleManager: Shutting down and abandoning module GeometricObjects (414)
[2022.07.14-09.28.53:901][342]LogModuleManager: Shutting down and abandoning module GeometryCollectionTracks (412)
[2022.07.14-09.28.53:901][342]LogModuleManager: Shutting down and abandoning module GeometryCollectionSequencer (411)
[2022.07.14-09.28.53:901][342]LogModuleManager: Shutting down and abandoning module GeometryCacheTracks (408)
[2022.07.14-09.28.53:901][342]LogModuleManager: Shutting down and abandoning module GeometryCacheSequencer (407)
[2022.07.14-09.28.53:901][342]LogModuleManager: Shutting down and abandoning module GeometryCache (404)
[2022.07.14-09.28.53:901][342]LogModuleManager: Shutting down and abandoning module GeometryCacheEd (403)
[2022.07.14-09.28.53:901][342]LogModuleManager: Shutting down and abandoning module ChaosNiagara (400)
[2022.07.14-09.28.53:901][342]LogModuleManager: Shutting down and abandoning module FieldSystemEngine (399)
[2022.07.14-09.28.53:901][342]LogModuleManager: Shutting down and abandoning module BackChannel (396)
[2022.07.14-09.28.53:901][342]LogModuleManager: Shutting down and abandoning module AutomationUtils (394)
[2022.07.14-09.28.53:901][342]LogModuleManager: Shutting down and abandoning module VisualStudioSourceCodeAccess (392)
[2022.07.14-09.28.53:901][342]LogModuleManager: Shutting down and abandoning module HotReload (391)
[2022.07.14-09.28.53:901][342]LogModuleManager: Shutting down and abandoning module VisualStudioCodeSourceCodeAccess (388)
[2022.07.14-09.28.53:901][342]LogModuleManager: Shutting down and abandoning module UObjectPlugin (386)
[2022.07.14-09.28.53:901][342]LogModuleManager: Shutting down and abandoning module SubversionSourceControl (384)
[2022.07.14-09.28.53:901][342]LogModuleManager: Shutting down and abandoning module PerforceSourceControl (382)
[2022.07.14-09.28.53:901][342]LogModuleManager: Shutting down and abandoning module SourceControl (381)
[2022.07.14-09.28.53:901][342]LogModuleManager: Shutting down and abandoning module CLionSourceCodeAccess (378)
[2022.07.14-09.28.53:901][342]LogModuleManager: Shutting down and abandoning module OodleNetworkHandlerComponent (376)
[2022.07.14-09.28.53:901][342]LogModuleManager: Shutting down and abandoning module LiveLinkSequencer (374)
[2022.07.14-09.28.53:901][342]LogModuleManager: Shutting down and abandoning module LiveLinkMovieScene (372)
[2022.07.14-09.28.53:901][342]LogModuleManager: Shutting down and abandoning module LiveLinkGraphNode (370)
[2022.07.14-09.28.53:901][342]LogModuleManager: Shutting down and abandoning module LiveLinkComponents (368)
[2022.07.14-09.28.53:901][342]LogModuleManager: Shutting down and abandoning module LiveLink (366)
