Log file open, 07/15/22 22:32:56
LogWindows: Failed to load 'aqProf.dll' (GetLastError=126)
LogWindows: File 'aqProf.dll' does not exist
LogWindows: Failed to load 'VtuneApi.dll' (GetLastError=126)
LogWindows: File 'VtuneApi.dll' does not exist
LogWindows: Failed to load 'VtuneApi32e.dll' (GetLastError=126)
LogWindows: File 'VtuneApi32e.dll' does not exist
LogConsoleResponse: Display: Failed to find resolution value strings in scalability ini. Falling back to default.
LogConsoleResponse: Display: Failed to find resolution value strings in scalability ini. Falling back to default.
LogInit: Display: Running engine for game: GameplayProgramming
LogPlatformFile: Not using cached read wrapper
LogTaskGraph: Started task graph with 5 named threads and 47 total threads with 3 sets of task threads.
LogStats: Stats thread started at 0.240928
LogICUInternationalization: ICU TimeZone Detection - Raw Offset: +1:00, Platform Override: ''
LogInit: Display: Loading text-based GConfig....
LogPluginManager: Mounting plugin MeshPainting
LogPluginManager: Mounting plugin XGEController
LogPluginManager: Mounting plugin EnvironmentQueryEditor
LogPluginManager: Mounting plugin AISupport
LogPluginManager: Mounting plugin Paper2D
LogPluginManager: Mounting plugin LiveLink
LogPluginManager: Mounting plugin OodleNetwork
LogPluginManager: Mounting plugin OodleData
LogPluginManager: Mounting plugin AssetManagerEditor
LogPluginManager: Mounting plugin CameraShakePreviewer
LogPluginManager: Mounting plugin DataValidation
LogPluginManager: Mounting plugin LightPropagationVolume
LogPluginManager: Mounting plugin CurveEditorTools
LogPluginManager: Mounting plugin FacialAnimation
LogPluginManager: Mounting plugin GameplayTagsEditor
LogPluginManager: Mounting plugin GeometryMode
LogPluginManager: Mounting plugin CryptoKeys
LogPluginManager: Mounting plugin MaterialAnalyzer
LogPluginManager: Mounting plugin PluginBrowser
LogPluginManager: Mounting plugin SpeedTreeImporter
LogPluginManager: Mounting plugin AnimationSharing
LogPluginManager: Mounting plugin MagicLeap
LogPluginManager: Mounting plugin MobileLauncherProfileWizard
LogPluginManager: Mounting plugin Niagara
LogPluginManager: Mounting plugin MacGraphicsSwitching
LogPluginManager: Mounting plugin MagicLeapLightEstimation
LogPluginManager: Mounting plugin MagicLeapPassableWorld
LogPluginManager: Mounting plugin LuminPlatformFeatures
LogPluginManager: Mounting plugin MagicLeapMedia
LogPluginManager: Mounting plugin MLSDK
LogPluginManager: Mounting plugin DatasmithContent
LogPluginManager: Mounting plugin VariantManagerContent
LogPluginManager: Mounting plugin AlembicImporter
LogPluginManager: Mounting plugin BackChannel
LogPluginManager: Mounting plugin ChaosCloth
LogPluginManager: Mounting plugin AutomationUtils
LogPluginManager: Mounting plugin ChaosEditor
LogPluginManager: Mounting plugin ChaosClothEditor
LogPluginManager: Mounting plugin ChaosNiagara
LogPluginManager: Mounting plugin ChaosSolverPlugin
LogPluginManager: Mounting plugin CharacterAI
LogPluginManager: Mounting plugin GeometryCache
LogPluginManager: Mounting plugin GeometryCollectionPlugin
LogPluginManager: Mounting plugin ActorSequence
LogPluginManager: Mounting plugin MatineeToLevelSequence
LogPluginManager: Mounting plugin LevelSequenceEditor
LogPluginManager: Mounting plugin GeometryProcessing
LogPluginManager: Mounting plugin TemplateSequence
LogPluginManager: Mounting plugin LauncherChunkInstaller
LogPluginManager: Mounting plugin TcpMessaging
LogPluginManager: Mounting plugin UdpMessaging
LogPluginManager: Mounting plugin OpenImageDenoise
LogPluginManager: Mounting plugin MotoSynth
LogPluginManager: Mounting plugin PlanarCut
LogPluginManager: Mounting plugin ProxyLODPlugin
LogPluginManager: Mounting plugin PythonScriptPlugin
LogPluginManager: Mounting plugin PlatformCrypto
LogPluginManager: Mounting plugin OnlineSubsystem
LogPluginManager: Mounting plugin OnlineSubsystemNull
LogPluginManager: Mounting plugin OnlineSubsystemUtils
LogPluginManager: Mounting plugin AndroidMedia
LogPluginManager: Mounting plugin AvfMedia
LogPluginManager: Mounting plugin SkeletalReduction
LogPluginManager: Mounting plugin MediaCompositing
LogPluginManager: Mounting plugin ImgMedia
LogPluginManager: Mounting plugin MediaPlayerEditor
LogPluginManager: Mounting plugin WebMMedia
LogPluginManager: Mounting plugin WmfMedia
LogPluginManager: Mounting plugin ScreenshotTools
LogPluginManager: Mounting plugin ActorLayerUtilities
LogPluginManager: Mounting plugin AndroidPermission
LogPluginManager: Mounting plugin AndroidDeviceProfileSelector
LogPluginManager: Mounting plugin AndroidMoviePlayer
LogPluginManager: Mounting plugin AssetTags
LogPluginManager: Mounting plugin AppleImageUtils
LogPluginManager: Mounting plugin ChunkDownloader
LogPluginManager: Mounting plugin CustomMeshComponent
LogPluginManager: Mounting plugin AudioCapture
LogPluginManager: Mounting plugin AudioSynesthesia
LogPluginManager: Mounting plugin AppleMoviePlayer
LogPluginManager: Mounting plugin EditableMesh
LogPluginManager: Mounting plugin CableComponent
LogPluginManager: Mounting plugin ExampleDeviceProfileSelector
LogPluginManager: Mounting plugin ArchVisCharacter
LogPluginManager: Mounting plugin GoogleCloudMessaging
LogPluginManager: Mounting plugin GooglePAD
LogPluginManager: Mounting plugin IOSDeviceProfileSelector
LogPluginManager: Mounting plugin LinuxDeviceProfileSelector
LogPluginManager: Mounting plugin LocationServicesBPLibrary
LogPluginManager: Mounting plugin MobilePatchingUtils
LogPluginManager: Mounting plugin Takes
LogPluginManager: Mounting plugin OpenXR
LogPluginManager: Mounting plugin OpenXRHandTracking
LogPluginManager: Mounting plugin OpenXREyeTracker
LogPluginManager: Mounting plugin PhysXVehicles
LogPluginManager: Mounting plugin ProceduralMeshComponent
LogPluginManager: Mounting plugin SignificanceManager
LogPluginManager: Mounting plugin PropertyAccessEditor
LogPluginManager: Mounting plugin RuntimePhysXCooking
LogPluginManager: Mounting plugin PostSplashScreen
LogPluginManager: Mounting plugin SoundFields
LogPluginManager: Mounting plugin Synthesis
LogPluginManager: Mounting plugin WebMMoviePlayer
LogPluginManager: Mounting plugin WindowsMoviePlayer
LogPluginManager: Mounting plugin CLionSourceCodeAccess
LogPluginManager: Mounting plugin CodeLiteSourceCodeAccess
LogPluginManager: Mounting plugin NullSourceCodeAccess
LogPluginManager: Mounting plugin KDevelopSourceCodeAccess
LogPluginManager: Mounting plugin GitSourceControl
LogPluginManager: Mounting plugin PerforceSourceControl
LogPluginManager: Mounting plugin PixWinPlugin
LogPluginManager: Mounting plugin PluginUtils
LogPluginManager: Mounting plugin PlasticSourceControl
LogPluginManager: Mounting plugin TextureFormatOodle
LogPluginManager: Mounting plugin PropertyAccessNode
LogPluginManager: Mounting plugin SubversionSourceControl
LogPluginManager: Mounting plugin RiderSourceCodeAccess
LogPluginManager: Mounting plugin UObjectPlugin
LogPluginManager: Mounting plugin XCodeSourceCodeAccess
LogPluginManager: Mounting plugin VisualStudioSourceCodeAccess
LogPluginManager: Mounting plugin GameplayCameras
LogPluginManager: Mounting plugin VisualStudioCodeSourceCodeAccess
LogPluginManager: Mounting plugin ContentBrowserClassDataSource
LogPluginManager: Mounting plugin ContentBrowserAssetDataSource
LogPluginManager: Mounting plugin ContentBrowserFileDataSource
LogPluginManager: Mounting plugin OnlineSubsystemGooglePlay
LogPluginManager: Mounting plugin OnlineSubsystemIOS
LogPluginManager: Mounting plugin OculusVR
LogPluginManager: Mounting plugin SteamVR
LogInit: Using libcurl 7.55.1-DEV
LogInit:  - built for x86_64-pc-win32
LogInit:  - supports SSL with OpenSSL/1.1.1
LogInit:  - supports HTTP deflate (compression) using libz 1.2.8
LogInit:  - other features:
LogInit:      CURL_VERSION_SSL
LogInit:      CURL_VERSION_LIBZ
LogInit:      CURL_VERSION_IPV6
LogInit:      CURL_VERSION_ASYNCHDNS
LogInit:      CURL_VERSION_LARGEFILE
LogInit:      CURL_VERSION_IDN
LogInit:  CurlRequestOptions (configurable via config and command line):
LogInit:  - bVerifyPeer = true  - Libcurl will verify peer certificate
LogInit:  - bUseHttpProxy = false  - Libcurl will NOT use HTTP proxy
LogInit:  - bDontReuseConnections = false  - Libcurl will reuse connections
LogInit:  - MaxHostConnections = 16  - Libcurl will limit the number of connections to a host
LogInit:  - LocalHostAddr = Default
LogInit:  - BufferSize = 65536
LogOnline: OSS: Creating online subsystem instance for: NULL
LogInit: WinSock: version 1.1 (2.2), MaxSocks=32767, MaxUdp=65467
LogOnline: OSS: TryLoadSubsystemAndSetDefault: Loaded subsystem for module [NULL]
PixWinPlugin: PIX capture plugin failed to initialize! Check that the process is launched from PIX.
LogOculusPluginWrapper: OculusPlugin initialized successfully
LogHMD: Failed initializing OVRPlugin 1.59.0
LogInit: Build: ++UE4+Release-4.27-CL-18319896
LogInit: Engine Version: 4.27.2-18319896+++UE4+Release-4.27
LogInit: Compatible Engine Version: 4.27.0-17155196+++UE4+Release-4.27
LogInit: Net CL: 17155196
LogInit: OS: Windows 10 (Release 2009) (), CPU: AMD Ryzen 7 4800H with Radeon Graphics         , GPU: AMD Radeon(TM) Graphics
LogInit: Compiled (64-bit): Nov 30 2021 07:12:08
LogInit: Compiled with Visual C++: 19.24.28315.00
LogInit: Build Configuration: Development
LogInit: Branch Name: ++UE4+Release-4.27
LogInit: Command Line:  /Game/FirstPersonBP/Maps/FirstPersonExampleMap -game -PIEVIACONSOLE -Multiprocess GameUserSettingsINI=C:/Users/ivcha/Documents/GitHub/GameplayProgramming/Saved/Config/Windows/PIEGameUserSettings0.ini -MultiprocessSaveConfig -forcepassthrough -messaging -SessionName="Play in Standalone Game" -windowed -ResX=1280 -ResY=720
LogInit: Base Directory: C:/Program Files/Epic Games/UE_4.27/Engine/Binaries/Win64/
LogInit: Allocator: TBB
LogInit: Installed Engine Build: 1
LogDevObjectVersion: Number of dev versions registered: 29
LogDevObjectVersion:   Dev-Blueprints (B0D832E4-1F89-4F0D-ACCF-7EB736FD4AA2): 10
LogDevObjectVersion:   Dev-Build (E1C64328-A22C-4D53-A36C-8E866417BD8C): 0
LogDevObjectVersion:   Dev-Core (375EC13C-06E4-48FB-B500-84F0262A717E): 4
LogDevObjectVersion:   Dev-Editor (E4B068ED-F494-42E9-A231-DA0B2E46BB41): 40
LogDevObjectVersion:   Dev-Framework (CFFC743F-43B0-4480-9391-14DF171D2073): 37
LogDevObjectVersion:   Dev-Mobile (B02B49B5-BB20-44E9-A304-32B752E40360): 3
LogDevObjectVersion:   Dev-Networking (A4E4105C-59A1-49B5-A7C5-40C4547EDFEE): 0
LogDevObjectVersion:   Dev-Online (39C831C9-5AE6-47DC-9A44-9C173E1C8E7C): 0
LogDevObjectVersion:   Dev-Physics (78F01B33-EBEA-4F98-B9B4-84EACCB95AA2): 14
LogDevObjectVersion:   Dev-Platform (6631380F-2D4D-43E0-8009-CF276956A95A): 0
LogDevObjectVersion:   Dev-Rendering (12F88B9F-8875-4AFC-A67C-D90C383ABD29): 45
LogDevObjectVersion:   Dev-Sequencer (7B5AE74C-D270-4C10-A958-57980B212A5A): 13
LogDevObjectVersion:   Dev-VR (D7296918-1DD6-4BDD-9DE2-64A83CC13884): 3
LogDevObjectVersion:   Dev-LoadTimes (C2A15278-BFE7-4AFE-6C17-90FF531DF755): 1
LogDevObjectVersion:   Private-Geometry (6EACA3D4-40EC-4CC1-B786-8BED09428FC5): 3
LogDevObjectVersion:   Dev-AnimPhys (29E575DD-E0A3-4627-9D10-D276232CDCEA): 17
LogDevObjectVersion:   Dev-Anim (AF43A65D-7FD3-4947-9873-3E8ED9C1BB05): 15
LogDevObjectVersion:   Dev-ReflectionCapture (6B266CEC-1EC7-4B8F-A30B-E4D90942FC07): 1
LogDevObjectVersion:   Dev-Automation (0DF73D61-A23F-47EA-B727-89E90C41499A): 1
LogDevObjectVersion:   FortniteMain (601D1886-AC64-4F84-AA16-D3DE0DEAC7D6): 47
LogDevObjectVersion:   FortniteRelease (E7086368-6B23-4C58-8439-1B7016265E91): 1
LogDevObjectVersion:   Dev-Enterprise (9DFFBCD6-494F-0158-E221-12823C92A888): 10
LogDevObjectVersion:   Dev-Niagara (F2AED0AC-9AFE-416F-8664-AA7FFA26D6FC): 1
LogDevObjectVersion:   Dev-Destruction (174F1F0B-B4C6-45A5-B13F-2EE8D0FB917D): 10
LogDevObjectVersion:   Dev-Physics-Ext (35F94A83-E258-406C-A318-09F59610247C): 41
LogDevObjectVersion:   Dev-PhysicsMaterial-Chaos (B68FC16E-8B1B-42E2-B453-215C058844FE): 1
LogDevObjectVersion:   Dev-CineCamera (B2E18506-4273-CFC2-A54E-F4BB758BBA07): 1
LogDevObjectVersion:   Dev-VirtualProduction (64F58936-FD1B-42BA-BA96-7289D5D0FA4E): 1
LogDevObjectVersion:   Dev-MediaFramework (6F0ED827-A609-4895-9C91-998D90180EA4): 2
LogInit: Presizing for max 25165824 objects, including 0 objects not considered by GC, pre-allocating 0 bytes for permanent pool.
LogConfig: Applying CVar settings from Section [/Script/Engine.StreamingSettings] File [C:/Users/ivcha/Documents/GitHub/GameplayProgramming/Saved/Config/Windows/Engine.ini]
LogConfig: Setting CVar [[s.MinBulkDataSizeForAsyncLoading:131072]]
LogConfig: Setting CVar [[s.AsyncLoadingThreadEnabled:0]]
LogConfig: Setting CVar [[s.EventDrivenLoaderEnabled:1]]
LogConfig: Setting CVar [[s.WarnIfTimeLimitExceeded:0]]
LogConfig: Setting CVar [[s.TimeLimitExceededMultiplier:1.5]]
LogConfig: Setting CVar [[s.TimeLimitExceededMinTime:0.005]]
LogConfig: Setting CVar [[s.UseBackgroundLevelStreaming:1]]
LogConfig: Setting CVar [[s.PriorityAsyncLoadingExtraTime:15.0]]
LogConfig: Setting CVar [[s.LevelStreamingActorsUpdateTimeLimit:5.0]]
LogConfig: Setting CVar [[s.PriorityLevelStreamingActorsUpdateExtraTime:5.0]]
LogConfig: Setting CVar [[s.LevelStreamingComponentsRegistrationGranularity:10]]
LogConfig: Setting CVar [[s.UnregisterComponentsTimeLimit:1.0]]
LogConfig: Setting CVar [[s.LevelStreamingComponentsUnregistrationGranularity:5]]
LogConfig: Setting CVar [[s.FlushStreamingOnExit:1]]
LogInit: Object subsystem initialized
LogConfig: Setting CVar [[con.DebugEarlyDefault:1]]
LogConfig: Setting CVar [[r.setres:1280x720]]
[2022.07.15-20.32.57:264][  0]LogConfig: Setting CVar [[con.DebugEarlyDefault:1]]
[2022.07.15-20.32.57:264][  0]LogConfig: Setting CVar [[r.setres:1280x720]]
[2022.07.15-20.32.57:264][  0]LogConfig: Applying CVar settings from Section [/Script/Engine.RendererSettings] File [C:/Users/ivcha/Documents/GitHub/GameplayProgramming/Saved/Config/Windows/Engine.ini]
[2022.07.15-20.32.57:264][  0]LogConfig: Setting CVar [[r.GPUCrashDebugging:0]]
[2022.07.15-20.32.57:264][  0]LogConfig: Applying CVar settings from Section [/Script/Engine.RendererOverrideSettings] File [C:/Users/ivcha/Documents/GitHub/GameplayProgramming/Saved/Config/Windows/Engine.ini]
[2022.07.15-20.32.57:264][  0]LogConfig: Applying CVar settings from Section [/Script/Engine.StreamingSettings] File [C:/Users/ivcha/Documents/GitHub/GameplayProgramming/Saved/Config/Windows/Engine.ini]
[2022.07.15-20.32.57:264][  0]LogConfig: Setting CVar [[s.MinBulkDataSizeForAsyncLoading:131072]]
[2022.07.15-20.32.57:264][  0]LogConfig: Setting CVar [[s.AsyncLoadingThreadEnabled:0]]
[2022.07.15-20.32.57:264][  0]LogConfig: Setting CVar [[s.EventDrivenLoaderEnabled:1]]
[2022.07.15-20.32.57:264][  0]LogConfig: Setting CVar [[s.WarnIfTimeLimitExceeded:0]]
[2022.07.15-20.32.57:264][  0]LogConfig: Setting CVar [[s.TimeLimitExceededMultiplier:1.5]]
[2022.07.15-20.32.57:264][  0]LogConfig: Setting CVar [[s.TimeLimitExceededMinTime:0.005]]
[2022.07.15-20.32.57:264][  0]LogConfig: Setting CVar [[s.UseBackgroundLevelStreaming:1]]
[2022.07.15-20.32.57:264][  0]LogConfig: Setting CVar [[s.PriorityAsyncLoadingExtraTime:15.0]]
[2022.07.15-20.32.57:264][  0]LogConfig: Setting CVar [[s.LevelStreamingActorsUpdateTimeLimit:5.0]]
[2022.07.15-20.32.57:264][  0]LogConfig: Setting CVar [[s.PriorityLevelStreamingActorsUpdateExtraTime:5.0]]
[2022.07.15-20.32.57:264][  0]LogConfig: Setting CVar [[s.LevelStreamingComponentsRegistrationGranularity:10]]
[2022.07.15-20.32.57:264][  0]LogConfig: Setting CVar [[s.UnregisterComponentsTimeLimit:1.0]]
[2022.07.15-20.32.57:264][  0]LogConfig: Setting CVar [[s.LevelStreamingComponentsUnregistrationGranularity:5]]
[2022.07.15-20.32.57:264][  0]LogConfig: Setting CVar [[s.FlushStreamingOnExit:1]]
[2022.07.15-20.32.57:264][  0]LogConfig: Applying CVar settings from Section [/Script/Engine.GarbageCollectionSettings] File [C:/Users/ivcha/Documents/GitHub/GameplayProgramming/Saved/Config/Windows/Engine.ini]
[2022.07.15-20.32.57:264][  0]LogConfig: Setting CVar [[gc.MaxObjectsNotConsideredByGC:1]]
[2022.07.15-20.32.57:264][  0]LogConfig: Setting CVar [[gc.SizeOfPermanentObjectPool:0]]
[2022.07.15-20.32.57:264][  0]LogConfig: Setting CVar [[gc.FlushStreamingOnGC:0]]
[2022.07.15-20.32.57:264][  0]LogConfig: Setting CVar [[gc.NumRetriesBeforeForcingGC:10]]
[2022.07.15-20.32.57:264][  0]LogConfig: Setting CVar [[gc.AllowParallelGC:1]]
[2022.07.15-20.32.57:264][  0]LogConfig: Setting CVar [[gc.TimeBetweenPurgingPendingKillObjects:61.1]]
[2022.07.15-20.32.57:264][  0]LogConfig: Setting CVar [[gc.MaxObjectsInEditor:25165824]]
[2022.07.15-20.32.57:264][  0]LogConfig: Setting CVar [[gc.IncrementalBeginDestroyEnabled:1]]
[2022.07.15-20.32.57:264][  0]LogConfig: Setting CVar [[gc.CreateGCClusters:1]]
[2022.07.15-20.32.57:264][  0]LogConfig: Setting CVar [[gc.MinGCClusterSize:5]]
[2022.07.15-20.32.57:264][  0]LogConfig: Setting CVar [[gc.ActorClusteringEnabled:0]]
[2022.07.15-20.32.57:264][  0]LogConfig: Setting CVar [[gc.BlueprintClusteringEnabled:0]]
[2022.07.15-20.32.57:264][  0]LogConfig: Setting CVar [[gc.UseDisregardForGCOnDedicatedServers:0]]
[2022.07.15-20.32.57:264][  0]LogConfig: Setting CVar [[gc.MultithreadedDestructionEnabled:1]]
[2022.07.15-20.32.57:264][  0]LogConfig: Applying CVar settings from Section [/Script/Engine.NetworkSettings] File [C:/Users/ivcha/Documents/GitHub/GameplayProgramming/Saved/Config/Windows/Engine.ini]
[2022.07.15-20.32.57:264][  0]LogConfig: Applying CVar settings from Section [/Script/UnrealEd.CookerSettings] File [C:/Users/ivcha/Documents/GitHub/GameplayProgramming/Saved/Config/Windows/Engine.ini]
[2022.07.15-20.32.57:268][  0]LogConfig: Applying CVar settings from Section [ViewDistanceQuality@3] File [C:/Users/ivcha/Documents/GitHub/GameplayProgramming/Saved/Config/Windows/Scalability.ini]
[2022.07.15-20.32.57:268][  0]LogConfig: Setting CVar [[r.SkeletalMeshLODBias:0]]
[2022.07.15-20.32.57:268][  0]LogConfig: Setting CVar [[r.ViewDistanceScale:1.0]]
[2022.07.15-20.32.57:268][  0]LogConfig: Applying CVar settings from Section [AntiAliasingQuality@3] File [C:/Users/ivcha/Documents/GitHub/GameplayProgramming/Saved/Config/Windows/Scalability.ini]
[2022.07.15-20.32.57:268][  0]LogConfig: Setting CVar [[r.PostProcessAAQuality:4]]
[2022.07.15-20.32.57:268][  0]LogConfig: Applying CVar settings from Section [ShadowQuality@3] File [C:/Users/ivcha/Documents/GitHub/GameplayProgramming/Saved/Config/Windows/Scalability.ini]
[2022.07.15-20.32.57:268][  0]LogConfig: Setting CVar [[r.LightFunctionQuality:1]]
[2022.07.15-20.32.57:268][  0]LogConfig: Setting CVar [[r.ShadowQuality:5]]
[2022.07.15-20.32.57:268][  0]LogConfig: Setting CVar [[r.Shadow.CSM.MaxCascades:10]]
[2022.07.15-20.32.57:268][  0]LogConfig: Setting CVar [[r.Shadow.MaxResolution:2048]]
[2022.07.15-20.32.57:268][  0]LogConfig: Setting CVar [[r.Shadow.MaxCSMResolution:2048]]
[2022.07.15-20.32.57:268][  0]LogConfig: Setting CVar [[r.Shadow.RadiusThreshold:0.01]]
[2022.07.15-20.32.57:268][  0]LogConfig: Setting CVar [[r.Shadow.DistanceScale:1.0]]
[2022.07.15-20.32.57:268][  0]LogConfig: Setting CVar [[r.Shadow.CSM.TransitionScale:1.0]]
[2022.07.15-20.32.57:268][  0]LogConfig: Setting CVar [[r.Shadow.PreShadowResolutionFactor:1.0]]
[2022.07.15-20.32.57:268][  0]LogConfig: Setting CVar [[r.DistanceFieldShadowing:1]]
[2022.07.15-20.32.57:268][  0]LogConfig: Setting CVar [[r.DistanceFieldAO:1]]
[2022.07.15-20.32.57:268][  0]LogConfig: Setting CVar [[r.AOQuality:2]]
[2022.07.15-20.32.57:268][  0]LogConfig: Setting CVar [[r.VolumetricFog:1]]
[2022.07.15-20.32.57:268][  0]LogConfig: Setting CVar [[r.VolumetricFog.GridPixelSize:8]]
[2022.07.15-20.32.57:269][  0]LogConfig: Setting CVar [[r.VolumetricFog.GridSizeZ:128]]
[2022.07.15-20.32.57:269][  0]LogConfig: Setting CVar [[r.VolumetricFog.HistoryMissSupersampleCount:4]]
[2022.07.15-20.32.57:269][  0]LogConfig: Setting CVar [[r.LightMaxDrawDistanceScale:1]]
[2022.07.15-20.32.57:269][  0]LogConfig: Setting CVar [[r.CapsuleShadows:1]]
[2022.07.15-20.32.57:269][  0]LogConfig: Applying CVar settings from Section [PostProcessQuality@3] File [C:/Users/ivcha/Documents/GitHub/GameplayProgramming/Saved/Config/Windows/Scalability.ini]
[2022.07.15-20.32.57:269][  0]LogConfig: Setting CVar [[r.MotionBlurQuality:4]]
[2022.07.15-20.32.57:269][  0]LogConfig: Setting CVar [[r.AmbientOcclusionMipLevelFactor:0.4]]
[2022.07.15-20.32.57:269][  0]LogConfig: Setting CVar [[r.AmbientOcclusionMaxQuality:100]]
[2022.07.15-20.32.57:269][  0]LogConfig: Setting CVar [[r.AmbientOcclusionLevels:-1]]
[2022.07.15-20.32.57:269][  0]LogConfig: Setting CVar [[r.AmbientOcclusionRadiusScale:1.0]]
[2022.07.15-20.32.57:269][  0]LogConfig: Setting CVar [[r.DepthOfFieldQuality:2]]
[2022.07.15-20.32.57:269][  0]LogConfig: Setting CVar [[r.RenderTargetPoolMin:400]]
[2022.07.15-20.32.57:269][  0]LogConfig: Setting CVar [[r.LensFlareQuality:2]]
[2022.07.15-20.32.57:269][  0]LogConfig: Setting CVar [[r.SceneColorFringeQuality:1]]
[2022.07.15-20.32.57:269][  0]LogConfig: Setting CVar [[r.EyeAdaptationQuality:2]]
[2022.07.15-20.32.57:269][  0]LogConfig: Setting CVar [[r.BloomQuality:5]]
[2022.07.15-20.32.57:269][  0]LogConfig: Setting CVar [[r.FastBlurThreshold:100]]
[2022.07.15-20.32.57:269][  0]LogConfig: Setting CVar [[r.Upscale.Quality:3]]
[2022.07.15-20.32.57:269][  0]LogConfig: Setting CVar [[r.Tonemapper.GrainQuantization:1]]
[2022.07.15-20.32.57:269][  0]LogConfig: Setting CVar [[r.LightShaftQuality:1]]
[2022.07.15-20.32.57:269][  0]LogConfig: Setting CVar [[r.Filter.SizeScale:1]]
[2022.07.15-20.32.57:269][  0]LogConfig: Setting CVar [[r.Tonemapper.Quality:5]]
[2022.07.15-20.32.57:269][  0]LogConfig: Setting CVar [[r.DOF.Gather.AccumulatorQuality:1        ; higher gathering accumulator quality]]
[2022.07.15-20.32.57:269][  0]LogConfig: Setting CVar [[r.DOF.Gather.PostfilterMethod:1          ; Median3x3 postfilering method]]
[2022.07.15-20.32.57:269][  0]LogConfig: Setting CVar [[r.DOF.Gather.EnableBokehSettings:0       ; no bokeh simulation when gathering]]
[2022.07.15-20.32.57:269][  0]LogConfig: Setting CVar [[r.DOF.Gather.RingCount:4                 ; medium number of samples when gathering]]
[2022.07.15-20.32.57:269][  0]LogConfig: Setting CVar [[r.DOF.Scatter.ForegroundCompositing:1    ; additive foreground scattering]]
[2022.07.15-20.32.57:269][  0]LogConfig: Setting CVar [[r.DOF.Scatter.BackgroundCompositing:2    ; additive background scattering]]
[2022.07.15-20.32.57:269][  0]LogConfig: Setting CVar [[r.DOF.Scatter.EnableBokehSettings:1      ; bokeh simulation when scattering]]
[2022.07.15-20.32.57:269][  0]LogConfig: Setting CVar [[r.DOF.Scatter.MaxSpriteRatio:0.1         ; only a maximum of 10% of scattered bokeh]]
[2022.07.15-20.32.57:269][  0]LogConfig: Setting CVar [[r.DOF.Recombine.Quality:1                ; cheap slight out of focus]]
[2022.07.15-20.32.57:269][  0]LogConfig: Setting CVar [[r.DOF.Recombine.EnableBokehSettings:0    ; no bokeh simulation on slight out of focus]]
[2022.07.15-20.32.57:269][  0]LogConfig: Setting CVar [[r.DOF.TemporalAAQuality:1                ; more stable temporal accumulation]]
[2022.07.15-20.32.57:269][  0]LogConfig: Setting CVar [[r.DOF.Kernel.MaxForegroundRadius:0.025]]
[2022.07.15-20.32.57:269][  0]LogConfig: Setting CVar [[r.DOF.Kernel.MaxBackgroundRadius:0.025]]
[2022.07.15-20.32.57:269][  0]LogConfig: Applying CVar settings from Section [TextureQuality@3] File [C:/Users/ivcha/Documents/GitHub/GameplayProgramming/Saved/Config/Windows/Scalability.ini]
[2022.07.15-20.32.57:269][  0]LogConfig: Setting CVar [[r.Streaming.MipBias:0]]
[2022.07.15-20.32.57:269][  0]LogConfig: Setting CVar [[r.Streaming.AmortizeCPUToGPUCopy:0]]
[2022.07.15-20.32.57:269][  0]LogConfig: Setting CVar [[r.Streaming.MaxNumTexturesToStreamPerFrame:0]]
[2022.07.15-20.32.57:269][  0]LogConfig: Setting CVar [[r.Streaming.Boost:1]]
[2022.07.15-20.32.57:269][  0]LogConfig: Setting CVar [[r.MaxAnisotropy:8]]
[2022.07.15-20.32.57:269][  0]LogConfig: Setting CVar [[r.VT.MaxAnisotropy:8]]
[2022.07.15-20.32.57:269][  0]LogConfig: Setting CVar [[r.Streaming.LimitPoolSizeToVRAM:0]]
[2022.07.15-20.32.57:269][  0]LogConfig: Setting CVar [[r.Streaming.PoolSize:1000]]
[2022.07.15-20.32.57:269][  0]LogConfig: Setting CVar [[r.Streaming.MaxEffectiveScreenSize:0]]
[2022.07.15-20.32.57:269][  0]LogConfig: Applying CVar settings from Section [EffectsQuality@3] File [C:/Users/ivcha/Documents/GitHub/GameplayProgramming/Saved/Config/Windows/Scalability.ini]
[2022.07.15-20.32.57:269][  0]LogConfig: Setting CVar [[r.TranslucencyLightingVolumeDim:64]]
[2022.07.15-20.32.57:269][  0]LogConfig: Setting CVar [[r.RefractionQuality:2]]
[2022.07.15-20.32.57:269][  0]LogConfig: Setting CVar [[r.SSR.Quality:3]]
[2022.07.15-20.32.57:269][  0]LogConfig: Setting CVar [[r.SSR.HalfResSceneColor:0]]
[2022.07.15-20.32.57:269][  0]LogConfig: Setting CVar [[r.SceneColorFormat:4]]
[2022.07.15-20.32.57:269][  0]LogConfig: Setting CVar [[r.DetailMode:2]]
[2022.07.15-20.32.57:269][  0]LogConfig: Setting CVar [[r.TranslucencyVolumeBlur:1]]
[2022.07.15-20.32.57:269][  0]LogConfig: Setting CVar [[r.MaterialQualityLevel:1 ; High quality]]
[2022.07.15-20.32.57:269][  0]LogConfig: Setting CVar [[r.AnisotropicMaterials:1]]
[2022.07.15-20.32.57:269][  0]LogConfig: Setting CVar [[r.SSS.Scale:1]]
[2022.07.15-20.32.57:269][  0]LogConfig: Setting CVar [[r.SSS.SampleSet:2]]
[2022.07.15-20.32.57:269][  0]LogConfig: Setting CVar [[r.SSS.Quality:1]]
[2022.07.15-20.32.57:269][  0]LogConfig: Setting CVar [[r.SSS.HalfRes:0]]
[2022.07.15-20.32.57:269][  0]LogConfig: Setting CVar [[r.SSGI.Quality:3]]
[2022.07.15-20.32.57:269][  0]LogConfig: Setting CVar [[r.EmitterSpawnRateScale:1.0]]
[2022.07.15-20.32.57:269][  0]LogConfig: Setting CVar [[r.ParticleLightQuality:2]]
[2022.07.15-20.32.57:269][  0]LogConfig: Setting CVar [[r.SkyAtmosphere.AerialPerspectiveLUT.FastApplyOnOpaque:1 ; Always have FastSkyLUT 1 in this case to avoid wrong sky]]
[2022.07.15-20.32.57:269][  0]LogConfig: Setting CVar [[r.SkyAtmosphere.AerialPerspectiveLUT.SampleCountMaxPerSlice:4]]
[2022.07.15-20.32.57:269][  0]LogConfig: Setting CVar [[r.SkyAtmosphere.AerialPerspectiveLUT.DepthResolution:16.0]]
[2022.07.15-20.32.57:269][  0]LogConfig: Setting CVar [[r.SkyAtmosphere.FastSkyLUT:1]]
[2022.07.15-20.32.57:269][  0]LogConfig: Setting CVar [[r.SkyAtmosphere.FastSkyLUT.SampleCountMin:4.0]]
[2022.07.15-20.32.57:269][  0]LogConfig: Setting CVar [[r.SkyAtmosphere.FastSkyLUT.SampleCountMax:128.0]]
[2022.07.15-20.32.57:269][  0]LogConfig: Setting CVar [[r.SkyAtmosphere.SampleCountMin:4.0]]
[2022.07.15-20.32.57:269][  0]LogConfig: Setting CVar [[r.SkyAtmosphere.SampleCountMax:128.0]]
[2022.07.15-20.32.57:269][  0]LogConfig: Setting CVar [[r.SkyAtmosphere.TransmittanceLUT.UseSmallFormat:0]]
[2022.07.15-20.32.57:269][  0]LogConfig: Setting CVar [[r.SkyAtmosphere.TransmittanceLUT.SampleCount:10.0]]
[2022.07.15-20.32.57:269][  0]LogConfig: Setting CVar [[r.SkyAtmosphere.MultiScatteringLUT.SampleCount:15.0]]
[2022.07.15-20.32.57:269][  0]LogConfig: Setting CVar [[r.SkyLight.RealTimeReflectionCapture:1]]
[2022.07.15-20.32.57:269][  0]LogConfig: Applying CVar settings from Section [FoliageQuality@3] File [C:/Users/ivcha/Documents/GitHub/GameplayProgramming/Saved/Config/Windows/Scalability.ini]
[2022.07.15-20.32.57:269][  0]LogConfig: Setting CVar [[foliage.DensityScale:1.0]]
[2022.07.15-20.32.57:269][  0]LogConfig: Setting CVar [[grass.DensityScale:1.0]]
[2022.07.15-20.32.57:269][  0]LogConfig: Applying CVar settings from Section [ShadingQuality@3] File [C:/Users/ivcha/Documents/GitHub/GameplayProgramming/Saved/Config/Windows/Scalability.ini]
[2022.07.15-20.32.57:269][  0]LogConfig: Setting CVar [[r.HairStrands.SkyLighting.IntegrationType:2]]
[2022.07.15-20.32.57:269][  0]LogConfig: Setting CVar [[r.HairStrands.SkyAO.SampleCount:4]]
[2022.07.15-20.32.57:269][  0]LogConfig: Setting CVar [[r.HairStrands.Visibility.MSAA.SamplePerPixel:4]]
[2022.07.15-20.32.57:269][  0]LogInit: Selected Device Profile: [Windows]
[2022.07.15-20.32.57:269][  0]LogInit: Applying CVar settings loaded from the selected device profile: [Windows]
[2022.07.15-20.32.57:269][  0]LogHAL: Display: Platform has ~ 16 GB [16558354432 / 17179869184 / 16], which maps to Larger [LargestMinGB=32, LargerMinGB=12, DefaultMinGB=8, SmallerMinGB=6, SmallestMinGB=0)
[2022.07.15-20.32.57:269][  0]LogInit: Going up to parent DeviceProfile []
[2022.07.15-20.32.57:270][  0]LogConfig: Applying CVar settings from Section [ViewDistanceQuality@3] File [C:/Users/ivcha/Documents/GitHub/GameplayProgramming/Saved/Config/Windows/Scalability.ini]
[2022.07.15-20.32.57:270][  0]LogConfig: Setting CVar [[r.SkeletalMeshLODBias:0]]
[2022.07.15-20.32.57:270][  0]LogConfig: Setting CVar [[r.ViewDistanceScale:1.0]]
[2022.07.15-20.32.57:270][  0]LogConfig: Applying CVar settings from Section [AntiAliasingQuality@3] File [C:/Users/ivcha/Documents/GitHub/GameplayProgramming/Saved/Config/Windows/Scalability.ini]
[2022.07.15-20.32.57:270][  0]LogConfig: Setting CVar [[r.PostProcessAAQuality:4]]
[2022.07.15-20.32.57:270][  0]LogConfig: Applying CVar settings from Section [ShadowQuality@3] File [C:/Users/ivcha/Documents/GitHub/GameplayProgramming/Saved/Config/Windows/Scalability.ini]
[2022.07.15-20.32.57:270][  0]LogConfig: Setting CVar [[r.LightFunctionQuality:1]]
[2022.07.15-20.32.57:270][  0]LogConfig: Setting CVar [[r.ShadowQuality:5]]
[2022.07.15-20.32.57:270][  0]LogConfig: Setting CVar [[r.Shadow.CSM.MaxCascades:10]]
[2022.07.15-20.32.57:270][  0]LogConfig: Setting CVar [[r.Shadow.MaxResolution:2048]]
[2022.07.15-20.32.57:270][  0]LogConfig: Setting CVar [[r.Shadow.MaxCSMResolution:2048]]
[2022.07.15-20.32.57:270][  0]LogConfig: Setting CVar [[r.Shadow.RadiusThreshold:0.01]]
[2022.07.15-20.32.57:270][  0]LogConfig: Setting CVar [[r.Shadow.DistanceScale:1.0]]
[2022.07.15-20.32.57:270][  0]LogConfig: Setting CVar [[r.Shadow.CSM.TransitionScale:1.0]]
[2022.07.15-20.32.57:270][  0]LogConfig: Setting CVar [[r.Shadow.PreShadowResolutionFactor:1.0]]
[2022.07.15-20.32.57:270][  0]LogConfig: Setting CVar [[r.DistanceFieldShadowing:1]]
[2022.07.15-20.32.57:270][  0]LogConfig: Setting CVar [[r.DistanceFieldAO:1]]
[2022.07.15-20.32.57:270][  0]LogConfig: Setting CVar [[r.AOQuality:2]]
[2022.07.15-20.32.57:270][  0]LogConfig: Setting CVar [[r.VolumetricFog:1]]
[2022.07.15-20.32.57:270][  0]LogConfig: Setting CVar [[r.VolumetricFog.GridPixelSize:8]]
[2022.07.15-20.32.57:270][  0]LogConfig: Setting CVar [[r.VolumetricFog.GridSizeZ:128]]
[2022.07.15-20.32.57:270][  0]LogConfig: Setting CVar [[r.VolumetricFog.HistoryMissSupersampleCount:4]]
[2022.07.15-20.32.57:270][  0]LogConfig: Setting CVar [[r.LightMaxDrawDistanceScale:1]]
[2022.07.15-20.32.57:270][  0]LogConfig: Setting CVar [[r.CapsuleShadows:1]]
[2022.07.15-20.32.57:270][  0]LogConfig: Applying CVar settings from Section [PostProcessQuality@3] File [C:/Users/ivcha/Documents/GitHub/GameplayProgramming/Saved/Config/Windows/Scalability.ini]
[2022.07.15-20.32.57:270][  0]LogConfig: Setting CVar [[r.MotionBlurQuality:4]]
[2022.07.15-20.32.57:270][  0]LogConfig: Setting CVar [[r.AmbientOcclusionMipLevelFactor:0.4]]
[2022.07.15-20.32.57:270][  0]LogConfig: Setting CVar [[r.AmbientOcclusionMaxQuality:100]]
[2022.07.15-20.32.57:270][  0]LogConfig: Setting CVar [[r.AmbientOcclusionLevels:-1]]
[2022.07.15-20.32.57:270][  0]LogConfig: Setting CVar [[r.AmbientOcclusionRadiusScale:1.0]]
[2022.07.15-20.32.57:270][  0]LogConfig: Setting CVar [[r.DepthOfFieldQuality:2]]
[2022.07.15-20.32.57:270][  0]LogConfig: Setting CVar [[r.RenderTargetPoolMin:400]]
[2022.07.15-20.32.57:270][  0]LogConfig: Setting CVar [[r.LensFlareQuality:2]]
[2022.07.15-20.32.57:270][  0]LogConfig: Setting CVar [[r.SceneColorFringeQuality:1]]
[2022.07.15-20.32.57:270][  0]LogConfig: Setting CVar [[r.EyeAdaptationQuality:2]]
[2022.07.15-20.32.57:270][  0]LogConfig: Setting CVar [[r.BloomQuality:5]]
[2022.07.15-20.32.57:270][  0]LogConfig: Setting CVar [[r.FastBlurThreshold:100]]
[2022.07.15-20.32.57:270][  0]LogConfig: Setting CVar [[r.Upscale.Quality:3]]
[2022.07.15-20.32.57:270][  0]LogConfig: Setting CVar [[r.Tonemapper.GrainQuantization:1]]
[2022.07.15-20.32.57:270][  0]LogConfig: Setting CVar [[r.LightShaftQuality:1]]
[2022.07.15-20.32.57:270][  0]LogConfig: Setting CVar [[r.Filter.SizeScale:1]]
[2022.07.15-20.32.57:270][  0]LogConfig: Setting CVar [[r.Tonemapper.Quality:5]]
[2022.07.15-20.32.57:270][  0]LogConfig: Setting CVar [[r.DOF.Gather.AccumulatorQuality:1        ; higher gathering accumulator quality]]
[2022.07.15-20.32.57:270][  0]LogConfig: Setting CVar [[r.DOF.Gather.PostfilterMethod:1          ; Median3x3 postfilering method]]
[2022.07.15-20.32.57:270][  0]LogConfig: Setting CVar [[r.DOF.Gather.EnableBokehSettings:0       ; no bokeh simulation when gathering]]
[2022.07.15-20.32.57:270][  0]LogConfig: Setting CVar [[r.DOF.Gather.RingCount:4                 ; medium number of samples when gathering]]
[2022.07.15-20.32.57:270][  0]LogConfig: Setting CVar [[r.DOF.Scatter.ForegroundCompositing:1    ; additive foreground scattering]]
[2022.07.15-20.32.57:270][  0]LogConfig: Setting CVar [[r.DOF.Scatter.BackgroundCompositing:2    ; additive background scattering]]
[2022.07.15-20.32.57:270][  0]LogConfig: Setting CVar [[r.DOF.Scatter.EnableBokehSettings:1      ; bokeh simulation when scattering]]
[2022.07.15-20.32.57:270][  0]LogConfig: Setting CVar [[r.DOF.Scatter.MaxSpriteRatio:0.1         ; only a maximum of 10% of scattered bokeh]]
[2022.07.15-20.32.57:270][  0]LogConfig: Setting CVar [[r.DOF.Recombine.Quality:1                ; cheap slight out of focus]]
[2022.07.15-20.32.57:270][  0]LogConfig: Setting CVar [[r.DOF.Recombine.EnableBokehSettings:0    ; no bokeh simulation on slight out of focus]]
[2022.07.15-20.32.57:270][  0]LogConfig: Setting CVar [[r.DOF.TemporalAAQuality:1                ; more stable temporal accumulation]]
[2022.07.15-20.32.57:270][  0]LogConfig: Setting CVar [[r.DOF.Kernel.MaxForegroundRadius:0.025]]
[2022.07.15-20.32.57:270][  0]LogConfig: Setting CVar [[r.DOF.Kernel.MaxBackgroundRadius:0.025]]
[2022.07.15-20.32.57:270][  0]LogConfig: Applying CVar settings from Section [TextureQuality@3] File [C:/Users/ivcha/Documents/GitHub/GameplayProgramming/Saved/Config/Windows/Scalability.ini]
[2022.07.15-20.32.57:270][  0]LogConfig: Setting CVar [[r.Streaming.MipBias:0]]
[2022.07.15-20.32.57:270][  0]LogConfig: Setting CVar [[r.Streaming.AmortizeCPUToGPUCopy:0]]
[2022.07.15-20.32.57:270][  0]LogConfig: Setting CVar [[r.Streaming.MaxNumTexturesToStreamPerFrame:0]]
[2022.07.15-20.32.57:270][  0]LogConfig: Setting CVar [[r.Streaming.Boost:1]]
[2022.07.15-20.32.57:270][  0]LogConfig: Setting CVar [[r.MaxAnisotropy:8]]
[2022.07.15-20.32.57:270][  0]LogConfig: Setting CVar [[r.VT.MaxAnisotropy:8]]
[2022.07.15-20.32.57:270][  0]LogConfig: Setting CVar [[r.Streaming.LimitPoolSizeToVRAM:0]]
[2022.07.15-20.32.57:270][  0]LogConfig: Setting CVar [[r.Streaming.PoolSize:1000]]
[2022.07.15-20.32.57:270][  0]LogConfig: Setting CVar [[r.Streaming.MaxEffectiveScreenSize:0]]
[2022.07.15-20.32.57:270][  0]LogConfig: Applying CVar settings from Section [EffectsQuality@3] File [C:/Users/ivcha/Documents/GitHub/GameplayProgramming/Saved/Config/Windows/Scalability.ini]
[2022.07.15-20.32.57:270][  0]LogConfig: Setting CVar [[r.TranslucencyLightingVolumeDim:64]]
[2022.07.15-20.32.57:270][  0]LogConfig: Setting CVar [[r.RefractionQuality:2]]
[2022.07.15-20.32.57:270][  0]LogConfig: Setting CVar [[r.SSR.Quality:3]]
[2022.07.15-20.32.57:270][  0]LogConfig: Setting CVar [[r.SSR.HalfResSceneColor:0]]
[2022.07.15-20.32.57:270][  0]LogConfig: Setting CVar [[r.SceneColorFormat:4]]
[2022.07.15-20.32.57:270][  0]LogConfig: Setting CVar [[r.DetailMode:2]]
[2022.07.15-20.32.57:270][  0]LogConfig: Setting CVar [[r.TranslucencyVolumeBlur:1]]
[2022.07.15-20.32.57:270][  0]LogConfig: Setting CVar [[r.MaterialQualityLevel:1 ; High quality]]
[2022.07.15-20.32.57:270][  0]LogConfig: Setting CVar [[r.AnisotropicMaterials:1]]
[2022.07.15-20.32.57:270][  0]LogConfig: Setting CVar [[r.SSS.Scale:1]]
[2022.07.15-20.32.57:270][  0]LogConfig: Setting CVar [[r.SSS.SampleSet:2]]
[2022.07.15-20.32.57:270][  0]LogConfig: Setting CVar [[r.SSS.Quality:1]]
[2022.07.15-20.32.57:270][  0]LogConfig: Setting CVar [[r.SSS.HalfRes:0]]
[2022.07.15-20.32.57:270][  0]LogConfig: Setting CVar [[r.SSGI.Quality:3]]
[2022.07.15-20.32.57:270][  0]LogConfig: Setting CVar [[r.EmitterSpawnRateScale:1.0]]
[2022.07.15-20.32.57:270][  0]LogConfig: Setting CVar [[r.ParticleLightQuality:2]]
[2022.07.15-20.32.57:270][  0]LogConfig: Setting CVar [[r.SkyAtmosphere.AerialPerspectiveLUT.FastApplyOnOpaque:1 ; Always have FastSkyLUT 1 in this case to avoid wrong sky]]
[2022.07.15-20.32.57:270][  0]LogConfig: Setting CVar [[r.SkyAtmosphere.AerialPerspectiveLUT.SampleCountMaxPerSlice:4]]
[2022.07.15-20.32.57:270][  0]LogConfig: Setting CVar [[r.SkyAtmosphere.AerialPerspectiveLUT.DepthResolution:16.0]]
[2022.07.15-20.32.57:270][  0]LogConfig: Setting CVar [[r.SkyAtmosphere.FastSkyLUT:1]]
[2022.07.15-20.32.57:270][  0]LogConfig: Setting CVar [[r.SkyAtmosphere.FastSkyLUT.SampleCountMin:4.0]]
[2022.07.15-20.32.57:270][  0]LogConfig: Setting CVar [[r.SkyAtmosphere.FastSkyLUT.SampleCountMax:128.0]]
[2022.07.15-20.32.57:270][  0]LogConfig: Setting CVar [[r.SkyAtmosphere.SampleCountMin:4.0]]
[2022.07.15-20.32.57:270][  0]LogConfig: Setting CVar [[r.SkyAtmosphere.SampleCountMax:128.0]]
[2022.07.15-20.32.57:270][  0]LogConfig: Setting CVar [[r.SkyAtmosphere.TransmittanceLUT.UseSmallFormat:0]]
[2022.07.15-20.32.57:270][  0]LogConfig: Setting CVar [[r.SkyAtmosphere.TransmittanceLUT.SampleCount:10.0]]
[2022.07.15-20.32.57:270][  0]LogConfig: Setting CVar [[r.SkyAtmosphere.MultiScatteringLUT.SampleCount:15.0]]
[2022.07.15-20.32.57:270][  0]LogConfig: Setting CVar [[r.SkyLight.RealTimeReflectionCapture:1]]
[2022.07.15-20.32.57:270][  0]LogConfig: Applying CVar settings from Section [FoliageQuality@3] File [C:/Users/ivcha/Documents/GitHub/GameplayProgramming/Saved/Config/Windows/Scalability.ini]
[2022.07.15-20.32.57:270][  0]LogConfig: Setting CVar [[foliage.DensityScale:1.0]]
[2022.07.15-20.32.57:270][  0]LogConfig: Setting CVar [[grass.DensityScale:1.0]]
[2022.07.15-20.32.57:271][  0]LogConfig: Applying CVar settings from Section [ShadingQuality@3] File [C:/Users/ivcha/Documents/GitHub/GameplayProgramming/Saved/Config/Windows/Scalability.ini]
[2022.07.15-20.32.57:271][  0]LogConfig: Setting CVar [[r.HairStrands.SkyLighting.IntegrationType:2]]
[2022.07.15-20.32.57:271][  0]LogConfig: Setting CVar [[r.HairStrands.SkyAO.SampleCount:4]]
[2022.07.15-20.32.57:271][  0]LogConfig: Setting CVar [[r.HairStrands.Visibility.MSAA.SamplePerPixel:4]]
[2022.07.15-20.32.57:271][  0]LogConfig: Applying CVar settings from Section [Startup] File [../../../Engine/Config/ConsoleVariables.ini]
[2022.07.15-20.32.57:271][  0]LogConfig: Setting CVar [[net.UseAdaptiveNetUpdateFrequency:0]]
[2022.07.15-20.32.57:271][  0]LogConfig: Setting CVar [[p.chaos.AllowCreatePhysxBodies:1]]
[2022.07.15-20.32.57:271][  0]LogConfig: Setting CVar [[fx.SkipVectorVMBackendOptimizations:1]]
[2022.07.15-20.32.57:271][  0]LogConfig: Applying CVar settings from Section [ConsoleVariables] File [C:/Users/ivcha/Documents/GitHub/GameplayProgramming/Saved/Config/Windows/Engine.ini]
[2022.07.15-20.32.57:271][  0]LogConfig: Applying CVar settings from Section [ConsoleVariables] File [C:/Users/ivcha/Documents/GitHub/GameplayProgramming/Saved/Config/Windows/Editor.ini]
[2022.07.15-20.32.57:272][  0]LogInit: Computer: DESKTOP-4KBLNKT
[2022.07.15-20.32.57:272][  0]LogInit: User: ivcha
[2022.07.15-20.32.57:272][  0]LogInit: CPU Page size=4096, Cores=8
[2022.07.15-20.32.57:272][  0]LogInit: High frequency timer resolution =10.000000 MHz
[2022.07.15-20.32.57:272][  0]LogMemory: Memory total: Physical=15.4GB (16GB approx)
[2022.07.15-20.32.57:272][  0]LogMemory: Platform Memory Stats for Windows
[2022.07.15-20.32.57:272][  0]LogMemory: Process Physical Memory: 147.62 MB used, 147.63 MB peak
[2022.07.15-20.32.57:272][  0]LogMemory: Process Virtual Memory: 131.37 MB used, 131.37 MB peak
[2022.07.15-20.32.57:272][  0]LogMemory: Physical Memory: 11687.97 MB used,  4103.31 MB free, 15791.28 MB total
[2022.07.15-20.32.57:272][  0]LogMemory: Virtual Memory: 134211392.00 MB used,  6336.75 MB free, 134217728.00 MB total
[2022.07.15-20.32.57:278][  0]LogWindows: WindowsPlatformFeatures enabled
[2022.07.15-20.32.57:323][  0]LogInit: Physics initialised using underlying interface: PhysX
[2022.07.15-20.32.57:323][  0]LogInit: Using OS detected language (es-ES).
[2022.07.15-20.32.57:323][  0]LogInit: Using OS detected locale (es-ES).
[2022.07.15-20.32.57:326][  0]LogTextLocalizationManager: No specific localization for 'es-ES' exists, so the 'es' localization will be used.
[2022.07.15-20.32.57:371][  0]LogWindowsTextInputMethodSystem: Display: IME system deactivated.
[2022.07.15-20.32.57:390][  0]LogSlate: New Slate User Created.  User Index 0, Is Virtual User: 0
[2022.07.15-20.32.57:390][  0]LogSlate: Slate User Registered.  User Index 0, Is Virtual User: 0
[2022.07.15-20.32.57:403][  0]LogD3D11RHI: Loaded GFSDK_Aftermath_Lib.x64.dll
[2022.07.15-20.32.57:417][  0]LogHMD: Failed to initialize OpenVR with code 110
[2022.07.15-20.32.57:417][  0]LogD3D11RHI: D3D11 min allowed feature level: 11_0
[2022.07.15-20.32.57:417][  0]LogD3D11RHI: D3D11 max allowed feature level: 11_0
[2022.07.15-20.32.57:417][  0]LogD3D11RHI: D3D11 adapters:
[2022.07.15-20.32.57:505][  0]LogD3D11RHI:    0. 'NVIDIA GeForce GTX 1650 Ti' (Feature Level 11_0)
[2022.07.15-20.32.57:505][  0]LogD3D11RHI:       3962/0/7895 MB DedicatedVideo/DedicatedSystem/SharedSystem, Outputs:1, VendorId:0x10de
[2022.07.15-20.32.57:530][  0]LogD3D11RHI:    1. 'AMD Radeon(TM) Graphics' (Feature Level 11_0)
[2022.07.15-20.32.57:530][  0]LogD3D11RHI:       496/0/7895 MB DedicatedVideo/DedicatedSystem/SharedSystem, Outputs:0, VendorId:0x1002
[2022.07.15-20.32.57:532][  0]LogD3D11RHI:    2. 'Microsoft Basic Render Driver' (Feature Level 11_0)
[2022.07.15-20.32.57:532][  0]LogD3D11RHI:       0/0/7895 MB DedicatedVideo/DedicatedSystem/SharedSystem, Outputs:0, VendorId:0x1414
[2022.07.15-20.32.57:532][  0]LogD3D11RHI: Chosen D3D11 Adapter:
[2022.07.15-20.32.57:532][  0]LogD3D11RHI:     Description : NVIDIA GeForce GTX 1650 Ti
[2022.07.15-20.32.57:532][  0]LogD3D11RHI:     VendorId    : 10de
[2022.07.15-20.32.57:532][  0]LogD3D11RHI:     DeviceId    : 1f95
[2022.07.15-20.32.57:532][  0]LogD3D11RHI:     SubSysId    : 16df1043
[2022.07.15-20.32.57:532][  0]LogD3D11RHI:     Revision    : 00a1
[2022.07.15-20.32.57:532][  0]LogD3D11RHI:     DedicatedVideoMemory : 4154458112 bytes
[2022.07.15-20.32.57:532][  0]LogD3D11RHI:     DedicatedSystemMemory : 0 bytes
[2022.07.15-20.32.57:532][  0]LogD3D11RHI:     SharedSystemMemory : 8279177216 bytes
[2022.07.15-20.32.57:532][  0]LogD3D11RHI:     AdapterLuid : 0 59561
[2022.07.15-20.32.57:540][  0]LogD3D11RHI: Creating new Direct3DDevice
[2022.07.15-20.32.57:540][  0]LogD3D11RHI:     GPU DeviceId: 0x1f95 (for the marketing name, search the web for "GPU Device Id")
[2022.07.15-20.32.57:540][  0]LogWindows: EnumDisplayDevices:
[2022.07.15-20.32.57:540][  0]LogWindows:    0. 'AMD Radeon(TM) Graphics' (P:1 D:1)
[2022.07.15-20.32.57:541][  0]LogWindows:    1. 'AMD Radeon(TM) Graphics' (P:0 D:0)
[2022.07.15-20.32.57:541][  0]LogWindows:    2. 'AMD Radeon(TM) Graphics' (P:0 D:0)
[2022.07.15-20.32.57:541][  0]LogWindows:    3. 'AMD Radeon(TM) Graphics' (P:0 D:0)
[2022.07.15-20.32.57:541][  0]LogWindows:    4. 'NVIDIA GeForce GTX 1650 Ti' (P:0 D:0)
[2022.07.15-20.32.57:541][  0]LogWindows:    5. 'NVIDIA GeForce GTX 1650 Ti' (P:0 D:0)
[2022.07.15-20.32.57:542][  0]LogWindows:    6. 'NVIDIA GeForce GTX 1650 Ti' (P:0 D:0)
[2022.07.15-20.32.57:542][  0]LogWindows:    7. 'NVIDIA GeForce GTX 1650 Ti' (P:0 D:0)
[2022.07.15-20.32.57:542][  0]LogWindows: DebugString: PrimaryIsNotTheChoosenAdapter PrimaryIsNotTheChoosenAdapter PrimaryIsNotTheChoosenAdapter PrimaryIsNotTheChoosenAdapter FoundDriverCount:4 
[2022.07.15-20.32.57:542][  0]LogD3D11RHI:     Adapter Name: NVIDIA GeForce GTX 1650 Ti
[2022.07.15-20.32.57:542][  0]LogD3D11RHI:   Driver Version: 516.59 (internal:31.0.15.1659, unified:516.59)
[2022.07.15-20.32.57:542][  0]LogD3D11RHI:      Driver Date: 6-23-2022
[2022.07.15-20.32.57:542][  0]LogRHI: Texture pool is 2773 MB (70% of 3962 MB)
[2022.07.15-20.32.57:542][  0]LogD3D11RHI: Creating D3DDevice using adapter:
[2022.07.15-20.32.57:542][  0]LogD3D11RHI:     Description : NVIDIA GeForce GTX 1650 Ti
[2022.07.15-20.32.57:542][  0]LogD3D11RHI:     VendorId    : 10de
[2022.07.15-20.32.57:542][  0]LogD3D11RHI:     DeviceId    : 1f95
[2022.07.15-20.32.57:542][  0]LogD3D11RHI:     SubSysId    : 16df1043
[2022.07.15-20.32.57:542][  0]LogD3D11RHI:     Revision    : 00a1
[2022.07.15-20.32.57:542][  0]LogD3D11RHI:     DedicatedVideoMemory : 4154458112 bytes
[2022.07.15-20.32.57:542][  0]LogD3D11RHI:     DedicatedSystemMemory : 0 bytes
[2022.07.15-20.32.57:542][  0]LogD3D11RHI:     SharedSystemMemory : 8279177216 bytes
[2022.07.15-20.32.57:542][  0]LogD3D11RHI:     AdapterLuid : 0 59561
[2022.07.15-20.32.57:597][  0]LogD3D11RHI: RHI has support for 64 bit atomics
[2022.07.15-20.32.57:597][  0]LogD3D11RHI: Async texture creation enabled
[2022.07.15-20.32.57:597][  0]LogD3D11RHI: Array index from any shader is supported
[2022.07.15-20.32.57:617][  0]LogD3D11RHI: GPU Timing Frequency: 1000.000000 (Debug: 2 1)
[2022.07.15-20.32.57:639][  0]LogRHI: GeForceNow SDK initialized: 1
[2022.07.15-20.32.57:894][  0]LogTargetPlatformManager: Display: Loaded TargetPlatform 'WindowsNoEditor'
[2022.07.15-20.32.57:901][  0]LogTargetPlatformManager: Display: Loaded TargetPlatform 'Windows'
[2022.07.15-20.32.57:906][  0]LogTargetPlatformManager: Display: Loaded TargetPlatform 'WindowsClient'
[2022.07.15-20.32.57:911][  0]LogTargetPlatformManager: Display: Loaded TargetPlatform 'WindowsServer'
[2022.07.15-20.32.57:911][  0]LogTargetPlatformManager: Display: Building Assets For Windows
[2022.07.15-20.32.57:921][  0]LogAudioDebug: Display: Lib vorbis DLL was dynamically loaded.
[2022.07.15-20.32.57:959][  0]LogTextureFormatOodle: Display: Oodle Texture 2.9.0 init RDO Off
[2022.07.15-20.32.57:996][  0]LogRendererCore: Ray tracing is disabled. Reason: r.RayTracing=0.
[2022.07.15-20.32.57:996][  0]LogShaderCompilers: Guid format shader working directory is -21 characters bigger than the processId version (../../../../../../Users/ivcha/Documents/GitHub/GameplayProgramming/Intermediate/Shaders/WorkingDirectory/14072/).
[2022.07.15-20.32.57:996][  0]LogShaderCompilers: Cleaned the shader compiler working directory 'C:/Users/ivcha/AppData/Local/Temp/UnrealShaderWorkingDir/4F9CCAF34A33D7B1D361ECB790642E42/'.
[2022.07.15-20.32.57:996][  0]LogXGEController: Cannot use XGE Controller as Incredibuild is not installed on this machine.
[2022.07.15-20.32.57:996][  0]LogShaderCompilers: Cannot use XGE Shader Compiler as Incredibuild is not installed on this machine.
[2022.07.15-20.32.57:996][  0]LogShaderCompilers: Display: Using Local Shader Compiler.
[2022.07.15-20.32.58:654][  0]LogDerivedDataCache: Display: Max Cache Size: 512 MB
[2022.07.15-20.32.58:704][  0]LogDerivedDataCache: Loaded boot cache 0.05s 94MB C:/Users/ivcha/AppData/Local/UnrealEngine/4.27/DerivedDataCache/Boot.ddc.
[2022.07.15-20.32.58:704][  0]LogDerivedDataCache: Display: Loaded Boot cache: C:/Users/ivcha/AppData/Local/UnrealEngine/4.27/DerivedDataCache/Boot.ddc
[2022.07.15-20.32.58:705][  0]LogDerivedDataCache: FDerivedDataBackendGraph:  Pak pak cache file ../../../../../../Users/ivcha/Documents/GitHub/GameplayProgramming/DerivedDataCache/DDC.ddp not found, will not use a pak cache.
[2022.07.15-20.32.58:705][  0]LogDerivedDataCache: Unable to find inner node Pak for hierarchical cache Hierarchy.
[2022.07.15-20.32.58:705][  0]LogDerivedDataCache: FDerivedDataBackendGraph:  CompressedPak pak cache file ../../../../../../Users/ivcha/Documents/GitHub/GameplayProgramming/DerivedDataCache/Compressed.ddp not found, will not use a pak cache.
[2022.07.15-20.32.58:705][  0]LogDerivedDataCache: Unable to find inner node CompressedPak for hierarchical cache Hierarchy.
[2022.07.15-20.32.58:722][  0]LogDerivedDataCache: Display: Pak cache opened for reading ../../../Engine/DerivedDataCache/Compressed.ddp.
[2022.07.15-20.32.58:722][  0]LogDerivedDataCache: FDerivedDataBackendGraph:  EnterprisePak pak cache file ../../../Enterprise/DerivedDataCache/Compressed.ddp not found, will not use a pak cache.
[2022.07.15-20.32.58:722][  0]LogDerivedDataCache: Unable to find inner node EnterprisePak for hierarchical cache Hierarchy.
[2022.07.15-20.32.58:731][  0]LogDerivedDataCache: Speed tests for C:/Users/ivcha/AppData/Local/UnrealEngine/Common/DerivedDataCache took 0.01 seconds
[2022.07.15-20.32.58:731][  0]LogDerivedDataCache: Display: Performance to C:/Users/ivcha/AppData/Local/UnrealEngine/Common/DerivedDataCache: Latency=0.02ms. RandomReadSpeed=261.23MBs, RandomWriteSpeed=213.75MBs. Assigned SpeedClass 'Local'
[2022.07.15-20.32.58:731][  0]LogDerivedDataCache: Using Local data cache path C:/Users/ivcha/AppData/Local/UnrealEngine/Common/DerivedDataCache: Writable
[2022.07.15-20.32.58:731][  0]LogDerivedDataCache: Shared data cache path not found in *engine.ini, will not use an Shared cache.
[2022.07.15-20.32.58:731][  0]LogDerivedDataCache: Unable to find inner node Shared for hierarchical cache Hierarchy.
[2022.07.15-20.32.58:764][  0]LogSlate: Using FreeType 2.10.0
[2022.07.15-20.32.58:764][  0]LogSlate: SlateFontServices - WITH_FREETYPE: 1, WITH_HARFBUZZ: 1
[2022.07.15-20.32.58:870][  0]LogInit: Using OS detected language (es-ES).
[2022.07.15-20.32.58:870][  0]LogInit: Using OS detected locale (es-ES).
[2022.07.15-20.32.58:870][  0]LogTextLocalizationManager: No localization for 'es-ES' exists, so 'en' will be used for the language.
[2022.07.15-20.32.58:871][  0]LogTextLocalizationManager: No localization for 'es-ES' exists, so 'en' will be used for the locale.
[2022.07.15-20.32.58:871][  0]LogSlate: FontCache flush requested. Reason: Culture for localization was changed
[2022.07.15-20.32.58:871][  0]LogSlate: FontCache flush requested. Reason: Culture for localization was changed
[2022.07.15-20.32.58:875][  0]LogAssetRegistry: FAssetRegistry took 0.0037 seconds to start up
[2022.07.15-20.32.59:023][  0]LogTextLocalizationManager: Compacting localization data took   0.01ms
[2022.07.15-20.32.59:023][  0]LogPackageLocalizationCache: Processed 27 localized package path(s) for 1 prioritized culture(s) in 0.000959 seconds
[2022.07.15-20.32.59:090][  0]LogInit: Selected Device Profile: [Windows]
[2022.07.15-20.32.59:090][  0]LogInit: Active device profile: [000001D9AB49AF00][000001D99F304700 49] Windows
[2022.07.15-20.32.59:090][  0]LogInit: Profiles: [000001D9AB49AF00][000001D99F304700 49] Windows, [000001D9AB459300][000001D99F30C880 49] WindowsNoEditor, [000001D9AB499300][000001D9A2CD2A00 49] WindowsServer, [000001D9AB458B00][000001D9A2CD6B80 49] WindowsClient, [000001D9AB498B00][000001D9A2CDAD00 49] IOS, [000001D9AB45BA00][000001D9A2CDEE80 49] iPadAir, [000001D9AB49BE00][000001D9A2CE3000 49] iPadAir2, [000001D9AB412900][000001D9A2AD32C0 49] IPadPro, [000001D9AB412A00][000001D9A2CE7300 49] iPadAir3, [000001D9AB498200][000001D9A2AD7480 49] iPadAir4, [000001D9AB413600][000001D9A2ADB600 49] iPadMini2, [000001D9AB498100][000001D99F309740 49] iPadMini3, [000001D9AB410B00][000001D9A2ADF880 49] iPadMini4, [000001D9AB498D00][000001D9A2AE39C0 49] iPadMini5, [000001D9AB432200][000001D9A2AEE0C0 49] iPhone6, [000001D9AB432300][000001D9A2AE6100 49] iPodTouch6, [000001D9AB410E00][000001D9A2AF63C0 49] iPhone7, [000001D9AB411000][000001D9A2AF2400 49] iPodTouch7, [000001D9AB432E00][000001D9A2AFA580 49] iPhone5S, [000001D9AB410800][000001D9A2AFE700 49] iPhone6Plus, [000001D9AB430B00][000001D9A2B02880 49] iPhone6S, [000001D9AB413500][000001D9A2B06A00 49] iPhone6SPlus, [000001D9AB433300][000001D9A2B0AB80 49] iPhone7Plus, [000001D9AB412700][000001D98C7E2D00 49] iPhoneSE, [000001D9AB433900][000001D98C7E6E80 49] iPhone8, [000001D9AB410300][000001D98C7EB000 49] iPhone8Plus, [000001D9AB430300][000001D98C7EF180 49] iPhoneX, [000001D9AB413F00][000001D98C7F3300 49] iPhoneXS, [000001D9AB430400][000001D98C7F7480 49] iPhoneXSMax, [000001D9AB411D00][000001D98C7FB600 49] iPhoneXR, [000001D9AB430600][000001D98C7FF780 49] iPhone11, [000001D9AB411300][000001D9A2AEB8C0 49] iPhone11Pro, [000001D9AB432C00][000001D98C803A00 49] iPhone11ProMax, [000001D9AB412500][000001D98C807B40 49] iPhoneSE2, [000001D9AB431B00][000001D98C80A100 49] iPhone12Mini, [000001D9AB413000][000001D98C812280 49] iPhone12, [000001D9AB430C00][000001D98C816400 49] iPhone12Pro, [000001D9AB412F00][000001D98C81A580 49] iPhone12ProMax, [000001D9AB432600][000001D98C81E700 49] iPadPro105, [000001D9AB411E00][000001D98C822880 49] iPadPro129, [000001D9AB431400][000001D98C826A00 49] iPadPro97, [000001D9AB412100][000001D98C82AB80 49] iPadPro2_129, [000001D9AB431D00][000001D9A24B2D00 49] iPad5, [000001D9AB412D00][000001D9A24B6E80 49] iPad6, [000001D9AB433800][000001D9A24BB000 49] iPad7, [000001D9AB413E00][000001D9A24BF180 49] iPad8, [000001D9AB433F00][000001D9A24C3300 49] iPadPro11, [000001D9AB410F00][000001D9A24C7480 49] iPadPro2_11, [000001D9AB432100][000001D9A24CB600 49] iPadPro3_129, [000001D9AB411F00][000001D9A24CF780 49] iPadPro4_129, [000001D9AB459400][000001D9A24D3900 49] AppleTV, [000001D9AB4D4C00][000001D9A24D7A80 49] AppleTV4K, [000001D9AB45AA00][000001D98C80FBC0 49] TVOS, [000001D9AB4D5300][000001D9A24DA180 49] Mac, [000001D9AB458700][000001D9A24DE2C0 49] MacClient, [000001D9AB4D4F00][000001D9A24E6440 49] MacNoEditor, [000001D9AB45A400][000001D9A24EA5C0 49] MacServer, [000001D9AB4D5800][000001D9A24EE740 49] Linux, [000001D9AB459A00][000001D9A24F28C0 49] LinuxAArch64, [000001D9AB4D5D00][000001D9A24F6A40 49] LinuxNoEditor, [000001D9AB45B800][000001D9A24FABC0 49] LinuxAArch64NoEditor, [000001D9AB4D5B00][000001D9A24FED40 49] LinuxClient, [000001D9AB459100][000001D9A2502EC0 49] LinuxAArch64Client, [000001D9AB4D4100][000001D9A2507040 49] LinuxServer, [000001D9AB459900][000001D9A250B1C0 49] LinuxAArch64Server, [000001D9AB4D5100][000001D9A250F340 49] Android, [000001D9AB45A300][000001D9A25134C0 49] Android_Low, [000001D9AB4D5A00][000001D9A2517640 49] Android_Mid, [000001D9AB411A00][000001D9A251B7C0 49] Android_High, [000001D9AB433D00][000001D9A2855940 49] Android_Default, [000001D9AB410100][000001D9A2859AC0 49] Android_Adreno4xx, [000001D9AB430A00][000001D9A285C0C0 49] Android_Adreno5xx_Low, [000001D9AB413D00][000001D9A24E2200 49] Android_Adreno5xx, [000001D9AB432F00][000001D9A2860340 49] Android_Adreno6xx, [000001D9AB410C00][000001D9A2864480 49] Android_Adreno6xx_Vulkan, [000001D9AB432D00][000001D9A28685C0 49] Android_Mali_T6xx, [000001D9AB413700][000001D9A2870740 49] Android_Mali_T7xx, [000001D9AB433000][000001D9A28748C0 49] Android_Mali_T8xx, [000001D9AB413800][000001D9A2878A40 49] Android_Mali_G71, [000001D9AB4D4400][000001D9A287CBC0 49] Android_Mali_G72, [000001D9AB411700][000001D9A2880D40 49] Android_Mali_G72_Vulkan, [000001D9AB4D4B00][000001D9A2884EC0 49] Android_Mali_G76, [000001D9AB411600][000001D9A2889040 49] Android_Mali_G76_Vulkan, [000001D9AB4D5E00][000001D9A288D1C0 49] Android_Mali_G77, [000001D9AB413400][000001D9A2891340 49] Android_Mali_G77_Vulkan, [000001D9AB4D6600][000001D9A28954C0 49] Android_Mali_G78, [000001D9AB413C00][000001D9A2899640 49] Android_Mali_G78_Vulkan, [000001D9AB4D5600][000001D9A289D7C0 49] Android_Mali_G710, [000001D9AB410900][000001D9A28A1940 49] Android_Mali_G710_Vulkan, [000001D9AB4D6500][000001D9A28A5AC0 49] Android_Vulkan_SM5, [000001D9AB411100][000001D9A28A80C0 49] Android_PowerVR_G6xxx, [000001D9AB4D5C00][000001D9A28AC240 49] Android_PowerVR_GT7xxx, [000001D9AB411400][000001D9A286C380 49] Android_PowerVR_GE8xxx, [000001D9AB433A00][000001D9A28B04C0 49] Android_PowerVR_GM9xxx, [000001D9AB412000][000001D9A28B4600 49] Android_PowerVR_GM9xxx_Vulkan, [000001D9AB432700][000001D99B720740 49] Android_TegraK1, [000001D9AB413300][000001D99B7288C0 49] Android_Unknown_Vulkan, [000001D9AB430700][000001D99B72CA40 49] Lumin, [000001D9AB410200][000001D99B730BC0 49] Lumin_Desktop, [000001D9AB431E00][000001D99B734D40 49] HoloLens, 
[2022.07.15-20.32.59:140][  0]LogMeshReduction: Using QuadricMeshReduction for automatic static mesh reduction
[2022.07.15-20.32.59:140][  0]LogMeshReduction: Using SimplygonMeshReduction for automatic skeletal mesh reduction
[2022.07.15-20.32.59:140][  0]LogMeshReduction: Using ProxyLODMeshReduction for automatic mesh merging
[2022.07.15-20.32.59:140][  0]LogMeshReduction: No distributed automatic mesh merging module available
[2022.07.15-20.32.59:140][  0]LogMeshMerging: No distributed automatic mesh merging module available
[2022.07.15-20.32.59:230][  0]LogNetVersion: GameplayProgramming 1.0.0, NetCL: 17155196, EngineNetVer: 17, GameNetVer: 0 (Checksum: 1408040546)
[2022.07.15-20.32.59:459][  0]LogTexture: Default maximum texture size for cubemaps generated from long-lat sources has been changed from 512 to unlimited. In order to preserve old behaiour for '/Engine/MapTemplates/Sky/DaylightAmbientCubemap.DaylightAmbientCubemap', its maximum texture size has been explicitly set to 512.
[2022.07.15-20.32.59:507][  0]LogHMD: PokeAHoleMaterial loaded successfully
[2022.07.15-20.32.59:629][  0]LogMoviePlayer: Initializing movie player
[2022.07.15-20.32.59:821][  0]LogNiagaraDebuggerClient: Niagara Debugger Client Initialized | Session: 33F0592B459AF090074C60B2E6B13893 | Instance: 5BDAE3AD4F1F2EEA0892DA9098034FB2 (DESKTOP-4KBLNKT-14072).
[2022.07.15-20.32.59:842][  0]LogCollectionManager: Loaded 0 collections in 0.001564 seconds
[2022.07.15-20.32.59:844][  0]LogFileCache: Scanning file cache for directory 'C:/Users/ivcha/Documents/GitHub/GameplayProgramming/Saved/Collections/' took 0.00s
[2022.07.15-20.32.59:844][  0]LogFileCache: Scanning file cache for directory 'C:/Users/ivcha/Documents/GitHub/GameplayProgramming/Content/Developers/ivcha/Collections/' took 0.00s
[2022.07.15-20.32.59:844][  0]LogFileCache: Scanning file cache for directory 'C:/Users/ivcha/Documents/GitHub/GameplayProgramming/Content/Collections/' took 0.00s
[2022.07.15-20.32.59:844][  0]LogCollectionManager: Fixed up redirectors for 0 collections in 0.000001 seconds (updated 0 objects)
[2022.07.15-20.32.59:869][  0]LogTcpMessaging: Initializing TcpMessaging bridge
[2022.07.15-20.32.59:874][  0]LogUdpMessaging: Initializing bridge on interface 0.0.0.0:0 to multicast group 230.0.0.1:6666.
[2022.07.15-20.32.59:887][  0]LogPython: Using Python 3.7.7
[2022.07.15-20.33.00:471][  0]LogOpenImageDenoise: OIDN starting up
[2022.07.15-20.33.00:503][  0]LogAndroidPermission: UAndroidPermissionCallbackProxy::GetInstance
[2022.07.15-20.33.00:527][  0]LogAudioCaptureCore: Display: No Audio Capture implementations found. Audio input will be silent.
[2022.07.15-20.33.00:527][  0]LogAudioCaptureCore: Display: No Audio Capture implementations found. Audio input will be silent.
[2022.07.15-20.33.00:593][  0]SourceControl: Source control is disabled
[2022.07.15-20.33.00:593][  0]SourceControl: Source control is disabled
[2022.07.15-20.33.00:597][  0]SourceControl: Source control is disabled
[2022.07.15-20.33.00:607][  0]LogUProjectInfo: Found projects:
[2022.07.15-20.33.00:609][  0]LogVSAccessor: Display: Unable to create Visual Studio setup instance: 80040154
[2022.07.15-20.33.00:610][  0]LogVSAccessor: Display: Unable to create Visual Studio setup instance: 80040154
[2022.07.15-20.33.00:610][  0]LogVSAccessor: Display: Unable to create Visual Studio setup instance: 80040154
[2022.07.15-20.33.00:631][  0]LogOcInput: OculusInput pre-init called
[2022.07.15-20.33.00:639][  0]LogUObjectArray: 22121 objects as part of root set at end of initial load.
[2022.07.15-20.33.00:639][  0]LogUObjectAllocator: 5975632 out of 0 bytes used by permanent object pool.
[2022.07.15-20.33.00:639][  0]LogUObjectArray: CloseDisregardForGC: 0/0 objects in disregard for GC pool
[2022.07.15-20.33.00:694][  0]LogEngine: Initializing Engine...
[2022.07.15-20.33.00:697][  0]LogHMD: Failed to enumerate extensions. Please check that you have a valid OpenXR runtime installed.
[2022.07.15-20.33.00:697][  0]LogHMD: Failed to initialize OpenVR with code 110
[2022.07.15-20.33.00:697][  0]LogMagicLeap: Warning: VR disabled because ZI is not enabled.  To enable, in the editor, Edit -> Project Settings -> Plugins -> Magic Leap Plugin -> Enable Zero Iteration
[2022.07.15-20.33.00:698][  0]LogStats: UGameplayTagsManager::InitializeManager -  0.000 s
[2022.07.15-20.33.00:783][  0]LogInit: Initializing FReadOnlyCVARCache
[2022.07.15-20.33.00:783][  0]LogAudio: Display: Initializing Audio Device Manager...
[2022.07.15-20.33.00:788][  0]LogAudio: Display: Loading Default Audio Settings Objects...
[2022.07.15-20.33.00:789][  0]LogAudio: Display: No default SoundConcurrencyObject specified (or failed to load).
[2022.07.15-20.33.00:789][  0]LogAudio: Display: Audio Device Manager Initialized
[2022.07.15-20.33.00:789][  0]LogAudio: Display: Creating Audio Device:                 Id: 1, Scope: Shared, Realtime: True
[2022.07.15-20.33.00:789][  0]LogAudioMixer: Display: Audio Mixer Platform Settings:
[2022.07.15-20.33.00:789][  0]LogAudioMixer: Display: 	Sample Rate:						  48000
[2022.07.15-20.33.00:789][  0]LogAudioMixer: Display: 	Callback Buffer Frame Size Requested: 1024
[2022.07.15-20.33.00:789][  0]LogAudioMixer: Display: 	Callback Buffer Frame Size To Use:	  1024
[2022.07.15-20.33.00:789][  0]LogAudioMixer: Display: 	Number of buffers to queue:			  2
[2022.07.15-20.33.00:789][  0]LogAudioMixer: Display: 	Max Channels (voices):				  32
[2022.07.15-20.33.00:789][  0]LogAudioMixer: Display: 	Number of Async Source Workers:		  0
[2022.07.15-20.33.00:789][  0]LogAudio: Display: AudioDevice MaxSources: 32
[2022.07.15-20.33.00:790][  0]LogAudio: Display: Audio Spatialization Plugin: None (built-in).
[2022.07.15-20.33.00:790][  0]LogAudio: Display: Audio Reverb Plugin: None (built-in).
[2022.07.15-20.33.00:790][  0]LogAudio: Display: Audio Occlusion Plugin: None (built-in).
[2022.07.15-20.33.00:790][  0]LogAudioMixer: Display: Initializing audio mixer.
[2022.07.15-20.33.00:804][  0]LogAudioMixer: Display: 0: FrontLeft
[2022.07.15-20.33.00:804][  0]LogAudioMixer: Display: 1: FrontRight
[2022.07.15-20.33.00:818][  0]LogAudioMixer: Display: Using Audio Device Altavoces (KROM)
[2022.07.15-20.33.00:823][  0]LogAudioMixer: Display: Initializing Sound Submixes...
[2022.07.15-20.33.00:824][  0]LogAudioMixer: Display: Creating Master Submix 'MasterSubmixDefault'
[2022.07.15-20.33.00:824][  0]LogAudioMixer: Display: Creating Master Submix 'MasterReverbSubmixDefault'
[2022.07.15-20.33.00:825][  0]LogAudioMixer: Display: Creating Master Submix 'MasterEQSubmixDefault'
[2022.07.15-20.33.00:825][  0]LogAudioMixer: FMixerPlatformXAudio2::StartAudioStream() called
[2022.07.15-20.33.00:825][  0]LogAudioMixer: Display: Output buffers initialized: Frames=1024, Channels=2, Samples=2048
[2022.07.15-20.33.00:827][  0]LogAudioMixer: Display: Starting AudioMixerPlatformInterface::RunInternal()
[2022.07.15-20.33.00:827][  0]LogAudioMixer: Display: FMixerPlatformXAudio2::SubmitBuffer() called for the first time
[2022.07.15-20.33.00:827][  0]LogInit: FAudioDevice initialized.
[2022.07.15-20.33.00:828][  0]LogNetVersion: Set ProjectVersion to 1.0.0.0. Version Checksum will be recalculated on next use.
[2022.07.15-20.33.00:829][  0]LogInit: Texture streaming: Enabled
[2022.07.15-20.33.00:892][  0]LogAudio: Display: Audio Device (ID: 1) registered with world 'Untitled'.
[2022.07.15-20.33.00:893][  0]LogSlate: Updating window title bar state: overlay mode, drag disabled, window buttons hidden, title bar hidden
[2022.07.15-20.33.00:893][  0]LogInit: Display: Game Engine Initialized.
[2022.07.15-20.33.00:893][  0]LogNiagaraEditor: GEditor isn't valid! Particle reset commands will not work for Niagara components!
[2022.07.15-20.33.01:016][  0]LogInit: Display: Starting Game.
[2022.07.15-20.33.01:016][  0]LogNet: Browse: /Game/FirstPersonBP/Maps/FirstPersonExampleMap?Name=Player
[2022.07.15-20.33.01:016][  0]LogLoad: LoadMap: /Game/FirstPersonBP/Maps/FirstPersonExampleMap?Name=Player
[2022.07.15-20.33.01:016][  0]LogWorld: BeginTearingDown for /Temp/Untitled_0
[2022.07.15-20.33.01:017][  0]LogWorld: UWorld::CleanupWorld for Untitled, bSessionEnded=true, bCleanupResources=true
[2022.07.15-20.33.01:017][  0]LogSlate: InvalidateAllWidgets triggered.  All widgets were invalidated
[2022.07.15-20.33.01:024][  0]LogAudio: Display: Audio Device unregistered from world 'None'.
[2022.07.15-20.33.01:026][  0]LogUObjectHash: Compacting FUObjectHashTables data took   0.78ms
[2022.07.15-20.33.01:555][  0]LogAudio: Display: Audio Device (ID: 1) registered with world 'FirstPersonExampleMap'.
[2022.07.15-20.33.01:565][  0]LogAIModule: Creating AISystem for world FirstPersonExampleMap
[2022.07.15-20.33.01:566][  0]LogLoad: Game class is 'FirstPersonGameMode_C'
[2022.07.15-20.33.01:582][  0]LogPhysics: Warning: Scale for /Game/FirstPersonBP/Maps/FirstPersonExampleMap.FirstPersonExampleMap:PersistentLevel.EnemyNoShootBP_2.SpawnPoint has a component set to zero, which will result in a bad body instance. Scale:X=0.000 Y=0.000 Z=0.000
[2022.07.15-20.33.01:582][  0]LogPhysics: Warning: Initialising Body : Scale3D is (nearly) zero: Component: '/Game/FirstPersonBP/Maps/FirstPersonExampleMap.FirstPersonExampleMap:PersistentLevel.EnemyNoShootBP_2.SpawnPoint' 
[2022.07.15-20.33.01:585][  0]LogPhysics: Warning: Scale for /Game/FirstPersonBP/Maps/FirstPersonExampleMap.FirstPersonExampleMap:PersistentLevel.EnemyNoShootBP_2.SpawnPoint has a component set to zero, which will result in a bad body instance. Scale:X=0.000 Y=0.000 Z=0.000
[2022.07.15-20.33.01:585][  0]LogPhysics: Warning: Initialising Body : Scale3D is (nearly) zero: Component: '/Game/FirstPersonBP/Maps/FirstPersonExampleMap.FirstPersonExampleMap:PersistentLevel.EnemyNoShootBP_2.SpawnPoint' 
[2022.07.15-20.33.01:585][  0]LogPhysics: Warning: Scale for /Game/FirstPersonBP/Maps/FirstPersonExampleMap.FirstPersonExampleMap:PersistentLevel.EnemyNoShootBP_2.SpawnPoint has a component set to zero, which will result in a bad body instance. Scale:X=0.000 Y=0.000 Z=0.000
[2022.07.15-20.33.01:585][  0]LogPhysics: Warning: Initialising Body : Scale3D is (nearly) zero: Component: '/Game/FirstPersonBP/Maps/FirstPersonExampleMap.FirstPersonExampleMap:PersistentLevel.EnemyNoShootBP_2.SpawnPoint' 
[2022.07.15-20.33.01:585][  0]LogPhysics: Warning: Scale for /Game/FirstPersonBP/Maps/FirstPersonExampleMap.FirstPersonExampleMap:PersistentLevel.EnemyNoShootBP_2.SpawnPoint has a component set to zero, which will result in a bad body instance. Scale:X=0.000 Y=0.000 Z=0.000
[2022.07.15-20.33.01:585][  0]LogPhysics: Warning: Initialising Body : Scale3D is (nearly) zero: Component: '/Game/FirstPersonBP/Maps/FirstPersonExampleMap.FirstPersonExampleMap:PersistentLevel.EnemyNoShootBP_2.SpawnPoint' 
[2022.07.15-20.33.01:587][  0]LogWorld: Bringing World /Game/FirstPersonBP/Maps/FirstPersonExampleMap.FirstPersonExampleMap up for play (max tick rate 0) at 2022.07.15-22.33.01
[2022.07.15-20.33.01:588][  0]LogWorld: Bringing up level for play took: 0.021061
[2022.07.15-20.33.01:591][  0]LogLoad: Took 0.575338 seconds to LoadMap(/Game/FirstPersonBP/Maps/FirstPersonExampleMap)
[2022.07.15-20.33.01:618][  0]LogSlate: Took 0.000165 seconds to synchronously load lazily loaded font '../../../Engine/Content/Slate/Fonts/Roboto-Regular.ttf' (155K)
[2022.07.15-20.33.01:637][  0]LogRenderer: Reallocating scene render targets to support 1280x720 Format 10 NumSamples 1 (Frame:1).
[2022.07.15-20.33.01:637][  0]LogInit: Display: Engine is initialized. Leaving FEngineLoop::Init()
[2022.07.15-20.33.01:637][  0]LogLoad: (Engine Initialization) Total time: 5.47 seconds
[2022.07.15-20.33.01:637][  0]LogLoad: (Engine Initialization) Total Blueprint compile time: 0.00 seconds
[2022.07.15-20.33.01:652][  0]LogContentStreaming: Texture pool size now 1000 MB
[2022.07.15-20.33.01:656][  0]LogSlate: InvalidateAllWidgets triggered.  All widgets were invalidated
[2022.07.15-20.33.01:823][  0]LogRenderer: Reallocating scene render targets to support 128x128 Format 10 NumSamples 1 (Frame:1).
[2022.07.15-20.33.01:858][  0]LogRenderer: Reallocating scene render targets to support 1280x720 Format 10 NumSamples 1 (Frame:2).
[2022.07.15-20.33.01:872][  1]LogSlate: Took 0.000157 seconds to synchronously load lazily loaded font '../../../Engine/Content/Slate/Fonts/Roboto-Regular.ttf' (155K)
[2022.07.15-20.33.17:744][573]LogWindowsDesktop: Alt-F4 pressed!
[2022.07.15-20.33.17:755][573]LogSlate: Window 'GameplayProgramming (64-bit Development PCD3D_SM5) ' being destroyed
[2022.07.15-20.33.17:756][573]LogWindowsTextInputMethodSystem: Display: IME system deactivated.
[2022.07.15-20.33.17:762][573]LogWindowsTextInputMethodSystem: Display: IME system deactivated.
[2022.07.15-20.33.17:764][573]LogSlate: Updating window title bar state: overlay mode, drag disabled, window buttons hidden, title bar hidden
[2022.07.15-20.33.17:764][573]LogEngine: All Windows Closed
[2022.07.15-20.33.17:764][573]LogWindows: FPlatformMisc::RequestExit(0)
[2022.07.15-20.33.17:764][573]LogWindows: FPlatformMisc::RequestExitWithStatus(0, 0)
[2022.07.15-20.33.17:764][573]LogCore: Engine exit requested (reason: Win RequestExit)
[2022.07.15-20.33.17:764][574]LogCore: Engine exit requested (reason: EngineExit() was called; note: exit was already requested)
[2022.07.15-20.33.17:764][574]LogInit: Display: PreExit Game.
[2022.07.15-20.33.17:774][574]LogWorld: BeginTearingDown for /Game/FirstPersonBP/Maps/FirstPersonExampleMap
[2022.07.15-20.33.17:774][574]LogWorld: UWorld::CleanupWorld for FirstPersonExampleMap, bSessionEnded=true, bCleanupResources=true
[2022.07.15-20.33.17:775][574]LogSlate: InvalidateAllWidgets triggered.  All widgets were invalidated
[2022.07.15-20.33.18:714][574]LogAudio: Display: Beginning Audio Device Manager Shutdown (Module: AudioMixerXAudio2)...
[2022.07.15-20.33.18:714][574]LogAudio: Display: Destroying 1 Remaining Audio Device(s)...
[2022.07.15-20.33.18:714][574]LogAudio: Display: Audio Device unregistered from world 'FirstPersonExampleMap'.
[2022.07.15-20.33.18:716][574]LogAudioMixer: FMixerPlatformXAudio2::StopAudioStream() called
[2022.07.15-20.33.18:717][574]LogAudioMixer: FMixerPlatformXAudio2::StopAudioStream() called
[2022.07.15-20.33.18:720][574]LogAudio: Display: Audio Device Manager Shutdown
[2022.07.15-20.33.18:723][574]LogExit: Preparing to exit.
[2022.07.15-20.33.18:729][574]LogSlate: Updating window title bar state: overlay mode, drag disabled, window buttons hidden, title bar hidden
[2022.07.15-20.33.18:733][574]LogUObjectHash: Compacting FUObjectHashTables data took   1.00ms
[2022.07.15-20.33.18:889][574]LogMoviePlayer: Shutting down movie player
[2022.07.15-20.33.19:107][574]LogDemo: Cleaned up 0 splitscreen connections with owner deletion
[2022.07.15-20.33.19:111][574]LogExit: Game engine shut down
[2022.07.15-20.33.19:151][574]LogExit: Object subsystem successfully closed.
[2022.07.15-20.33.19:179][574]LogShaderCompilers: Display: === FShaderJobCache stats ===
[2022.07.15-20.33.19:179][574]LogShaderCompilers: Display: Total job queries 0, among them cache hits 0 (0.00%)
[2022.07.15-20.33.19:179][574]LogShaderCompilers: Display: Tracking 0 distinct input hashes that result in 0 distinct outputs (0.00%)
[2022.07.15-20.33.19:179][574]LogShaderCompilers: Display: RAM used: 0.00 MB (0.00 GB) of 819.20 MB (0.80 GB) budget. Usage: 0.00%
[2022.07.15-20.33.19:179][574]LogShaderCompilers: Display: ================================================
[2022.07.15-20.33.19:192][574]LogShaderCompilers: Display: Shaders left to compile 0
[2022.07.15-20.33.19:207][574]LogModuleManager: Shutting down and abandoning module SequenceRecorderSections (560)
[2022.07.15-20.33.19:207][574]LogModuleManager: Shutting down and abandoning module SequenceRecorder (558)
[2022.07.15-20.33.19:207][574]LogModuleManager: Shutting down and abandoning module AutomationController (556)
[2022.07.15-20.33.19:207][574]LogModuleManager: Shutting down and abandoning module AutomationWorker (554)
[2022.07.15-20.33.19:207][574]LogModuleManager: Shutting down and abandoning module Voice (552)
[2022.07.15-20.33.19:207][574]LogModuleManager: Shutting down and abandoning module AIModule (550)
[2022.07.15-20.33.19:207][574]LogModuleManager: Shutting down and abandoning module GameplayDebugger (549)
[2022.07.15-20.33.19:207][574]LogModuleManager: Shutting down and abandoning module AITestSuite (547)
[2022.07.15-20.33.19:207][574]LogModuleManager: Shutting down and abandoning module NavigationSystem (545)
[2022.07.15-20.33.19:207][574]LogModuleManager: Shutting down and abandoning module AnimGraph (542)
[2022.07.15-20.33.19:207][574]LogModuleManager: Shutting down and abandoning module SteamVREditor (540)
[2022.07.15-20.33.19:207][574]LogModuleManager: Shutting down and abandoning module ToolMenus (539)
[2022.07.15-20.33.19:207][574]LogModuleManager: Shutting down and abandoning module OculusMR (536)
[2022.07.15-20.33.19:207][574]LogModuleManager: Shutting down and abandoning module OpenXRInput (534)
[2022.07.15-20.33.19:207][574]LogModuleManager: Shutting down and abandoning module TakeRecorderSources (532)
[2022.07.15-20.33.19:207][574]LogModuleManager: Shutting down and abandoning module TakeRecorder (531)
[2022.07.15-20.33.19:207][574]LogModuleManager: Shutting down and abandoning module TakeTrackRecorders (528)
[2022.07.15-20.33.19:207][574]LogModuleManager: Shutting down and abandoning module TakesCore (526)
[2022.07.15-20.33.19:207][574]LogModuleManager: Shutting down and abandoning module WmfMediaFactory (524)
[2022.07.15-20.33.19:207][574]LogModuleManager: Shutting down and abandoning module WebMMediaFactory (522)
[2022.07.15-20.33.19:207][574]LogModuleManager: Shutting down and abandoning module WebMMedia (520)
[2022.07.15-20.33.19:207][574]LogModuleManager: Shutting down and abandoning module OpenExrWrapper (518)
[2022.07.15-20.33.19:207][574]LogModuleManager: Shutting down and abandoning module ImgMediaFactory (516)
[2022.07.15-20.33.19:207][574]LogModuleManager: Shutting down and abandoning module AvfMediaFactory (514)
[2022.07.15-20.33.19:207][574]LogModuleManager: Shutting down and abandoning module PlanarCut (512)
[2022.07.15-20.33.19:207][574]LogModuleManager: Shutting down and abandoning module CharacterAI (510)
[2022.07.15-20.33.19:207][574]LogModuleManager: Shutting down and abandoning module MagicLeapMediaCodecFactory (508)
[2022.07.15-20.33.19:208][574]LogModuleManager: Shutting down and abandoning module MagicLeapMediaFactory (506)
[2022.07.15-20.33.19:208][574]LogModuleManager: Shutting down and abandoning module SessionServices (504)
[2022.07.15-20.33.19:208][574]LogModuleManager: Shutting down and abandoning module MovieSceneCapture (502)
[2022.07.15-20.33.19:208][574]LogModuleManager: Shutting down and abandoning module LiveCoding (500)
[2022.07.15-20.33.19:208][574]LogModuleManager: Shutting down and abandoning module LevelSequence (498)
[2022.07.15-20.33.19:208][574]LogModuleManager: Shutting down and abandoning module MovieSceneTracks (496)
[2022.07.15-20.33.19:208][574]LogModuleManager: Shutting down and abandoning module MovieScene (494)
[2022.07.15-20.33.19:208][574]LogModuleManager: Shutting down and abandoning module StreamingPauseRendering (492)
[2022.07.15-20.33.19:208][574]LogModuleManager: Shutting down and abandoning module PortalServices (490)
[2022.07.15-20.33.19:208][574]LogModuleManager: Shutting down and abandoning module PortalRpc (488)
[2022.07.15-20.33.19:208][574]LogModuleManager: Shutting down and abandoning module MessagingRpc (486)
[2022.07.15-20.33.19:208][574]LogModuleManager: Shutting down and abandoning module AudioMixerXAudio2 (484)
[2022.07.15-20.33.19:208][574]LogModuleManager: Shutting down and abandoning module AudioMixerCore (483)
[2022.07.15-20.33.19:208][574]LogModuleManager: Shutting down and abandoning module ImageWriteQueue (480)
[2022.07.15-20.33.19:214][574]LogModuleManager: Shutting down and abandoning module ProfilerService (478)
[2022.07.15-20.33.19:447][574]LogModuleManager: Shutting down and abandoning module TaskGraph (476)
[2022.07.15-20.33.19:447][574]LogModuleManager: Shutting down and abandoning module OculusInput (474)
[2022.07.15-20.33.19:447][574]LogModuleManager: Shutting down and abandoning module VisualStudioCodeSourceCodeAccess (472)
[2022.07.15-20.33.19:447][574]LogModuleManager: Shutting down and abandoning module VisualStudioSourceCodeAccess (470)
[2022.07.15-20.33.19:447][574]LogModuleManager: Shutting down and abandoning module HotReload (469)
[2022.07.15-20.33.19:447][574]LogModuleManager: Shutting down and abandoning module UObjectPlugin (466)
[2022.07.15-20.33.19:447][574]LogModuleManager: Shutting down and abandoning module SubversionSourceControl (464)
[2022.07.15-20.33.19:447][574]LogModuleManager: Shutting down and abandoning module PerforceSourceControl (462)
[2022.07.15-20.33.19:447][574]LogModuleManager: Shutting down and abandoning module SourceControl (461)
[2022.07.15-20.33.19:447][574]LogModuleManager: Shutting down and abandoning module CLionSourceCodeAccess (458)
[2022.07.15-20.33.19:448][574]LogModuleManager: Shutting down and abandoning module Synthesis (456)
[2022.07.15-20.33.19:448][574]LogModuleManager: Shutting down and abandoning module ProceduralMeshComponent (454)
[2022.07.15-20.33.19:448][574]LogModuleManager: Shutting down and abandoning module TakeMovieScene (452)
[2022.07.15-20.33.19:448][574]LogModuleManager: Shutting down and abandoning module MobilePatchingUtils (450)
[2022.07.15-20.33.19:448][574]LogModuleManager: Shutting down and abandoning module GooglePAD (448)
[2022.07.15-20.33.19:448][574]LogModuleManager: Shutting down and abandoning module ArchVisCharacter (446)
[2022.07.15-20.33.19:448][574]LogModuleManager: Shutting down and abandoning module CableComponent (444)
[2022.07.15-20.33.19:448][574]LogModuleManager: Shutting down and abandoning module EditableMesh (442)
[2022.07.15-20.33.19:448][574]LogModuleManager: Shutting down and abandoning module AudioCapture (440)
[2022.07.15-20.33.19:448][574]LogModuleManager: Shutting down and abandoning module AudioCaptureRtAudio (439)
[2022.07.15-20.33.19:448][574]LogModuleManager: Shutting down and abandoning module CustomMeshComponent (436)
[2022.07.15-20.33.19:448][574]LogModuleManager: Shutting down and abandoning module AppleImageUtilsBlueprintSupport (434)
[2022.07.15-20.33.19:448][574]LogModuleManager: Shutting down and abandoning module AppleImageUtils (432)
[2022.07.15-20.33.19:448][574]LogModuleManager: Shutting down and abandoning module AssetTags (430)
[2022.07.15-20.33.19:448][574]LogModuleManager: Shutting down and abandoning module AndroidPermission (428)
[2022.07.15-20.33.19:448][574]LogModuleManager: Shutting down and abandoning module ActorLayerUtilities (426)
[2022.07.15-20.33.19:448][574]LogModuleManager: Shutting down and abandoning module ImgMedia (424)
[2022.07.15-20.33.19:448][574]LogModuleManager: Shutting down and abandoning module MediaCompositing (422)
[2022.07.15-20.33.19:448][574]LogModuleManager: Shutting down and abandoning module MotoSynth (420)
[2022.07.15-20.33.19:448][574]LogModuleManager: Shutting down and abandoning module OpenImageDenoise (418)
[2022.07.15-20.33.19:448][574]LogOpenImageDenoise: OIDN shutting down
[2022.07.15-20.33.19:448][574]LogModuleManager: Shutting down and abandoning module TemplateSequence (416)
[2022.07.15-20.33.19:448][574]LogModuleManager: Shutting down and abandoning module MeshConversion (414)
[2022.07.15-20.33.19:448][574]LogModuleManager: Shutting down and abandoning module DynamicMesh (412)
[2022.07.15-20.33.19:448][574]LogModuleManager: Shutting down and abandoning module GeometryAlgorithms (410)
[2022.07.15-20.33.19:448][574]LogModuleManager: Shutting down and abandoning module GeometricObjects (408)
[2022.07.15-20.33.19:448][574]LogModuleManager: Shutting down and abandoning module GeometryCollectionTracks (406)
[2022.07.15-20.33.19:448][574]LogModuleManager: Shutting down and abandoning module GeometryCollectionSequencer (405)
[2022.07.15-20.33.19:448][574]LogModuleManager: Shutting down and abandoning module GeometryCacheTracks (402)
[2022.07.15-20.33.19:448][574]LogModuleManager: Shutting down and abandoning module GeometryCacheSequencer (401)
[2022.07.15-20.33.19:448][574]LogModuleManager: Shutting down and abandoning module GeometryCache (398)
[2022.07.15-20.33.19:448][574]LogModuleManager: Shutting down and abandoning module GeometryCacheEd (397)
[2022.07.15-20.33.19:448][574]LogModuleManager: Shutting down and abandoning module ChaosNiagara (394)
[2022.07.15-20.33.19:448][574]LogModuleManager: Shutting down and abandoning module FieldSystemEngine (393)
[2022.07.15-20.33.19:448][574]LogModuleManager: Shutting down and abandoning module AutomationUtils (390)
[2022.07.15-20.33.19:448][574]LogModuleManager: Shutting down and abandoning module BackChannel (388)
[2022.07.15-20.33.19:448][574]LogModuleManager: Shutting down and abandoning module MagicLeapSharedWorld (386)
[2022.07.15-20.33.19:448][574]LogModuleManager: Shutting down and abandoning module MagicLeapLightEstimation (384)
[2022.07.15-20.33.19:448][574]LogModuleManager: Shutting down and abandoning module MagicLeapHelperVulkan (382)
[2022.07.15-20.33.19:448][574]LogModuleManager: Shutting down and abandoning module MagicLeapHelperOpenGL (380)
[2022.07.15-20.33.19:448][574]LogModuleManager: Shutting down and abandoning module MagicLeapAudio (378)
[2022.07.15-20.33.19:448][574]LogModuleManager: Shutting down and abandoning module OodleNetworkHandlerComponent (376)
[2022.07.15-20.33.19:448][574]LogModuleManager: Shutting down and abandoning module LiveLinkSequencer (374)
[2022.07.15-20.33.19:449][574]LogModuleManager: Shutting down and abandoning module LiveLinkMovieScene (372)
[2022.07.15-20.33.19:449][574]LogModuleManager: Shutting down and abandoning module LiveLinkGraphNode (370)
[2022.07.15-20.33.19:449][574]LogModuleManager: Shutting down and abandoning module LiveLinkComponents (368)
[2022.07.15-20.33.19:449][574]LogModuleManager: Shutting down and abandoning module LiveLink (366)
