Log file open, 07/15/22 23:42:46
LogWindows: Failed to load 'aqProf.dll' (GetLastError=126)
LogWindows: File 'aqProf.dll' does not exist
LogWindows: Failed to load 'VtuneApi.dll' (GetLastError=126)
LogWindows: File 'VtuneApi.dll' does not exist
LogWindows: Failed to load 'VtuneApi32e.dll' (GetLastError=126)
LogWindows: File 'VtuneApi32e.dll' does not exist
LogConsoleResponse: Display: Failed to find resolution value strings in scalability ini. Falling back to default.
LogConsoleResponse: Display: Failed to find resolution value strings in scalability ini. Falling back to default.
LogInit: Display: Running engine for game: GameplayProgramming
LogPlatformFile: Not using cached read wrapper
LogTaskGraph: Started task graph with 5 named threads and 47 total threads with 3 sets of task threads.
LogStats: Stats thread started at 0.234530
LogICUInternationalization: ICU TimeZone Detection - Raw Offset: +1:00, Platform Override: ''
LogInit: Display: Loading text-based GConfig....
LogPluginManager: Mounting plugin MeshPainting
LogPluginManager: Mounting plugin XGEController
LogPluginManager: Mounting plugin Paper2D
LogPluginManager: Mounting plugin AISupport
LogPluginManager: Mounting plugin OodleNetwork
LogPluginManager: Mounting plugin EnvironmentQueryEditor
LogPluginManager: Mounting plugin LightPropagationVolume
LogPluginManager: Mounting plugin OodleData
LogPluginManager: Mounting plugin CameraShakePreviewer
LogPluginManager: Mounting plugin CodeLiteSourceCodeAccess
LogPluginManager: Mounting plugin AnimationSharing
LogPluginManager: Mounting plugin KDevelopSourceCodeAccess
LogPluginManager: Mounting plugin LiveLink
LogPluginManager: Mounting plugin PlasticSourceControl
LogPluginManager: Mounting plugin PluginUtils
LogPluginManager: Mounting plugin RiderSourceCodeAccess
LogPluginManager: Mounting plugin PropertyAccessNode
LogPluginManager: Mounting plugin PixWinPlugin
LogPluginManager: Mounting plugin SubversionSourceControl
LogPluginManager: Mounting plugin TextureFormatOodle
LogPluginManager: Mounting plugin CLionSourceCodeAccess
LogPluginManager: Mounting plugin PerforceSourceControl
LogPluginManager: Mounting plugin GitSourceControl
LogPluginManager: Mounting plugin GameplayCameras
LogPluginManager: Mounting plugin VisualStudioCodeSourceCodeAccess
LogPluginManager: Mounting plugin NullSourceCodeAccess
LogPluginManager: Mounting plugin AlembicImporter
LogPluginManager: Mounting plugin XCodeSourceCodeAccess
LogPluginManager: Mounting plugin BackChannel
LogPluginManager: Mounting plugin ChaosClothEditor
LogPluginManager: Mounting plugin ChaosNiagara
LogPluginManager: Mounting plugin VisualStudioSourceCodeAccess
LogPluginManager: Mounting plugin ChaosSolverPlugin
LogPluginManager: Mounting plugin UObjectPlugin
LogPluginManager: Mounting plugin ChaosCloth
LogPluginManager: Mounting plugin AutomationUtils
LogPluginManager: Mounting plugin CharacterAI
LogPluginManager: Mounting plugin ChaosEditor
LogPluginManager: Mounting plugin DatasmithContent
LogPluginManager: Mounting plugin GeometryCache
LogPluginManager: Mounting plugin VariantManagerContent
LogPluginManager: Mounting plugin GeometryCollectionPlugin
LogPluginManager: Mounting plugin AssetManagerEditor
LogPluginManager: Mounting plugin PlatformCrypto
LogPluginManager: Mounting plugin PlanarCut
LogPluginManager: Mounting plugin OpenImageDenoise
LogPluginManager: Mounting plugin GeometryProcessing
LogPluginManager: Mounting plugin PythonScriptPlugin
LogPluginManager: Mounting plugin Niagara
LogPluginManager: Mounting plugin MotoSynth
LogPluginManager: Mounting plugin DataValidation
LogPluginManager: Mounting plugin CryptoKeys
LogPluginManager: Mounting plugin SkeletalReduction
LogPluginManager: Mounting plugin ProxyLODPlugin
LogPluginManager: Mounting plugin CurveEditorTools
LogPluginManager: Mounting plugin FacialAnimation
LogPluginManager: Mounting plugin GeometryMode
LogPluginManager: Mounting plugin MacGraphicsSwitching
LogPluginManager: Mounting plugin GameplayTagsEditor
LogPluginManager: Mounting plugin MaterialAnalyzer
LogPluginManager: Mounting plugin MobileLauncherProfileWizard
LogPluginManager: Mounting plugin PluginBrowser
LogPluginManager: Mounting plugin AndroidMedia
LogPluginManager: Mounting plugin AvfMedia
LogPluginManager: Mounting plugin SpeedTreeImporter
LogPluginManager: Mounting plugin OnlineSubsystem
LogPluginManager: Mounting plugin ImgMedia
LogPluginManager: Mounting plugin MediaCompositing
LogPluginManager: Mounting plugin OnlineSubsystemNull
LogPluginManager: Mounting plugin OnlineSubsystemUtils
LogPluginManager: Mounting plugin MediaPlayerEditor
LogPluginManager: Mounting plugin WebMMedia
LogPluginManager: Mounting plugin WmfMedia
LogPluginManager: Mounting plugin TcpMessaging
LogPluginManager: Mounting plugin UdpMessaging
LogPluginManager: Mounting plugin LevelSequenceEditor
LogPluginManager: Mounting plugin MatineeToLevelSequence
LogPluginManager: Mounting plugin ActorSequence
LogPluginManager: Mounting plugin LuminPlatformFeatures
LogPluginManager: Mounting plugin MagicLeap
LogPluginManager: Mounting plugin TemplateSequence
LogPluginManager: Mounting plugin MagicLeapMedia
LogPluginManager: Mounting plugin MagicLeapLightEstimation
LogPluginManager: Mounting plugin ActorLayerUtilities
LogPluginManager: Mounting plugin MagicLeapPassableWorld
LogPluginManager: Mounting plugin AndroidDeviceProfileSelector
LogPluginManager: Mounting plugin MLSDK
LogPluginManager: Mounting plugin AndroidPermission
LogPluginManager: Mounting plugin AndroidMoviePlayer
LogPluginManager: Mounting plugin AppleMoviePlayer
LogPluginManager: Mounting plugin AppleImageUtils
LogPluginManager: Mounting plugin ArchVisCharacter
LogPluginManager: Mounting plugin AssetTags
LogPluginManager: Mounting plugin AudioCapture
LogPluginManager: Mounting plugin CableComponent
LogPluginManager: Mounting plugin ChunkDownloader
LogPluginManager: Mounting plugin AudioSynesthesia
LogPluginManager: Mounting plugin ExampleDeviceProfileSelector
LogPluginManager: Mounting plugin EditableMesh
LogPluginManager: Mounting plugin CustomMeshComponent
LogPluginManager: Mounting plugin GooglePAD
LogPluginManager: Mounting plugin IOSDeviceProfileSelector
LogPluginManager: Mounting plugin GoogleCloudMessaging
LogPluginManager: Mounting plugin LinuxDeviceProfileSelector
LogPluginManager: Mounting plugin LocationServicesBPLibrary
LogPluginManager: Mounting plugin MobilePatchingUtils
LogPluginManager: Mounting plugin OpenXREyeTracker
LogPluginManager: Mounting plugin OpenXR
LogPluginManager: Mounting plugin OpenXRHandTracking
LogPluginManager: Mounting plugin PhysXVehicles
LogPluginManager: Mounting plugin LauncherChunkInstaller
LogPluginManager: Mounting plugin ScreenshotTools
LogPluginManager: Mounting plugin ProceduralMeshComponent
LogPluginManager: Mounting plugin PostSplashScreen
LogPluginManager: Mounting plugin RuntimePhysXCooking
LogPluginManager: Mounting plugin SignificanceManager
LogPluginManager: Mounting plugin PropertyAccessEditor
LogPluginManager: Mounting plugin SoundFields
LogPluginManager: Mounting plugin Synthesis
LogPluginManager: Mounting plugin WebMMoviePlayer
LogPluginManager: Mounting plugin WindowsMoviePlayer
LogPluginManager: Mounting plugin Takes
LogPluginManager: Mounting plugin ContentBrowserAssetDataSource
LogPluginManager: Mounting plugin ContentBrowserClassDataSource
LogPluginManager: Mounting plugin ContentBrowserFileDataSource
LogPluginManager: Mounting plugin OnlineSubsystemIOS
LogPluginManager: Mounting plugin OnlineSubsystemGooglePlay
LogPluginManager: Mounting plugin OculusVR
LogPluginManager: Mounting plugin SteamVR
PixWinPlugin: PIX capture plugin failed to initialize! Check that the process is launched from PIX.
LogInit: Using libcurl 7.55.1-DEV
LogInit:  - built for x86_64-pc-win32
LogInit:  - supports SSL with OpenSSL/1.1.1
LogInit:  - supports HTTP deflate (compression) using libz 1.2.8
LogInit:  - other features:
LogInit:      CURL_VERSION_SSL
LogInit:      CURL_VERSION_LIBZ
LogInit:      CURL_VERSION_IPV6
LogInit:      CURL_VERSION_ASYNCHDNS
LogInit:      CURL_VERSION_LARGEFILE
LogInit:      CURL_VERSION_IDN
LogInit:  CurlRequestOptions (configurable via config and command line):
LogInit:  - bVerifyPeer = true  - Libcurl will verify peer certificate
LogInit:  - bUseHttpProxy = false  - Libcurl will NOT use HTTP proxy
LogInit:  - bDontReuseConnections = false  - Libcurl will reuse connections
LogInit:  - MaxHostConnections = 16  - Libcurl will limit the number of connections to a host
LogInit:  - LocalHostAddr = Default
LogInit:  - BufferSize = 65536
LogOnline: OSS: Creating online subsystem instance for: NULL
LogInit: WinSock: version 1.1 (2.2), MaxSocks=32767, MaxUdp=65467
LogOnline: OSS: TryLoadSubsystemAndSetDefault: Loaded subsystem for module [NULL]
LogOculusPluginWrapper: OculusPlugin initialized successfully
LogHMD: Failed initializing OVRPlugin 1.59.0
LogInit: Build: ++UE4+Release-4.27-CL-18319896
LogInit: Engine Version: 4.27.2-18319896+++UE4+Release-4.27
LogInit: Compatible Engine Version: 4.27.0-17155196+++UE4+Release-4.27
LogInit: Net CL: 17155196
LogInit: OS: Windows 10 (Release 2009) (), CPU: AMD Ryzen 7 4800H with Radeon Graphics         , GPU: AMD Radeon(TM) Graphics
LogInit: Compiled (64-bit): Nov 30 2021 07:12:08
LogInit: Compiled with Visual C++: 19.24.28315.00
LogInit: Build Configuration: Development
LogInit: Branch Name: ++UE4+Release-4.27
LogInit: Command Line:  /Game/Menu/MainMenuMap -game -PIEVIACONSOLE -Multiprocess GameUserSettingsINI=C:/Users/ivcha/Documents/GitHub/GameplayProgramming/Saved/Config/Windows/PIEGameUserSettings0.ini -MultiprocessSaveConfig -forcepassthrough -messaging -SessionName="Play in Standalone Game" -windowed -ResX=1280 -ResY=720
LogInit: Base Directory: C:/Program Files/Epic Games/UE_4.27/Engine/Binaries/Win64/
LogInit: Allocator: TBB
LogInit: Installed Engine Build: 1
LogDevObjectVersion: Number of dev versions registered: 29
LogDevObjectVersion:   Dev-Blueprints (B0D832E4-1F89-4F0D-ACCF-7EB736FD4AA2): 10
LogDevObjectVersion:   Dev-Build (E1C64328-A22C-4D53-A36C-8E866417BD8C): 0
LogDevObjectVersion:   Dev-Core (375EC13C-06E4-48FB-B500-84F0262A717E): 4
LogDevObjectVersion:   Dev-Editor (E4B068ED-F494-42E9-A231-DA0B2E46BB41): 40
LogDevObjectVersion:   Dev-Framework (CFFC743F-43B0-4480-9391-14DF171D2073): 37
LogDevObjectVersion:   Dev-Mobile (B02B49B5-BB20-44E9-A304-32B752E40360): 3
LogDevObjectVersion:   Dev-Networking (A4E4105C-59A1-49B5-A7C5-40C4547EDFEE): 0
LogDevObjectVersion:   Dev-Online (39C831C9-5AE6-47DC-9A44-9C173E1C8E7C): 0
LogDevObjectVersion:   Dev-Physics (78F01B33-EBEA-4F98-B9B4-84EACCB95AA2): 14
LogDevObjectVersion:   Dev-Platform (6631380F-2D4D-43E0-8009-CF276956A95A): 0
LogDevObjectVersion:   Dev-Rendering (12F88B9F-8875-4AFC-A67C-D90C383ABD29): 45
LogDevObjectVersion:   Dev-Sequencer (7B5AE74C-D270-4C10-A958-57980B212A5A): 13
LogDevObjectVersion:   Dev-VR (D7296918-1DD6-4BDD-9DE2-64A83CC13884): 3
LogDevObjectVersion:   Dev-LoadTimes (C2A15278-BFE7-4AFE-6C17-90FF531DF755): 1
LogDevObjectVersion:   Private-Geometry (6EACA3D4-40EC-4CC1-B786-8BED09428FC5): 3
LogDevObjectVersion:   Dev-AnimPhys (29E575DD-E0A3-4627-9D10-D276232CDCEA): 17
LogDevObjectVersion:   Dev-Anim (AF43A65D-7FD3-4947-9873-3E8ED9C1BB05): 15
LogDevObjectVersion:   Dev-ReflectionCapture (6B266CEC-1EC7-4B8F-A30B-E4D90942FC07): 1
LogDevObjectVersion:   Dev-Automation (0DF73D61-A23F-47EA-B727-89E90C41499A): 1
LogDevObjectVersion:   FortniteMain (601D1886-AC64-4F84-AA16-D3DE0DEAC7D6): 47
LogDevObjectVersion:   FortniteRelease (E7086368-6B23-4C58-8439-1B7016265E91): 1
LogDevObjectVersion:   Dev-Enterprise (9DFFBCD6-494F-0158-E221-12823C92A888): 10
LogDevObjectVersion:   Dev-Niagara (F2AED0AC-9AFE-416F-8664-AA7FFA26D6FC): 1
LogDevObjectVersion:   Dev-Destruction (174F1F0B-B4C6-45A5-B13F-2EE8D0FB917D): 10
LogDevObjectVersion:   Dev-Physics-Ext (35F94A83-E258-406C-A318-09F59610247C): 41
LogDevObjectVersion:   Dev-PhysicsMaterial-Chaos (B68FC16E-8B1B-42E2-B453-215C058844FE): 1
LogDevObjectVersion:   Dev-CineCamera (B2E18506-4273-CFC2-A54E-F4BB758BBA07): 1
LogDevObjectVersion:   Dev-VirtualProduction (64F58936-FD1B-42BA-BA96-7289D5D0FA4E): 1
LogDevObjectVersion:   Dev-MediaFramework (6F0ED827-A609-4895-9C91-998D90180EA4): 2
LogInit: Presizing for max 25165824 objects, including 0 objects not considered by GC, pre-allocating 0 bytes for permanent pool.
LogConfig: Applying CVar settings from Section [/Script/Engine.StreamingSettings] File [C:/Users/ivcha/Documents/GitHub/GameplayProgramming/Saved/Config/Windows/Engine.ini]
LogConfig: Setting CVar [[s.MinBulkDataSizeForAsyncLoading:131072]]
LogConfig: Setting CVar [[s.AsyncLoadingThreadEnabled:0]]
LogConfig: Setting CVar [[s.EventDrivenLoaderEnabled:1]]
LogConfig: Setting CVar [[s.WarnIfTimeLimitExceeded:0]]
LogConfig: Setting CVar [[s.TimeLimitExceededMultiplier:1.5]]
LogConfig: Setting CVar [[s.TimeLimitExceededMinTime:0.005]]
LogConfig: Setting CVar [[s.UseBackgroundLevelStreaming:1]]
LogConfig: Setting CVar [[s.PriorityAsyncLoadingExtraTime:15.0]]
LogConfig: Setting CVar [[s.LevelStreamingActorsUpdateTimeLimit:5.0]]
LogConfig: Setting CVar [[s.PriorityLevelStreamingActorsUpdateExtraTime:5.0]]
LogConfig: Setting CVar [[s.LevelStreamingComponentsRegistrationGranularity:10]]
LogConfig: Setting CVar [[s.UnregisterComponentsTimeLimit:1.0]]
LogConfig: Setting CVar [[s.LevelStreamingComponentsUnregistrationGranularity:5]]
LogConfig: Setting CVar [[s.FlushStreamingOnExit:1]]
LogInit: Object subsystem initialized
LogConfig: Setting CVar [[con.DebugEarlyDefault:1]]
LogConfig: Setting CVar [[r.setres:1280x720]]
[2022.07.15-21.42.47:254][  0]LogConfig: Setting CVar [[con.DebugEarlyDefault:1]]
[2022.07.15-21.42.47:254][  0]LogConfig: Setting CVar [[r.setres:1280x720]]
[2022.07.15-21.42.47:255][  0]LogConfig: Applying CVar settings from Section [/Script/Engine.RendererSettings] File [C:/Users/ivcha/Documents/GitHub/GameplayProgramming/Saved/Config/Windows/Engine.ini]
[2022.07.15-21.42.47:255][  0]LogConfig: Setting CVar [[r.GPUCrashDebugging:0]]
[2022.07.15-21.42.47:255][  0]LogConfig: Applying CVar settings from Section [/Script/Engine.RendererOverrideSettings] File [C:/Users/ivcha/Documents/GitHub/GameplayProgramming/Saved/Config/Windows/Engine.ini]
[2022.07.15-21.42.47:255][  0]LogConfig: Applying CVar settings from Section [/Script/Engine.StreamingSettings] File [C:/Users/ivcha/Documents/GitHub/GameplayProgramming/Saved/Config/Windows/Engine.ini]
[2022.07.15-21.42.47:255][  0]LogConfig: Setting CVar [[s.MinBulkDataSizeForAsyncLoading:131072]]
[2022.07.15-21.42.47:255][  0]LogConfig: Setting CVar [[s.AsyncLoadingThreadEnabled:0]]
[2022.07.15-21.42.47:255][  0]LogConfig: Setting CVar [[s.EventDrivenLoaderEnabled:1]]
[2022.07.15-21.42.47:255][  0]LogConfig: Setting CVar [[s.WarnIfTimeLimitExceeded:0]]
[2022.07.15-21.42.47:255][  0]LogConfig: Setting CVar [[s.TimeLimitExceededMultiplier:1.5]]
[2022.07.15-21.42.47:255][  0]LogConfig: Setting CVar [[s.TimeLimitExceededMinTime:0.005]]
[2022.07.15-21.42.47:255][  0]LogConfig: Setting CVar [[s.UseBackgroundLevelStreaming:1]]
[2022.07.15-21.42.47:255][  0]LogConfig: Setting CVar [[s.PriorityAsyncLoadingExtraTime:15.0]]
[2022.07.15-21.42.47:255][  0]LogConfig: Setting CVar [[s.LevelStreamingActorsUpdateTimeLimit:5.0]]
[2022.07.15-21.42.47:255][  0]LogConfig: Setting CVar [[s.PriorityLevelStreamingActorsUpdateExtraTime:5.0]]
[2022.07.15-21.42.47:255][  0]LogConfig: Setting CVar [[s.LevelStreamingComponentsRegistrationGranularity:10]]
[2022.07.15-21.42.47:255][  0]LogConfig: Setting CVar [[s.UnregisterComponentsTimeLimit:1.0]]
[2022.07.15-21.42.47:255][  0]LogConfig: Setting CVar [[s.LevelStreamingComponentsUnregistrationGranularity:5]]
[2022.07.15-21.42.47:255][  0]LogConfig: Setting CVar [[s.FlushStreamingOnExit:1]]
[2022.07.15-21.42.47:255][  0]LogConfig: Applying CVar settings from Section [/Script/Engine.GarbageCollectionSettings] File [C:/Users/ivcha/Documents/GitHub/GameplayProgramming/Saved/Config/Windows/Engine.ini]
[2022.07.15-21.42.47:255][  0]LogConfig: Setting CVar [[gc.MaxObjectsNotConsideredByGC:1]]
[2022.07.15-21.42.47:255][  0]LogConfig: Setting CVar [[gc.SizeOfPermanentObjectPool:0]]
[2022.07.15-21.42.47:255][  0]LogConfig: Setting CVar [[gc.FlushStreamingOnGC:0]]
[2022.07.15-21.42.47:255][  0]LogConfig: Setting CVar [[gc.NumRetriesBeforeForcingGC:10]]
[2022.07.15-21.42.47:255][  0]LogConfig: Setting CVar [[gc.AllowParallelGC:1]]
[2022.07.15-21.42.47:255][  0]LogConfig: Setting CVar [[gc.TimeBetweenPurgingPendingKillObjects:61.1]]
[2022.07.15-21.42.47:255][  0]LogConfig: Setting CVar [[gc.MaxObjectsInEditor:25165824]]
[2022.07.15-21.42.47:255][  0]LogConfig: Setting CVar [[gc.IncrementalBeginDestroyEnabled:1]]
[2022.07.15-21.42.47:255][  0]LogConfig: Setting CVar [[gc.CreateGCClusters:1]]
[2022.07.15-21.42.47:255][  0]LogConfig: Setting CVar [[gc.MinGCClusterSize:5]]
[2022.07.15-21.42.47:255][  0]LogConfig: Setting CVar [[gc.ActorClusteringEnabled:0]]
[2022.07.15-21.42.47:255][  0]LogConfig: Setting CVar [[gc.BlueprintClusteringEnabled:0]]
[2022.07.15-21.42.47:255][  0]LogConfig: Setting CVar [[gc.UseDisregardForGCOnDedicatedServers:0]]
[2022.07.15-21.42.47:255][  0]LogConfig: Setting CVar [[gc.MultithreadedDestructionEnabled:1]]
[2022.07.15-21.42.47:255][  0]LogConfig: Applying CVar settings from Section [/Script/Engine.NetworkSettings] File [C:/Users/ivcha/Documents/GitHub/GameplayProgramming/Saved/Config/Windows/Engine.ini]
[2022.07.15-21.42.47:255][  0]LogConfig: Applying CVar settings from Section [/Script/UnrealEd.CookerSettings] File [C:/Users/ivcha/Documents/GitHub/GameplayProgramming/Saved/Config/Windows/Engine.ini]
[2022.07.15-21.42.47:260][  0]LogConfig: Applying CVar settings from Section [ViewDistanceQuality@3] File [C:/Users/ivcha/Documents/GitHub/GameplayProgramming/Saved/Config/Windows/Scalability.ini]
[2022.07.15-21.42.47:260][  0]LogConfig: Setting CVar [[r.SkeletalMeshLODBias:0]]
[2022.07.15-21.42.47:260][  0]LogConfig: Setting CVar [[r.ViewDistanceScale:1.0]]
[2022.07.15-21.42.47:260][  0]LogConfig: Applying CVar settings from Section [AntiAliasingQuality@3] File [C:/Users/ivcha/Documents/GitHub/GameplayProgramming/Saved/Config/Windows/Scalability.ini]
[2022.07.15-21.42.47:260][  0]LogConfig: Setting CVar [[r.PostProcessAAQuality:4]]
[2022.07.15-21.42.47:260][  0]LogConfig: Applying CVar settings from Section [ShadowQuality@3] File [C:/Users/ivcha/Documents/GitHub/GameplayProgramming/Saved/Config/Windows/Scalability.ini]
[2022.07.15-21.42.47:260][  0]LogConfig: Setting CVar [[r.LightFunctionQuality:1]]
[2022.07.15-21.42.47:260][  0]LogConfig: Setting CVar [[r.ShadowQuality:5]]
[2022.07.15-21.42.47:260][  0]LogConfig: Setting CVar [[r.Shadow.CSM.MaxCascades:10]]
[2022.07.15-21.42.47:260][  0]LogConfig: Setting CVar [[r.Shadow.MaxResolution:2048]]
[2022.07.15-21.42.47:260][  0]LogConfig: Setting CVar [[r.Shadow.MaxCSMResolution:2048]]
[2022.07.15-21.42.47:260][  0]LogConfig: Setting CVar [[r.Shadow.RadiusThreshold:0.01]]
[2022.07.15-21.42.47:260][  0]LogConfig: Setting CVar [[r.Shadow.DistanceScale:1.0]]
[2022.07.15-21.42.47:260][  0]LogConfig: Setting CVar [[r.Shadow.CSM.TransitionScale:1.0]]
[2022.07.15-21.42.47:260][  0]LogConfig: Setting CVar [[r.Shadow.PreShadowResolutionFactor:1.0]]
[2022.07.15-21.42.47:260][  0]LogConfig: Setting CVar [[r.DistanceFieldShadowing:1]]
[2022.07.15-21.42.47:260][  0]LogConfig: Setting CVar [[r.DistanceFieldAO:1]]
[2022.07.15-21.42.47:260][  0]LogConfig: Setting CVar [[r.AOQuality:2]]
[2022.07.15-21.42.47:260][  0]LogConfig: Setting CVar [[r.VolumetricFog:1]]
[2022.07.15-21.42.47:260][  0]LogConfig: Setting CVar [[r.VolumetricFog.GridPixelSize:8]]
[2022.07.15-21.42.47:260][  0]LogConfig: Setting CVar [[r.VolumetricFog.GridSizeZ:128]]
[2022.07.15-21.42.47:261][  0]LogConfig: Setting CVar [[r.VolumetricFog.HistoryMissSupersampleCount:4]]
[2022.07.15-21.42.47:261][  0]LogConfig: Setting CVar [[r.LightMaxDrawDistanceScale:1]]
[2022.07.15-21.42.47:261][  0]LogConfig: Setting CVar [[r.CapsuleShadows:1]]
[2022.07.15-21.42.47:261][  0]LogConfig: Applying CVar settings from Section [PostProcessQuality@3] File [C:/Users/ivcha/Documents/GitHub/GameplayProgramming/Saved/Config/Windows/Scalability.ini]
[2022.07.15-21.42.47:261][  0]LogConfig: Setting CVar [[r.MotionBlurQuality:4]]
[2022.07.15-21.42.47:261][  0]LogConfig: Setting CVar [[r.AmbientOcclusionMipLevelFactor:0.4]]
[2022.07.15-21.42.47:261][  0]LogConfig: Setting CVar [[r.AmbientOcclusionMaxQuality:100]]
[2022.07.15-21.42.47:261][  0]LogConfig: Setting CVar [[r.AmbientOcclusionLevels:-1]]
[2022.07.15-21.42.47:261][  0]LogConfig: Setting CVar [[r.AmbientOcclusionRadiusScale:1.0]]
[2022.07.15-21.42.47:261][  0]LogConfig: Setting CVar [[r.DepthOfFieldQuality:2]]
[2022.07.15-21.42.47:261][  0]LogConfig: Setting CVar [[r.RenderTargetPoolMin:400]]
[2022.07.15-21.42.47:261][  0]LogConfig: Setting CVar [[r.LensFlareQuality:2]]
[2022.07.15-21.42.47:261][  0]LogConfig: Setting CVar [[r.SceneColorFringeQuality:1]]
[2022.07.15-21.42.47:261][  0]LogConfig: Setting CVar [[r.EyeAdaptationQuality:2]]
[2022.07.15-21.42.47:261][  0]LogConfig: Setting CVar [[r.BloomQuality:5]]
[2022.07.15-21.42.47:261][  0]LogConfig: Setting CVar [[r.FastBlurThreshold:100]]
[2022.07.15-21.42.47:261][  0]LogConfig: Setting CVar [[r.Upscale.Quality:3]]
[2022.07.15-21.42.47:261][  0]LogConfig: Setting CVar [[r.Tonemapper.GrainQuantization:1]]
[2022.07.15-21.42.47:261][  0]LogConfig: Setting CVar [[r.LightShaftQuality:1]]
[2022.07.15-21.42.47:261][  0]LogConfig: Setting CVar [[r.Filter.SizeScale:1]]
[2022.07.15-21.42.47:261][  0]LogConfig: Setting CVar [[r.Tonemapper.Quality:5]]
[2022.07.15-21.42.47:261][  0]LogConfig: Setting CVar [[r.DOF.Gather.AccumulatorQuality:1        ; higher gathering accumulator quality]]
[2022.07.15-21.42.47:261][  0]LogConfig: Setting CVar [[r.DOF.Gather.PostfilterMethod:1          ; Median3x3 postfilering method]]
[2022.07.15-21.42.47:261][  0]LogConfig: Setting CVar [[r.DOF.Gather.EnableBokehSettings:0       ; no bokeh simulation when gathering]]
[2022.07.15-21.42.47:261][  0]LogConfig: Setting CVar [[r.DOF.Gather.RingCount:4                 ; medium number of samples when gathering]]
[2022.07.15-21.42.47:261][  0]LogConfig: Setting CVar [[r.DOF.Scatter.ForegroundCompositing:1    ; additive foreground scattering]]
[2022.07.15-21.42.47:261][  0]LogConfig: Setting CVar [[r.DOF.Scatter.BackgroundCompositing:2    ; additive background scattering]]
[2022.07.15-21.42.47:261][  0]LogConfig: Setting CVar [[r.DOF.Scatter.EnableBokehSettings:1      ; bokeh simulation when scattering]]
[2022.07.15-21.42.47:261][  0]LogConfig: Setting CVar [[r.DOF.Scatter.MaxSpriteRatio:0.1         ; only a maximum of 10% of scattered bokeh]]
[2022.07.15-21.42.47:261][  0]LogConfig: Setting CVar [[r.DOF.Recombine.Quality:1                ; cheap slight out of focus]]
[2022.07.15-21.42.47:261][  0]LogConfig: Setting CVar [[r.DOF.Recombine.EnableBokehSettings:0    ; no bokeh simulation on slight out of focus]]
[2022.07.15-21.42.47:261][  0]LogConfig: Setting CVar [[r.DOF.TemporalAAQuality:1                ; more stable temporal accumulation]]
[2022.07.15-21.42.47:261][  0]LogConfig: Setting CVar [[r.DOF.Kernel.MaxForegroundRadius:0.025]]
[2022.07.15-21.42.47:261][  0]LogConfig: Setting CVar [[r.DOF.Kernel.MaxBackgroundRadius:0.025]]
[2022.07.15-21.42.47:261][  0]LogConfig: Applying CVar settings from Section [TextureQuality@3] File [C:/Users/ivcha/Documents/GitHub/GameplayProgramming/Saved/Config/Windows/Scalability.ini]
[2022.07.15-21.42.47:261][  0]LogConfig: Setting CVar [[r.Streaming.MipBias:0]]
[2022.07.15-21.42.47:261][  0]LogConfig: Setting CVar [[r.Streaming.AmortizeCPUToGPUCopy:0]]
[2022.07.15-21.42.47:261][  0]LogConfig: Setting CVar [[r.Streaming.MaxNumTexturesToStreamPerFrame:0]]
[2022.07.15-21.42.47:261][  0]LogConfig: Setting CVar [[r.Streaming.Boost:1]]
[2022.07.15-21.42.47:261][  0]LogConfig: Setting CVar [[r.MaxAnisotropy:8]]
[2022.07.15-21.42.47:261][  0]LogConfig: Setting CVar [[r.VT.MaxAnisotropy:8]]
[2022.07.15-21.42.47:261][  0]LogConfig: Setting CVar [[r.Streaming.LimitPoolSizeToVRAM:0]]
[2022.07.15-21.42.47:261][  0]LogConfig: Setting CVar [[r.Streaming.PoolSize:1000]]
[2022.07.15-21.42.47:261][  0]LogConfig: Setting CVar [[r.Streaming.MaxEffectiveScreenSize:0]]
[2022.07.15-21.42.47:261][  0]LogConfig: Applying CVar settings from Section [EffectsQuality@3] File [C:/Users/ivcha/Documents/GitHub/GameplayProgramming/Saved/Config/Windows/Scalability.ini]
[2022.07.15-21.42.47:261][  0]LogConfig: Setting CVar [[r.TranslucencyLightingVolumeDim:64]]
[2022.07.15-21.42.47:261][  0]LogConfig: Setting CVar [[r.RefractionQuality:2]]
[2022.07.15-21.42.47:261][  0]LogConfig: Setting CVar [[r.SSR.Quality:3]]
[2022.07.15-21.42.47:261][  0]LogConfig: Setting CVar [[r.SSR.HalfResSceneColor:0]]
[2022.07.15-21.42.47:261][  0]LogConfig: Setting CVar [[r.SceneColorFormat:4]]
[2022.07.15-21.42.47:261][  0]LogConfig: Setting CVar [[r.DetailMode:2]]
[2022.07.15-21.42.47:261][  0]LogConfig: Setting CVar [[r.TranslucencyVolumeBlur:1]]
[2022.07.15-21.42.47:261][  0]LogConfig: Setting CVar [[r.MaterialQualityLevel:1 ; High quality]]
[2022.07.15-21.42.47:261][  0]LogConfig: Setting CVar [[r.AnisotropicMaterials:1]]
[2022.07.15-21.42.47:261][  0]LogConfig: Setting CVar [[r.SSS.Scale:1]]
[2022.07.15-21.42.47:261][  0]LogConfig: Setting CVar [[r.SSS.SampleSet:2]]
[2022.07.15-21.42.47:261][  0]LogConfig: Setting CVar [[r.SSS.Quality:1]]
[2022.07.15-21.42.47:261][  0]LogConfig: Setting CVar [[r.SSS.HalfRes:0]]
[2022.07.15-21.42.47:261][  0]LogConfig: Setting CVar [[r.SSGI.Quality:3]]
[2022.07.15-21.42.47:261][  0]LogConfig: Setting CVar [[r.EmitterSpawnRateScale:1.0]]
[2022.07.15-21.42.47:261][  0]LogConfig: Setting CVar [[r.ParticleLightQuality:2]]
[2022.07.15-21.42.47:261][  0]LogConfig: Setting CVar [[r.SkyAtmosphere.AerialPerspectiveLUT.FastApplyOnOpaque:1 ; Always have FastSkyLUT 1 in this case to avoid wrong sky]]
[2022.07.15-21.42.47:261][  0]LogConfig: Setting CVar [[r.SkyAtmosphere.AerialPerspectiveLUT.SampleCountMaxPerSlice:4]]
[2022.07.15-21.42.47:261][  0]LogConfig: Setting CVar [[r.SkyAtmosphere.AerialPerspectiveLUT.DepthResolution:16.0]]
[2022.07.15-21.42.47:261][  0]LogConfig: Setting CVar [[r.SkyAtmosphere.FastSkyLUT:1]]
[2022.07.15-21.42.47:261][  0]LogConfig: Setting CVar [[r.SkyAtmosphere.FastSkyLUT.SampleCountMin:4.0]]
[2022.07.15-21.42.47:261][  0]LogConfig: Setting CVar [[r.SkyAtmosphere.FastSkyLUT.SampleCountMax:128.0]]
[2022.07.15-21.42.47:261][  0]LogConfig: Setting CVar [[r.SkyAtmosphere.SampleCountMin:4.0]]
[2022.07.15-21.42.47:261][  0]LogConfig: Setting CVar [[r.SkyAtmosphere.SampleCountMax:128.0]]
[2022.07.15-21.42.47:261][  0]LogConfig: Setting CVar [[r.SkyAtmosphere.TransmittanceLUT.UseSmallFormat:0]]
[2022.07.15-21.42.47:261][  0]LogConfig: Setting CVar [[r.SkyAtmosphere.TransmittanceLUT.SampleCount:10.0]]
[2022.07.15-21.42.47:261][  0]LogConfig: Setting CVar [[r.SkyAtmosphere.MultiScatteringLUT.SampleCount:15.0]]
[2022.07.15-21.42.47:261][  0]LogConfig: Setting CVar [[r.SkyLight.RealTimeReflectionCapture:1]]
[2022.07.15-21.42.47:261][  0]LogConfig: Applying CVar settings from Section [FoliageQuality@3] File [C:/Users/ivcha/Documents/GitHub/GameplayProgramming/Saved/Config/Windows/Scalability.ini]
[2022.07.15-21.42.47:261][  0]LogConfig: Setting CVar [[foliage.DensityScale:1.0]]
[2022.07.15-21.42.47:261][  0]LogConfig: Setting CVar [[grass.DensityScale:1.0]]
[2022.07.15-21.42.47:261][  0]LogConfig: Applying CVar settings from Section [ShadingQuality@3] File [C:/Users/ivcha/Documents/GitHub/GameplayProgramming/Saved/Config/Windows/Scalability.ini]
[2022.07.15-21.42.47:261][  0]LogConfig: Setting CVar [[r.HairStrands.SkyLighting.IntegrationType:2]]
[2022.07.15-21.42.47:261][  0]LogConfig: Setting CVar [[r.HairStrands.SkyAO.SampleCount:4]]
[2022.07.15-21.42.47:261][  0]LogConfig: Setting CVar [[r.HairStrands.Visibility.MSAA.SamplePerPixel:4]]
[2022.07.15-21.42.47:261][  0]LogInit: Selected Device Profile: [Windows]
[2022.07.15-21.42.47:261][  0]LogInit: Applying CVar settings loaded from the selected device profile: [Windows]
[2022.07.15-21.42.47:261][  0]LogHAL: Display: Platform has ~ 16 GB [16558354432 / 17179869184 / 16], which maps to Larger [LargestMinGB=32, LargerMinGB=12, DefaultMinGB=8, SmallerMinGB=6, SmallestMinGB=0)
[2022.07.15-21.42.47:261][  0]LogInit: Going up to parent DeviceProfile []
[2022.07.15-21.42.47:261][  0]LogConfig: Applying CVar settings from Section [ViewDistanceQuality@3] File [C:/Users/ivcha/Documents/GitHub/GameplayProgramming/Saved/Config/Windows/Scalability.ini]
[2022.07.15-21.42.47:261][  0]LogConfig: Setting CVar [[r.SkeletalMeshLODBias:0]]
[2022.07.15-21.42.47:261][  0]LogConfig: Setting CVar [[r.ViewDistanceScale:1.0]]
[2022.07.15-21.42.47:261][  0]LogConfig: Applying CVar settings from Section [AntiAliasingQuality@3] File [C:/Users/ivcha/Documents/GitHub/GameplayProgramming/Saved/Config/Windows/Scalability.ini]
[2022.07.15-21.42.47:262][  0]LogConfig: Setting CVar [[r.PostProcessAAQuality:4]]
[2022.07.15-21.42.47:262][  0]LogConfig: Applying CVar settings from Section [ShadowQuality@3] File [C:/Users/ivcha/Documents/GitHub/GameplayProgramming/Saved/Config/Windows/Scalability.ini]
[2022.07.15-21.42.47:262][  0]LogConfig: Setting CVar [[r.LightFunctionQuality:1]]
[2022.07.15-21.42.47:262][  0]LogConfig: Setting CVar [[r.ShadowQuality:5]]
[2022.07.15-21.42.47:262][  0]LogConfig: Setting CVar [[r.Shadow.CSM.MaxCascades:10]]
[2022.07.15-21.42.47:262][  0]LogConfig: Setting CVar [[r.Shadow.MaxResolution:2048]]
[2022.07.15-21.42.47:262][  0]LogConfig: Setting CVar [[r.Shadow.MaxCSMResolution:2048]]
[2022.07.15-21.42.47:262][  0]LogConfig: Setting CVar [[r.Shadow.RadiusThreshold:0.01]]
[2022.07.15-21.42.47:262][  0]LogConfig: Setting CVar [[r.Shadow.DistanceScale:1.0]]
[2022.07.15-21.42.47:262][  0]LogConfig: Setting CVar [[r.Shadow.CSM.TransitionScale:1.0]]
[2022.07.15-21.42.47:262][  0]LogConfig: Setting CVar [[r.Shadow.PreShadowResolutionFactor:1.0]]
[2022.07.15-21.42.47:262][  0]LogConfig: Setting CVar [[r.DistanceFieldShadowing:1]]
[2022.07.15-21.42.47:262][  0]LogConfig: Setting CVar [[r.DistanceFieldAO:1]]
[2022.07.15-21.42.47:262][  0]LogConfig: Setting CVar [[r.AOQuality:2]]
[2022.07.15-21.42.47:262][  0]LogConfig: Setting CVar [[r.VolumetricFog:1]]
[2022.07.15-21.42.47:262][  0]LogConfig: Setting CVar [[r.VolumetricFog.GridPixelSize:8]]
[2022.07.15-21.42.47:262][  0]LogConfig: Setting CVar [[r.VolumetricFog.GridSizeZ:128]]
[2022.07.15-21.42.47:262][  0]LogConfig: Setting CVar [[r.VolumetricFog.HistoryMissSupersampleCount:4]]
[2022.07.15-21.42.47:262][  0]LogConfig: Setting CVar [[r.LightMaxDrawDistanceScale:1]]
[2022.07.15-21.42.47:262][  0]LogConfig: Setting CVar [[r.CapsuleShadows:1]]
[2022.07.15-21.42.47:262][  0]LogConfig: Applying CVar settings from Section [PostProcessQuality@3] File [C:/Users/ivcha/Documents/GitHub/GameplayProgramming/Saved/Config/Windows/Scalability.ini]
[2022.07.15-21.42.47:262][  0]LogConfig: Setting CVar [[r.MotionBlurQuality:4]]
[2022.07.15-21.42.47:262][  0]LogConfig: Setting CVar [[r.AmbientOcclusionMipLevelFactor:0.4]]
[2022.07.15-21.42.47:262][  0]LogConfig: Setting CVar [[r.AmbientOcclusionMaxQuality:100]]
[2022.07.15-21.42.47:262][  0]LogConfig: Setting CVar [[r.AmbientOcclusionLevels:-1]]
[2022.07.15-21.42.47:262][  0]LogConfig: Setting CVar [[r.AmbientOcclusionRadiusScale:1.0]]
[2022.07.15-21.42.47:262][  0]LogConfig: Setting CVar [[r.DepthOfFieldQuality:2]]
[2022.07.15-21.42.47:262][  0]LogConfig: Setting CVar [[r.RenderTargetPoolMin:400]]
[2022.07.15-21.42.47:262][  0]LogConfig: Setting CVar [[r.LensFlareQuality:2]]
[2022.07.15-21.42.47:262][  0]LogConfig: Setting CVar [[r.SceneColorFringeQuality:1]]
[2022.07.15-21.42.47:262][  0]LogConfig: Setting CVar [[r.EyeAdaptationQuality:2]]
[2022.07.15-21.42.47:262][  0]LogConfig: Setting CVar [[r.BloomQuality:5]]
[2022.07.15-21.42.47:262][  0]LogConfig: Setting CVar [[r.FastBlurThreshold:100]]
[2022.07.15-21.42.47:262][  0]LogConfig: Setting CVar [[r.Upscale.Quality:3]]
[2022.07.15-21.42.47:262][  0]LogConfig: Setting CVar [[r.Tonemapper.GrainQuantization:1]]
[2022.07.15-21.42.47:262][  0]LogConfig: Setting CVar [[r.LightShaftQuality:1]]
[2022.07.15-21.42.47:262][  0]LogConfig: Setting CVar [[r.Filter.SizeScale:1]]
[2022.07.15-21.42.47:262][  0]LogConfig: Setting CVar [[r.Tonemapper.Quality:5]]
[2022.07.15-21.42.47:262][  0]LogConfig: Setting CVar [[r.DOF.Gather.AccumulatorQuality:1        ; higher gathering accumulator quality]]
[2022.07.15-21.42.47:262][  0]LogConfig: Setting CVar [[r.DOF.Gather.PostfilterMethod:1          ; Median3x3 postfilering method]]
[2022.07.15-21.42.47:262][  0]LogConfig: Setting CVar [[r.DOF.Gather.EnableBokehSettings:0       ; no bokeh simulation when gathering]]
[2022.07.15-21.42.47:262][  0]LogConfig: Setting CVar [[r.DOF.Gather.RingCount:4                 ; medium number of samples when gathering]]
[2022.07.15-21.42.47:262][  0]LogConfig: Setting CVar [[r.DOF.Scatter.ForegroundCompositing:1    ; additive foreground scattering]]
[2022.07.15-21.42.47:262][  0]LogConfig: Setting CVar [[r.DOF.Scatter.BackgroundCompositing:2    ; additive background scattering]]
[2022.07.15-21.42.47:262][  0]LogConfig: Setting CVar [[r.DOF.Scatter.EnableBokehSettings:1      ; bokeh simulation when scattering]]
[2022.07.15-21.42.47:262][  0]LogConfig: Setting CVar [[r.DOF.Scatter.MaxSpriteRatio:0.1         ; only a maximum of 10% of scattered bokeh]]
[2022.07.15-21.42.47:262][  0]LogConfig: Setting CVar [[r.DOF.Recombine.Quality:1                ; cheap slight out of focus]]
[2022.07.15-21.42.47:262][  0]LogConfig: Setting CVar [[r.DOF.Recombine.EnableBokehSettings:0    ; no bokeh simulation on slight out of focus]]
[2022.07.15-21.42.47:262][  0]LogConfig: Setting CVar [[r.DOF.TemporalAAQuality:1                ; more stable temporal accumulation]]
[2022.07.15-21.42.47:262][  0]LogConfig: Setting CVar [[r.DOF.Kernel.MaxForegroundRadius:0.025]]
[2022.07.15-21.42.47:262][  0]LogConfig: Setting CVar [[r.DOF.Kernel.MaxBackgroundRadius:0.025]]
[2022.07.15-21.42.47:262][  0]LogConfig: Applying CVar settings from Section [TextureQuality@3] File [C:/Users/ivcha/Documents/GitHub/GameplayProgramming/Saved/Config/Windows/Scalability.ini]
[2022.07.15-21.42.47:262][  0]LogConfig: Setting CVar [[r.Streaming.MipBias:0]]
[2022.07.15-21.42.47:262][  0]LogConfig: Setting CVar [[r.Streaming.AmortizeCPUToGPUCopy:0]]
[2022.07.15-21.42.47:262][  0]LogConfig: Setting CVar [[r.Streaming.MaxNumTexturesToStreamPerFrame:0]]
[2022.07.15-21.42.47:262][  0]LogConfig: Setting CVar [[r.Streaming.Boost:1]]
[2022.07.15-21.42.47:262][  0]LogConfig: Setting CVar [[r.MaxAnisotropy:8]]
[2022.07.15-21.42.47:262][  0]LogConfig: Setting CVar [[r.VT.MaxAnisotropy:8]]
[2022.07.15-21.42.47:262][  0]LogConfig: Setting CVar [[r.Streaming.LimitPoolSizeToVRAM:0]]
[2022.07.15-21.42.47:262][  0]LogConfig: Setting CVar [[r.Streaming.PoolSize:1000]]
[2022.07.15-21.42.47:262][  0]LogConfig: Setting CVar [[r.Streaming.MaxEffectiveScreenSize:0]]
[2022.07.15-21.42.47:262][  0]LogConfig: Applying CVar settings from Section [EffectsQuality@3] File [C:/Users/ivcha/Documents/GitHub/GameplayProgramming/Saved/Config/Windows/Scalability.ini]
[2022.07.15-21.42.47:262][  0]LogConfig: Setting CVar [[r.TranslucencyLightingVolumeDim:64]]
[2022.07.15-21.42.47:262][  0]LogConfig: Setting CVar [[r.RefractionQuality:2]]
[2022.07.15-21.42.47:262][  0]LogConfig: Setting CVar [[r.SSR.Quality:3]]
[2022.07.15-21.42.47:262][  0]LogConfig: Setting CVar [[r.SSR.HalfResSceneColor:0]]
[2022.07.15-21.42.47:262][  0]LogConfig: Setting CVar [[r.SceneColorFormat:4]]
[2022.07.15-21.42.47:262][  0]LogConfig: Setting CVar [[r.DetailMode:2]]
[2022.07.15-21.42.47:262][  0]LogConfig: Setting CVar [[r.TranslucencyVolumeBlur:1]]
[2022.07.15-21.42.47:262][  0]LogConfig: Setting CVar [[r.MaterialQualityLevel:1 ; High quality]]
[2022.07.15-21.42.47:262][  0]LogConfig: Setting CVar [[r.AnisotropicMaterials:1]]
[2022.07.15-21.42.47:262][  0]LogConfig: Setting CVar [[r.SSS.Scale:1]]
[2022.07.15-21.42.47:262][  0]LogConfig: Setting CVar [[r.SSS.SampleSet:2]]
[2022.07.15-21.42.47:262][  0]LogConfig: Setting CVar [[r.SSS.Quality:1]]
[2022.07.15-21.42.47:262][  0]LogConfig: Setting CVar [[r.SSS.HalfRes:0]]
[2022.07.15-21.42.47:262][  0]LogConfig: Setting CVar [[r.SSGI.Quality:3]]
[2022.07.15-21.42.47:262][  0]LogConfig: Setting CVar [[r.EmitterSpawnRateScale:1.0]]
[2022.07.15-21.42.47:262][  0]LogConfig: Setting CVar [[r.ParticleLightQuality:2]]
[2022.07.15-21.42.47:262][  0]LogConfig: Setting CVar [[r.SkyAtmosphere.AerialPerspectiveLUT.FastApplyOnOpaque:1 ; Always have FastSkyLUT 1 in this case to avoid wrong sky]]
[2022.07.15-21.42.47:262][  0]LogConfig: Setting CVar [[r.SkyAtmosphere.AerialPerspectiveLUT.SampleCountMaxPerSlice:4]]
[2022.07.15-21.42.47:262][  0]LogConfig: Setting CVar [[r.SkyAtmosphere.AerialPerspectiveLUT.DepthResolution:16.0]]
[2022.07.15-21.42.47:262][  0]LogConfig: Setting CVar [[r.SkyAtmosphere.FastSkyLUT:1]]
[2022.07.15-21.42.47:262][  0]LogConfig: Setting CVar [[r.SkyAtmosphere.FastSkyLUT.SampleCountMin:4.0]]
[2022.07.15-21.42.47:262][  0]LogConfig: Setting CVar [[r.SkyAtmosphere.FastSkyLUT.SampleCountMax:128.0]]
[2022.07.15-21.42.47:262][  0]LogConfig: Setting CVar [[r.SkyAtmosphere.SampleCountMin:4.0]]
[2022.07.15-21.42.47:262][  0]LogConfig: Setting CVar [[r.SkyAtmosphere.SampleCountMax:128.0]]
[2022.07.15-21.42.47:262][  0]LogConfig: Setting CVar [[r.SkyAtmosphere.TransmittanceLUT.UseSmallFormat:0]]
[2022.07.15-21.42.47:262][  0]LogConfig: Setting CVar [[r.SkyAtmosphere.TransmittanceLUT.SampleCount:10.0]]
[2022.07.15-21.42.47:262][  0]LogConfig: Setting CVar [[r.SkyAtmosphere.MultiScatteringLUT.SampleCount:15.0]]
[2022.07.15-21.42.47:262][  0]LogConfig: Setting CVar [[r.SkyLight.RealTimeReflectionCapture:1]]
[2022.07.15-21.42.47:262][  0]LogConfig: Applying CVar settings from Section [FoliageQuality@3] File [C:/Users/ivcha/Documents/GitHub/GameplayProgramming/Saved/Config/Windows/Scalability.ini]
[2022.07.15-21.42.47:262][  0]LogConfig: Setting CVar [[foliage.DensityScale:1.0]]
[2022.07.15-21.42.47:262][  0]LogConfig: Setting CVar [[grass.DensityScale:1.0]]
[2022.07.15-21.42.47:262][  0]LogConfig: Applying CVar settings from Section [ShadingQuality@3] File [C:/Users/ivcha/Documents/GitHub/GameplayProgramming/Saved/Config/Windows/Scalability.ini]
[2022.07.15-21.42.47:262][  0]LogConfig: Setting CVar [[r.HairStrands.SkyLighting.IntegrationType:2]]
[2022.07.15-21.42.47:262][  0]LogConfig: Setting CVar [[r.HairStrands.SkyAO.SampleCount:4]]
[2022.07.15-21.42.47:262][  0]LogConfig: Setting CVar [[r.HairStrands.Visibility.MSAA.SamplePerPixel:4]]
[2022.07.15-21.42.47:262][  0]LogConfig: Applying CVar settings from Section [Startup] File [../../../Engine/Config/ConsoleVariables.ini]
[2022.07.15-21.42.47:263][  0]LogConfig: Setting CVar [[net.UseAdaptiveNetUpdateFrequency:0]]
[2022.07.15-21.42.47:263][  0]LogConfig: Setting CVar [[p.chaos.AllowCreatePhysxBodies:1]]
[2022.07.15-21.42.47:263][  0]LogConfig: Setting CVar [[fx.SkipVectorVMBackendOptimizations:1]]
[2022.07.15-21.42.47:263][  0]LogConfig: Applying CVar settings from Section [ConsoleVariables] File [C:/Users/ivcha/Documents/GitHub/GameplayProgramming/Saved/Config/Windows/Engine.ini]
[2022.07.15-21.42.47:263][  0]LogConfig: Applying CVar settings from Section [ConsoleVariables] File [C:/Users/ivcha/Documents/GitHub/GameplayProgramming/Saved/Config/Windows/Editor.ini]
[2022.07.15-21.42.47:263][  0]LogInit: Computer: DESKTOP-4KBLNKT
[2022.07.15-21.42.47:263][  0]LogInit: User: ivcha
[2022.07.15-21.42.47:263][  0]LogInit: CPU Page size=4096, Cores=8
[2022.07.15-21.42.47:263][  0]LogInit: High frequency timer resolution =10.000000 MHz
[2022.07.15-21.42.47:263][  0]LogMemory: Memory total: Physical=15.4GB (16GB approx)
[2022.07.15-21.42.47:264][  0]LogMemory: Platform Memory Stats for Windows
[2022.07.15-21.42.47:264][  0]LogMemory: Process Physical Memory: 147.50 MB used, 147.50 MB peak
[2022.07.15-21.42.47:264][  0]LogMemory: Process Virtual Memory: 131.21 MB used, 131.21 MB peak
[2022.07.15-21.42.47:264][  0]LogMemory: Physical Memory: 8962.10 MB used,  6829.18 MB free, 15791.28 MB total
[2022.07.15-21.42.47:264][  0]LogMemory: Virtual Memory: 134212680.00 MB used,  5047.66 MB free, 134217728.00 MB total
[2022.07.15-21.42.47:269][  0]LogWindows: WindowsPlatformFeatures enabled
[2022.07.15-21.42.47:310][  0]LogInit: Physics initialised using underlying interface: PhysX
[2022.07.15-21.42.47:311][  0]LogInit: Using OS detected language (es-ES).
[2022.07.15-21.42.47:311][  0]LogInit: Using OS detected locale (es-ES).
[2022.07.15-21.42.47:313][  0]LogTextLocalizationManager: No specific localization for 'es-ES' exists, so the 'es' localization will be used.
[2022.07.15-21.42.47:356][  0]LogWindowsTextInputMethodSystem: Display: IME system deactivated.
[2022.07.15-21.42.47:378][  0]LogSlate: New Slate User Created.  User Index 0, Is Virtual User: 0
[2022.07.15-21.42.47:378][  0]LogSlate: Slate User Registered.  User Index 0, Is Virtual User: 0
[2022.07.15-21.42.47:391][  0]LogD3D11RHI: Loaded GFSDK_Aftermath_Lib.x64.dll
[2022.07.15-21.42.47:405][  0]LogHMD: Failed to initialize OpenVR with code 110
[2022.07.15-21.42.47:405][  0]LogD3D11RHI: D3D11 min allowed feature level: 11_0
[2022.07.15-21.42.47:405][  0]LogD3D11RHI: D3D11 max allowed feature level: 11_0
[2022.07.15-21.42.47:405][  0]LogD3D11RHI: D3D11 adapters:
[2022.07.15-21.42.47:490][  0]LogD3D11RHI:    0. 'NVIDIA GeForce GTX 1650 Ti' (Feature Level 11_0)
[2022.07.15-21.42.47:491][  0]LogD3D11RHI:       3962/0/7895 MB DedicatedVideo/DedicatedSystem/SharedSystem, Outputs:1, VendorId:0x10de
[2022.07.15-21.42.47:516][  0]LogD3D11RHI:    1. 'AMD Radeon(TM) Graphics' (Feature Level 11_0)
[2022.07.15-21.42.47:516][  0]LogD3D11RHI:       496/0/7895 MB DedicatedVideo/DedicatedSystem/SharedSystem, Outputs:0, VendorId:0x1002
[2022.07.15-21.42.47:518][  0]LogD3D11RHI:    2. 'Microsoft Basic Render Driver' (Feature Level 11_0)
[2022.07.15-21.42.47:518][  0]LogD3D11RHI:       0/0/7895 MB DedicatedVideo/DedicatedSystem/SharedSystem, Outputs:0, VendorId:0x1414
[2022.07.15-21.42.47:518][  0]LogD3D11RHI: Chosen D3D11 Adapter:
[2022.07.15-21.42.47:518][  0]LogD3D11RHI:     Description : NVIDIA GeForce GTX 1650 Ti
[2022.07.15-21.42.47:518][  0]LogD3D11RHI:     VendorId    : 10de
[2022.07.15-21.42.47:518][  0]LogD3D11RHI:     DeviceId    : 1f95
[2022.07.15-21.42.47:518][  0]LogD3D11RHI:     SubSysId    : 16df1043
[2022.07.15-21.42.47:518][  0]LogD3D11RHI:     Revision    : 00a1
[2022.07.15-21.42.47:518][  0]LogD3D11RHI:     DedicatedVideoMemory : 4154458112 bytes
[2022.07.15-21.42.47:518][  0]LogD3D11RHI:     DedicatedSystemMemory : 0 bytes
[2022.07.15-21.42.47:518][  0]LogD3D11RHI:     SharedSystemMemory : 8279177216 bytes
[2022.07.15-21.42.47:518][  0]LogD3D11RHI:     AdapterLuid : 0 59561
[2022.07.15-21.42.47:526][  0]LogD3D11RHI: Creating new Direct3DDevice
[2022.07.15-21.42.47:526][  0]LogD3D11RHI:     GPU DeviceId: 0x1f95 (for the marketing name, search the web for "GPU Device Id")
[2022.07.15-21.42.47:526][  0]LogWindows: EnumDisplayDevices:
[2022.07.15-21.42.47:526][  0]LogWindows:    0. 'AMD Radeon(TM) Graphics' (P:1 D:1)
[2022.07.15-21.42.47:527][  0]LogWindows:    1. 'AMD Radeon(TM) Graphics' (P:0 D:0)
[2022.07.15-21.42.47:527][  0]LogWindows:    2. 'AMD Radeon(TM) Graphics' (P:0 D:0)
[2022.07.15-21.42.47:527][  0]LogWindows:    3. 'AMD Radeon(TM) Graphics' (P:0 D:0)
[2022.07.15-21.42.47:527][  0]LogWindows:    4. 'NVIDIA GeForce GTX 1650 Ti' (P:0 D:0)
[2022.07.15-21.42.47:528][  0]LogWindows:    5. 'NVIDIA GeForce GTX 1650 Ti' (P:0 D:0)
[2022.07.15-21.42.47:528][  0]LogWindows:    6. 'NVIDIA GeForce GTX 1650 Ti' (P:0 D:0)
[2022.07.15-21.42.47:528][  0]LogWindows:    7. 'NVIDIA GeForce GTX 1650 Ti' (P:0 D:0)
[2022.07.15-21.42.47:528][  0]LogWindows: DebugString: PrimaryIsNotTheChoosenAdapter PrimaryIsNotTheChoosenAdapter PrimaryIsNotTheChoosenAdapter PrimaryIsNotTheChoosenAdapter FoundDriverCount:4 
[2022.07.15-21.42.47:528][  0]LogD3D11RHI:     Adapter Name: NVIDIA GeForce GTX 1650 Ti
[2022.07.15-21.42.47:528][  0]LogD3D11RHI:   Driver Version: 516.59 (internal:31.0.15.1659, unified:516.59)
[2022.07.15-21.42.47:528][  0]LogD3D11RHI:      Driver Date: 6-23-2022
[2022.07.15-21.42.47:528][  0]LogRHI: Texture pool is 2773 MB (70% of 3962 MB)
[2022.07.15-21.42.47:528][  0]LogD3D11RHI: Creating D3DDevice using adapter:
[2022.07.15-21.42.47:528][  0]LogD3D11RHI:     Description : NVIDIA GeForce GTX 1650 Ti
[2022.07.15-21.42.47:528][  0]LogD3D11RHI:     VendorId    : 10de
[2022.07.15-21.42.47:528][  0]LogD3D11RHI:     DeviceId    : 1f95
[2022.07.15-21.42.47:528][  0]LogD3D11RHI:     SubSysId    : 16df1043
[2022.07.15-21.42.47:528][  0]LogD3D11RHI:     Revision    : 00a1
[2022.07.15-21.42.47:528][  0]LogD3D11RHI:     DedicatedVideoMemory : 4154458112 bytes
[2022.07.15-21.42.47:528][  0]LogD3D11RHI:     DedicatedSystemMemory : 0 bytes
[2022.07.15-21.42.47:528][  0]LogD3D11RHI:     SharedSystemMemory : 8279177216 bytes
[2022.07.15-21.42.47:528][  0]LogD3D11RHI:     AdapterLuid : 0 59561
[2022.07.15-21.42.47:584][  0]LogD3D11RHI: RHI has support for 64 bit atomics
[2022.07.15-21.42.47:584][  0]LogD3D11RHI: Async texture creation enabled
[2022.07.15-21.42.47:584][  0]LogD3D11RHI: Array index from any shader is supported
[2022.07.15-21.42.47:603][  0]LogD3D11RHI: GPU Timing Frequency: 1000.000000 (Debug: 2 1)
[2022.07.15-21.42.47:628][  0]LogRHI: GeForceNow SDK initialized: 1
[2022.07.15-21.42.47:894][  0]LogTargetPlatformManager: Display: Loaded TargetPlatform 'WindowsNoEditor'
[2022.07.15-21.42.47:900][  0]LogTargetPlatformManager: Display: Loaded TargetPlatform 'Windows'
[2022.07.15-21.42.47:907][  0]LogTargetPlatformManager: Display: Loaded TargetPlatform 'WindowsClient'
[2022.07.15-21.42.47:912][  0]LogTargetPlatformManager: Display: Loaded TargetPlatform 'WindowsServer'
[2022.07.15-21.42.47:912][  0]LogTargetPlatformManager: Display: Building Assets For Windows
[2022.07.15-21.42.47:922][  0]LogAudioDebug: Display: Lib vorbis DLL was dynamically loaded.
[2022.07.15-21.42.47:960][  0]LogTextureFormatOodle: Display: Oodle Texture 2.9.0 init RDO Off
[2022.07.15-21.42.47:997][  0]LogRendererCore: Ray tracing is disabled. Reason: r.RayTracing=0.
[2022.07.15-21.42.47:997][  0]LogShaderCompilers: Guid format shader working directory is -21 characters bigger than the processId version (../../../../../../Users/ivcha/Documents/GitHub/GameplayProgramming/Intermediate/Shaders/WorkingDirectory/32268/).
[2022.07.15-21.42.47:997][  0]LogShaderCompilers: Cleaned the shader compiler working directory 'C:/Users/ivcha/AppData/Local/Temp/UnrealShaderWorkingDir/61F510FD40B09F56ABC5DCB33BB96A30/'.
[2022.07.15-21.42.47:997][  0]LogXGEController: Cannot use XGE Controller as Incredibuild is not installed on this machine.
[2022.07.15-21.42.47:997][  0]LogShaderCompilers: Cannot use XGE Shader Compiler as Incredibuild is not installed on this machine.
[2022.07.15-21.42.47:997][  0]LogShaderCompilers: Display: Using Local Shader Compiler.
[2022.07.15-21.42.48:678][  0]LogDerivedDataCache: Display: Max Cache Size: 512 MB
[2022.07.15-21.42.48:729][  0]LogDerivedDataCache: Loaded boot cache 0.05s 94MB C:/Users/ivcha/AppData/Local/UnrealEngine/4.27/DerivedDataCache/Boot.ddc.
[2022.07.15-21.42.48:729][  0]LogDerivedDataCache: Display: Loaded Boot cache: C:/Users/ivcha/AppData/Local/UnrealEngine/4.27/DerivedDataCache/Boot.ddc
[2022.07.15-21.42.48:729][  0]LogDerivedDataCache: FDerivedDataBackendGraph:  Pak pak cache file ../../../../../../Users/ivcha/Documents/GitHub/GameplayProgramming/DerivedDataCache/DDC.ddp not found, will not use a pak cache.
[2022.07.15-21.42.48:729][  0]LogDerivedDataCache: Unable to find inner node Pak for hierarchical cache Hierarchy.
[2022.07.15-21.42.48:729][  0]LogDerivedDataCache: FDerivedDataBackendGraph:  CompressedPak pak cache file ../../../../../../Users/ivcha/Documents/GitHub/GameplayProgramming/DerivedDataCache/Compressed.ddp not found, will not use a pak cache.
[2022.07.15-21.42.48:729][  0]LogDerivedDataCache: Unable to find inner node CompressedPak for hierarchical cache Hierarchy.
[2022.07.15-21.42.48:747][  0]LogDerivedDataCache: Display: Pak cache opened for reading ../../../Engine/DerivedDataCache/Compressed.ddp.
[2022.07.15-21.42.48:747][  0]LogDerivedDataCache: FDerivedDataBackendGraph:  EnterprisePak pak cache file ../../../Enterprise/DerivedDataCache/Compressed.ddp not found, will not use a pak cache.
[2022.07.15-21.42.48:747][  0]LogDerivedDataCache: Unable to find inner node EnterprisePak for hierarchical cache Hierarchy.
[2022.07.15-21.42.48:756][  0]LogDerivedDataCache: Speed tests for C:/Users/ivcha/AppData/Local/UnrealEngine/Common/DerivedDataCache took 0.01 seconds
[2022.07.15-21.42.48:756][  0]LogDerivedDataCache: Display: Performance to C:/Users/ivcha/AppData/Local/UnrealEngine/Common/DerivedDataCache: Latency=0.03ms. RandomReadSpeed=252.21MBs, RandomWriteSpeed=176.18MBs. Assigned SpeedClass 'Local'
[2022.07.15-21.42.48:757][  0]LogDerivedDataCache: Using Local data cache path C:/Users/ivcha/AppData/Local/UnrealEngine/Common/DerivedDataCache: Writable
[2022.07.15-21.42.48:757][  0]LogDerivedDataCache: Shared data cache path not found in *engine.ini, will not use an Shared cache.
[2022.07.15-21.42.48:757][  0]LogDerivedDataCache: Unable to find inner node Shared for hierarchical cache Hierarchy.
[2022.07.15-21.42.48:790][  0]LogSlate: Using FreeType 2.10.0
[2022.07.15-21.42.48:791][  0]LogSlate: SlateFontServices - WITH_FREETYPE: 1, WITH_HARFBUZZ: 1
[2022.07.15-21.42.48:898][  0]LogInit: Using OS detected language (es-ES).
[2022.07.15-21.42.48:899][  0]LogInit: Using OS detected locale (es-ES).
[2022.07.15-21.42.48:899][  0]LogTextLocalizationManager: No localization for 'es-ES' exists, so 'en' will be used for the language.
[2022.07.15-21.42.48:899][  0]LogTextLocalizationManager: No localization for 'es-ES' exists, so 'en' will be used for the locale.
[2022.07.15-21.42.48:899][  0]LogSlate: FontCache flush requested. Reason: Culture for localization was changed
[2022.07.15-21.42.48:899][  0]LogSlate: FontCache flush requested. Reason: Culture for localization was changed
[2022.07.15-21.42.48:903][  0]LogAssetRegistry: FAssetRegistry took 0.0019 seconds to start up
[2022.07.15-21.42.49:054][  0]LogTextLocalizationManager: Compacting localization data took   0.01ms
[2022.07.15-21.42.49:054][  0]LogPackageLocalizationCache: Processed 27 localized package path(s) for 1 prioritized culture(s) in 0.001123 seconds
[2022.07.15-21.42.49:119][  0]LogInit: Selected Device Profile: [Windows]
[2022.07.15-21.42.49:119][  0]LogInit: Active device profile: [000002506A303A00][000002504B470480 49] Windows
[2022.07.15-21.42.49:119][  0]LogInit: Profiles: [000002506A303A00][000002504B470480 49] Windows, [000002506A2B0800][000002504B478600 49] WindowsNoEditor, [000002506A300800][000002504B47C780 49] WindowsServer, [000002506A2B2F00][000002505D74E900 49] WindowsClient, [000002506A302F00][000002505D752A80 49] IOS, [000002506A2B1300][000002505D756C00 49] iPadAir, [000002506A301200][000002505D75AD80 49] iPadAir2, [000002506A267B00][000002505D763040 49] IPadPro, [000002506A267C00][000002505D75F080 49] iPadAir3, [000002506A303000][000002505D767200 49] iPadAir4, [000002506A264D00][000002505D76B380 49] iPadMini2, [000002506A303100][000002505D76F500 49] iPadMini3, [000002506A266A00][000002505D773680 49] iPadMini4, [000002506A301300][000002504B4757C0 49] iPadMini5, [000002506A28F400][000002505D77BA00 49] iPhone6, [000002506A28F500][000002505D777A40 49] iPodTouch6, [000002506A266100][000002505D786180 49] iPhone7, [000002506A266200][000002505D7821C0 49] iPodTouch7, [000002506A28CC00][000002505D78A340 49] iPhone5S, [000002506A266F00][000002505D78E4C0 49] iPhone6Plus, [000002506A28EB00][000002505D792640 49] iPhone6S, [000002506A265900][000002505D7967C0 49] iPhone6SPlus, [000002506A28FF00][00000250693B2940 49] iPhone7Plus, [000002506A265F00][00000250693B6AC0 49] iPhoneSE, [000002506A28CD00][00000250693BAC40 49] iPhone8, [000002506A265B00][00000250693BEDC0 49] iPhone8Plus, [000002506A28E900][00000250693C2F40 49] iPhoneX, [000002506A265300][00000250693C70C0 49] iPhoneXS, [000002506A28C500][00000250693CB240 49] iPhoneXSMax, [000002506A264100][00000250693CF3C0 49] iPhoneXR, [000002506A28D500][00000250693D3540 49] iPhone11, [000002506A267A00][00000250693D76C0 49] iPhone11Pro, [000002506A28D200][00000250693DB840 49] iPhone11ProMax, [000002506A267800][000002505D77F980 49] iPhoneSE2, [000002506A28C700][00000250693DFAC0 49] iPhone12Mini, [000002506A265600][00000250693E3C00 49] iPhone12, [000002506A28CE00][00000250693E61C0 49] iPhone12Pro, [000002506A267900][00000250693EE340 49] iPhone12ProMax, [000002506A28F000][00000250693F24C0 49] iPadPro105, [000002506A267500][00000250693F6640 49] iPadPro129, [000002506A28F100][00000250693FA7C0 49] iPadPro97, [000002506A267E00][00000250693FE940 49] iPadPro2_129, [000002506A28E300][0000025069402AC0 49] iPad5, [000002506A266700][0000025069406C40 49] iPad6, [000002506A28DA00][000002506940ADC0 49] iPad7, [000002506A267400][000002506940EF40 49] iPad8, [000002506A28ED00][00000250694130C0 49] iPadPro11, [000002506A266400][0000025069417240 49] iPadPro2_11, [000002506A28EA00][000002506941B3C0 49] iPadPro3_129, [000002506A265D00][00000250611C1540 49] iPadPro4_129, [000002506A28C300][00000250611C56C0 49] AppleTV, [000002506A264B00][00000250611C9840 49] AppleTV4K, [000002506A28DE00][00000250611CD9C0 49] TVOS, [000002506A265200][00000250693EBB00 49] Mac, [000002506A28E100][00000250611D00C0 49] MacClient, [000002506A266000][00000250611D4200 49] MacNoEditor, [000002506A28E800][00000250611D8340 49] MacServer, [000002506A266600][00000250611E04C0 49] Linux, [000002506A28EF00][00000250611E4640 49] LinuxAArch64, [000002506A264500][00000250611E87C0 49] LinuxNoEditor, [000002506A2B2700][00000250611EC940 49] LinuxAArch64NoEditor, [000002506A335400][00000250611F0AC0 49] LinuxClient, [000002506A2B2500][00000250611F4C40 49] LinuxAArch64Client, [000002506A334100][00000250611F8DC0 49] LinuxServer, [000002506A2B1A00][00000250611FCF40 49] LinuxAArch64Server, [000002506A334900][00000250612010C0 49] Android, [000002506A2B0E00][0000025061205240 49] Android_Low, [000002506A335F00][00000250612093C0 49] Android_Mid, [000002506A2B2A00][000002506120D540 49] Android_High, [000002506A336300][00000250612116C0 49] Android_Default, [000002506A2B3100][0000025061215840 49] Android_Adreno4xx, [000002506A336200][00000250612199C0 49] Android_Adreno5xx_Low, [000002506A2B3A00][000002506121DB40 49] Android_Adreno5xx, [000002506A335A00][0000025061220140 49] Android_Adreno6xx, [000002506A2B0200][00000250611DC280 49] Android_Adreno6xx_Vulkan, [000002506A335600][00000250612243C0 49] Android_Mali_T6xx, [000002506A2B0C00][0000025061228500 49] Android_Mali_T7xx, [000002506A336500][0000025061230680 49] Android_Mali_T8xx, [000002506A2B0400][0000025061234800 49] Android_Mali_G71, [000002506A334D00][0000025061238980 49] Android_Mali_G72, [000002506A2B1700][000002506123CB00 49] Android_Mali_G72_Vulkan, [000002506A334500][0000025061240C80 49] Android_Mali_G76, [000002506A2B0500][0000025061244E00 49] Android_Mali_G76_Vulkan, [000002506A335500][0000025061248F80 49] Android_Mali_G77, [000002506A267F00][000002506124D100 49] Android_Mali_G77_Vulkan, [000002506A337100][0000025061251280 49] Android_Mali_G78, [000002506A264600][0000025061255400 49] Android_Mali_G78_Vulkan, [000002506A336100][0000025061259580 49] Android_Mali_G710, [000002506A264C00][000002506125D700 49] Android_Mali_G710_Vulkan, [000002506A334A00][0000025061261880 49] Android_Vulkan_SM5, [000002506A266900][0000025061265A00 49] Android_PowerVR_G6xxx, [000002506A335000][0000025061269B80 49] Android_PowerVR_GT7xxx, [000002506A266C00][000002506126C180 49] Android_PowerVR_GE8xxx, [000002506A336600][0000025061270300 49] Android_PowerVR_GM9xxx, [000002506A267700][000002506122C440 49] Android_PowerVR_GM9xxx_Vulkan, [000002506A335E00][0000025061274580 49] Android_TegraK1, [000002506A265E00][00000250612786C0 49] Android_Unknown_Vulkan, [000002506A334B00][0000025061280840 49] Lumin, [000002506A266800][00000250612849C0 49] Lumin_Desktop, [000002506A335300][000002505ADB0B40 49] HoloLens, 
[2022.07.15-21.42.49:166][  0]LogMeshReduction: Using QuadricMeshReduction for automatic static mesh reduction
[2022.07.15-21.42.49:166][  0]LogMeshReduction: Using SimplygonMeshReduction for automatic skeletal mesh reduction
[2022.07.15-21.42.49:166][  0]LogMeshReduction: Using ProxyLODMeshReduction for automatic mesh merging
[2022.07.15-21.42.49:166][  0]LogMeshReduction: No distributed automatic mesh merging module available
[2022.07.15-21.42.49:166][  0]LogMeshMerging: No distributed automatic mesh merging module available
[2022.07.15-21.42.49:260][  0]LogNetVersion: GameplayProgramming 1.0.0, NetCL: 17155196, EngineNetVer: 17, GameNetVer: 0 (Checksum: 1408040546)
[2022.07.15-21.42.49:490][  0]LogTexture: Default maximum texture size for cubemaps generated from long-lat sources has been changed from 512 to unlimited. In order to preserve old behaiour for '/Engine/MapTemplates/Sky/DaylightAmbientCubemap.DaylightAmbientCubemap', its maximum texture size has been explicitly set to 512.
[2022.07.15-21.42.49:539][  0]LogHMD: PokeAHoleMaterial loaded successfully
[2022.07.15-21.42.49:659][  0]LogMoviePlayer: Initializing movie player
[2022.07.15-21.42.49:772][  0]LogPython: Using Python 3.7.7
[2022.07.15-21.42.50:159][  0]LogNiagaraDebuggerClient: Niagara Debugger Client Initialized | Session: 3383BF1F444016CD1A29458284C53CA0 | Instance: 1273D84D494D682633085CA03756CD78 (DESKTOP-4KBLNKT-32268).
[2022.07.15-21.42.50:180][  0]LogCollectionManager: Loaded 0 collections in 0.001640 seconds
[2022.07.15-21.42.50:184][  0]LogFileCache: Scanning file cache for directory 'C:/Users/ivcha/Documents/GitHub/GameplayProgramming/Saved/Collections/' took 0.00s
[2022.07.15-21.42.50:184][  0]LogFileCache: Scanning file cache for directory 'C:/Users/ivcha/Documents/GitHub/GameplayProgramming/Content/Developers/ivcha/Collections/' took 0.00s
[2022.07.15-21.42.50:184][  0]LogCollectionManager: Fixed up redirectors for 0 collections in 0.000002 seconds (updated 0 objects)
[2022.07.15-21.42.50:224][  0]LogFileCache: Scanning file cache for directory 'C:/Users/ivcha/Documents/GitHub/GameplayProgramming/Content/Collections/' took 0.00s
[2022.07.15-21.42.50:224][  0]LogTcpMessaging: Initializing TcpMessaging bridge
[2022.07.15-21.42.50:229][  0]LogUdpMessaging: Initializing bridge on interface 0.0.0.0:0 to multicast group 230.0.0.1:6666.
[2022.07.15-21.42.50:428][  0]SourceControl: Source control is disabled
[2022.07.15-21.42.50:428][  0]SourceControl: Source control is disabled
[2022.07.15-21.42.50:436][  0]SourceControl: Source control is disabled
[2022.07.15-21.42.50:440][  0]LogUProjectInfo: Found projects:
[2022.07.15-21.42.50:471][  0]LogVSAccessor: Display: Unable to create Visual Studio setup instance: 80040154
[2022.07.15-21.42.50:472][  0]LogVSAccessor: Display: Unable to create Visual Studio setup instance: 80040154
[2022.07.15-21.42.50:472][  0]LogVSAccessor: Display: Unable to create Visual Studio setup instance: 80040154
[2022.07.15-21.42.50:519][  0]LogOpenImageDenoise: OIDN starting up
[2022.07.15-21.42.50:580][  0]LogAndroidPermission: UAndroidPermissionCallbackProxy::GetInstance
[2022.07.15-21.42.50:606][  0]LogAudioCaptureCore: Display: No Audio Capture implementations found. Audio input will be silent.
[2022.07.15-21.42.50:606][  0]LogAudioCaptureCore: Display: No Audio Capture implementations found. Audio input will be silent.
[2022.07.15-21.42.50:677][  0]LogOcInput: OculusInput pre-init called
[2022.07.15-21.42.50:686][  0]LogUObjectArray: 22121 objects as part of root set at end of initial load.
[2022.07.15-21.42.50:686][  0]LogUObjectAllocator: 5975632 out of 0 bytes used by permanent object pool.
[2022.07.15-21.42.50:686][  0]LogUObjectArray: CloseDisregardForGC: 0/0 objects in disregard for GC pool
[2022.07.15-21.42.50:742][  0]LogEngine: Initializing Engine...
[2022.07.15-21.42.50:744][  0]LogHMD: Failed to enumerate extensions. Please check that you have a valid OpenXR runtime installed.
[2022.07.15-21.42.50:744][  0]LogHMD: Failed to initialize OpenVR with code 110
[2022.07.15-21.42.50:744][  0]LogMagicLeap: Warning: VR disabled because ZI is not enabled.  To enable, in the editor, Edit -> Project Settings -> Plugins -> Magic Leap Plugin -> Enable Zero Iteration
[2022.07.15-21.42.50:746][  0]LogStats: UGameplayTagsManager::InitializeManager -  0.000 s
[2022.07.15-21.42.50:831][  0]LogInit: Initializing FReadOnlyCVARCache
[2022.07.15-21.42.50:831][  0]LogAudio: Display: Initializing Audio Device Manager...
[2022.07.15-21.42.50:836][  0]LogAudio: Display: Loading Default Audio Settings Objects...
[2022.07.15-21.42.50:837][  0]LogAudio: Display: No default SoundConcurrencyObject specified (or failed to load).
[2022.07.15-21.42.50:837][  0]LogAudio: Display: Audio Device Manager Initialized
[2022.07.15-21.42.50:837][  0]LogAudio: Display: Creating Audio Device:                 Id: 1, Scope: Shared, Realtime: True
[2022.07.15-21.42.50:837][  0]LogAudioMixer: Display: Audio Mixer Platform Settings:
[2022.07.15-21.42.50:837][  0]LogAudioMixer: Display: 	Sample Rate:						  48000
[2022.07.15-21.42.50:837][  0]LogAudioMixer: Display: 	Callback Buffer Frame Size Requested: 1024
[2022.07.15-21.42.50:837][  0]LogAudioMixer: Display: 	Callback Buffer Frame Size To Use:	  1024
[2022.07.15-21.42.50:837][  0]LogAudioMixer: Display: 	Number of buffers to queue:			  2
[2022.07.15-21.42.50:837][  0]LogAudioMixer: Display: 	Max Channels (voices):				  32
[2022.07.15-21.42.50:837][  0]LogAudioMixer: Display: 	Number of Async Source Workers:		  0
[2022.07.15-21.42.50:837][  0]LogAudio: Display: AudioDevice MaxSources: 32
[2022.07.15-21.42.50:837][  0]LogAudio: Display: Audio Spatialization Plugin: None (built-in).
[2022.07.15-21.42.50:837][  0]LogAudio: Display: Audio Reverb Plugin: None (built-in).
[2022.07.15-21.42.50:837][  0]LogAudio: Display: Audio Occlusion Plugin: None (built-in).
[2022.07.15-21.42.50:837][  0]LogAudioMixer: Display: Initializing audio mixer.
[2022.07.15-21.42.50:849][  0]LogAudioMixer: Display: 0: FrontLeft
[2022.07.15-21.42.50:849][  0]LogAudioMixer: Display: 1: FrontRight
[2022.07.15-21.42.50:864][  0]LogAudioMixer: Display: Using Audio Device Altavoces (KROM)
[2022.07.15-21.42.50:869][  0]LogAudioMixer: Display: Initializing Sound Submixes...
[2022.07.15-21.42.50:870][  0]LogAudioMixer: Display: Creating Master Submix 'MasterSubmixDefault'
[2022.07.15-21.42.50:870][  0]LogAudioMixer: Display: Creating Master Submix 'MasterReverbSubmixDefault'
[2022.07.15-21.42.50:871][  0]LogAudioMixer: Display: Creating Master Submix 'MasterEQSubmixDefault'
[2022.07.15-21.42.50:871][  0]LogAudioMixer: FMixerPlatformXAudio2::StartAudioStream() called
[2022.07.15-21.42.50:871][  0]LogAudioMixer: Display: Output buffers initialized: Frames=1024, Channels=2, Samples=2048
[2022.07.15-21.42.50:873][  0]LogAudioMixer: Display: Starting AudioMixerPlatformInterface::RunInternal()
[2022.07.15-21.42.50:873][  0]LogAudioMixer: Display: FMixerPlatformXAudio2::SubmitBuffer() called for the first time
[2022.07.15-21.42.50:873][  0]LogInit: FAudioDevice initialized.
[2022.07.15-21.42.50:875][  0]LogNetVersion: Set ProjectVersion to 1.0.0.0. Version Checksum will be recalculated on next use.
[2022.07.15-21.42.50:875][  0]LogInit: Texture streaming: Enabled
[2022.07.15-21.42.50:941][  0]LogAudio: Display: Audio Device (ID: 1) registered with world 'Untitled'.
[2022.07.15-21.42.50:941][  0]LogSlate: Updating window title bar state: overlay mode, drag disabled, window buttons hidden, title bar hidden
[2022.07.15-21.42.50:942][  0]LogInit: Display: Game Engine Initialized.
[2022.07.15-21.42.50:943][  0]LogNiagaraEditor: GEditor isn't valid! Particle reset commands will not work for Niagara components!
[2022.07.15-21.42.51:059][  0]LogInit: Display: Starting Game.
[2022.07.15-21.42.51:059][  0]LogNet: Browse: /Game/Menu/MainMenuMap?Name=Player
[2022.07.15-21.42.51:059][  0]LogLoad: LoadMap: /Game/Menu/MainMenuMap?Name=Player
[2022.07.15-21.42.51:059][  0]LogWorld: BeginTearingDown for /Temp/Untitled_0
[2022.07.15-21.42.51:060][  0]LogWorld: UWorld::CleanupWorld for Untitled, bSessionEnded=true, bCleanupResources=true
[2022.07.15-21.42.51:060][  0]LogSlate: InvalidateAllWidgets triggered.  All widgets were invalidated
[2022.07.15-21.42.51:067][  0]LogAudio: Display: Audio Device unregistered from world 'None'.
[2022.07.15-21.42.51:069][  0]LogUObjectHash: Compacting FUObjectHashTables data took   0.76ms
[2022.07.15-21.42.51:096][  0]LogAudio: Display: Audio Device (ID: 1) registered with world 'MainMenuMap'.
[2022.07.15-21.42.51:103][  0]LogAIModule: Creating AISystem for world MainMenuMap
[2022.07.15-21.42.51:363][  0]LogLoad: Game class is 'FirstPersonGameMode_C'
[2022.07.15-21.42.51:364][  0]LogWorld: Bringing World /Game/Menu/MainMenuMap.MainMenuMap up for play (max tick rate 0) at 2022.07.15-23.42.51
[2022.07.15-21.42.51:364][  0]LogWorld: Bringing up level for play took: 0.000711
[2022.07.15-21.42.51:365][  0]LogGameMode: FindPlayerStart: PATHS NOT DEFINED or NO PLAYERSTART with positive rating
[2022.07.15-21.42.51:369][  0]LogViewport: Display: Viewport MouseLockMode Changed, LockOnCapture -> DoNotLock
[2022.07.15-21.42.51:369][  0]LogViewport: Display: Viewport MouseCaptureMode Changed, CapturePermanently_IncludingInitialMouseDown -> NoCapture
[2022.07.15-21.42.51:369][  0]LogLoad: Took 0.310296 seconds to LoadMap(/Game/Menu/MainMenuMap)
[2022.07.15-21.42.51:401][  0]LogSlate: Took 0.000163 seconds to synchronously load lazily loaded font '../../../Engine/Content/Slate/Fonts/Roboto-Regular.ttf' (155K)
[2022.07.15-21.42.51:424][  0]LogRenderer: Reallocating scene render targets to support 1280x720 Format 10 NumSamples 1 (Frame:1).
[2022.07.15-21.42.51:424][  0]LogInit: Display: Engine is initialized. Leaving FEngineLoop::Init()
[2022.07.15-21.42.51:424][  0]LogLoad: (Engine Initialization) Total time: 5.24 seconds
[2022.07.15-21.42.51:424][  0]LogLoad: (Engine Initialization) Total Blueprint compile time: 0.00 seconds
[2022.07.15-21.42.51:427][  0]LogContentStreaming: Texture pool size now 1000 MB
[2022.07.15-21.42.51:434][  0]LogSlate: InvalidateAllWidgets triggered.  All widgets were invalidated
[2022.07.15-21.42.51:632][  1]LogSlate: Took 0.000172 seconds to synchronously load lazily loaded font '../../../Engine/Content/Slate/Fonts/Roboto-Regular.ttf' (155K)
[2022.07.15-21.42.56:958][872]LogViewport: Display: Viewport MouseLockMode Changed, DoNotLock -> LockOnCapture
[2022.07.15-21.42.56:958][872]LogViewport: Display: Viewport MouseCaptureMode Changed, NoCapture -> CapturePermanently
[2022.07.15-21.42.57:037][872]LogPackageName: SearchForPackageOnDisk took   0.079s to resolve PlayTestMap.umap.
[2022.07.15-21.42.57:116][872]LogPackageName: SearchForPackageOnDisk took   0.078s to resolve PlayTestMap.umap.
[2022.07.15-21.42.57:116][872]LogNet: Browse: /Game/Maps/PlayTest/PlayTestMap
[2022.07.15-21.42.57:116][872]LogLoad: LoadMap: /Game/Maps/PlayTest/PlayTestMap
[2022.07.15-21.42.57:116][872]LogWorld: BeginTearingDown for /Game/Menu/MainMenuMap
[2022.07.15-21.42.57:117][872]LogWorld: UWorld::CleanupWorld for MainMenuMap, bSessionEnded=true, bCleanupResources=true
[2022.07.15-21.42.57:117][872]LogSlate: InvalidateAllWidgets triggered.  All widgets were invalidated
[2022.07.15-21.42.57:157][872]LogAudio: Display: Audio Device unregistered from world 'None'.
[2022.07.15-21.42.57:166][872]LogUObjectHash: Compacting FUObjectHashTables data took   0.82ms
[2022.07.15-21.42.57:677][872]LogAudio: Display: Audio Device (ID: 1) registered with world 'PlayTestMap'.
[2022.07.15-21.42.57:678][872]LogAIModule: Creating AISystem for world PlayTestMap
[2022.07.15-21.42.57:678][872]LogLoad: Game class is 'FirstPersonGameMode_C'
[2022.07.15-21.42.57:680][872]LogPhysics: Warning: Scale for /Game/Maps/PlayTest/PlayTestMap.PlayTestMap:PersistentLevel.EnemyBP_2.SpawnPoint has a component set to zero, which will result in a bad body instance. Scale:X=0.000 Y=0.000 Z=0.000
[2022.07.15-21.42.57:680][872]LogPhysics: Warning: Initialising Body : Scale3D is (nearly) zero: Component: '/Game/Maps/PlayTest/PlayTestMap.PlayTestMap:PersistentLevel.EnemyBP_2.SpawnPoint' 
[2022.07.15-21.42.57:681][872]LogPhysics: Warning: Scale for /Game/Maps/PlayTest/PlayTestMap.PlayTestMap:PersistentLevel.EnemyBP2_5.SpawnPoint has a component set to zero, which will result in a bad body instance. Scale:X=0.000 Y=0.000 Z=0.000
[2022.07.15-21.42.57:681][872]LogPhysics: Warning: Initialising Body : Scale3D is (nearly) zero: Component: '/Game/Maps/PlayTest/PlayTestMap.PlayTestMap:PersistentLevel.EnemyBP2_5.SpawnPoint' 
[2022.07.15-21.42.57:684][872]LogPhysics: Warning: Scale for /Game/Maps/PlayTest/PlayTestMap.PlayTestMap:PersistentLevel.EnemyBP_2.SpawnPoint has a component set to zero, which will result in a bad body instance. Scale:X=0.000 Y=0.000 Z=0.000
[2022.07.15-21.42.57:684][872]LogPhysics: Warning: Initialising Body : Scale3D is (nearly) zero: Component: '/Game/Maps/PlayTest/PlayTestMap.PlayTestMap:PersistentLevel.EnemyBP_2.SpawnPoint' 
[2022.07.15-21.42.57:684][872]LogPhysics: Warning: Scale for /Game/Maps/PlayTest/PlayTestMap.PlayTestMap:PersistentLevel.EnemyBP_2.SpawnPoint has a component set to zero, which will result in a bad body instance. Scale:X=0.000 Y=0.000 Z=0.000
[2022.07.15-21.42.57:684][872]LogPhysics: Warning: Initialising Body : Scale3D is (nearly) zero: Component: '/Game/Maps/PlayTest/PlayTestMap.PlayTestMap:PersistentLevel.EnemyBP_2.SpawnPoint' 
[2022.07.15-21.42.57:684][872]LogPhysics: Warning: Scale for /Game/Maps/PlayTest/PlayTestMap.PlayTestMap:PersistentLevel.EnemyBP_2.SpawnPoint has a component set to zero, which will result in a bad body instance. Scale:X=0.000 Y=0.000 Z=0.000
[2022.07.15-21.42.57:684][872]LogPhysics: Warning: Initialising Body : Scale3D is (nearly) zero: Component: '/Game/Maps/PlayTest/PlayTestMap.PlayTestMap:PersistentLevel.EnemyBP_2.SpawnPoint' 
[2022.07.15-21.42.57:684][872]LogPhysics: Warning: Scale for /Game/Maps/PlayTest/PlayTestMap.PlayTestMap:PersistentLevel.EnemyBP2_5.SpawnPoint has a component set to zero, which will result in a bad body instance. Scale:X=0.000 Y=0.000 Z=0.000
[2022.07.15-21.42.57:684][872]LogPhysics: Warning: Initialising Body : Scale3D is (nearly) zero: Component: '/Game/Maps/PlayTest/PlayTestMap.PlayTestMap:PersistentLevel.EnemyBP2_5.SpawnPoint' 
[2022.07.15-21.42.57:685][872]LogPhysics: Warning: Scale for /Game/Maps/PlayTest/PlayTestMap.PlayTestMap:PersistentLevel.EnemyBP2_5.SpawnPoint has a component set to zero, which will result in a bad body instance. Scale:X=0.000 Y=0.000 Z=0.000
[2022.07.15-21.42.57:685][872]LogPhysics: Warning: Initialising Body : Scale3D is (nearly) zero: Component: '/Game/Maps/PlayTest/PlayTestMap.PlayTestMap:PersistentLevel.EnemyBP2_5.SpawnPoint' 
[2022.07.15-21.42.57:685][872]LogPhysics: Warning: Scale for /Game/Maps/PlayTest/PlayTestMap.PlayTestMap:PersistentLevel.EnemyBP2_5.SpawnPoint has a component set to zero, which will result in a bad body instance. Scale:X=0.000 Y=0.000 Z=0.000
[2022.07.15-21.42.57:685][872]LogPhysics: Warning: Initialising Body : Scale3D is (nearly) zero: Component: '/Game/Maps/PlayTest/PlayTestMap.PlayTestMap:PersistentLevel.EnemyBP2_5.SpawnPoint' 
[2022.07.15-21.42.57:685][872]LogWorld: Bringing World /Game/Maps/PlayTest/PlayTestMap.PlayTestMap up for play (max tick rate 0) at 2022.07.15-23.42.57
[2022.07.15-21.42.57:686][872]LogWorld: Bringing up level for play took: 0.006712
[2022.07.15-21.42.57:691][872]LogLoad: Took 0.575805 seconds to LoadMap(/Game/Maps/PlayTest/PlayTestMap)
[2022.07.15-21.42.57:695][873]LogCharacterMovement: Warning: GetSimulationTimeStep() - Max iterations 8 hit while remaining time 0.087439 > MaxSimulationTimeStep (0.050) for 'EnemyBP_2', movement 'Walking'
[2022.07.15-21.43.13:714][678]LogRenderer: Reallocating scene render targets to support 1152x648 Format 10 NumSamples 1 (Frame:2807).
