Log file open, 07/15/22 23:40:01
LogWindows: Failed to load 'aqProf.dll' (GetLastError=126)
LogWindows: File 'aqProf.dll' does not exist
LogWindows: Failed to load 'VtuneApi.dll' (GetLastError=126)
LogWindows: File 'VtuneApi.dll' does not exist
LogWindows: Failed to load 'VtuneApi32e.dll' (GetLastError=126)
LogWindows: File 'VtuneApi32e.dll' does not exist
LogConsoleResponse: Display: Failed to find resolution value strings in scalability ini. Falling back to default.
LogConsoleResponse: Display: Failed to find resolution value strings in scalability ini. Falling back to default.
LogInit: Display: Running engine for game: GameplayProgramming
LogPlatformFile: Not using cached read wrapper
LogTaskGraph: Started task graph with 5 named threads and 47 total threads with 3 sets of task threads.
LogStats: Stats thread started at 0.234707
LogICUInternationalization: ICU TimeZone Detection - Raw Offset: +1:00, Platform Override: ''
LogInit: Display: Loading text-based GConfig....
LogPluginManager: Mounting plugin MeshPainting
LogPluginManager: Mounting plugin XGEController
LogPluginManager: Mounting plugin Paper2D
LogPluginManager: Mounting plugin LiveLink
LogPluginManager: Mounting plugin AISupport
LogPluginManager: Mounting plugin EnvironmentQueryEditor
LogPluginManager: Mounting plugin OodleData
LogPluginManager: Mounting plugin GameplayCameras
LogPluginManager: Mounting plugin CameraShakePreviewer
LogPluginManager: Mounting plugin AnimationSharing
LogPluginManager: Mounting plugin OodleNetwork
LogPluginManager: Mounting plugin CodeLiteSourceCodeAccess
LogPluginManager: Mounting plugin CLionSourceCodeAccess
LogPluginManager: Mounting plugin KDevelopSourceCodeAccess
LogPluginManager: Mounting plugin AssetManagerEditor
LogPluginManager: Mounting plugin GitSourceControl
LogPluginManager: Mounting plugin PerforceSourceControl
LogPluginManager: Mounting plugin NullSourceCodeAccess
LogPluginManager: Mounting plugin PlasticSourceControl
LogPluginManager: Mounting plugin SubversionSourceControl
LogPluginManager: Mounting plugin PixWinPlugin
LogPluginManager: Mounting plugin CryptoKeys
LogPluginManager: Mounting plugin RiderSourceCodeAccess
LogPluginManager: Mounting plugin Niagara
LogPluginManager: Mounting plugin TextureFormatOodle
LogPluginManager: Mounting plugin CurveEditorTools
LogPluginManager: Mounting plugin DataValidation
LogPluginManager: Mounting plugin PluginUtils
LogPluginManager: Mounting plugin FacialAnimation
LogPluginManager: Mounting plugin PropertyAccessNode
LogPluginManager: Mounting plugin GameplayTagsEditor
LogPluginManager: Mounting plugin GeometryMode
LogPluginManager: Mounting plugin UObjectPlugin
LogPluginManager: Mounting plugin MaterialAnalyzer
LogPluginManager: Mounting plugin MacGraphicsSwitching
LogPluginManager: Mounting plugin MobileLauncherProfileWizard
LogPluginManager: Mounting plugin DatasmithContent
LogPluginManager: Mounting plugin VisualStudioCodeSourceCodeAccess
LogPluginManager: Mounting plugin XCodeSourceCodeAccess
LogPluginManager: Mounting plugin VisualStudioSourceCodeAccess
LogPluginManager: Mounting plugin SpeedTreeImporter
LogPluginManager: Mounting plugin MagicLeap
LogPluginManager: Mounting plugin PluginBrowser
LogPluginManager: Mounting plugin VariantManagerContent
LogPluginManager: Mounting plugin MagicLeapLightEstimation
LogPluginManager: Mounting plugin LuminPlatformFeatures
LogPluginManager: Mounting plugin MagicLeapMedia
LogPluginManager: Mounting plugin MagicLeapPassableWorld
LogPluginManager: Mounting plugin MLSDK
LogPluginManager: Mounting plugin AvfMedia
LogPluginManager: Mounting plugin AndroidMedia
LogPluginManager: Mounting plugin ImgMedia
LogPluginManager: Mounting plugin MediaCompositing
LogPluginManager: Mounting plugin MediaPlayerEditor
LogPluginManager: Mounting plugin WebMMedia
LogPluginManager: Mounting plugin WmfMedia
LogPluginManager: Mounting plugin TcpMessaging
LogPluginManager: Mounting plugin UdpMessaging
LogPluginManager: Mounting plugin AlembicImporter
LogPluginManager: Mounting plugin AutomationUtils
LogPluginManager: Mounting plugin BackChannel
LogPluginManager: Mounting plugin ChaosCloth
LogPluginManager: Mounting plugin ChaosNiagara
LogPluginManager: Mounting plugin ChaosEditor
LogPluginManager: Mounting plugin ChaosClothEditor
LogPluginManager: Mounting plugin ChaosSolverPlugin
LogPluginManager: Mounting plugin CharacterAI
LogPluginManager: Mounting plugin ActorSequence
LogPluginManager: Mounting plugin GeometryCache
LogPluginManager: Mounting plugin MatineeToLevelSequence
LogPluginManager: Mounting plugin LevelSequenceEditor
LogPluginManager: Mounting plugin GeometryCollectionPlugin
LogPluginManager: Mounting plugin TemplateSequence
LogPluginManager: Mounting plugin GeometryProcessing
LogPluginManager: Mounting plugin OpenImageDenoise
LogPluginManager: Mounting plugin PlanarCut
LogPluginManager: Mounting plugin MotoSynth
LogPluginManager: Mounting plugin ProxyLODPlugin
LogPluginManager: Mounting plugin PlatformCrypto
LogPluginManager: Mounting plugin PythonScriptPlugin
LogPluginManager: Mounting plugin SkeletalReduction
LogPluginManager: Mounting plugin OnlineSubsystem
LogPluginManager: Mounting plugin OnlineSubsystemNull
LogPluginManager: Mounting plugin OnlineSubsystemUtils
LogPluginManager: Mounting plugin LauncherChunkInstaller
LogPluginManager: Mounting plugin ActorLayerUtilities
LogPluginManager: Mounting plugin ScreenshotTools
LogPluginManager: Mounting plugin AndroidMoviePlayer
LogPluginManager: Mounting plugin AndroidDeviceProfileSelector
LogPluginManager: Mounting plugin AppleMoviePlayer
LogPluginManager: Mounting plugin AppleImageUtils
LogPluginManager: Mounting plugin ArchVisCharacter
LogPluginManager: Mounting plugin AssetTags
LogPluginManager: Mounting plugin AudioCapture
LogPluginManager: Mounting plugin AudioSynesthesia
LogPluginManager: Mounting plugin AndroidPermission
LogPluginManager: Mounting plugin CableComponent
LogPluginManager: Mounting plugin CustomMeshComponent
LogPluginManager: Mounting plugin ChunkDownloader
LogPluginManager: Mounting plugin ExampleDeviceProfileSelector
LogPluginManager: Mounting plugin GooglePAD
LogPluginManager: Mounting plugin GoogleCloudMessaging
LogPluginManager: Mounting plugin EditableMesh
LogPluginManager: Mounting plugin Takes
LogPluginManager: Mounting plugin IOSDeviceProfileSelector
LogPluginManager: Mounting plugin LinuxDeviceProfileSelector
LogPluginManager: Mounting plugin LocationServicesBPLibrary
LogPluginManager: Mounting plugin MobilePatchingUtils
LogPluginManager: Mounting plugin OpenXR
LogPluginManager: Mounting plugin OpenXRHandTracking
LogPluginManager: Mounting plugin OpenXREyeTracker
LogPluginManager: Mounting plugin PostSplashScreen
LogPluginManager: Mounting plugin PhysXVehicles
LogPluginManager: Mounting plugin ProceduralMeshComponent
LogPluginManager: Mounting plugin SignificanceManager
LogPluginManager: Mounting plugin PropertyAccessEditor
LogPluginManager: Mounting plugin RuntimePhysXCooking
LogPluginManager: Mounting plugin SoundFields
LogPluginManager: Mounting plugin Synthesis
LogPluginManager: Mounting plugin WindowsMoviePlayer
LogPluginManager: Mounting plugin WebMMoviePlayer
LogPluginManager: Mounting plugin LightPropagationVolume
LogPluginManager: Mounting plugin ContentBrowserAssetDataSource
LogPluginManager: Mounting plugin ContentBrowserClassDataSource
LogPluginManager: Mounting plugin ContentBrowserFileDataSource
LogPluginManager: Mounting plugin OnlineSubsystemIOS
LogPluginManager: Mounting plugin OnlineSubsystemGooglePlay
LogPluginManager: Mounting plugin OculusVR
LogPluginManager: Mounting plugin SteamVR
PixWinPlugin: PIX capture plugin failed to initialize! Check that the process is launched from PIX.
LogInit: Using libcurl 7.55.1-DEV
LogInit:  - built for x86_64-pc-win32
LogInit:  - supports SSL with OpenSSL/1.1.1
LogInit:  - supports HTTP deflate (compression) using libz 1.2.8
LogInit:  - other features:
LogInit:      CURL_VERSION_SSL
LogInit:      CURL_VERSION_LIBZ
LogInit:      CURL_VERSION_IPV6
LogInit:      CURL_VERSION_ASYNCHDNS
LogInit:      CURL_VERSION_LARGEFILE
LogInit:      CURL_VERSION_IDN
LogInit:  CurlRequestOptions (configurable via config and command line):
LogInit:  - bVerifyPeer = true  - Libcurl will verify peer certificate
LogInit:  - bUseHttpProxy = false  - Libcurl will NOT use HTTP proxy
LogInit:  - bDontReuseConnections = false  - Libcurl will reuse connections
LogInit:  - MaxHostConnections = 16  - Libcurl will limit the number of connections to a host
LogInit:  - LocalHostAddr = Default
LogInit:  - BufferSize = 65536
LogOnline: OSS: Creating online subsystem instance for: NULL
LogInit: WinSock: version 1.1 (2.2), MaxSocks=32767, MaxUdp=65467
LogOnline: OSS: TryLoadSubsystemAndSetDefault: Loaded subsystem for module [NULL]
LogOculusPluginWrapper: OculusPlugin initialized successfully
LogHMD: Failed initializing OVRPlugin 1.59.0
LogInit: Build: ++UE4+Release-4.27-CL-18319896
LogInit: Engine Version: 4.27.2-18319896+++UE4+Release-4.27
LogInit: Compatible Engine Version: 4.27.0-17155196+++UE4+Release-4.27
LogInit: Net CL: 17155196
LogInit: OS: Windows 10 (Release 2009) (), CPU: AMD Ryzen 7 4800H with Radeon Graphics         , GPU: AMD Radeon(TM) Graphics
LogInit: Compiled (64-bit): Nov 30 2021 07:12:08
LogInit: Compiled with Visual C++: 19.24.28315.00
LogInit: Build Configuration: Development
LogInit: Branch Name: ++UE4+Release-4.27
LogInit: Command Line:  /Game/Menu/MainMenuMap -game -PIEVIACONSOLE -Multiprocess GameUserSettingsINI=C:/Users/ivcha/Documents/GitHub/GameplayProgramming/Saved/Config/Windows/PIEGameUserSettings0.ini -MultiprocessSaveConfig -forcepassthrough -messaging -SessionName="Play in Standalone Game" -windowed -ResX=1280 -ResY=720
LogInit: Base Directory: C:/Program Files/Epic Games/UE_4.27/Engine/Binaries/Win64/
LogInit: Allocator: TBB
LogInit: Installed Engine Build: 1
LogDevObjectVersion: Number of dev versions registered: 29
LogDevObjectVersion:   Dev-Blueprints (B0D832E4-1F89-4F0D-ACCF-7EB736FD4AA2): 10
LogDevObjectVersion:   Dev-Build (E1C64328-A22C-4D53-A36C-8E866417BD8C): 0
LogDevObjectVersion:   Dev-Core (375EC13C-06E4-48FB-B500-84F0262A717E): 4
LogDevObjectVersion:   Dev-Editor (E4B068ED-F494-42E9-A231-DA0B2E46BB41): 40
LogDevObjectVersion:   Dev-Framework (CFFC743F-43B0-4480-9391-14DF171D2073): 37
LogDevObjectVersion:   Dev-Mobile (B02B49B5-BB20-44E9-A304-32B752E40360): 3
LogDevObjectVersion:   Dev-Networking (A4E4105C-59A1-49B5-A7C5-40C4547EDFEE): 0
LogDevObjectVersion:   Dev-Online (39C831C9-5AE6-47DC-9A44-9C173E1C8E7C): 0
LogDevObjectVersion:   Dev-Physics (78F01B33-EBEA-4F98-B9B4-84EACCB95AA2): 14
LogDevObjectVersion:   Dev-Platform (6631380F-2D4D-43E0-8009-CF276956A95A): 0
LogDevObjectVersion:   Dev-Rendering (12F88B9F-8875-4AFC-A67C-D90C383ABD29): 45
LogDevObjectVersion:   Dev-Sequencer (7B5AE74C-D270-4C10-A958-57980B212A5A): 13
LogDevObjectVersion:   Dev-VR (D7296918-1DD6-4BDD-9DE2-64A83CC13884): 3
LogDevObjectVersion:   Dev-LoadTimes (C2A15278-BFE7-4AFE-6C17-90FF531DF755): 1
LogDevObjectVersion:   Private-Geometry (6EACA3D4-40EC-4CC1-B786-8BED09428FC5): 3
LogDevObjectVersion:   Dev-AnimPhys (29E575DD-E0A3-4627-9D10-D276232CDCEA): 17
LogDevObjectVersion:   Dev-Anim (AF43A65D-7FD3-4947-9873-3E8ED9C1BB05): 15
LogDevObjectVersion:   Dev-ReflectionCapture (6B266CEC-1EC7-4B8F-A30B-E4D90942FC07): 1
LogDevObjectVersion:   Dev-Automation (0DF73D61-A23F-47EA-B727-89E90C41499A): 1
LogDevObjectVersion:   FortniteMain (601D1886-AC64-4F84-AA16-D3DE0DEAC7D6): 47
LogDevObjectVersion:   FortniteRelease (E7086368-6B23-4C58-8439-1B7016265E91): 1
LogDevObjectVersion:   Dev-Enterprise (9DFFBCD6-494F-0158-E221-12823C92A888): 10
LogDevObjectVersion:   Dev-Niagara (F2AED0AC-9AFE-416F-8664-AA7FFA26D6FC): 1
LogDevObjectVersion:   Dev-Destruction (174F1F0B-B4C6-45A5-B13F-2EE8D0FB917D): 10
LogDevObjectVersion:   Dev-Physics-Ext (35F94A83-E258-406C-A318-09F59610247C): 41
LogDevObjectVersion:   Dev-PhysicsMaterial-Chaos (B68FC16E-8B1B-42E2-B453-215C058844FE): 1
LogDevObjectVersion:   Dev-CineCamera (B2E18506-4273-CFC2-A54E-F4BB758BBA07): 1
LogDevObjectVersion:   Dev-VirtualProduction (64F58936-FD1B-42BA-BA96-7289D5D0FA4E): 1
LogDevObjectVersion:   Dev-MediaFramework (6F0ED827-A609-4895-9C91-998D90180EA4): 2
LogInit: Presizing for max 25165824 objects, including 0 objects not considered by GC, pre-allocating 0 bytes for permanent pool.
LogConfig: Applying CVar settings from Section [/Script/Engine.StreamingSettings] File [C:/Users/ivcha/Documents/GitHub/GameplayProgramming/Saved/Config/Windows/Engine.ini]
LogConfig: Setting CVar [[s.MinBulkDataSizeForAsyncLoading:131072]]
LogConfig: Setting CVar [[s.AsyncLoadingThreadEnabled:0]]
LogConfig: Setting CVar [[s.EventDrivenLoaderEnabled:1]]
LogConfig: Setting CVar [[s.WarnIfTimeLimitExceeded:0]]
LogConfig: Setting CVar [[s.TimeLimitExceededMultiplier:1.5]]
LogConfig: Setting CVar [[s.TimeLimitExceededMinTime:0.005]]
LogConfig: Setting CVar [[s.UseBackgroundLevelStreaming:1]]
LogConfig: Setting CVar [[s.PriorityAsyncLoadingExtraTime:15.0]]
LogConfig: Setting CVar [[s.LevelStreamingActorsUpdateTimeLimit:5.0]]
LogConfig: Setting CVar [[s.PriorityLevelStreamingActorsUpdateExtraTime:5.0]]
LogConfig: Setting CVar [[s.LevelStreamingComponentsRegistrationGranularity:10]]
LogConfig: Setting CVar [[s.UnregisterComponentsTimeLimit:1.0]]
LogConfig: Setting CVar [[s.LevelStreamingComponentsUnregistrationGranularity:5]]
LogConfig: Setting CVar [[s.FlushStreamingOnExit:1]]
LogInit: Object subsystem initialized
LogConfig: Setting CVar [[con.DebugEarlyDefault:1]]
LogConfig: Setting CVar [[r.setres:1280x720]]
[2022.07.15-21.40.01:985][  0]LogConfig: Setting CVar [[con.DebugEarlyDefault:1]]
[2022.07.15-21.40.01:985][  0]LogConfig: Setting CVar [[r.setres:1280x720]]
[2022.07.15-21.40.01:985][  0]LogConfig: Applying CVar settings from Section [/Script/Engine.RendererSettings] File [C:/Users/ivcha/Documents/GitHub/GameplayProgramming/Saved/Config/Windows/Engine.ini]
[2022.07.15-21.40.01:985][  0]LogConfig: Setting CVar [[r.GPUCrashDebugging:0]]
[2022.07.15-21.40.01:985][  0]LogConfig: Applying CVar settings from Section [/Script/Engine.RendererOverrideSettings] File [C:/Users/ivcha/Documents/GitHub/GameplayProgramming/Saved/Config/Windows/Engine.ini]
[2022.07.15-21.40.01:985][  0]LogConfig: Applying CVar settings from Section [/Script/Engine.StreamingSettings] File [C:/Users/ivcha/Documents/GitHub/GameplayProgramming/Saved/Config/Windows/Engine.ini]
[2022.07.15-21.40.01:985][  0]LogConfig: Setting CVar [[s.MinBulkDataSizeForAsyncLoading:131072]]
[2022.07.15-21.40.01:985][  0]LogConfig: Setting CVar [[s.AsyncLoadingThreadEnabled:0]]
[2022.07.15-21.40.01:986][  0]LogConfig: Setting CVar [[s.EventDrivenLoaderEnabled:1]]
[2022.07.15-21.40.01:986][  0]LogConfig: Setting CVar [[s.WarnIfTimeLimitExceeded:0]]
[2022.07.15-21.40.01:986][  0]LogConfig: Setting CVar [[s.TimeLimitExceededMultiplier:1.5]]
[2022.07.15-21.40.01:986][  0]LogConfig: Setting CVar [[s.TimeLimitExceededMinTime:0.005]]
[2022.07.15-21.40.01:986][  0]LogConfig: Setting CVar [[s.UseBackgroundLevelStreaming:1]]
[2022.07.15-21.40.01:986][  0]LogConfig: Setting CVar [[s.PriorityAsyncLoadingExtraTime:15.0]]
[2022.07.15-21.40.01:986][  0]LogConfig: Setting CVar [[s.LevelStreamingActorsUpdateTimeLimit:5.0]]
[2022.07.15-21.40.01:986][  0]LogConfig: Setting CVar [[s.PriorityLevelStreamingActorsUpdateExtraTime:5.0]]
[2022.07.15-21.40.01:986][  0]LogConfig: Setting CVar [[s.LevelStreamingComponentsRegistrationGranularity:10]]
[2022.07.15-21.40.01:986][  0]LogConfig: Setting CVar [[s.UnregisterComponentsTimeLimit:1.0]]
[2022.07.15-21.40.01:986][  0]LogConfig: Setting CVar [[s.LevelStreamingComponentsUnregistrationGranularity:5]]
[2022.07.15-21.40.01:986][  0]LogConfig: Setting CVar [[s.FlushStreamingOnExit:1]]
[2022.07.15-21.40.01:986][  0]LogConfig: Applying CVar settings from Section [/Script/Engine.GarbageCollectionSettings] File [C:/Users/ivcha/Documents/GitHub/GameplayProgramming/Saved/Config/Windows/Engine.ini]
[2022.07.15-21.40.01:986][  0]LogConfig: Setting CVar [[gc.MaxObjectsNotConsideredByGC:1]]
[2022.07.15-21.40.01:986][  0]LogConfig: Setting CVar [[gc.SizeOfPermanentObjectPool:0]]
[2022.07.15-21.40.01:986][  0]LogConfig: Setting CVar [[gc.FlushStreamingOnGC:0]]
[2022.07.15-21.40.01:986][  0]LogConfig: Setting CVar [[gc.NumRetriesBeforeForcingGC:10]]
[2022.07.15-21.40.01:986][  0]LogConfig: Setting CVar [[gc.AllowParallelGC:1]]
[2022.07.15-21.40.01:986][  0]LogConfig: Setting CVar [[gc.TimeBetweenPurgingPendingKillObjects:61.1]]
[2022.07.15-21.40.01:986][  0]LogConfig: Setting CVar [[gc.MaxObjectsInEditor:25165824]]
[2022.07.15-21.40.01:986][  0]LogConfig: Setting CVar [[gc.IncrementalBeginDestroyEnabled:1]]
[2022.07.15-21.40.01:986][  0]LogConfig: Setting CVar [[gc.CreateGCClusters:1]]
[2022.07.15-21.40.01:986][  0]LogConfig: Setting CVar [[gc.MinGCClusterSize:5]]
[2022.07.15-21.40.01:986][  0]LogConfig: Setting CVar [[gc.ActorClusteringEnabled:0]]
[2022.07.15-21.40.01:986][  0]LogConfig: Setting CVar [[gc.BlueprintClusteringEnabled:0]]
[2022.07.15-21.40.01:986][  0]LogConfig: Setting CVar [[gc.UseDisregardForGCOnDedicatedServers:0]]
[2022.07.15-21.40.01:986][  0]LogConfig: Setting CVar [[gc.MultithreadedDestructionEnabled:1]]
[2022.07.15-21.40.01:986][  0]LogConfig: Applying CVar settings from Section [/Script/Engine.NetworkSettings] File [C:/Users/ivcha/Documents/GitHub/GameplayProgramming/Saved/Config/Windows/Engine.ini]
[2022.07.15-21.40.01:986][  0]LogConfig: Applying CVar settings from Section [/Script/UnrealEd.CookerSettings] File [C:/Users/ivcha/Documents/GitHub/GameplayProgramming/Saved/Config/Windows/Engine.ini]
[2022.07.15-21.40.01:991][  0]LogConfig: Applying CVar settings from Section [ViewDistanceQuality@3] File [C:/Users/ivcha/Documents/GitHub/GameplayProgramming/Saved/Config/Windows/Scalability.ini]
[2022.07.15-21.40.01:991][  0]LogConfig: Setting CVar [[r.SkeletalMeshLODBias:0]]
[2022.07.15-21.40.01:991][  0]LogConfig: Setting CVar [[r.ViewDistanceScale:1.0]]
[2022.07.15-21.40.01:991][  0]LogConfig: Applying CVar settings from Section [AntiAliasingQuality@3] File [C:/Users/ivcha/Documents/GitHub/GameplayProgramming/Saved/Config/Windows/Scalability.ini]
[2022.07.15-21.40.01:991][  0]LogConfig: Setting CVar [[r.PostProcessAAQuality:4]]
[2022.07.15-21.40.01:991][  0]LogConfig: Applying CVar settings from Section [ShadowQuality@3] File [C:/Users/ivcha/Documents/GitHub/GameplayProgramming/Saved/Config/Windows/Scalability.ini]
[2022.07.15-21.40.01:991][  0]LogConfig: Setting CVar [[r.LightFunctionQuality:1]]
[2022.07.15-21.40.01:991][  0]LogConfig: Setting CVar [[r.ShadowQuality:5]]
[2022.07.15-21.40.01:991][  0]LogConfig: Setting CVar [[r.Shadow.CSM.MaxCascades:10]]
[2022.07.15-21.40.01:991][  0]LogConfig: Setting CVar [[r.Shadow.MaxResolution:2048]]
[2022.07.15-21.40.01:991][  0]LogConfig: Setting CVar [[r.Shadow.MaxCSMResolution:2048]]
[2022.07.15-21.40.01:991][  0]LogConfig: Setting CVar [[r.Shadow.RadiusThreshold:0.01]]
[2022.07.15-21.40.01:991][  0]LogConfig: Setting CVar [[r.Shadow.DistanceScale:1.0]]
[2022.07.15-21.40.01:991][  0]LogConfig: Setting CVar [[r.Shadow.CSM.TransitionScale:1.0]]
[2022.07.15-21.40.01:991][  0]LogConfig: Setting CVar [[r.Shadow.PreShadowResolutionFactor:1.0]]
[2022.07.15-21.40.01:991][  0]LogConfig: Setting CVar [[r.DistanceFieldShadowing:1]]
[2022.07.15-21.40.01:991][  0]LogConfig: Setting CVar [[r.DistanceFieldAO:1]]
[2022.07.15-21.40.01:991][  0]LogConfig: Setting CVar [[r.AOQuality:2]]
[2022.07.15-21.40.01:991][  0]LogConfig: Setting CVar [[r.VolumetricFog:1]]
[2022.07.15-21.40.01:991][  0]LogConfig: Setting CVar [[r.VolumetricFog.GridPixelSize:8]]
[2022.07.15-21.40.01:991][  0]LogConfig: Setting CVar [[r.VolumetricFog.GridSizeZ:128]]
[2022.07.15-21.40.01:991][  0]LogConfig: Setting CVar [[r.VolumetricFog.HistoryMissSupersampleCount:4]]
[2022.07.15-21.40.01:991][  0]LogConfig: Setting CVar [[r.LightMaxDrawDistanceScale:1]]
[2022.07.15-21.40.01:991][  0]LogConfig: Setting CVar [[r.CapsuleShadows:1]]
[2022.07.15-21.40.01:991][  0]LogConfig: Applying CVar settings from Section [PostProcessQuality@3] File [C:/Users/ivcha/Documents/GitHub/GameplayProgramming/Saved/Config/Windows/Scalability.ini]
[2022.07.15-21.40.01:991][  0]LogConfig: Setting CVar [[r.MotionBlurQuality:4]]
[2022.07.15-21.40.01:991][  0]LogConfig: Setting CVar [[r.AmbientOcclusionMipLevelFactor:0.4]]
[2022.07.15-21.40.01:991][  0]LogConfig: Setting CVar [[r.AmbientOcclusionMaxQuality:100]]
[2022.07.15-21.40.01:991][  0]LogConfig: Setting CVar [[r.AmbientOcclusionLevels:-1]]
[2022.07.15-21.40.01:991][  0]LogConfig: Setting CVar [[r.AmbientOcclusionRadiusScale:1.0]]
[2022.07.15-21.40.01:991][  0]LogConfig: Setting CVar [[r.DepthOfFieldQuality:2]]
[2022.07.15-21.40.01:991][  0]LogConfig: Setting CVar [[r.RenderTargetPoolMin:400]]
[2022.07.15-21.40.01:991][  0]LogConfig: Setting CVar [[r.LensFlareQuality:2]]
[2022.07.15-21.40.01:991][  0]LogConfig: Setting CVar [[r.SceneColorFringeQuality:1]]
[2022.07.15-21.40.01:991][  0]LogConfig: Setting CVar [[r.EyeAdaptationQuality:2]]
[2022.07.15-21.40.01:991][  0]LogConfig: Setting CVar [[r.BloomQuality:5]]
[2022.07.15-21.40.01:991][  0]LogConfig: Setting CVar [[r.FastBlurThreshold:100]]
[2022.07.15-21.40.01:991][  0]LogConfig: Setting CVar [[r.Upscale.Quality:3]]
[2022.07.15-21.40.01:991][  0]LogConfig: Setting CVar [[r.Tonemapper.GrainQuantization:1]]
[2022.07.15-21.40.01:991][  0]LogConfig: Setting CVar [[r.LightShaftQuality:1]]
[2022.07.15-21.40.01:991][  0]LogConfig: Setting CVar [[r.Filter.SizeScale:1]]
[2022.07.15-21.40.01:991][  0]LogConfig: Setting CVar [[r.Tonemapper.Quality:5]]
[2022.07.15-21.40.01:991][  0]LogConfig: Setting CVar [[r.DOF.Gather.AccumulatorQuality:1        ; higher gathering accumulator quality]]
[2022.07.15-21.40.01:991][  0]LogConfig: Setting CVar [[r.DOF.Gather.PostfilterMethod:1          ; Median3x3 postfilering method]]
[2022.07.15-21.40.01:991][  0]LogConfig: Setting CVar [[r.DOF.Gather.EnableBokehSettings:0       ; no bokeh simulation when gathering]]
[2022.07.15-21.40.01:991][  0]LogConfig: Setting CVar [[r.DOF.Gather.RingCount:4                 ; medium number of samples when gathering]]
[2022.07.15-21.40.01:991][  0]LogConfig: Setting CVar [[r.DOF.Scatter.ForegroundCompositing:1    ; additive foreground scattering]]
[2022.07.15-21.40.01:991][  0]LogConfig: Setting CVar [[r.DOF.Scatter.BackgroundCompositing:2    ; additive background scattering]]
[2022.07.15-21.40.01:991][  0]LogConfig: Setting CVar [[r.DOF.Scatter.EnableBokehSettings:1      ; bokeh simulation when scattering]]
[2022.07.15-21.40.01:991][  0]LogConfig: Setting CVar [[r.DOF.Scatter.MaxSpriteRatio:0.1         ; only a maximum of 10% of scattered bokeh]]
[2022.07.15-21.40.01:991][  0]LogConfig: Setting CVar [[r.DOF.Recombine.Quality:1                ; cheap slight out of focus]]
[2022.07.15-21.40.01:991][  0]LogConfig: Setting CVar [[r.DOF.Recombine.EnableBokehSettings:0    ; no bokeh simulation on slight out of focus]]
[2022.07.15-21.40.01:991][  0]LogConfig: Setting CVar [[r.DOF.TemporalAAQuality:1                ; more stable temporal accumulation]]
[2022.07.15-21.40.01:991][  0]LogConfig: Setting CVar [[r.DOF.Kernel.MaxForegroundRadius:0.025]]
[2022.07.15-21.40.01:991][  0]LogConfig: Setting CVar [[r.DOF.Kernel.MaxBackgroundRadius:0.025]]
[2022.07.15-21.40.01:991][  0]LogConfig: Applying CVar settings from Section [TextureQuality@3] File [C:/Users/ivcha/Documents/GitHub/GameplayProgramming/Saved/Config/Windows/Scalability.ini]
[2022.07.15-21.40.01:991][  0]LogConfig: Setting CVar [[r.Streaming.MipBias:0]]
[2022.07.15-21.40.01:991][  0]LogConfig: Setting CVar [[r.Streaming.AmortizeCPUToGPUCopy:0]]
[2022.07.15-21.40.01:991][  0]LogConfig: Setting CVar [[r.Streaming.MaxNumTexturesToStreamPerFrame:0]]
[2022.07.15-21.40.01:991][  0]LogConfig: Setting CVar [[r.Streaming.Boost:1]]
[2022.07.15-21.40.01:991][  0]LogConfig: Setting CVar [[r.MaxAnisotropy:8]]
[2022.07.15-21.40.01:991][  0]LogConfig: Setting CVar [[r.VT.MaxAnisotropy:8]]
[2022.07.15-21.40.01:991][  0]LogConfig: Setting CVar [[r.Streaming.LimitPoolSizeToVRAM:0]]
[2022.07.15-21.40.01:991][  0]LogConfig: Setting CVar [[r.Streaming.PoolSize:1000]]
[2022.07.15-21.40.01:991][  0]LogConfig: Setting CVar [[r.Streaming.MaxEffectiveScreenSize:0]]
[2022.07.15-21.40.01:991][  0]LogConfig: Applying CVar settings from Section [EffectsQuality@3] File [C:/Users/ivcha/Documents/GitHub/GameplayProgramming/Saved/Config/Windows/Scalability.ini]
[2022.07.15-21.40.01:991][  0]LogConfig: Setting CVar [[r.TranslucencyLightingVolumeDim:64]]
[2022.07.15-21.40.01:991][  0]LogConfig: Setting CVar [[r.RefractionQuality:2]]
[2022.07.15-21.40.01:991][  0]LogConfig: Setting CVar [[r.SSR.Quality:3]]
[2022.07.15-21.40.01:991][  0]LogConfig: Setting CVar [[r.SSR.HalfResSceneColor:0]]
[2022.07.15-21.40.01:991][  0]LogConfig: Setting CVar [[r.SceneColorFormat:4]]
[2022.07.15-21.40.01:991][  0]LogConfig: Setting CVar [[r.DetailMode:2]]
[2022.07.15-21.40.01:991][  0]LogConfig: Setting CVar [[r.TranslucencyVolumeBlur:1]]
[2022.07.15-21.40.01:991][  0]LogConfig: Setting CVar [[r.MaterialQualityLevel:1 ; High quality]]
[2022.07.15-21.40.01:991][  0]LogConfig: Setting CVar [[r.AnisotropicMaterials:1]]
[2022.07.15-21.40.01:991][  0]LogConfig: Setting CVar [[r.SSS.Scale:1]]
[2022.07.15-21.40.01:991][  0]LogConfig: Setting CVar [[r.SSS.SampleSet:2]]
[2022.07.15-21.40.01:991][  0]LogConfig: Setting CVar [[r.SSS.Quality:1]]
[2022.07.15-21.40.01:991][  0]LogConfig: Setting CVar [[r.SSS.HalfRes:0]]
[2022.07.15-21.40.01:991][  0]LogConfig: Setting CVar [[r.SSGI.Quality:3]]
[2022.07.15-21.40.01:991][  0]LogConfig: Setting CVar [[r.EmitterSpawnRateScale:1.0]]
[2022.07.15-21.40.01:991][  0]LogConfig: Setting CVar [[r.ParticleLightQuality:2]]
[2022.07.15-21.40.01:991][  0]LogConfig: Setting CVar [[r.SkyAtmosphere.AerialPerspectiveLUT.FastApplyOnOpaque:1 ; Always have FastSkyLUT 1 in this case to avoid wrong sky]]
[2022.07.15-21.40.01:991][  0]LogConfig: Setting CVar [[r.SkyAtmosphere.AerialPerspectiveLUT.SampleCountMaxPerSlice:4]]
[2022.07.15-21.40.01:991][  0]LogConfig: Setting CVar [[r.SkyAtmosphere.AerialPerspectiveLUT.DepthResolution:16.0]]
[2022.07.15-21.40.01:991][  0]LogConfig: Setting CVar [[r.SkyAtmosphere.FastSkyLUT:1]]
[2022.07.15-21.40.01:991][  0]LogConfig: Setting CVar [[r.SkyAtmosphere.FastSkyLUT.SampleCountMin:4.0]]
[2022.07.15-21.40.01:991][  0]LogConfig: Setting CVar [[r.SkyAtmosphere.FastSkyLUT.SampleCountMax:128.0]]
[2022.07.15-21.40.01:991][  0]LogConfig: Setting CVar [[r.SkyAtmosphere.SampleCountMin:4.0]]
[2022.07.15-21.40.01:992][  0]LogConfig: Setting CVar [[r.SkyAtmosphere.SampleCountMax:128.0]]
[2022.07.15-21.40.01:992][  0]LogConfig: Setting CVar [[r.SkyAtmosphere.TransmittanceLUT.UseSmallFormat:0]]
[2022.07.15-21.40.01:992][  0]LogConfig: Setting CVar [[r.SkyAtmosphere.TransmittanceLUT.SampleCount:10.0]]
[2022.07.15-21.40.01:992][  0]LogConfig: Setting CVar [[r.SkyAtmosphere.MultiScatteringLUT.SampleCount:15.0]]
[2022.07.15-21.40.01:992][  0]LogConfig: Setting CVar [[r.SkyLight.RealTimeReflectionCapture:1]]
[2022.07.15-21.40.01:992][  0]LogConfig: Applying CVar settings from Section [FoliageQuality@3] File [C:/Users/ivcha/Documents/GitHub/GameplayProgramming/Saved/Config/Windows/Scalability.ini]
[2022.07.15-21.40.01:992][  0]LogConfig: Setting CVar [[foliage.DensityScale:1.0]]
[2022.07.15-21.40.01:992][  0]LogConfig: Setting CVar [[grass.DensityScale:1.0]]
[2022.07.15-21.40.01:992][  0]LogConfig: Applying CVar settings from Section [ShadingQuality@3] File [C:/Users/ivcha/Documents/GitHub/GameplayProgramming/Saved/Config/Windows/Scalability.ini]
[2022.07.15-21.40.01:992][  0]LogConfig: Setting CVar [[r.HairStrands.SkyLighting.IntegrationType:2]]
[2022.07.15-21.40.01:992][  0]LogConfig: Setting CVar [[r.HairStrands.SkyAO.SampleCount:4]]
[2022.07.15-21.40.01:992][  0]LogConfig: Setting CVar [[r.HairStrands.Visibility.MSAA.SamplePerPixel:4]]
[2022.07.15-21.40.01:992][  0]LogInit: Selected Device Profile: [Windows]
[2022.07.15-21.40.01:992][  0]LogInit: Applying CVar settings loaded from the selected device profile: [Windows]
[2022.07.15-21.40.01:992][  0]LogHAL: Display: Platform has ~ 16 GB [16558354432 / 17179869184 / 16], which maps to Larger [LargestMinGB=32, LargerMinGB=12, DefaultMinGB=8, SmallerMinGB=6, SmallestMinGB=0)
[2022.07.15-21.40.01:992][  0]LogInit: Going up to parent DeviceProfile []
[2022.07.15-21.40.01:992][  0]LogConfig: Applying CVar settings from Section [ViewDistanceQuality@3] File [C:/Users/ivcha/Documents/GitHub/GameplayProgramming/Saved/Config/Windows/Scalability.ini]
[2022.07.15-21.40.01:992][  0]LogConfig: Setting CVar [[r.SkeletalMeshLODBias:0]]
[2022.07.15-21.40.01:992][  0]LogConfig: Setting CVar [[r.ViewDistanceScale:1.0]]
[2022.07.15-21.40.01:992][  0]LogConfig: Applying CVar settings from Section [AntiAliasingQuality@3] File [C:/Users/ivcha/Documents/GitHub/GameplayProgramming/Saved/Config/Windows/Scalability.ini]
[2022.07.15-21.40.01:992][  0]LogConfig: Setting CVar [[r.PostProcessAAQuality:4]]
[2022.07.15-21.40.01:992][  0]LogConfig: Applying CVar settings from Section [ShadowQuality@3] File [C:/Users/ivcha/Documents/GitHub/GameplayProgramming/Saved/Config/Windows/Scalability.ini]
[2022.07.15-21.40.01:992][  0]LogConfig: Setting CVar [[r.LightFunctionQuality:1]]
[2022.07.15-21.40.01:992][  0]LogConfig: Setting CVar [[r.ShadowQuality:5]]
[2022.07.15-21.40.01:992][  0]LogConfig: Setting CVar [[r.Shadow.CSM.MaxCascades:10]]
[2022.07.15-21.40.01:992][  0]LogConfig: Setting CVar [[r.Shadow.MaxResolution:2048]]
[2022.07.15-21.40.01:992][  0]LogConfig: Setting CVar [[r.Shadow.MaxCSMResolution:2048]]
[2022.07.15-21.40.01:992][  0]LogConfig: Setting CVar [[r.Shadow.RadiusThreshold:0.01]]
[2022.07.15-21.40.01:992][  0]LogConfig: Setting CVar [[r.Shadow.DistanceScale:1.0]]
[2022.07.15-21.40.01:992][  0]LogConfig: Setting CVar [[r.Shadow.CSM.TransitionScale:1.0]]
[2022.07.15-21.40.01:992][  0]LogConfig: Setting CVar [[r.Shadow.PreShadowResolutionFactor:1.0]]
[2022.07.15-21.40.01:992][  0]LogConfig: Setting CVar [[r.DistanceFieldShadowing:1]]
[2022.07.15-21.40.01:992][  0]LogConfig: Setting CVar [[r.DistanceFieldAO:1]]
[2022.07.15-21.40.01:992][  0]LogConfig: Setting CVar [[r.AOQuality:2]]
[2022.07.15-21.40.01:992][  0]LogConfig: Setting CVar [[r.VolumetricFog:1]]
[2022.07.15-21.40.01:992][  0]LogConfig: Setting CVar [[r.VolumetricFog.GridPixelSize:8]]
[2022.07.15-21.40.01:992][  0]LogConfig: Setting CVar [[r.VolumetricFog.GridSizeZ:128]]
[2022.07.15-21.40.01:992][  0]LogConfig: Setting CVar [[r.VolumetricFog.HistoryMissSupersampleCount:4]]
[2022.07.15-21.40.01:992][  0]LogConfig: Setting CVar [[r.LightMaxDrawDistanceScale:1]]
[2022.07.15-21.40.01:992][  0]LogConfig: Setting CVar [[r.CapsuleShadows:1]]
[2022.07.15-21.40.01:992][  0]LogConfig: Applying CVar settings from Section [PostProcessQuality@3] File [C:/Users/ivcha/Documents/GitHub/GameplayProgramming/Saved/Config/Windows/Scalability.ini]
[2022.07.15-21.40.01:992][  0]LogConfig: Setting CVar [[r.MotionBlurQuality:4]]
[2022.07.15-21.40.01:992][  0]LogConfig: Setting CVar [[r.AmbientOcclusionMipLevelFactor:0.4]]
[2022.07.15-21.40.01:992][  0]LogConfig: Setting CVar [[r.AmbientOcclusionMaxQuality:100]]
[2022.07.15-21.40.01:992][  0]LogConfig: Setting CVar [[r.AmbientOcclusionLevels:-1]]
[2022.07.15-21.40.01:992][  0]LogConfig: Setting CVar [[r.AmbientOcclusionRadiusScale:1.0]]
[2022.07.15-21.40.01:992][  0]LogConfig: Setting CVar [[r.DepthOfFieldQuality:2]]
[2022.07.15-21.40.01:992][  0]LogConfig: Setting CVar [[r.RenderTargetPoolMin:400]]
[2022.07.15-21.40.01:992][  0]LogConfig: Setting CVar [[r.LensFlareQuality:2]]
[2022.07.15-21.40.01:992][  0]LogConfig: Setting CVar [[r.SceneColorFringeQuality:1]]
[2022.07.15-21.40.01:992][  0]LogConfig: Setting CVar [[r.EyeAdaptationQuality:2]]
[2022.07.15-21.40.01:992][  0]LogConfig: Setting CVar [[r.BloomQuality:5]]
[2022.07.15-21.40.01:992][  0]LogConfig: Setting CVar [[r.FastBlurThreshold:100]]
[2022.07.15-21.40.01:992][  0]LogConfig: Setting CVar [[r.Upscale.Quality:3]]
[2022.07.15-21.40.01:992][  0]LogConfig: Setting CVar [[r.Tonemapper.GrainQuantization:1]]
[2022.07.15-21.40.01:992][  0]LogConfig: Setting CVar [[r.LightShaftQuality:1]]
[2022.07.15-21.40.01:992][  0]LogConfig: Setting CVar [[r.Filter.SizeScale:1]]
[2022.07.15-21.40.01:992][  0]LogConfig: Setting CVar [[r.Tonemapper.Quality:5]]
[2022.07.15-21.40.01:992][  0]LogConfig: Setting CVar [[r.DOF.Gather.AccumulatorQuality:1        ; higher gathering accumulator quality]]
[2022.07.15-21.40.01:992][  0]LogConfig: Setting CVar [[r.DOF.Gather.PostfilterMethod:1          ; Median3x3 postfilering method]]
[2022.07.15-21.40.01:992][  0]LogConfig: Setting CVar [[r.DOF.Gather.EnableBokehSettings:0       ; no bokeh simulation when gathering]]
[2022.07.15-21.40.01:992][  0]LogConfig: Setting CVar [[r.DOF.Gather.RingCount:4                 ; medium number of samples when gathering]]
[2022.07.15-21.40.01:992][  0]LogConfig: Setting CVar [[r.DOF.Scatter.ForegroundCompositing:1    ; additive foreground scattering]]
[2022.07.15-21.40.01:992][  0]LogConfig: Setting CVar [[r.DOF.Scatter.BackgroundCompositing:2    ; additive background scattering]]
[2022.07.15-21.40.01:992][  0]LogConfig: Setting CVar [[r.DOF.Scatter.EnableBokehSettings:1      ; bokeh simulation when scattering]]
[2022.07.15-21.40.01:992][  0]LogConfig: Setting CVar [[r.DOF.Scatter.MaxSpriteRatio:0.1         ; only a maximum of 10% of scattered bokeh]]
[2022.07.15-21.40.01:992][  0]LogConfig: Setting CVar [[r.DOF.Recombine.Quality:1                ; cheap slight out of focus]]
[2022.07.15-21.40.01:992][  0]LogConfig: Setting CVar [[r.DOF.Recombine.EnableBokehSettings:0    ; no bokeh simulation on slight out of focus]]
[2022.07.15-21.40.01:992][  0]LogConfig: Setting CVar [[r.DOF.TemporalAAQuality:1                ; more stable temporal accumulation]]
[2022.07.15-21.40.01:992][  0]LogConfig: Setting CVar [[r.DOF.Kernel.MaxForegroundRadius:0.025]]
[2022.07.15-21.40.01:992][  0]LogConfig: Setting CVar [[r.DOF.Kernel.MaxBackgroundRadius:0.025]]
[2022.07.15-21.40.01:992][  0]LogConfig: Applying CVar settings from Section [TextureQuality@3] File [C:/Users/ivcha/Documents/GitHub/GameplayProgramming/Saved/Config/Windows/Scalability.ini]
[2022.07.15-21.40.01:992][  0]LogConfig: Setting CVar [[r.Streaming.MipBias:0]]
[2022.07.15-21.40.01:992][  0]LogConfig: Setting CVar [[r.Streaming.AmortizeCPUToGPUCopy:0]]
[2022.07.15-21.40.01:992][  0]LogConfig: Setting CVar [[r.Streaming.MaxNumTexturesToStreamPerFrame:0]]
[2022.07.15-21.40.01:992][  0]LogConfig: Setting CVar [[r.Streaming.Boost:1]]
[2022.07.15-21.40.01:992][  0]LogConfig: Setting CVar [[r.MaxAnisotropy:8]]
[2022.07.15-21.40.01:992][  0]LogConfig: Setting CVar [[r.VT.MaxAnisotropy:8]]
[2022.07.15-21.40.01:992][  0]LogConfig: Setting CVar [[r.Streaming.LimitPoolSizeToVRAM:0]]
[2022.07.15-21.40.01:992][  0]LogConfig: Setting CVar [[r.Streaming.PoolSize:1000]]
[2022.07.15-21.40.01:992][  0]LogConfig: Setting CVar [[r.Streaming.MaxEffectiveScreenSize:0]]
[2022.07.15-21.40.01:992][  0]LogConfig: Applying CVar settings from Section [EffectsQuality@3] File [C:/Users/ivcha/Documents/GitHub/GameplayProgramming/Saved/Config/Windows/Scalability.ini]
[2022.07.15-21.40.01:992][  0]LogConfig: Setting CVar [[r.TranslucencyLightingVolumeDim:64]]
[2022.07.15-21.40.01:992][  0]LogConfig: Setting CVar [[r.RefractionQuality:2]]
[2022.07.15-21.40.01:992][  0]LogConfig: Setting CVar [[r.SSR.Quality:3]]
[2022.07.15-21.40.01:992][  0]LogConfig: Setting CVar [[r.SSR.HalfResSceneColor:0]]
[2022.07.15-21.40.01:993][  0]LogConfig: Setting CVar [[r.SceneColorFormat:4]]
[2022.07.15-21.40.01:993][  0]LogConfig: Setting CVar [[r.DetailMode:2]]
[2022.07.15-21.40.01:993][  0]LogConfig: Setting CVar [[r.TranslucencyVolumeBlur:1]]
[2022.07.15-21.40.01:993][  0]LogConfig: Setting CVar [[r.MaterialQualityLevel:1 ; High quality]]
[2022.07.15-21.40.01:993][  0]LogConfig: Setting CVar [[r.AnisotropicMaterials:1]]
[2022.07.15-21.40.01:993][  0]LogConfig: Setting CVar [[r.SSS.Scale:1]]
[2022.07.15-21.40.01:993][  0]LogConfig: Setting CVar [[r.SSS.SampleSet:2]]
[2022.07.15-21.40.01:993][  0]LogConfig: Setting CVar [[r.SSS.Quality:1]]
[2022.07.15-21.40.01:993][  0]LogConfig: Setting CVar [[r.SSS.HalfRes:0]]
[2022.07.15-21.40.01:993][  0]LogConfig: Setting CVar [[r.SSGI.Quality:3]]
[2022.07.15-21.40.01:993][  0]LogConfig: Setting CVar [[r.EmitterSpawnRateScale:1.0]]
[2022.07.15-21.40.01:993][  0]LogConfig: Setting CVar [[r.ParticleLightQuality:2]]
[2022.07.15-21.40.01:993][  0]LogConfig: Setting CVar [[r.SkyAtmosphere.AerialPerspectiveLUT.FastApplyOnOpaque:1 ; Always have FastSkyLUT 1 in this case to avoid wrong sky]]
[2022.07.15-21.40.01:993][  0]LogConfig: Setting CVar [[r.SkyAtmosphere.AerialPerspectiveLUT.SampleCountMaxPerSlice:4]]
[2022.07.15-21.40.01:993][  0]LogConfig: Setting CVar [[r.SkyAtmosphere.AerialPerspectiveLUT.DepthResolution:16.0]]
[2022.07.15-21.40.01:993][  0]LogConfig: Setting CVar [[r.SkyAtmosphere.FastSkyLUT:1]]
[2022.07.15-21.40.01:993][  0]LogConfig: Setting CVar [[r.SkyAtmosphere.FastSkyLUT.SampleCountMin:4.0]]
[2022.07.15-21.40.01:993][  0]LogConfig: Setting CVar [[r.SkyAtmosphere.FastSkyLUT.SampleCountMax:128.0]]
[2022.07.15-21.40.01:993][  0]LogConfig: Setting CVar [[r.SkyAtmosphere.SampleCountMin:4.0]]
[2022.07.15-21.40.01:993][  0]LogConfig: Setting CVar [[r.SkyAtmosphere.SampleCountMax:128.0]]
[2022.07.15-21.40.01:993][  0]LogConfig: Setting CVar [[r.SkyAtmosphere.TransmittanceLUT.UseSmallFormat:0]]
[2022.07.15-21.40.01:993][  0]LogConfig: Setting CVar [[r.SkyAtmosphere.TransmittanceLUT.SampleCount:10.0]]
[2022.07.15-21.40.01:993][  0]LogConfig: Setting CVar [[r.SkyAtmosphere.MultiScatteringLUT.SampleCount:15.0]]
[2022.07.15-21.40.01:993][  0]LogConfig: Setting CVar [[r.SkyLight.RealTimeReflectionCapture:1]]
[2022.07.15-21.40.01:993][  0]LogConfig: Applying CVar settings from Section [FoliageQuality@3] File [C:/Users/ivcha/Documents/GitHub/GameplayProgramming/Saved/Config/Windows/Scalability.ini]
[2022.07.15-21.40.01:993][  0]LogConfig: Setting CVar [[foliage.DensityScale:1.0]]
[2022.07.15-21.40.01:993][  0]LogConfig: Setting CVar [[grass.DensityScale:1.0]]
[2022.07.15-21.40.01:993][  0]LogConfig: Applying CVar settings from Section [ShadingQuality@3] File [C:/Users/ivcha/Documents/GitHub/GameplayProgramming/Saved/Config/Windows/Scalability.ini]
[2022.07.15-21.40.01:993][  0]LogConfig: Setting CVar [[r.HairStrands.SkyLighting.IntegrationType:2]]
[2022.07.15-21.40.01:993][  0]LogConfig: Setting CVar [[r.HairStrands.SkyAO.SampleCount:4]]
[2022.07.15-21.40.01:993][  0]LogConfig: Setting CVar [[r.HairStrands.Visibility.MSAA.SamplePerPixel:4]]
[2022.07.15-21.40.01:993][  0]LogConfig: Applying CVar settings from Section [Startup] File [../../../Engine/Config/ConsoleVariables.ini]
[2022.07.15-21.40.01:994][  0]LogConfig: Setting CVar [[net.UseAdaptiveNetUpdateFrequency:0]]
[2022.07.15-21.40.01:994][  0]LogConfig: Setting CVar [[p.chaos.AllowCreatePhysxBodies:1]]
[2022.07.15-21.40.01:994][  0]LogConfig: Setting CVar [[fx.SkipVectorVMBackendOptimizations:1]]
[2022.07.15-21.40.01:994][  0]LogConfig: Applying CVar settings from Section [ConsoleVariables] File [C:/Users/ivcha/Documents/GitHub/GameplayProgramming/Saved/Config/Windows/Engine.ini]
[2022.07.15-21.40.01:994][  0]LogConfig: Applying CVar settings from Section [ConsoleVariables] File [C:/Users/ivcha/Documents/GitHub/GameplayProgramming/Saved/Config/Windows/Editor.ini]
[2022.07.15-21.40.01:994][  0]LogInit: Computer: DESKTOP-4KBLNKT
[2022.07.15-21.40.01:994][  0]LogInit: User: ivcha
[2022.07.15-21.40.01:994][  0]LogInit: CPU Page size=4096, Cores=8
[2022.07.15-21.40.01:994][  0]LogInit: High frequency timer resolution =10.000000 MHz
[2022.07.15-21.40.01:994][  0]LogMemory: Memory total: Physical=15.4GB (16GB approx)
[2022.07.15-21.40.01:994][  0]LogMemory: Platform Memory Stats for Windows
[2022.07.15-21.40.01:994][  0]LogMemory: Process Physical Memory: 147.54 MB used, 147.54 MB peak
[2022.07.15-21.40.01:994][  0]LogMemory: Process Virtual Memory: 131.41 MB used, 131.41 MB peak
[2022.07.15-21.40.01:994][  0]LogMemory: Physical Memory: 9053.45 MB used,  6737.82 MB free, 15791.28 MB total
[2022.07.15-21.40.01:994][  0]LogMemory: Virtual Memory: 134212560.00 MB used,  5170.74 MB free, 134217728.00 MB total
[2022.07.15-21.40.02:000][  0]LogWindows: WindowsPlatformFeatures enabled
[2022.07.15-21.40.02:040][  0]LogInit: Physics initialised using underlying interface: PhysX
[2022.07.15-21.40.02:040][  0]LogInit: Using OS detected language (es-ES).
[2022.07.15-21.40.02:040][  0]LogInit: Using OS detected locale (es-ES).
[2022.07.15-21.40.02:043][  0]LogTextLocalizationManager: No specific localization for 'es-ES' exists, so the 'es' localization will be used.
[2022.07.15-21.40.02:086][  0]LogWindowsTextInputMethodSystem: Display: IME system deactivated.
[2022.07.15-21.40.02:107][  0]LogSlate: New Slate User Created.  User Index 0, Is Virtual User: 0
[2022.07.15-21.40.02:107][  0]LogSlate: Slate User Registered.  User Index 0, Is Virtual User: 0
[2022.07.15-21.40.02:120][  0]LogD3D11RHI: Loaded GFSDK_Aftermath_Lib.x64.dll
[2022.07.15-21.40.02:134][  0]LogHMD: Failed to initialize OpenVR with code 110
[2022.07.15-21.40.02:134][  0]LogD3D11RHI: D3D11 min allowed feature level: 11_0
[2022.07.15-21.40.02:134][  0]LogD3D11RHI: D3D11 max allowed feature level: 11_0
[2022.07.15-21.40.02:134][  0]LogD3D11RHI: D3D11 adapters:
[2022.07.15-21.40.02:229][  0]LogD3D11RHI:    0. 'NVIDIA GeForce GTX 1650 Ti' (Feature Level 11_0)
[2022.07.15-21.40.02:229][  0]LogD3D11RHI:       3962/0/7895 MB DedicatedVideo/DedicatedSystem/SharedSystem, Outputs:1, VendorId:0x10de
[2022.07.15-21.40.02:254][  0]LogD3D11RHI:    1. 'AMD Radeon(TM) Graphics' (Feature Level 11_0)
[2022.07.15-21.40.02:254][  0]LogD3D11RHI:       496/0/7895 MB DedicatedVideo/DedicatedSystem/SharedSystem, Outputs:0, VendorId:0x1002
[2022.07.15-21.40.02:256][  0]LogD3D11RHI:    2. 'Microsoft Basic Render Driver' (Feature Level 11_0)
[2022.07.15-21.40.02:256][  0]LogD3D11RHI:       0/0/7895 MB DedicatedVideo/DedicatedSystem/SharedSystem, Outputs:0, VendorId:0x1414
[2022.07.15-21.40.02:256][  0]LogD3D11RHI: Chosen D3D11 Adapter:
[2022.07.15-21.40.02:256][  0]LogD3D11RHI:     Description : NVIDIA GeForce GTX 1650 Ti
[2022.07.15-21.40.02:256][  0]LogD3D11RHI:     VendorId    : 10de
[2022.07.15-21.40.02:256][  0]LogD3D11RHI:     DeviceId    : 1f95
[2022.07.15-21.40.02:256][  0]LogD3D11RHI:     SubSysId    : 16df1043
[2022.07.15-21.40.02:256][  0]LogD3D11RHI:     Revision    : 00a1
[2022.07.15-21.40.02:256][  0]LogD3D11RHI:     DedicatedVideoMemory : 4154458112 bytes
[2022.07.15-21.40.02:257][  0]LogD3D11RHI:     DedicatedSystemMemory : 0 bytes
[2022.07.15-21.40.02:257][  0]LogD3D11RHI:     SharedSystemMemory : 8279177216 bytes
[2022.07.15-21.40.02:257][  0]LogD3D11RHI:     AdapterLuid : 0 59561
[2022.07.15-21.40.02:265][  0]LogD3D11RHI: Creating new Direct3DDevice
[2022.07.15-21.40.02:265][  0]LogD3D11RHI:     GPU DeviceId: 0x1f95 (for the marketing name, search the web for "GPU Device Id")
[2022.07.15-21.40.02:265][  0]LogWindows: EnumDisplayDevices:
[2022.07.15-21.40.02:265][  0]LogWindows:    0. 'AMD Radeon(TM) Graphics' (P:1 D:1)
[2022.07.15-21.40.02:265][  0]LogWindows:    1. 'AMD Radeon(TM) Graphics' (P:0 D:0)
[2022.07.15-21.40.02:265][  0]LogWindows:    2. 'AMD Radeon(TM) Graphics' (P:0 D:0)
[2022.07.15-21.40.02:266][  0]LogWindows:    3. 'AMD Radeon(TM) Graphics' (P:0 D:0)
[2022.07.15-21.40.02:266][  0]LogWindows:    4. 'NVIDIA GeForce GTX 1650 Ti' (P:0 D:0)
[2022.07.15-21.40.02:266][  0]LogWindows:    5. 'NVIDIA GeForce GTX 1650 Ti' (P:0 D:0)
[2022.07.15-21.40.02:266][  0]LogWindows:    6. 'NVIDIA GeForce GTX 1650 Ti' (P:0 D:0)
[2022.07.15-21.40.02:266][  0]LogWindows:    7. 'NVIDIA GeForce GTX 1650 Ti' (P:0 D:0)
[2022.07.15-21.40.02:266][  0]LogWindows: DebugString: PrimaryIsNotTheChoosenAdapter PrimaryIsNotTheChoosenAdapter PrimaryIsNotTheChoosenAdapter PrimaryIsNotTheChoosenAdapter FoundDriverCount:4 
[2022.07.15-21.40.02:266][  0]LogD3D11RHI:     Adapter Name: NVIDIA GeForce GTX 1650 Ti
[2022.07.15-21.40.02:266][  0]LogD3D11RHI:   Driver Version: 516.59 (internal:31.0.15.1659, unified:516.59)
[2022.07.15-21.40.02:266][  0]LogD3D11RHI:      Driver Date: 6-23-2022
[2022.07.15-21.40.02:266][  0]LogRHI: Texture pool is 2773 MB (70% of 3962 MB)
[2022.07.15-21.40.02:267][  0]LogD3D11RHI: Creating D3DDevice using adapter:
[2022.07.15-21.40.02:267][  0]LogD3D11RHI:     Description : NVIDIA GeForce GTX 1650 Ti
[2022.07.15-21.40.02:267][  0]LogD3D11RHI:     VendorId    : 10de
[2022.07.15-21.40.02:267][  0]LogD3D11RHI:     DeviceId    : 1f95
[2022.07.15-21.40.02:267][  0]LogD3D11RHI:     SubSysId    : 16df1043
[2022.07.15-21.40.02:267][  0]LogD3D11RHI:     Revision    : 00a1
[2022.07.15-21.40.02:267][  0]LogD3D11RHI:     DedicatedVideoMemory : 4154458112 bytes
[2022.07.15-21.40.02:267][  0]LogD3D11RHI:     DedicatedSystemMemory : 0 bytes
[2022.07.15-21.40.02:267][  0]LogD3D11RHI:     SharedSystemMemory : 8279177216 bytes
[2022.07.15-21.40.02:267][  0]LogD3D11RHI:     AdapterLuid : 0 59561
[2022.07.15-21.40.02:321][  0]LogD3D11RHI: RHI has support for 64 bit atomics
[2022.07.15-21.40.02:322][  0]LogD3D11RHI: Async texture creation enabled
[2022.07.15-21.40.02:322][  0]LogD3D11RHI: Array index from any shader is supported
[2022.07.15-21.40.02:341][  0]LogD3D11RHI: GPU Timing Frequency: 1000.000000 (Debug: 2 1)
[2022.07.15-21.40.02:363][  0]LogRHI: GeForceNow SDK initialized: 1
[2022.07.15-21.40.02:618][  0]LogTargetPlatformManager: Display: Loaded TargetPlatform 'WindowsNoEditor'
[2022.07.15-21.40.02:624][  0]LogTargetPlatformManager: Display: Loaded TargetPlatform 'Windows'
[2022.07.15-21.40.02:629][  0]LogTargetPlatformManager: Display: Loaded TargetPlatform 'WindowsClient'
[2022.07.15-21.40.02:634][  0]LogTargetPlatformManager: Display: Loaded TargetPlatform 'WindowsServer'
[2022.07.15-21.40.02:634][  0]LogTargetPlatformManager: Display: Building Assets For Windows
[2022.07.15-21.40.02:642][  0]LogAudioDebug: Display: Lib vorbis DLL was dynamically loaded.
[2022.07.15-21.40.02:676][  0]LogTextureFormatOodle: Display: Oodle Texture 2.9.0 init RDO Off
[2022.07.15-21.40.02:712][  0]LogRendererCore: Ray tracing is disabled. Reason: r.RayTracing=0.
[2022.07.15-21.40.02:712][  0]LogShaderCompilers: Guid format shader working directory is -21 characters bigger than the processId version (../../../../../../Users/ivcha/Documents/GitHub/GameplayProgramming/Intermediate/Shaders/WorkingDirectory/28084/).
[2022.07.15-21.40.02:712][  0]LogShaderCompilers: Cleaned the shader compiler working directory 'C:/Users/ivcha/AppData/Local/Temp/UnrealShaderWorkingDir/FE1C72F44F0922BCB3E8CC90CD52C5DE/'.
[2022.07.15-21.40.02:712][  0]LogXGEController: Cannot use XGE Controller as Incredibuild is not installed on this machine.
[2022.07.15-21.40.02:712][  0]LogShaderCompilers: Cannot use XGE Shader Compiler as Incredibuild is not installed on this machine.
[2022.07.15-21.40.02:712][  0]LogShaderCompilers: Display: Using Local Shader Compiler.
[2022.07.15-21.40.03:356][  0]LogDerivedDataCache: Display: Max Cache Size: 512 MB
[2022.07.15-21.40.03:407][  0]LogDerivedDataCache: Loaded boot cache 0.05s 94MB C:/Users/ivcha/AppData/Local/UnrealEngine/4.27/DerivedDataCache/Boot.ddc.
[2022.07.15-21.40.03:407][  0]LogDerivedDataCache: Display: Loaded Boot cache: C:/Users/ivcha/AppData/Local/UnrealEngine/4.27/DerivedDataCache/Boot.ddc
[2022.07.15-21.40.03:407][  0]LogDerivedDataCache: FDerivedDataBackendGraph:  Pak pak cache file ../../../../../../Users/ivcha/Documents/GitHub/GameplayProgramming/DerivedDataCache/DDC.ddp not found, will not use a pak cache.
[2022.07.15-21.40.03:407][  0]LogDerivedDataCache: Unable to find inner node Pak for hierarchical cache Hierarchy.
[2022.07.15-21.40.03:407][  0]LogDerivedDataCache: FDerivedDataBackendGraph:  CompressedPak pak cache file ../../../../../../Users/ivcha/Documents/GitHub/GameplayProgramming/DerivedDataCache/Compressed.ddp not found, will not use a pak cache.
[2022.07.15-21.40.03:407][  0]LogDerivedDataCache: Unable to find inner node CompressedPak for hierarchical cache Hierarchy.
[2022.07.15-21.40.03:425][  0]LogDerivedDataCache: Display: Pak cache opened for reading ../../../Engine/DerivedDataCache/Compressed.ddp.
[2022.07.15-21.40.03:425][  0]LogDerivedDataCache: FDerivedDataBackendGraph:  EnterprisePak pak cache file ../../../Enterprise/DerivedDataCache/Compressed.ddp not found, will not use a pak cache.
[2022.07.15-21.40.03:425][  0]LogDerivedDataCache: Unable to find inner node EnterprisePak for hierarchical cache Hierarchy.
[2022.07.15-21.40.03:433][  0]LogDerivedDataCache: Speed tests for C:/Users/ivcha/AppData/Local/UnrealEngine/Common/DerivedDataCache took 0.01 seconds
[2022.07.15-21.40.03:433][  0]LogDerivedDataCache: Display: Performance to C:/Users/ivcha/AppData/Local/UnrealEngine/Common/DerivedDataCache: Latency=0.02ms. RandomReadSpeed=262.99MBs, RandomWriteSpeed=215.55MBs. Assigned SpeedClass 'Local'
[2022.07.15-21.40.03:434][  0]LogDerivedDataCache: Using Local data cache path C:/Users/ivcha/AppData/Local/UnrealEngine/Common/DerivedDataCache: Writable
[2022.07.15-21.40.03:434][  0]LogDerivedDataCache: Shared data cache path not found in *engine.ini, will not use an Shared cache.
[2022.07.15-21.40.03:434][  0]LogDerivedDataCache: Unable to find inner node Shared for hierarchical cache Hierarchy.
[2022.07.15-21.40.03:466][  0]LogSlate: Using FreeType 2.10.0
[2022.07.15-21.40.03:466][  0]LogSlate: SlateFontServices - WITH_FREETYPE: 1, WITH_HARFBUZZ: 1
[2022.07.15-21.40.03:572][  0]LogInit: Using OS detected language (es-ES).
[2022.07.15-21.40.03:572][  0]LogInit: Using OS detected locale (es-ES).
[2022.07.15-21.40.03:572][  0]LogTextLocalizationManager: No localization for 'es-ES' exists, so 'en' will be used for the language.
[2022.07.15-21.40.03:572][  0]LogTextLocalizationManager: No localization for 'es-ES' exists, so 'en' will be used for the locale.
[2022.07.15-21.40.03:572][  0]LogSlate: FontCache flush requested. Reason: Culture for localization was changed
[2022.07.15-21.40.03:572][  0]LogSlate: FontCache flush requested. Reason: Culture for localization was changed
[2022.07.15-21.40.03:576][  0]LogAssetRegistry: FAssetRegistry took 0.0022 seconds to start up
[2022.07.15-21.40.03:726][  0]LogTextLocalizationManager: Compacting localization data took   0.01ms
[2022.07.15-21.40.03:726][  0]LogPackageLocalizationCache: Processed 27 localized package path(s) for 1 prioritized culture(s) in 0.000957 seconds
[2022.07.15-21.40.03:791][  0]LogInit: Selected Device Profile: [Windows]
[2022.07.15-21.40.03:791][  0]LogInit: Active device profile: [0000016CD2206000][0000016CC93FE540 49] Windows
[2022.07.15-21.40.03:791][  0]LogInit: Profiles: [0000016CD2206000][0000016CC93FE540 49] Windows, [0000016CD21C9B00][0000016CC91246C0 49] WindowsNoEditor, [0000016CD2206200][0000016CC9128840 49] WindowsServer, [0000016CD21CBC00][0000016CC912C9C0 49] WindowsClient, [0000016CD2205C00][0000016CC9130B40 49] IOS, [0000016CD21C9900][0000016CC9134CC0 49] iPadAir, [0000016CD2205800][0000016CC9138E40 49] iPadAir2, [0000016CD217DA00][0000016CC9141100 49] IPadPro, [0000016CD217DB00][0000016CC913D140 49] iPadAir3, [0000016CD2207E00][0000016CC91452C0 49] iPadAir4, [0000016CD217FA00][0000016CC9149440 49] iPadMini2, [0000016CD2204600][0000016CC914D5C0 49] iPadMini3, [0000016CD217CA00][0000016CC9121700 49] iPadMini4, [0000016CD2207100][0000016CC9151840 49] iPadMini5, [0000016CD21B1000][0000016CB1281A80 49] iPhone6, [0000016CD21B1100][0000016CC9155AC0 49] iPodTouch6, [0000016CD21C9C00][0000016CB128C200 49] iPhone7, [0000016CD21C9F00][0000016CB1288240 49] iPodTouch7, [0000016CD21B3100][0000016CB12903C0 49] iPhone5S, [0000016CD21C9600][0000016CB1294540 49] iPhone6Plus, [0000016CD21B0800][0000016CB12986C0 49] iPhone6S, [0000016CD21CAF00][0000016CB129C840 49] iPhone6SPlus, [0000016CD21B2200][0000016CB12A09C0 49] iPhone7Plus, [0000016CD21C8800][0000016CB12A4B40 49] iPhoneSE, [0000016CD21B0F00][0000016CB12A8CC0 49] iPhone8, [0000016CD21CA800][0000016CB12ACE40 49] iPhone8Plus, [0000016CD21B3300][0000016CB12B0FC0 49] iPhoneX, [0000016CD21CAD00][0000016CB12B5140 49] iPhoneXS, [0000016CD21B3900][0000016CB12B92C0 49] iPhoneXSMax, [0000016CD21C8E00][0000016CB12BD440 49] iPhoneXR, [0000016CD21B0400][0000016CB12C15C0 49] iPhone11, [0000016CD21CB000][0000016CB12C5740 49] iPhone11Pro, [0000016CD21B3700][0000016CB12C98C0 49] iPhone11ProMax, [0000016CD21C8600][0000016CB1285A00 49] iPhoneSE2, [0000016CD21B0D00][0000016CC5CB1B40 49] iPhone12Mini, [0000016CD21C8900][0000016CC5CB4100 49] iPhone12, [0000016CD21B1E00][0000016CC5CBC280 49] iPhone12Pro, [0000016CD21C8700][0000016CC5CC0400 49] iPhone12ProMax, [0000016CD21B0B00][0000016CC5CC4580 49] iPadPro105, [0000016CD21C9000][0000016CC5CC8700 49] iPadPro129, [0000016CD21B3C00][0000016CC5CCC880 49] iPadPro97, [0000016CD21CB900][0000016CC5CD0A00 49] iPadPro2_129, [0000016CD21B1900][0000016CC5CD4B80 49] iPad5, [0000016CD2205000][0000016CC5CD8D00 49] iPad6, [0000016CD2255500][0000016CC5CDCE80 49] iPad7, [0000016CD21B0200][0000016CC5CE1000 49] iPad8, [0000016CD2254500][0000016CC5CE5180 49] iPadPro11, [0000016CD21C8500][0000016CC5CE9300 49] iPadPro2_11, [0000016CD2206900][0000016CC5CED480 49] iPadPro3_129, [0000016CD21B0900][0000016CC5CF1600 49] iPadPro4_129, [0000016CD2206D00][0000016CC5CF5780 49] AppleTV, [0000016CD21B2600][0000016CC5CF9900 49] AppleTV4K, [0000016CD21C9200][0000016CC5CFDA80 49] TVOS, [0000016CD21B3E00][0000016CC5CB9BC0 49] Mac, [0000016CD21C8C00][0000016CC5D00180 49] MacClient, [0000016CD21B3000][0000016CC5D042C0 49] MacNoEditor, [0000016CD21CBF00][0000016CC5D0C440 49] MacServer, [0000016CD21B3200][0000016CC5D105C0 49] Linux, [0000016CD21CA500][0000016CC5D14740 49] LinuxAArch64, [0000016CD21B1F00][0000016CC5D188C0 49] LinuxNoEditor, [0000016CD21C9700][0000016CC5D1CA40 49] LinuxAArch64NoEditor, [0000016CD21B2C00][0000016CC5D20BC0 49] LinuxClient, [0000016CD21CA900][0000016CC5D24D40 49] LinuxAArch64Client, [0000016CD21B0E00][0000016CC5D28EC0 49] LinuxServer, [0000016CD21CAA00][0000016CC5D2D040 49] LinuxAArch64Server, [0000016CD21B2D00][0000016CC5D311C0 49] Android, [0000016CD21CA600][0000016CC5D35340 49] Android_Low, [0000016CD21B2A00][0000016CC5D394C0 49] Android_Mid, [0000016CD21CB400][0000016CC5D3D640 49] Android_High, [0000016CD21B2000][0000016CC5D417C0 49] Android_Default, [0000016CD21C9E00][0000016CC5D45940 49] Android_Adreno4xx, [0000016CD21B2400][0000016CC5D49AC0 49] Android_Adreno5xx_Low, [0000016CD21C8D00][0000016CC5D4C0C0 49] Android_Adreno5xx, [0000016CD21B3A00][0000016CC5D08200 49] Android_Adreno6xx, [0000016CD21C9800][0000016CC5D50340 49] Android_Adreno6xx_Vulkan, [0000016CD21B2B00][0000016CC5D54480 49] Android_Mali_T6xx, [0000016CD21CA100][0000016CC5D585C0 49] Android_Mali_T7xx, [0000016CD21B1800][0000016CC5D60740 49] Android_Mali_T8xx, [0000016CD21C9D00][0000016CC5D648C0 49] Android_Mali_G71, [0000016CD21B1700][0000016CC5D68A40 49] Android_Mali_G72, [0000016CD21CA300][0000016CC5D6CBC0 49] Android_Mali_G72_Vulkan, [0000016CD21B3B00][0000016CC5D70D40 49] Android_Mali_G76, [0000016CD21CAB00][0000016CC5D74EC0 49] Android_Mali_G76_Vulkan, [0000016CD21B3400][0000016CC5D79040 49] Android_Mali_G77, [0000016CD21C8A00][0000016CC5D7D1C0 49] Android_Mali_G77_Vulkan, [0000016CD21B1300][0000016CC5D81340 49] Android_Mali_G78, [0000016CD21C8200][0000016CC5D854C0 49] Android_Mali_G78_Vulkan, [0000016CD21B0600][0000016CC5D89640 49] Android_Mali_G710, [0000016CD217E900][0000016CC5D8D7C0 49] Android_Mali_G710_Vulkan, [0000016CD2206800][0000016CC5D91940 49] Android_Vulkan_SM5, [0000016CD217E700][0000016CC5D95AC0 49] Android_PowerVR_G6xxx, [0000016CD2204800][0000016CC5D980C0 49] Android_PowerVR_GT7xxx, [0000016CD217D900][0000016CC5D9C240 49] Android_PowerVR_GE8xxx, [0000016CD2204200][0000016CC5D5C380 49] Android_PowerVR_GM9xxx, [0000016CD217D300][0000016CC55904C0 49] Android_PowerVR_GM9xxx_Vulkan, [0000016CD2207600][0000016CC5594600 49] Android_TegraK1, [0000016CD217C300][0000016CC5598740 49] Android_Unknown_Vulkan, [0000016CD2206600][0000016CC55A08C0 49] Lumin, [0000016CD217D600][0000016CC55A4A40 49] Lumin_Desktop, [0000016CD2206E00][0000016CC55A8BC0 49] HoloLens, 
[2022.07.15-21.40.03:834][  0]LogMeshReduction: Using QuadricMeshReduction for automatic static mesh reduction
[2022.07.15-21.40.03:834][  0]LogMeshReduction: Using SimplygonMeshReduction for automatic skeletal mesh reduction
[2022.07.15-21.40.03:834][  0]LogMeshReduction: Using ProxyLODMeshReduction for automatic mesh merging
[2022.07.15-21.40.03:834][  0]LogMeshReduction: No distributed automatic mesh merging module available
[2022.07.15-21.40.03:834][  0]LogMeshMerging: No distributed automatic mesh merging module available
[2022.07.15-21.40.03:921][  0]LogNetVersion: GameplayProgramming 1.0.0, NetCL: 17155196, EngineNetVer: 17, GameNetVer: 0 (Checksum: 1408040546)
[2022.07.15-21.40.04:152][  0]LogTexture: Default maximum texture size for cubemaps generated from long-lat sources has been changed from 512 to unlimited. In order to preserve old behaiour for '/Engine/MapTemplates/Sky/DaylightAmbientCubemap.DaylightAmbientCubemap', its maximum texture size has been explicitly set to 512.
[2022.07.15-21.40.04:201][  0]LogHMD: PokeAHoleMaterial loaded successfully
[2022.07.15-21.40.04:316][  0]LogMoviePlayer: Initializing movie player
[2022.07.15-21.40.04:418][  0]LogNiagaraDebuggerClient: Niagara Debugger Client Initialized | Session: 199CD5FB480CA68E9942B1B6852E1896 | Instance: B1E5A17944E99952042FA4A0CC50A7ED (DESKTOP-4KBLNKT-28084).
[2022.07.15-21.40.04:439][  0]LogCollectionManager: Loaded 0 collections in 0.001610 seconds
[2022.07.15-21.40.04:442][  0]LogFileCache: Scanning file cache for directory 'C:/Users/ivcha/Documents/GitHub/GameplayProgramming/Saved/Collections/' took 0.00s
[2022.07.15-21.40.04:442][  0]LogFileCache: Scanning file cache for directory 'C:/Users/ivcha/Documents/GitHub/GameplayProgramming/Content/Developers/ivcha/Collections/' took 0.00s
[2022.07.15-21.40.04:442][  0]LogFileCache: Scanning file cache for directory 'C:/Users/ivcha/Documents/GitHub/GameplayProgramming/Content/Collections/' took 0.00s
[2022.07.15-21.40.04:442][  0]LogCollectionManager: Fixed up redirectors for 0 collections in 0.000001 seconds (updated 0 objects)
[2022.07.15-21.40.04:555][  0]LogTcpMessaging: Initializing TcpMessaging bridge
[2022.07.15-21.40.04:560][  0]LogUdpMessaging: Initializing bridge on interface 0.0.0.0:0 to multicast group 230.0.0.1:6666.
[2022.07.15-21.40.04:576][  0]LogPython: Using Python 3.7.7
[2022.07.15-21.40.05:055][  0]SourceControl: Source control is disabled
[2022.07.15-21.40.05:055][  0]SourceControl: Source control is disabled
[2022.07.15-21.40.05:059][  0]SourceControl: Source control is disabled
[2022.07.15-21.40.05:066][  0]LogUProjectInfo: Found projects:
[2022.07.15-21.40.05:074][  0]LogVSAccessor: Display: Unable to create Visual Studio setup instance: 80040154
[2022.07.15-21.40.05:074][  0]LogVSAccessor: Display: Unable to create Visual Studio setup instance: 80040154
[2022.07.15-21.40.05:075][  0]LogVSAccessor: Display: Unable to create Visual Studio setup instance: 80040154
[2022.07.15-21.40.05:180][  0]LogOpenImageDenoise: OIDN starting up
[2022.07.15-21.40.05:212][  0]LogAudioCaptureCore: Display: No Audio Capture implementations found. Audio input will be silent.
[2022.07.15-21.40.05:212][  0]LogAudioCaptureCore: Display: No Audio Capture implementations found. Audio input will be silent.
[2022.07.15-21.40.05:220][  0]LogAndroidPermission: UAndroidPermissionCallbackProxy::GetInstance
[2022.07.15-21.40.05:285][  0]LogOcInput: OculusInput pre-init called
[2022.07.15-21.40.05:293][  0]LogUObjectArray: 22121 objects as part of root set at end of initial load.
[2022.07.15-21.40.05:293][  0]LogUObjectAllocator: 5975632 out of 0 bytes used by permanent object pool.
[2022.07.15-21.40.05:293][  0]LogUObjectArray: CloseDisregardForGC: 0/0 objects in disregard for GC pool
[2022.07.15-21.40.05:347][  0]LogEngine: Initializing Engine...
[2022.07.15-21.40.05:349][  0]LogHMD: Failed to enumerate extensions. Please check that you have a valid OpenXR runtime installed.
[2022.07.15-21.40.05:350][  0]LogHMD: Failed to initialize OpenVR with code 110
[2022.07.15-21.40.05:350][  0]LogMagicLeap: Warning: VR disabled because ZI is not enabled.  To enable, in the editor, Edit -> Project Settings -> Plugins -> Magic Leap Plugin -> Enable Zero Iteration
[2022.07.15-21.40.05:351][  0]LogStats: UGameplayTagsManager::InitializeManager -  0.000 s
[2022.07.15-21.40.05:435][  0]LogInit: Initializing FReadOnlyCVARCache
[2022.07.15-21.40.05:435][  0]LogAudio: Display: Initializing Audio Device Manager...
[2022.07.15-21.40.05:440][  0]LogAudio: Display: Loading Default Audio Settings Objects...
[2022.07.15-21.40.05:441][  0]LogAudio: Display: No default SoundConcurrencyObject specified (or failed to load).
[2022.07.15-21.40.05:441][  0]LogAudio: Display: Audio Device Manager Initialized
[2022.07.15-21.40.05:441][  0]LogAudio: Display: Creating Audio Device:                 Id: 1, Scope: Shared, Realtime: True
[2022.07.15-21.40.05:441][  0]LogAudioMixer: Display: Audio Mixer Platform Settings:
[2022.07.15-21.40.05:441][  0]LogAudioMixer: Display: 	Sample Rate:						  48000
[2022.07.15-21.40.05:441][  0]LogAudioMixer: Display: 	Callback Buffer Frame Size Requested: 1024
[2022.07.15-21.40.05:441][  0]LogAudioMixer: Display: 	Callback Buffer Frame Size To Use:	  1024
[2022.07.15-21.40.05:441][  0]LogAudioMixer: Display: 	Number of buffers to queue:			  2
[2022.07.15-21.40.05:441][  0]LogAudioMixer: Display: 	Max Channels (voices):				  32
[2022.07.15-21.40.05:441][  0]LogAudioMixer: Display: 	Number of Async Source Workers:		  0
[2022.07.15-21.40.05:441][  0]LogAudio: Display: AudioDevice MaxSources: 32
[2022.07.15-21.40.05:442][  0]LogAudio: Display: Audio Spatialization Plugin: None (built-in).
[2022.07.15-21.40.05:442][  0]LogAudio: Display: Audio Reverb Plugin: None (built-in).
[2022.07.15-21.40.05:442][  0]LogAudio: Display: Audio Occlusion Plugin: None (built-in).
[2022.07.15-21.40.05:442][  0]LogAudioMixer: Display: Initializing audio mixer.
[2022.07.15-21.40.05:454][  0]LogAudioMixer: Display: 0: FrontLeft
[2022.07.15-21.40.05:454][  0]LogAudioMixer: Display: 1: FrontRight
[2022.07.15-21.40.05:469][  0]LogAudioMixer: Display: Using Audio Device Altavoces (KROM)
[2022.07.15-21.40.05:475][  0]LogAudioMixer: Display: Initializing Sound Submixes...
[2022.07.15-21.40.05:476][  0]LogAudioMixer: Display: Creating Master Submix 'MasterSubmixDefault'
[2022.07.15-21.40.05:476][  0]LogAudioMixer: Display: Creating Master Submix 'MasterReverbSubmixDefault'
[2022.07.15-21.40.05:477][  0]LogAudioMixer: Display: Creating Master Submix 'MasterEQSubmixDefault'
[2022.07.15-21.40.05:477][  0]LogAudioMixer: FMixerPlatformXAudio2::StartAudioStream() called
[2022.07.15-21.40.05:477][  0]LogAudioMixer: Display: Output buffers initialized: Frames=1024, Channels=2, Samples=2048
[2022.07.15-21.40.05:478][  0]LogAudioMixer: Display: Starting AudioMixerPlatformInterface::RunInternal()
[2022.07.15-21.40.05:478][  0]LogAudioMixer: Display: FMixerPlatformXAudio2::SubmitBuffer() called for the first time
[2022.07.15-21.40.05:478][  0]LogInit: FAudioDevice initialized.
[2022.07.15-21.40.05:481][  0]LogNetVersion: Set ProjectVersion to 1.0.0.0. Version Checksum will be recalculated on next use.
[2022.07.15-21.40.05:481][  0]LogInit: Texture streaming: Enabled
[2022.07.15-21.40.05:547][  0]LogAudio: Display: Audio Device (ID: 1) registered with world 'Untitled'.
[2022.07.15-21.40.05:547][  0]LogSlate: Updating window title bar state: overlay mode, drag disabled, window buttons hidden, title bar hidden
[2022.07.15-21.40.05:548][  0]LogInit: Display: Game Engine Initialized.
[2022.07.15-21.40.05:548][  0]LogNiagaraEditor: GEditor isn't valid! Particle reset commands will not work for Niagara components!
[2022.07.15-21.40.05:664][  0]LogInit: Display: Starting Game.
[2022.07.15-21.40.05:664][  0]LogNet: Browse: /Game/Menu/MainMenuMap?Name=Player
[2022.07.15-21.40.05:664][  0]LogLoad: LoadMap: /Game/Menu/MainMenuMap?Name=Player
[2022.07.15-21.40.05:664][  0]LogWorld: BeginTearingDown for /Temp/Untitled_0
[2022.07.15-21.40.05:665][  0]LogWorld: UWorld::CleanupWorld for Untitled, bSessionEnded=true, bCleanupResources=true
[2022.07.15-21.40.05:665][  0]LogSlate: InvalidateAllWidgets triggered.  All widgets were invalidated
[2022.07.15-21.40.05:669][  0]LogAudio: Display: Audio Device unregistered from world 'None'.
[2022.07.15-21.40.05:672][  0]LogUObjectHash: Compacting FUObjectHashTables data took   0.77ms
[2022.07.15-21.40.05:699][  0]LogAudio: Display: Audio Device (ID: 1) registered with world 'MainMenuMap'.
[2022.07.15-21.40.05:707][  0]LogAIModule: Creating AISystem for world MainMenuMap
[2022.07.15-21.40.05:964][  0]LogLoad: Game class is 'FirstPersonGameMode_C'
[2022.07.15-21.40.05:965][  0]LogWorld: Bringing World /Game/Menu/MainMenuMap.MainMenuMap up for play (max tick rate 0) at 2022.07.15-23.40.05
[2022.07.15-21.40.05:965][  0]LogWorld: Bringing up level for play took: 0.000591
[2022.07.15-21.40.05:965][  0]LogGameMode: FindPlayerStart: PATHS NOT DEFINED or NO PLAYERSTART with positive rating
[2022.07.15-21.40.05:969][  0]LogViewport: Display: Viewport MouseLockMode Changed, LockOnCapture -> DoNotLock
[2022.07.15-21.40.05:969][  0]LogViewport: Display: Viewport MouseCaptureMode Changed, CapturePermanently_IncludingInitialMouseDown -> NoCapture
[2022.07.15-21.40.05:970][  0]LogLoad: Took 0.305922 seconds to LoadMap(/Game/Menu/MainMenuMap)
[2022.07.15-21.40.05:992][  0]LogSlate: Took 0.000156 seconds to synchronously load lazily loaded font '../../../Engine/Content/Slate/Fonts/Roboto-Regular.ttf' (155K)
[2022.07.15-21.40.06:014][  0]LogRenderer: Reallocating scene render targets to support 1280x720 Format 10 NumSamples 1 (Frame:1).
[2022.07.15-21.40.06:014][  0]LogInit: Display: Engine is initialized. Leaving FEngineLoop::Init()
[2022.07.15-21.40.06:014][  0]LogLoad: (Engine Initialization) Total time: 5.06 seconds
[2022.07.15-21.40.06:014][  0]LogLoad: (Engine Initialization) Total Blueprint compile time: 0.00 seconds
[2022.07.15-21.40.06:019][  0]LogContentStreaming: Texture pool size now 1000 MB
[2022.07.15-21.40.06:025][  0]LogSlate: InvalidateAllWidgets triggered.  All widgets were invalidated
[2022.07.15-21.40.06:217][  1]LogSlate: Took 0.000156 seconds to synchronously load lazily loaded font '../../../Engine/Content/Slate/Fonts/Roboto-Regular.ttf' (155K)
[2022.07.15-21.40.11:885][929]LogViewport: Display: Viewport MouseLockMode Changed, DoNotLock -> LockOnCapture
[2022.07.15-21.40.11:885][929]LogViewport: Display: Viewport MouseCaptureMode Changed, NoCapture -> CapturePermanently
[2022.07.15-21.40.11:962][929]LogPackageName: SearchForPackageOnDisk took   0.076s to resolve FirstPersonExampleMap.umap.
[2022.07.15-21.40.12:042][929]LogPackageName: SearchForPackageOnDisk took   0.079s to resolve FirstPersonExampleMap.umap.
[2022.07.15-21.40.12:042][929]LogNet: Browse: /Game/FirstPersonBP/Maps/FirstPersonExampleMap
[2022.07.15-21.40.12:042][929]LogLoad: LoadMap: /Game/FirstPersonBP/Maps/FirstPersonExampleMap
[2022.07.15-21.40.12:042][929]LogWorld: BeginTearingDown for /Game/Menu/MainMenuMap
[2022.07.15-21.40.12:043][929]LogWorld: UWorld::CleanupWorld for MainMenuMap, bSessionEnded=true, bCleanupResources=true
[2022.07.15-21.40.12:043][929]LogSlate: InvalidateAllWidgets triggered.  All widgets were invalidated
[2022.07.15-21.40.12:077][929]LogAudio: Display: Audio Device unregistered from world 'None'.
[2022.07.15-21.40.12:087][929]LogUObjectHash: Compacting FUObjectHashTables data took   0.82ms
[2022.07.15-21.40.12:613][929]LogAudio: Display: Audio Device (ID: 1) registered with world 'FirstPersonExampleMap'.
[2022.07.15-21.40.12:614][929]LogAIModule: Creating AISystem for world FirstPersonExampleMap
[2022.07.15-21.40.12:614][929]LogLoad: Game class is 'FirstPersonGameMode_C'
[2022.07.15-21.40.12:627][929]LogPhysics: Warning: Scale for /Game/FirstPersonBP/Maps/FirstPersonExampleMap.FirstPersonExampleMap:PersistentLevel.EnemyNoShootBP_2.SpawnPoint has a component set to zero, which will result in a bad body instance. Scale:X=0.000 Y=0.000 Z=0.000
[2022.07.15-21.40.12:627][929]LogPhysics: Warning: Initialising Body : Scale3D is (nearly) zero: Component: '/Game/FirstPersonBP/Maps/FirstPersonExampleMap.FirstPersonExampleMap:PersistentLevel.EnemyNoShootBP_2.SpawnPoint' 
[2022.07.15-21.40.12:629][929]LogPhysics: Warning: Scale for /Game/FirstPersonBP/Maps/FirstPersonExampleMap.FirstPersonExampleMap:PersistentLevel.EnemyNoShootBP_2.SpawnPoint has a component set to zero, which will result in a bad body instance. Scale:X=0.000 Y=0.000 Z=0.000
[2022.07.15-21.40.12:629][929]LogPhysics: Warning: Initialising Body : Scale3D is (nearly) zero: Component: '/Game/FirstPersonBP/Maps/FirstPersonExampleMap.FirstPersonExampleMap:PersistentLevel.EnemyNoShootBP_2.SpawnPoint' 
[2022.07.15-21.40.12:629][929]LogPhysics: Warning: Scale for /Game/FirstPersonBP/Maps/FirstPersonExampleMap.FirstPersonExampleMap:PersistentLevel.EnemyNoShootBP_2.SpawnPoint has a component set to zero, which will result in a bad body instance. Scale:X=0.000 Y=0.000 Z=0.000
[2022.07.15-21.40.12:630][929]LogPhysics: Warning: Initialising Body : Scale3D is (nearly) zero: Component: '/Game/FirstPersonBP/Maps/FirstPersonExampleMap.FirstPersonExampleMap:PersistentLevel.EnemyNoShootBP_2.SpawnPoint' 
[2022.07.15-21.40.12:630][929]LogPhysics: Warning: Scale for /Game/FirstPersonBP/Maps/FirstPersonExampleMap.FirstPersonExampleMap:PersistentLevel.EnemyNoShootBP_2.SpawnPoint has a component set to zero, which will result in a bad body instance. Scale:X=0.000 Y=0.000 Z=0.000
[2022.07.15-21.40.12:630][929]LogPhysics: Warning: Initialising Body : Scale3D is (nearly) zero: Component: '/Game/FirstPersonBP/Maps/FirstPersonExampleMap.FirstPersonExampleMap:PersistentLevel.EnemyNoShootBP_2.SpawnPoint' 
[2022.07.15-21.40.12:632][929]LogWorld: Bringing World /Game/FirstPersonBP/Maps/FirstPersonExampleMap.FirstPersonExampleMap up for play (max tick rate 0) at 2022.07.15-23.40.12
[2022.07.15-21.40.12:632][929]LogWorld: Bringing up level for play took: 0.017447
[2022.07.15-21.40.12:635][929]LogLoad: Took 0.592453 seconds to LoadMap(/Game/FirstPersonBP/Maps/FirstPersonExampleMap)
[2022.07.15-21.40.31:835][150]LogRenderer: Reallocating scene render targets to support 1212x684 Format 10 NumSamples 1 (Frame:4223).
[2022.07.15-21.40.32:640][222]LogRenderer: Reallocating scene render targets to support 1220x684 Format 10 NumSamples 1 (Frame:4296).
[2022.07.15-21.40.34:227][668]LogWindowsDesktop: Alt-F4 pressed!
[2022.07.15-21.40.34:235][668]LogSlate: Window 'GameplayProgramming (64-bit Development PCD3D_SM5) ' being destroyed
[2022.07.15-21.40.34:237][668]LogWindowsTextInputMethodSystem: Display: IME system deactivated.
[2022.07.15-21.40.34:244][668]LogWindowsTextInputMethodSystem: Display: IME system deactivated.
[2022.07.15-21.40.34:246][668]LogSlate: Updating window title bar state: overlay mode, drag disabled, window buttons hidden, title bar hidden
[2022.07.15-21.40.34:246][668]LogEngine: All Windows Closed
[2022.07.15-21.40.34:246][668]LogWindows: FPlatformMisc::RequestExit(0)
[2022.07.15-21.40.34:246][668]LogWindows: FPlatformMisc::RequestExitWithStatus(0, 0)
[2022.07.15-21.40.34:246][668]LogCore: Engine exit requested (reason: Win RequestExit)
[2022.07.15-21.40.34:246][669]LogCore: Engine exit requested (reason: EngineExit() was called; note: exit was already requested)
[2022.07.15-21.40.34:246][669]LogInit: Display: PreExit Game.
[2022.07.15-21.40.34:255][669]LogWorld: BeginTearingDown for /Game/FirstPersonBP/Maps/FirstPersonExampleMap
[2022.07.15-21.40.34:255][669]LogWorld: UWorld::CleanupWorld for FirstPersonExampleMap, bSessionEnded=true, bCleanupResources=true
[2022.07.15-21.40.34:256][669]LogSlate: InvalidateAllWidgets triggered.  All widgets were invalidated
[2022.07.15-21.40.34:378][669]LogAudio: Display: Beginning Audio Device Manager Shutdown (Module: AudioMixerXAudio2)...
[2022.07.15-21.40.34:378][669]LogAudio: Display: Destroying 1 Remaining Audio Device(s)...
[2022.07.15-21.40.34:378][669]LogAudio: Display: Audio Device unregistered from world 'FirstPersonExampleMap'.
[2022.07.15-21.40.34:399][669]LogAudioMixer: FMixerPlatformXAudio2::StopAudioStream() called
[2022.07.15-21.40.34:401][669]LogAudioMixer: FMixerPlatformXAudio2::StopAudioStream() called
[2022.07.15-21.40.34:403][669]LogAudio: Display: Audio Device Manager Shutdown
[2022.07.15-21.40.34:409][669]LogExit: Preparing to exit.
[2022.07.15-21.40.34:413][669]LogSlate: Updating window title bar state: overlay mode, drag disabled, window buttons hidden, title bar hidden
[2022.07.15-21.40.34:417][669]LogUObjectHash: Compacting FUObjectHashTables data took   0.98ms
[2022.07.15-21.40.34:580][669]LogMoviePlayer: Shutting down movie player
[2022.07.15-21.40.34:773][669]LogDemo: Cleaned up 0 splitscreen connections with owner deletion
[2022.07.15-21.40.34:777][669]LogExit: Game engine shut down
[2022.07.15-21.40.34:814][669]LogExit: Object subsystem successfully closed.
[2022.07.15-21.40.34:844][669]LogShaderCompilers: Display: === FShaderJobCache stats ===
[2022.07.15-21.40.34:844][669]LogShaderCompilers: Display: Total job queries 0, among them cache hits 0 (0.00%)
[2022.07.15-21.40.34:844][669]LogShaderCompilers: Display: Tracking 0 distinct input hashes that result in 0 distinct outputs (0.00%)
[2022.07.15-21.40.34:844][669]LogShaderCompilers: Display: RAM used: 0.00 MB (0.00 GB) of 819.20 MB (0.80 GB) budget. Usage: 0.00%
[2022.07.15-21.40.34:844][669]LogShaderCompilers: Display: ================================================
[2022.07.15-21.40.34:858][669]LogShaderCompilers: Display: Shaders left to compile 0
[2022.07.15-21.40.34:873][669]LogModuleManager: Shutting down and abandoning module SequenceRecorderSections (560)
[2022.07.15-21.40.34:873][669]LogModuleManager: Shutting down and abandoning module SequenceRecorder (558)
[2022.07.15-21.40.34:873][669]LogModuleManager: Shutting down and abandoning module AutomationController (556)
[2022.07.15-21.40.34:873][669]LogModuleManager: Shutting down and abandoning module AutomationWorker (554)
[2022.07.15-21.40.34:873][669]LogModuleManager: Shutting down and abandoning module Voice (552)
[2022.07.15-21.40.34:873][669]LogModuleManager: Shutting down and abandoning module AnimGraph (550)
[2022.07.15-21.40.34:873][669]LogModuleManager: Shutting down and abandoning module AIModule (548)
[2022.07.15-21.40.34:873][669]LogModuleManager: Shutting down and abandoning module GameplayDebugger (547)
[2022.07.15-21.40.34:873][669]LogModuleManager: Shutting down and abandoning module AITestSuite (545)
[2022.07.15-21.40.34:873][669]LogModuleManager: Shutting down and abandoning module NavigationSystem (543)
[2022.07.15-21.40.34:873][669]LogModuleManager: Shutting down and abandoning module SteamVREditor (540)
[2022.07.15-21.40.34:873][669]LogModuleManager: Shutting down and abandoning module ToolMenus (539)
[2022.07.15-21.40.34:873][669]LogModuleManager: Shutting down and abandoning module OculusMR (536)
[2022.07.15-21.40.34:873][669]LogModuleManager: Shutting down and abandoning module OpenXRInput (534)
[2022.07.15-21.40.34:873][669]LogModuleManager: Shutting down and abandoning module TakeRecorderSources (532)
[2022.07.15-21.40.34:873][669]LogModuleManager: Shutting down and abandoning module TakeRecorder (531)
[2022.07.15-21.40.34:873][669]LogModuleManager: Shutting down and abandoning module TakeTrackRecorders (528)
[2022.07.15-21.40.34:873][669]LogModuleManager: Shutting down and abandoning module TakesCore (526)
[2022.07.15-21.40.34:873][669]LogModuleManager: Shutting down and abandoning module PlanarCut (524)
[2022.07.15-21.40.34:874][669]LogModuleManager: Shutting down and abandoning module CharacterAI (522)
[2022.07.15-21.40.34:874][669]LogModuleManager: Shutting down and abandoning module WmfMediaFactory (520)
[2022.07.15-21.40.34:874][669]LogModuleManager: Shutting down and abandoning module WebMMediaFactory (518)
[2022.07.15-21.40.34:874][669]LogModuleManager: Shutting down and abandoning module WebMMedia (516)
[2022.07.15-21.40.34:874][669]LogModuleManager: Shutting down and abandoning module OpenExrWrapper (514)
[2022.07.15-21.40.34:874][669]LogModuleManager: Shutting down and abandoning module ImgMediaFactory (512)
[2022.07.15-21.40.34:874][669]LogModuleManager: Shutting down and abandoning module AvfMediaFactory (510)
[2022.07.15-21.40.34:874][669]LogModuleManager: Shutting down and abandoning module MagicLeapMediaCodecFactory (508)
[2022.07.15-21.40.34:874][669]LogModuleManager: Shutting down and abandoning module MagicLeapMediaFactory (506)
[2022.07.15-21.40.34:874][669]LogModuleManager: Shutting down and abandoning module SessionServices (504)
[2022.07.15-21.40.34:874][669]LogModuleManager: Shutting down and abandoning module MovieSceneCapture (502)
[2022.07.15-21.40.34:874][669]LogModuleManager: Shutting down and abandoning module LiveCoding (500)
[2022.07.15-21.40.34:874][669]LogModuleManager: Shutting down and abandoning module LevelSequence (498)
[2022.07.15-21.40.34:874][669]LogModuleManager: Shutting down and abandoning module MovieSceneTracks (496)
[2022.07.15-21.40.34:874][669]LogModuleManager: Shutting down and abandoning module MovieScene (494)
[2022.07.15-21.40.34:874][669]LogModuleManager: Shutting down and abandoning module StreamingPauseRendering (492)
[2022.07.15-21.40.34:874][669]LogModuleManager: Shutting down and abandoning module PortalServices (490)
[2022.07.15-21.40.34:874][669]LogModuleManager: Shutting down and abandoning module PortalRpc (488)
[2022.07.15-21.40.34:874][669]LogModuleManager: Shutting down and abandoning module MessagingRpc (486)
[2022.07.15-21.40.34:874][669]LogModuleManager: Shutting down and abandoning module AudioMixerXAudio2 (484)
[2022.07.15-21.40.34:874][669]LogModuleManager: Shutting down and abandoning module AudioMixerCore (483)
[2022.07.15-21.40.34:874][669]LogModuleManager: Shutting down and abandoning module ImageWriteQueue (480)
[2022.07.15-21.40.34:881][669]LogModuleManager: Shutting down and abandoning module ProfilerService (478)
[2022.07.15-21.40.35:123][669]LogModuleManager: Shutting down and abandoning module TaskGraph (476)
[2022.07.15-21.40.35:124][669]LogModuleManager: Shutting down and abandoning module OculusInput (474)
[2022.07.15-21.40.35:124][669]LogModuleManager: Shutting down and abandoning module Synthesis (472)
[2022.07.15-21.40.35:124][669]LogModuleManager: Shutting down and abandoning module ProceduralMeshComponent (470)
[2022.07.15-21.40.35:124][669]LogModuleManager: Shutting down and abandoning module MobilePatchingUtils (468)
[2022.07.15-21.40.35:124][669]LogModuleManager: Shutting down and abandoning module TakeMovieScene (466)
[2022.07.15-21.40.35:124][669]LogModuleManager: Shutting down and abandoning module EditableMesh (464)
[2022.07.15-21.40.35:124][669]LogModuleManager: Shutting down and abandoning module GooglePAD (462)
[2022.07.15-21.40.35:124][669]LogModuleManager: Shutting down and abandoning module CustomMeshComponent (460)
[2022.07.15-21.40.35:124][669]LogModuleManager: Shutting down and abandoning module CableComponent (458)
[2022.07.15-21.40.35:124][669]LogModuleManager: Shutting down and abandoning module AndroidPermission (456)
[2022.07.15-21.40.35:124][669]LogModuleManager: Shutting down and abandoning module AudioCapture (454)
[2022.07.15-21.40.35:124][669]LogModuleManager: Shutting down and abandoning module AudioCaptureRtAudio (453)
[2022.07.15-21.40.35:124][669]LogModuleManager: Shutting down and abandoning module AssetTags (450)
[2022.07.15-21.40.35:124][669]LogModuleManager: Shutting down and abandoning module ArchVisCharacter (448)
[2022.07.15-21.40.35:124][669]LogModuleManager: Shutting down and abandoning module AppleImageUtilsBlueprintSupport (446)
[2022.07.15-21.40.35:124][669]LogModuleManager: Shutting down and abandoning module AppleImageUtils (444)
[2022.07.15-21.40.35:124][669]LogModuleManager: Shutting down and abandoning module ActorLayerUtilities (442)
[2022.07.15-21.40.35:124][669]LogModuleManager: Shutting down and abandoning module MotoSynth (440)
[2022.07.15-21.40.35:124][669]LogModuleManager: Shutting down and abandoning module OpenImageDenoise (438)
[2022.07.15-21.40.35:124][669]LogOpenImageDenoise: OIDN shutting down
[2022.07.15-21.40.35:124][669]LogModuleManager: Shutting down and abandoning module MeshConversion (436)
[2022.07.15-21.40.35:124][669]LogModuleManager: Shutting down and abandoning module DynamicMesh (434)
[2022.07.15-21.40.35:124][669]LogModuleManager: Shutting down and abandoning module GeometryAlgorithms (432)
[2022.07.15-21.40.35:124][669]LogModuleManager: Shutting down and abandoning module GeometricObjects (430)
[2022.07.15-21.40.35:124][669]LogModuleManager: Shutting down and abandoning module TemplateSequence (428)
[2022.07.15-21.40.35:124][669]LogModuleManager: Shutting down and abandoning module GeometryCollectionTracks (426)
[2022.07.15-21.40.35:124][669]LogModuleManager: Shutting down and abandoning module GeometryCollectionSequencer (425)
[2022.07.15-21.40.35:124][669]LogModuleManager: Shutting down and abandoning module GeometryCacheTracks (422)
[2022.07.15-21.40.35:124][669]LogModuleManager: Shutting down and abandoning module GeometryCacheSequencer (421)
[2022.07.15-21.40.35:124][669]LogModuleManager: Shutting down and abandoning module GeometryCache (418)
[2022.07.15-21.40.35:124][669]LogModuleManager: Shutting down and abandoning module GeometryCacheEd (417)
[2022.07.15-21.40.35:124][669]LogModuleManager: Shutting down and abandoning module ChaosNiagara (414)
[2022.07.15-21.40.35:124][669]LogModuleManager: Shutting down and abandoning module FieldSystemEngine (413)
[2022.07.15-21.40.35:124][669]LogModuleManager: Shutting down and abandoning module BackChannel (410)
[2022.07.15-21.40.35:124][669]LogModuleManager: Shutting down and abandoning module AutomationUtils (408)
[2022.07.15-21.40.35:124][669]LogModuleManager: Shutting down and abandoning module MediaCompositing (406)
[2022.07.15-21.40.35:124][669]LogModuleManager: Shutting down and abandoning module ImgMedia (404)
[2022.07.15-21.40.35:124][669]LogModuleManager: Shutting down and abandoning module MagicLeapSharedWorld (402)
[2022.07.15-21.40.35:124][669]LogModuleManager: Shutting down and abandoning module MagicLeapLightEstimation (400)
[2022.07.15-21.40.35:124][669]LogModuleManager: Shutting down and abandoning module MagicLeapHelperVulkan (398)
[2022.07.15-21.40.35:124][669]LogModuleManager: Shutting down and abandoning module MagicLeapHelperOpenGL (396)
[2022.07.15-21.40.35:124][669]LogModuleManager: Shutting down and abandoning module MagicLeapAudio (394)
[2022.07.15-21.40.35:124][669]LogModuleManager: Shutting down and abandoning module VisualStudioSourceCodeAccess (392)
[2022.07.15-21.40.35:125][669]LogModuleManager: Shutting down and abandoning module HotReload (391)
[2022.07.15-21.40.35:125][669]LogModuleManager: Shutting down and abandoning module VisualStudioCodeSourceCodeAccess (388)
[2022.07.15-21.40.35:125][669]LogModuleManager: Shutting down and abandoning module UObjectPlugin (386)
[2022.07.15-21.40.35:125][669]LogModuleManager: Shutting down and abandoning module SubversionSourceControl (384)
[2022.07.15-21.40.35:125][669]LogModuleManager: Shutting down and abandoning module PerforceSourceControl (382)
[2022.07.15-21.40.35:125][669]LogModuleManager: Shutting down and abandoning module SourceControl (381)
[2022.07.15-21.40.35:125][669]LogModuleManager: Shutting down and abandoning module CLionSourceCodeAccess (378)
[2022.07.15-21.40.35:125][669]LogModuleManager: Shutting down and abandoning module OodleNetworkHandlerComponent (376)
[2022.07.15-21.40.35:125][669]LogModuleManager: Shutting down and abandoning module LiveLinkSequencer (374)
[2022.07.15-21.40.35:125][669]LogModuleManager: Shutting down and abandoning module LiveLinkMovieScene (372)
[2022.07.15-21.40.35:125][669]LogModuleManager: Shutting down and abandoning module LiveLinkGraphNode (370)
[2022.07.15-21.40.35:125][669]LogModuleManager: Shutting down and abandoning module LiveLinkComponents (368)
[2022.07.15-21.40.35:125][669]LogModuleManager: Shutting down and abandoning module LiveLink (366)
