Log file open, 07/15/22 23:07:30
LogWindows: Failed to load 'aqProf.dll' (GetLastError=126)
LogWindows: File 'aqProf.dll' does not exist
LogWindows: Failed to load 'VtuneApi.dll' (GetLastError=126)
LogWindows: File 'VtuneApi.dll' does not exist
LogWindows: Failed to load 'VtuneApi32e.dll' (GetLastError=126)
LogWindows: File 'VtuneApi32e.dll' does not exist
LogConsoleResponse: Display: Failed to find resolution value strings in scalability ini. Falling back to default.
LogConsoleResponse: Display: Failed to find resolution value strings in scalability ini. Falling back to default.
LogInit: Display: Running engine for game: GameplayProgramming
LogPlatformFile: Not using cached read wrapper
LogTaskGraph: Started task graph with 5 named threads and 47 total threads with 3 sets of task threads.
LogStats: Stats thread started at 0.244026
LogICUInternationalization: ICU TimeZone Detection - Raw Offset: +1:00, Platform Override: ''
LogInit: Display: Loading text-based GConfig....
LogPluginManager: Mounting plugin MeshPainting
LogPluginManager: Mounting plugin XGEController
LogPluginManager: Mounting plugin Paper2D
LogPluginManager: Mounting plugin AISupport
LogPluginManager: Mounting plugin EnvironmentQueryEditor
LogPluginManager: Mounting plugin LightPropagationVolume
LogPluginManager: Mounting plugin CameraShakePreviewer
LogPluginManager: Mounting plugin LiveLink
LogPluginManager: Mounting plugin GameplayCameras
LogPluginManager: Mounting plugin OodleData
LogPluginManager: Mounting plugin OodleNetwork
LogPluginManager: Mounting plugin DatasmithContent
LogPluginManager: Mounting plugin CodeLiteSourceCodeAccess
LogPluginManager: Mounting plugin CLionSourceCodeAccess
LogPluginManager: Mounting plugin VariantManagerContent
LogPluginManager: Mounting plugin GitSourceControl
LogPluginManager: Mounting plugin NullSourceCodeAccess
LogPluginManager: Mounting plugin AnimationSharing
LogPluginManager: Mounting plugin PerforceSourceControl
LogPluginManager: Mounting plugin KDevelopSourceCodeAccess
LogPluginManager: Mounting plugin PlasticSourceControl
LogPluginManager: Mounting plugin SubversionSourceControl
LogPluginManager: Mounting plugin RiderSourceCodeAccess
LogPluginManager: Mounting plugin PixWinPlugin
LogPluginManager: Mounting plugin PluginUtils
LogPluginManager: Mounting plugin PropertyAccessNode
LogPluginManager: Mounting plugin UObjectPlugin
LogPluginManager: Mounting plugin VisualStudioSourceCodeAccess
LogPluginManager: Mounting plugin TextureFormatOodle
LogPluginManager: Mounting plugin XCodeSourceCodeAccess
LogPluginManager: Mounting plugin VisualStudioCodeSourceCodeAccess
LogPluginManager: Mounting plugin AlembicImporter
LogPluginManager: Mounting plugin AutomationUtils
LogPluginManager: Mounting plugin BackChannel
LogPluginManager: Mounting plugin ChaosCloth
LogPluginManager: Mounting plugin ChaosClothEditor
LogPluginManager: Mounting plugin ChaosEditor
LogPluginManager: Mounting plugin ChaosNiagara
LogPluginManager: Mounting plugin CharacterAI
LogPluginManager: Mounting plugin GeometryCache
LogPluginManager: Mounting plugin GeometryProcessing
LogPluginManager: Mounting plugin GeometryCollectionPlugin
LogPluginManager: Mounting plugin ChaosSolverPlugin
LogPluginManager: Mounting plugin MotoSynth
LogPluginManager: Mounting plugin OpenImageDenoise
LogPluginManager: Mounting plugin ProxyLODPlugin
LogPluginManager: Mounting plugin PlatformCrypto
LogPluginManager: Mounting plugin PythonScriptPlugin
LogPluginManager: Mounting plugin LuminPlatformFeatures
LogPluginManager: Mounting plugin MagicLeap
LogPluginManager: Mounting plugin PlanarCut
LogPluginManager: Mounting plugin MagicLeapLightEstimation
LogPluginManager: Mounting plugin MagicLeapMedia
LogPluginManager: Mounting plugin MagicLeapPassableWorld
LogPluginManager: Mounting plugin MLSDK
LogPluginManager: Mounting plugin SkeletalReduction
LogPluginManager: Mounting plugin Niagara
LogPluginManager: Mounting plugin AvfMedia
LogPluginManager: Mounting plugin MediaPlayerEditor
LogPluginManager: Mounting plugin WebMMedia
LogPluginManager: Mounting plugin WmfMedia
LogPluginManager: Mounting plugin ImgMedia
LogPluginManager: Mounting plugin AssetManagerEditor
LogPluginManager: Mounting plugin CryptoKeys
LogPluginManager: Mounting plugin CurveEditorTools
LogPluginManager: Mounting plugin DataValidation
LogPluginManager: Mounting plugin FacialAnimation
LogPluginManager: Mounting plugin GameplayTagsEditor
LogPluginManager: Mounting plugin GeometryMode
LogPluginManager: Mounting plugin MacGraphicsSwitching
LogPluginManager: Mounting plugin MobileLauncherProfileWizard
LogPluginManager: Mounting plugin MaterialAnalyzer
LogPluginManager: Mounting plugin MediaCompositing
LogPluginManager: Mounting plugin SpeedTreeImporter
LogPluginManager: Mounting plugin ActorSequence
LogPluginManager: Mounting plugin MatineeToLevelSequence
LogPluginManager: Mounting plugin TemplateSequence
LogPluginManager: Mounting plugin LevelSequenceEditor
LogPluginManager: Mounting plugin TcpMessaging
LogPluginManager: Mounting plugin AndroidMedia
LogPluginManager: Mounting plugin UdpMessaging
LogPluginManager: Mounting plugin OnlineSubsystem
LogPluginManager: Mounting plugin OnlineSubsystemNull
LogPluginManager: Mounting plugin PluginBrowser
LogPluginManager: Mounting plugin OnlineSubsystemUtils
LogPluginManager: Mounting plugin LauncherChunkInstaller
LogPluginManager: Mounting plugin ActorLayerUtilities
LogPluginManager: Mounting plugin AndroidDeviceProfileSelector
LogPluginManager: Mounting plugin AndroidPermission
LogPluginManager: Mounting plugin AppleImageUtils
LogPluginManager: Mounting plugin AppleMoviePlayer
LogPluginManager: Mounting plugin AndroidMoviePlayer
LogPluginManager: Mounting plugin AudioCapture
LogPluginManager: Mounting plugin ArchVisCharacter
LogPluginManager: Mounting plugin CableComponent
LogPluginManager: Mounting plugin AssetTags
LogPluginManager: Mounting plugin ChunkDownloader
LogPluginManager: Mounting plugin CustomMeshComponent
LogPluginManager: Mounting plugin AudioSynesthesia
LogPluginManager: Mounting plugin EditableMesh
LogPluginManager: Mounting plugin ExampleDeviceProfileSelector
LogPluginManager: Mounting plugin GoogleCloudMessaging
LogPluginManager: Mounting plugin GooglePAD
LogPluginManager: Mounting plugin ScreenshotTools
LogPluginManager: Mounting plugin Takes
LogPluginManager: Mounting plugin IOSDeviceProfileSelector
LogPluginManager: Mounting plugin LinuxDeviceProfileSelector
LogPluginManager: Mounting plugin LocationServicesBPLibrary
LogPluginManager: Mounting plugin MobilePatchingUtils
LogPluginManager: Mounting plugin OpenXR
LogPluginManager: Mounting plugin OpenXREyeTracker
LogPluginManager: Mounting plugin OpenXRHandTracking
LogPluginManager: Mounting plugin PhysXVehicles
LogPluginManager: Mounting plugin PostSplashScreen
LogPluginManager: Mounting plugin ProceduralMeshComponent
LogPluginManager: Mounting plugin PropertyAccessEditor
LogPluginManager: Mounting plugin RuntimePhysXCooking
LogPluginManager: Mounting plugin SignificanceManager
LogPluginManager: Mounting plugin Synthesis
LogPluginManager: Mounting plugin SoundFields
LogPluginManager: Mounting plugin WebMMoviePlayer
LogPluginManager: Mounting plugin WindowsMoviePlayer
LogPluginManager: Mounting plugin ContentBrowserAssetDataSource
LogPluginManager: Mounting plugin ContentBrowserClassDataSource
LogPluginManager: Mounting plugin ContentBrowserFileDataSource
LogPluginManager: Mounting plugin OnlineSubsystemGooglePlay
LogPluginManager: Mounting plugin OnlineSubsystemIOS
LogPluginManager: Mounting plugin OculusVR
LogPluginManager: Mounting plugin SteamVR
PixWinPlugin: PIX capture plugin failed to initialize! Check that the process is launched from PIX.
LogInit: Using libcurl 7.55.1-DEV
LogInit:  - built for x86_64-pc-win32
LogInit:  - supports SSL with OpenSSL/1.1.1
LogInit:  - supports HTTP deflate (compression) using libz 1.2.8
LogInit:  - other features:
LogInit:      CURL_VERSION_SSL
LogInit:      CURL_VERSION_LIBZ
LogInit:      CURL_VERSION_IPV6
LogInit:      CURL_VERSION_ASYNCHDNS
LogInit:      CURL_VERSION_LARGEFILE
LogInit:      CURL_VERSION_IDN
LogInit:  CurlRequestOptions (configurable via config and command line):
LogInit:  - bVerifyPeer = true  - Libcurl will verify peer certificate
LogInit:  - bUseHttpProxy = false  - Libcurl will NOT use HTTP proxy
LogInit:  - bDontReuseConnections = false  - Libcurl will reuse connections
LogInit:  - MaxHostConnections = 16  - Libcurl will limit the number of connections to a host
LogInit:  - LocalHostAddr = Default
LogInit:  - BufferSize = 65536
LogOnline: OSS: Creating online subsystem instance for: NULL
LogInit: WinSock: version 1.1 (2.2), MaxSocks=32767, MaxUdp=65467
LogOnline: OSS: TryLoadSubsystemAndSetDefault: Loaded subsystem for module [NULL]
LogOculusPluginWrapper: OculusPlugin initialized successfully
LogHMD: Failed initializing OVRPlugin 1.59.0
LogInit: Build: ++UE4+Release-4.27-CL-18319896
LogInit: Engine Version: 4.27.2-18319896+++UE4+Release-4.27
LogInit: Compatible Engine Version: 4.27.0-17155196+++UE4+Release-4.27
LogInit: Net CL: 17155196
LogInit: OS: Windows 10 (Release 2009) (), CPU: AMD Ryzen 7 4800H with Radeon Graphics         , GPU: AMD Radeon(TM) Graphics
LogInit: Compiled (64-bit): Nov 30 2021 07:12:08
LogInit: Compiled with Visual C++: 19.24.28315.00
LogInit: Build Configuration: Development
LogInit: Branch Name: ++UE4+Release-4.27
LogInit: Command Line:  /Game/Maps/Test/FirstPersonExampleMap -game -PIEVIACONSOLE -Multiprocess GameUserSettingsINI=C:/Users/ivcha/Documents/GitHub/GameplayProgramming/Saved/Config/Windows/PIEGameUserSettings0.ini -MultiprocessSaveConfig -forcepassthrough -messaging -SessionName="Play in Standalone Game" -windowed -ResX=1280 -ResY=720
LogInit: Base Directory: C:/Program Files/Epic Games/UE_4.27/Engine/Binaries/Win64/
LogInit: Allocator: TBB
LogInit: Installed Engine Build: 1
LogDevObjectVersion: Number of dev versions registered: 29
LogDevObjectVersion:   Dev-Blueprints (B0D832E4-1F89-4F0D-ACCF-7EB736FD4AA2): 10
LogDevObjectVersion:   Dev-Build (E1C64328-A22C-4D53-A36C-8E866417BD8C): 0
LogDevObjectVersion:   Dev-Core (375EC13C-06E4-48FB-B500-84F0262A717E): 4
LogDevObjectVersion:   Dev-Editor (E4B068ED-F494-42E9-A231-DA0B2E46BB41): 40
LogDevObjectVersion:   Dev-Framework (CFFC743F-43B0-4480-9391-14DF171D2073): 37
LogDevObjectVersion:   Dev-Mobile (B02B49B5-BB20-44E9-A304-32B752E40360): 3
LogDevObjectVersion:   Dev-Networking (A4E4105C-59A1-49B5-A7C5-40C4547EDFEE): 0
LogDevObjectVersion:   Dev-Online (39C831C9-5AE6-47DC-9A44-9C173E1C8E7C): 0
LogDevObjectVersion:   Dev-Physics (78F01B33-EBEA-4F98-B9B4-84EACCB95AA2): 14
LogDevObjectVersion:   Dev-Platform (6631380F-2D4D-43E0-8009-CF276956A95A): 0
LogDevObjectVersion:   Dev-Rendering (12F88B9F-8875-4AFC-A67C-D90C383ABD29): 45
LogDevObjectVersion:   Dev-Sequencer (7B5AE74C-D270-4C10-A958-57980B212A5A): 13
LogDevObjectVersion:   Dev-VR (D7296918-1DD6-4BDD-9DE2-64A83CC13884): 3
LogDevObjectVersion:   Dev-LoadTimes (C2A15278-BFE7-4AFE-6C17-90FF531DF755): 1
LogDevObjectVersion:   Private-Geometry (6EACA3D4-40EC-4CC1-B786-8BED09428FC5): 3
LogDevObjectVersion:   Dev-AnimPhys (29E575DD-E0A3-4627-9D10-D276232CDCEA): 17
LogDevObjectVersion:   Dev-Anim (AF43A65D-7FD3-4947-9873-3E8ED9C1BB05): 15
LogDevObjectVersion:   Dev-ReflectionCapture (6B266CEC-1EC7-4B8F-A30B-E4D90942FC07): 1
LogDevObjectVersion:   Dev-Automation (0DF73D61-A23F-47EA-B727-89E90C41499A): 1
LogDevObjectVersion:   FortniteMain (601D1886-AC64-4F84-AA16-D3DE0DEAC7D6): 47
LogDevObjectVersion:   FortniteRelease (E7086368-6B23-4C58-8439-1B7016265E91): 1
LogDevObjectVersion:   Dev-Enterprise (9DFFBCD6-494F-0158-E221-12823C92A888): 10
LogDevObjectVersion:   Dev-Niagara (F2AED0AC-9AFE-416F-8664-AA7FFA26D6FC): 1
LogDevObjectVersion:   Dev-Destruction (174F1F0B-B4C6-45A5-B13F-2EE8D0FB917D): 10
LogDevObjectVersion:   Dev-Physics-Ext (35F94A83-E258-406C-A318-09F59610247C): 41
LogDevObjectVersion:   Dev-PhysicsMaterial-Chaos (B68FC16E-8B1B-42E2-B453-215C058844FE): 1
LogDevObjectVersion:   Dev-CineCamera (B2E18506-4273-CFC2-A54E-F4BB758BBA07): 1
LogDevObjectVersion:   Dev-VirtualProduction (64F58936-FD1B-42BA-BA96-7289D5D0FA4E): 1
LogDevObjectVersion:   Dev-MediaFramework (6F0ED827-A609-4895-9C91-998D90180EA4): 2
LogInit: Presizing for max 25165824 objects, including 0 objects not considered by GC, pre-allocating 0 bytes for permanent pool.
LogConfig: Applying CVar settings from Section [/Script/Engine.StreamingSettings] File [C:/Users/ivcha/Documents/GitHub/GameplayProgramming/Saved/Config/Windows/Engine.ini]
LogConfig: Setting CVar [[s.MinBulkDataSizeForAsyncLoading:131072]]
LogConfig: Setting CVar [[s.AsyncLoadingThreadEnabled:0]]
LogConfig: Setting CVar [[s.EventDrivenLoaderEnabled:1]]
LogConfig: Setting CVar [[s.WarnIfTimeLimitExceeded:0]]
LogConfig: Setting CVar [[s.TimeLimitExceededMultiplier:1.5]]
LogConfig: Setting CVar [[s.TimeLimitExceededMinTime:0.005]]
LogConfig: Setting CVar [[s.UseBackgroundLevelStreaming:1]]
LogConfig: Setting CVar [[s.PriorityAsyncLoadingExtraTime:15.0]]
LogConfig: Setting CVar [[s.LevelStreamingActorsUpdateTimeLimit:5.0]]
LogConfig: Setting CVar [[s.PriorityLevelStreamingActorsUpdateExtraTime:5.0]]
LogConfig: Setting CVar [[s.LevelStreamingComponentsRegistrationGranularity:10]]
LogConfig: Setting CVar [[s.UnregisterComponentsTimeLimit:1.0]]
LogConfig: Setting CVar [[s.LevelStreamingComponentsUnregistrationGranularity:5]]
LogConfig: Setting CVar [[s.FlushStreamingOnExit:1]]
LogInit: Object subsystem initialized
LogConfig: Setting CVar [[con.DebugEarlyDefault:1]]
LogConfig: Setting CVar [[r.setres:1280x720]]
[2022.07.15-21.07.30:878][  0]LogConfig: Setting CVar [[con.DebugEarlyDefault:1]]
[2022.07.15-21.07.30:878][  0]LogConfig: Setting CVar [[r.setres:1280x720]]
[2022.07.15-21.07.30:878][  0]LogConfig: Applying CVar settings from Section [/Script/Engine.RendererSettings] File [C:/Users/ivcha/Documents/GitHub/GameplayProgramming/Saved/Config/Windows/Engine.ini]
[2022.07.15-21.07.30:878][  0]LogConfig: Setting CVar [[r.GPUCrashDebugging:0]]
[2022.07.15-21.07.30:878][  0]LogConfig: Applying CVar settings from Section [/Script/Engine.RendererOverrideSettings] File [C:/Users/ivcha/Documents/GitHub/GameplayProgramming/Saved/Config/Windows/Engine.ini]
[2022.07.15-21.07.30:878][  0]LogConfig: Applying CVar settings from Section [/Script/Engine.StreamingSettings] File [C:/Users/ivcha/Documents/GitHub/GameplayProgramming/Saved/Config/Windows/Engine.ini]
[2022.07.15-21.07.30:878][  0]LogConfig: Setting CVar [[s.MinBulkDataSizeForAsyncLoading:131072]]
[2022.07.15-21.07.30:878][  0]LogConfig: Setting CVar [[s.AsyncLoadingThreadEnabled:0]]
[2022.07.15-21.07.30:878][  0]LogConfig: Setting CVar [[s.EventDrivenLoaderEnabled:1]]
[2022.07.15-21.07.30:878][  0]LogConfig: Setting CVar [[s.WarnIfTimeLimitExceeded:0]]
[2022.07.15-21.07.30:878][  0]LogConfig: Setting CVar [[s.TimeLimitExceededMultiplier:1.5]]
[2022.07.15-21.07.30:878][  0]LogConfig: Setting CVar [[s.TimeLimitExceededMinTime:0.005]]
[2022.07.15-21.07.30:878][  0]LogConfig: Setting CVar [[s.UseBackgroundLevelStreaming:1]]
[2022.07.15-21.07.30:878][  0]LogConfig: Setting CVar [[s.PriorityAsyncLoadingExtraTime:15.0]]
[2022.07.15-21.07.30:878][  0]LogConfig: Setting CVar [[s.LevelStreamingActorsUpdateTimeLimit:5.0]]
[2022.07.15-21.07.30:878][  0]LogConfig: Setting CVar [[s.PriorityLevelStreamingActorsUpdateExtraTime:5.0]]
[2022.07.15-21.07.30:878][  0]LogConfig: Setting CVar [[s.LevelStreamingComponentsRegistrationGranularity:10]]
[2022.07.15-21.07.30:879][  0]LogConfig: Setting CVar [[s.UnregisterComponentsTimeLimit:1.0]]
[2022.07.15-21.07.30:879][  0]LogConfig: Setting CVar [[s.LevelStreamingComponentsUnregistrationGranularity:5]]
[2022.07.15-21.07.30:879][  0]LogConfig: Setting CVar [[s.FlushStreamingOnExit:1]]
[2022.07.15-21.07.30:879][  0]LogConfig: Applying CVar settings from Section [/Script/Engine.GarbageCollectionSettings] File [C:/Users/ivcha/Documents/GitHub/GameplayProgramming/Saved/Config/Windows/Engine.ini]
[2022.07.15-21.07.30:879][  0]LogConfig: Setting CVar [[gc.MaxObjectsNotConsideredByGC:1]]
[2022.07.15-21.07.30:879][  0]LogConfig: Setting CVar [[gc.SizeOfPermanentObjectPool:0]]
[2022.07.15-21.07.30:879][  0]LogConfig: Setting CVar [[gc.FlushStreamingOnGC:0]]
[2022.07.15-21.07.30:879][  0]LogConfig: Setting CVar [[gc.NumRetriesBeforeForcingGC:10]]
[2022.07.15-21.07.30:879][  0]LogConfig: Setting CVar [[gc.AllowParallelGC:1]]
[2022.07.15-21.07.30:879][  0]LogConfig: Setting CVar [[gc.TimeBetweenPurgingPendingKillObjects:61.1]]
[2022.07.15-21.07.30:879][  0]LogConfig: Setting CVar [[gc.MaxObjectsInEditor:25165824]]
[2022.07.15-21.07.30:879][  0]LogConfig: Setting CVar [[gc.IncrementalBeginDestroyEnabled:1]]
[2022.07.15-21.07.30:879][  0]LogConfig: Setting CVar [[gc.CreateGCClusters:1]]
[2022.07.15-21.07.30:879][  0]LogConfig: Setting CVar [[gc.MinGCClusterSize:5]]
[2022.07.15-21.07.30:879][  0]LogConfig: Setting CVar [[gc.ActorClusteringEnabled:0]]
[2022.07.15-21.07.30:879][  0]LogConfig: Setting CVar [[gc.BlueprintClusteringEnabled:0]]
[2022.07.15-21.07.30:879][  0]LogConfig: Setting CVar [[gc.UseDisregardForGCOnDedicatedServers:0]]
[2022.07.15-21.07.30:879][  0]LogConfig: Setting CVar [[gc.MultithreadedDestructionEnabled:1]]
[2022.07.15-21.07.30:879][  0]LogConfig: Applying CVar settings from Section [/Script/Engine.NetworkSettings] File [C:/Users/ivcha/Documents/GitHub/GameplayProgramming/Saved/Config/Windows/Engine.ini]
[2022.07.15-21.07.30:879][  0]LogConfig: Applying CVar settings from Section [/Script/UnrealEd.CookerSettings] File [C:/Users/ivcha/Documents/GitHub/GameplayProgramming/Saved/Config/Windows/Engine.ini]
[2022.07.15-21.07.30:883][  0]LogConfig: Applying CVar settings from Section [ViewDistanceQuality@3] File [C:/Users/ivcha/Documents/GitHub/GameplayProgramming/Saved/Config/Windows/Scalability.ini]
[2022.07.15-21.07.30:883][  0]LogConfig: Setting CVar [[r.SkeletalMeshLODBias:0]]
[2022.07.15-21.07.30:883][  0]LogConfig: Setting CVar [[r.ViewDistanceScale:1.0]]
[2022.07.15-21.07.30:883][  0]LogConfig: Applying CVar settings from Section [AntiAliasingQuality@3] File [C:/Users/ivcha/Documents/GitHub/GameplayProgramming/Saved/Config/Windows/Scalability.ini]
[2022.07.15-21.07.30:883][  0]LogConfig: Setting CVar [[r.PostProcessAAQuality:4]]
[2022.07.15-21.07.30:883][  0]LogConfig: Applying CVar settings from Section [ShadowQuality@3] File [C:/Users/ivcha/Documents/GitHub/GameplayProgramming/Saved/Config/Windows/Scalability.ini]
[2022.07.15-21.07.30:883][  0]LogConfig: Setting CVar [[r.LightFunctionQuality:1]]
[2022.07.15-21.07.30:883][  0]LogConfig: Setting CVar [[r.ShadowQuality:5]]
[2022.07.15-21.07.30:883][  0]LogConfig: Setting CVar [[r.Shadow.CSM.MaxCascades:10]]
[2022.07.15-21.07.30:883][  0]LogConfig: Setting CVar [[r.Shadow.MaxResolution:2048]]
[2022.07.15-21.07.30:883][  0]LogConfig: Setting CVar [[r.Shadow.MaxCSMResolution:2048]]
[2022.07.15-21.07.30:884][  0]LogConfig: Setting CVar [[r.Shadow.RadiusThreshold:0.01]]
[2022.07.15-21.07.30:884][  0]LogConfig: Setting CVar [[r.Shadow.DistanceScale:1.0]]
[2022.07.15-21.07.30:884][  0]LogConfig: Setting CVar [[r.Shadow.CSM.TransitionScale:1.0]]
[2022.07.15-21.07.30:884][  0]LogConfig: Setting CVar [[r.Shadow.PreShadowResolutionFactor:1.0]]
[2022.07.15-21.07.30:884][  0]LogConfig: Setting CVar [[r.DistanceFieldShadowing:1]]
[2022.07.15-21.07.30:884][  0]LogConfig: Setting CVar [[r.DistanceFieldAO:1]]
[2022.07.15-21.07.30:884][  0]LogConfig: Setting CVar [[r.AOQuality:2]]
[2022.07.15-21.07.30:884][  0]LogConfig: Setting CVar [[r.VolumetricFog:1]]
[2022.07.15-21.07.30:884][  0]LogConfig: Setting CVar [[r.VolumetricFog.GridPixelSize:8]]
[2022.07.15-21.07.30:884][  0]LogConfig: Setting CVar [[r.VolumetricFog.GridSizeZ:128]]
[2022.07.15-21.07.30:884][  0]LogConfig: Setting CVar [[r.VolumetricFog.HistoryMissSupersampleCount:4]]
[2022.07.15-21.07.30:884][  0]LogConfig: Setting CVar [[r.LightMaxDrawDistanceScale:1]]
[2022.07.15-21.07.30:884][  0]LogConfig: Setting CVar [[r.CapsuleShadows:1]]
[2022.07.15-21.07.30:884][  0]LogConfig: Applying CVar settings from Section [PostProcessQuality@3] File [C:/Users/ivcha/Documents/GitHub/GameplayProgramming/Saved/Config/Windows/Scalability.ini]
[2022.07.15-21.07.30:884][  0]LogConfig: Setting CVar [[r.MotionBlurQuality:4]]
[2022.07.15-21.07.30:884][  0]LogConfig: Setting CVar [[r.AmbientOcclusionMipLevelFactor:0.4]]
[2022.07.15-21.07.30:884][  0]LogConfig: Setting CVar [[r.AmbientOcclusionMaxQuality:100]]
[2022.07.15-21.07.30:884][  0]LogConfig: Setting CVar [[r.AmbientOcclusionLevels:-1]]
[2022.07.15-21.07.30:884][  0]LogConfig: Setting CVar [[r.AmbientOcclusionRadiusScale:1.0]]
[2022.07.15-21.07.30:884][  0]LogConfig: Setting CVar [[r.DepthOfFieldQuality:2]]
[2022.07.15-21.07.30:884][  0]LogConfig: Setting CVar [[r.RenderTargetPoolMin:400]]
[2022.07.15-21.07.30:884][  0]LogConfig: Setting CVar [[r.LensFlareQuality:2]]
[2022.07.15-21.07.30:884][  0]LogConfig: Setting CVar [[r.SceneColorFringeQuality:1]]
[2022.07.15-21.07.30:884][  0]LogConfig: Setting CVar [[r.EyeAdaptationQuality:2]]
[2022.07.15-21.07.30:884][  0]LogConfig: Setting CVar [[r.BloomQuality:5]]
[2022.07.15-21.07.30:884][  0]LogConfig: Setting CVar [[r.FastBlurThreshold:100]]
[2022.07.15-21.07.30:884][  0]LogConfig: Setting CVar [[r.Upscale.Quality:3]]
[2022.07.15-21.07.30:884][  0]LogConfig: Setting CVar [[r.Tonemapper.GrainQuantization:1]]
[2022.07.15-21.07.30:884][  0]LogConfig: Setting CVar [[r.LightShaftQuality:1]]
[2022.07.15-21.07.30:884][  0]LogConfig: Setting CVar [[r.Filter.SizeScale:1]]
[2022.07.15-21.07.30:884][  0]LogConfig: Setting CVar [[r.Tonemapper.Quality:5]]
[2022.07.15-21.07.30:884][  0]LogConfig: Setting CVar [[r.DOF.Gather.AccumulatorQuality:1        ; higher gathering accumulator quality]]
[2022.07.15-21.07.30:884][  0]LogConfig: Setting CVar [[r.DOF.Gather.PostfilterMethod:1          ; Median3x3 postfilering method]]
[2022.07.15-21.07.30:884][  0]LogConfig: Setting CVar [[r.DOF.Gather.EnableBokehSettings:0       ; no bokeh simulation when gathering]]
[2022.07.15-21.07.30:884][  0]LogConfig: Setting CVar [[r.DOF.Gather.RingCount:4                 ; medium number of samples when gathering]]
[2022.07.15-21.07.30:884][  0]LogConfig: Setting CVar [[r.DOF.Scatter.ForegroundCompositing:1    ; additive foreground scattering]]
[2022.07.15-21.07.30:884][  0]LogConfig: Setting CVar [[r.DOF.Scatter.BackgroundCompositing:2    ; additive background scattering]]
[2022.07.15-21.07.30:884][  0]LogConfig: Setting CVar [[r.DOF.Scatter.EnableBokehSettings:1      ; bokeh simulation when scattering]]
[2022.07.15-21.07.30:884][  0]LogConfig: Setting CVar [[r.DOF.Scatter.MaxSpriteRatio:0.1         ; only a maximum of 10% of scattered bokeh]]
[2022.07.15-21.07.30:884][  0]LogConfig: Setting CVar [[r.DOF.Recombine.Quality:1                ; cheap slight out of focus]]
[2022.07.15-21.07.30:884][  0]LogConfig: Setting CVar [[r.DOF.Recombine.EnableBokehSettings:0    ; no bokeh simulation on slight out of focus]]
[2022.07.15-21.07.30:884][  0]LogConfig: Setting CVar [[r.DOF.TemporalAAQuality:1                ; more stable temporal accumulation]]
[2022.07.15-21.07.30:884][  0]LogConfig: Setting CVar [[r.DOF.Kernel.MaxForegroundRadius:0.025]]
[2022.07.15-21.07.30:884][  0]LogConfig: Setting CVar [[r.DOF.Kernel.MaxBackgroundRadius:0.025]]
[2022.07.15-21.07.30:884][  0]LogConfig: Applying CVar settings from Section [TextureQuality@3] File [C:/Users/ivcha/Documents/GitHub/GameplayProgramming/Saved/Config/Windows/Scalability.ini]
[2022.07.15-21.07.30:884][  0]LogConfig: Setting CVar [[r.Streaming.MipBias:0]]
[2022.07.15-21.07.30:884][  0]LogConfig: Setting CVar [[r.Streaming.AmortizeCPUToGPUCopy:0]]
[2022.07.15-21.07.30:884][  0]LogConfig: Setting CVar [[r.Streaming.MaxNumTexturesToStreamPerFrame:0]]
[2022.07.15-21.07.30:884][  0]LogConfig: Setting CVar [[r.Streaming.Boost:1]]
[2022.07.15-21.07.30:884][  0]LogConfig: Setting CVar [[r.MaxAnisotropy:8]]
[2022.07.15-21.07.30:884][  0]LogConfig: Setting CVar [[r.VT.MaxAnisotropy:8]]
[2022.07.15-21.07.30:884][  0]LogConfig: Setting CVar [[r.Streaming.LimitPoolSizeToVRAM:0]]
[2022.07.15-21.07.30:884][  0]LogConfig: Setting CVar [[r.Streaming.PoolSize:1000]]
[2022.07.15-21.07.30:884][  0]LogConfig: Setting CVar [[r.Streaming.MaxEffectiveScreenSize:0]]
[2022.07.15-21.07.30:884][  0]LogConfig: Applying CVar settings from Section [EffectsQuality@3] File [C:/Users/ivcha/Documents/GitHub/GameplayProgramming/Saved/Config/Windows/Scalability.ini]
[2022.07.15-21.07.30:884][  0]LogConfig: Setting CVar [[r.TranslucencyLightingVolumeDim:64]]
[2022.07.15-21.07.30:884][  0]LogConfig: Setting CVar [[r.RefractionQuality:2]]
[2022.07.15-21.07.30:884][  0]LogConfig: Setting CVar [[r.SSR.Quality:3]]
[2022.07.15-21.07.30:884][  0]LogConfig: Setting CVar [[r.SSR.HalfResSceneColor:0]]
[2022.07.15-21.07.30:884][  0]LogConfig: Setting CVar [[r.SceneColorFormat:4]]
[2022.07.15-21.07.30:884][  0]LogConfig: Setting CVar [[r.DetailMode:2]]
[2022.07.15-21.07.30:884][  0]LogConfig: Setting CVar [[r.TranslucencyVolumeBlur:1]]
[2022.07.15-21.07.30:884][  0]LogConfig: Setting CVar [[r.MaterialQualityLevel:1 ; High quality]]
[2022.07.15-21.07.30:884][  0]LogConfig: Setting CVar [[r.AnisotropicMaterials:1]]
[2022.07.15-21.07.30:884][  0]LogConfig: Setting CVar [[r.SSS.Scale:1]]
[2022.07.15-21.07.30:884][  0]LogConfig: Setting CVar [[r.SSS.SampleSet:2]]
[2022.07.15-21.07.30:884][  0]LogConfig: Setting CVar [[r.SSS.Quality:1]]
[2022.07.15-21.07.30:884][  0]LogConfig: Setting CVar [[r.SSS.HalfRes:0]]
[2022.07.15-21.07.30:884][  0]LogConfig: Setting CVar [[r.SSGI.Quality:3]]
[2022.07.15-21.07.30:884][  0]LogConfig: Setting CVar [[r.EmitterSpawnRateScale:1.0]]
[2022.07.15-21.07.30:884][  0]LogConfig: Setting CVar [[r.ParticleLightQuality:2]]
[2022.07.15-21.07.30:884][  0]LogConfig: Setting CVar [[r.SkyAtmosphere.AerialPerspectiveLUT.FastApplyOnOpaque:1 ; Always have FastSkyLUT 1 in this case to avoid wrong sky]]
[2022.07.15-21.07.30:884][  0]LogConfig: Setting CVar [[r.SkyAtmosphere.AerialPerspectiveLUT.SampleCountMaxPerSlice:4]]
[2022.07.15-21.07.30:884][  0]LogConfig: Setting CVar [[r.SkyAtmosphere.AerialPerspectiveLUT.DepthResolution:16.0]]
[2022.07.15-21.07.30:884][  0]LogConfig: Setting CVar [[r.SkyAtmosphere.FastSkyLUT:1]]
[2022.07.15-21.07.30:884][  0]LogConfig: Setting CVar [[r.SkyAtmosphere.FastSkyLUT.SampleCountMin:4.0]]
[2022.07.15-21.07.30:884][  0]LogConfig: Setting CVar [[r.SkyAtmosphere.FastSkyLUT.SampleCountMax:128.0]]
[2022.07.15-21.07.30:884][  0]LogConfig: Setting CVar [[r.SkyAtmosphere.SampleCountMin:4.0]]
[2022.07.15-21.07.30:884][  0]LogConfig: Setting CVar [[r.SkyAtmosphere.SampleCountMax:128.0]]
[2022.07.15-21.07.30:884][  0]LogConfig: Setting CVar [[r.SkyAtmosphere.TransmittanceLUT.UseSmallFormat:0]]
[2022.07.15-21.07.30:884][  0]LogConfig: Setting CVar [[r.SkyAtmosphere.TransmittanceLUT.SampleCount:10.0]]
[2022.07.15-21.07.30:884][  0]LogConfig: Setting CVar [[r.SkyAtmosphere.MultiScatteringLUT.SampleCount:15.0]]
[2022.07.15-21.07.30:884][  0]LogConfig: Setting CVar [[r.SkyLight.RealTimeReflectionCapture:1]]
[2022.07.15-21.07.30:884][  0]LogConfig: Applying CVar settings from Section [FoliageQuality@3] File [C:/Users/ivcha/Documents/GitHub/GameplayProgramming/Saved/Config/Windows/Scalability.ini]
[2022.07.15-21.07.30:884][  0]LogConfig: Setting CVar [[foliage.DensityScale:1.0]]
[2022.07.15-21.07.30:884][  0]LogConfig: Setting CVar [[grass.DensityScale:1.0]]
[2022.07.15-21.07.30:884][  0]LogConfig: Applying CVar settings from Section [ShadingQuality@3] File [C:/Users/ivcha/Documents/GitHub/GameplayProgramming/Saved/Config/Windows/Scalability.ini]
[2022.07.15-21.07.30:884][  0]LogConfig: Setting CVar [[r.HairStrands.SkyLighting.IntegrationType:2]]
[2022.07.15-21.07.30:884][  0]LogConfig: Setting CVar [[r.HairStrands.SkyAO.SampleCount:4]]
[2022.07.15-21.07.30:884][  0]LogConfig: Setting CVar [[r.HairStrands.Visibility.MSAA.SamplePerPixel:4]]
[2022.07.15-21.07.30:884][  0]LogInit: Selected Device Profile: [Windows]
[2022.07.15-21.07.30:884][  0]LogInit: Applying CVar settings loaded from the selected device profile: [Windows]
[2022.07.15-21.07.30:885][  0]LogHAL: Display: Platform has ~ 16 GB [16558354432 / 17179869184 / 16], which maps to Larger [LargestMinGB=32, LargerMinGB=12, DefaultMinGB=8, SmallerMinGB=6, SmallestMinGB=0)
[2022.07.15-21.07.30:885][  0]LogInit: Going up to parent DeviceProfile []
[2022.07.15-21.07.30:885][  0]LogConfig: Applying CVar settings from Section [ViewDistanceQuality@3] File [C:/Users/ivcha/Documents/GitHub/GameplayProgramming/Saved/Config/Windows/Scalability.ini]
[2022.07.15-21.07.30:885][  0]LogConfig: Setting CVar [[r.SkeletalMeshLODBias:0]]
[2022.07.15-21.07.30:885][  0]LogConfig: Setting CVar [[r.ViewDistanceScale:1.0]]
[2022.07.15-21.07.30:885][  0]LogConfig: Applying CVar settings from Section [AntiAliasingQuality@3] File [C:/Users/ivcha/Documents/GitHub/GameplayProgramming/Saved/Config/Windows/Scalability.ini]
[2022.07.15-21.07.30:885][  0]LogConfig: Setting CVar [[r.PostProcessAAQuality:4]]
[2022.07.15-21.07.30:885][  0]LogConfig: Applying CVar settings from Section [ShadowQuality@3] File [C:/Users/ivcha/Documents/GitHub/GameplayProgramming/Saved/Config/Windows/Scalability.ini]
[2022.07.15-21.07.30:885][  0]LogConfig: Setting CVar [[r.LightFunctionQuality:1]]
[2022.07.15-21.07.30:885][  0]LogConfig: Setting CVar [[r.ShadowQuality:5]]
[2022.07.15-21.07.30:885][  0]LogConfig: Setting CVar [[r.Shadow.CSM.MaxCascades:10]]
[2022.07.15-21.07.30:885][  0]LogConfig: Setting CVar [[r.Shadow.MaxResolution:2048]]
[2022.07.15-21.07.30:885][  0]LogConfig: Setting CVar [[r.Shadow.MaxCSMResolution:2048]]
[2022.07.15-21.07.30:885][  0]LogConfig: Setting CVar [[r.Shadow.RadiusThreshold:0.01]]
[2022.07.15-21.07.30:885][  0]LogConfig: Setting CVar [[r.Shadow.DistanceScale:1.0]]
[2022.07.15-21.07.30:885][  0]LogConfig: Setting CVar [[r.Shadow.CSM.TransitionScale:1.0]]
[2022.07.15-21.07.30:885][  0]LogConfig: Setting CVar [[r.Shadow.PreShadowResolutionFactor:1.0]]
[2022.07.15-21.07.30:885][  0]LogConfig: Setting CVar [[r.DistanceFieldShadowing:1]]
[2022.07.15-21.07.30:885][  0]LogConfig: Setting CVar [[r.DistanceFieldAO:1]]
[2022.07.15-21.07.30:885][  0]LogConfig: Setting CVar [[r.AOQuality:2]]
[2022.07.15-21.07.30:885][  0]LogConfig: Setting CVar [[r.VolumetricFog:1]]
[2022.07.15-21.07.30:885][  0]LogConfig: Setting CVar [[r.VolumetricFog.GridPixelSize:8]]
[2022.07.15-21.07.30:885][  0]LogConfig: Setting CVar [[r.VolumetricFog.GridSizeZ:128]]
[2022.07.15-21.07.30:885][  0]LogConfig: Setting CVar [[r.VolumetricFog.HistoryMissSupersampleCount:4]]
[2022.07.15-21.07.30:885][  0]LogConfig: Setting CVar [[r.LightMaxDrawDistanceScale:1]]
[2022.07.15-21.07.30:885][  0]LogConfig: Setting CVar [[r.CapsuleShadows:1]]
[2022.07.15-21.07.30:885][  0]LogConfig: Applying CVar settings from Section [PostProcessQuality@3] File [C:/Users/ivcha/Documents/GitHub/GameplayProgramming/Saved/Config/Windows/Scalability.ini]
[2022.07.15-21.07.30:885][  0]LogConfig: Setting CVar [[r.MotionBlurQuality:4]]
[2022.07.15-21.07.30:885][  0]LogConfig: Setting CVar [[r.AmbientOcclusionMipLevelFactor:0.4]]
[2022.07.15-21.07.30:885][  0]LogConfig: Setting CVar [[r.AmbientOcclusionMaxQuality:100]]
[2022.07.15-21.07.30:885][  0]LogConfig: Setting CVar [[r.AmbientOcclusionLevels:-1]]
[2022.07.15-21.07.30:885][  0]LogConfig: Setting CVar [[r.AmbientOcclusionRadiusScale:1.0]]
[2022.07.15-21.07.30:885][  0]LogConfig: Setting CVar [[r.DepthOfFieldQuality:2]]
[2022.07.15-21.07.30:885][  0]LogConfig: Setting CVar [[r.RenderTargetPoolMin:400]]
[2022.07.15-21.07.30:885][  0]LogConfig: Setting CVar [[r.LensFlareQuality:2]]
[2022.07.15-21.07.30:885][  0]LogConfig: Setting CVar [[r.SceneColorFringeQuality:1]]
[2022.07.15-21.07.30:885][  0]LogConfig: Setting CVar [[r.EyeAdaptationQuality:2]]
[2022.07.15-21.07.30:885][  0]LogConfig: Setting CVar [[r.BloomQuality:5]]
[2022.07.15-21.07.30:885][  0]LogConfig: Setting CVar [[r.FastBlurThreshold:100]]
[2022.07.15-21.07.30:885][  0]LogConfig: Setting CVar [[r.Upscale.Quality:3]]
[2022.07.15-21.07.30:885][  0]LogConfig: Setting CVar [[r.Tonemapper.GrainQuantization:1]]
[2022.07.15-21.07.30:885][  0]LogConfig: Setting CVar [[r.LightShaftQuality:1]]
[2022.07.15-21.07.30:885][  0]LogConfig: Setting CVar [[r.Filter.SizeScale:1]]
[2022.07.15-21.07.30:885][  0]LogConfig: Setting CVar [[r.Tonemapper.Quality:5]]
[2022.07.15-21.07.30:885][  0]LogConfig: Setting CVar [[r.DOF.Gather.AccumulatorQuality:1        ; higher gathering accumulator quality]]
[2022.07.15-21.07.30:885][  0]LogConfig: Setting CVar [[r.DOF.Gather.PostfilterMethod:1          ; Median3x3 postfilering method]]
[2022.07.15-21.07.30:885][  0]LogConfig: Setting CVar [[r.DOF.Gather.EnableBokehSettings:0       ; no bokeh simulation when gathering]]
[2022.07.15-21.07.30:885][  0]LogConfig: Setting CVar [[r.DOF.Gather.RingCount:4                 ; medium number of samples when gathering]]
[2022.07.15-21.07.30:885][  0]LogConfig: Setting CVar [[r.DOF.Scatter.ForegroundCompositing:1    ; additive foreground scattering]]
[2022.07.15-21.07.30:885][  0]LogConfig: Setting CVar [[r.DOF.Scatter.BackgroundCompositing:2    ; additive background scattering]]
[2022.07.15-21.07.30:885][  0]LogConfig: Setting CVar [[r.DOF.Scatter.EnableBokehSettings:1      ; bokeh simulation when scattering]]
[2022.07.15-21.07.30:885][  0]LogConfig: Setting CVar [[r.DOF.Scatter.MaxSpriteRatio:0.1         ; only a maximum of 10% of scattered bokeh]]
[2022.07.15-21.07.30:885][  0]LogConfig: Setting CVar [[r.DOF.Recombine.Quality:1                ; cheap slight out of focus]]
[2022.07.15-21.07.30:885][  0]LogConfig: Setting CVar [[r.DOF.Recombine.EnableBokehSettings:0    ; no bokeh simulation on slight out of focus]]
[2022.07.15-21.07.30:885][  0]LogConfig: Setting CVar [[r.DOF.TemporalAAQuality:1                ; more stable temporal accumulation]]
[2022.07.15-21.07.30:885][  0]LogConfig: Setting CVar [[r.DOF.Kernel.MaxForegroundRadius:0.025]]
[2022.07.15-21.07.30:885][  0]LogConfig: Setting CVar [[r.DOF.Kernel.MaxBackgroundRadius:0.025]]
[2022.07.15-21.07.30:885][  0]LogConfig: Applying CVar settings from Section [TextureQuality@3] File [C:/Users/ivcha/Documents/GitHub/GameplayProgramming/Saved/Config/Windows/Scalability.ini]
[2022.07.15-21.07.30:885][  0]LogConfig: Setting CVar [[r.Streaming.MipBias:0]]
[2022.07.15-21.07.30:885][  0]LogConfig: Setting CVar [[r.Streaming.AmortizeCPUToGPUCopy:0]]
[2022.07.15-21.07.30:885][  0]LogConfig: Setting CVar [[r.Streaming.MaxNumTexturesToStreamPerFrame:0]]
[2022.07.15-21.07.30:885][  0]LogConfig: Setting CVar [[r.Streaming.Boost:1]]
[2022.07.15-21.07.30:885][  0]LogConfig: Setting CVar [[r.MaxAnisotropy:8]]
[2022.07.15-21.07.30:885][  0]LogConfig: Setting CVar [[r.VT.MaxAnisotropy:8]]
[2022.07.15-21.07.30:885][  0]LogConfig: Setting CVar [[r.Streaming.LimitPoolSizeToVRAM:0]]
[2022.07.15-21.07.30:885][  0]LogConfig: Setting CVar [[r.Streaming.PoolSize:1000]]
[2022.07.15-21.07.30:885][  0]LogConfig: Setting CVar [[r.Streaming.MaxEffectiveScreenSize:0]]
[2022.07.15-21.07.30:885][  0]LogConfig: Applying CVar settings from Section [EffectsQuality@3] File [C:/Users/ivcha/Documents/GitHub/GameplayProgramming/Saved/Config/Windows/Scalability.ini]
[2022.07.15-21.07.30:885][  0]LogConfig: Setting CVar [[r.TranslucencyLightingVolumeDim:64]]
[2022.07.15-21.07.30:885][  0]LogConfig: Setting CVar [[r.RefractionQuality:2]]
[2022.07.15-21.07.30:885][  0]LogConfig: Setting CVar [[r.SSR.Quality:3]]
[2022.07.15-21.07.30:885][  0]LogConfig: Setting CVar [[r.SSR.HalfResSceneColor:0]]
[2022.07.15-21.07.30:885][  0]LogConfig: Setting CVar [[r.SceneColorFormat:4]]
[2022.07.15-21.07.30:885][  0]LogConfig: Setting CVar [[r.DetailMode:2]]
[2022.07.15-21.07.30:885][  0]LogConfig: Setting CVar [[r.TranslucencyVolumeBlur:1]]
[2022.07.15-21.07.30:885][  0]LogConfig: Setting CVar [[r.MaterialQualityLevel:1 ; High quality]]
[2022.07.15-21.07.30:885][  0]LogConfig: Setting CVar [[r.AnisotropicMaterials:1]]
[2022.07.15-21.07.30:885][  0]LogConfig: Setting CVar [[r.SSS.Scale:1]]
[2022.07.15-21.07.30:885][  0]LogConfig: Setting CVar [[r.SSS.SampleSet:2]]
[2022.07.15-21.07.30:885][  0]LogConfig: Setting CVar [[r.SSS.Quality:1]]
[2022.07.15-21.07.30:885][  0]LogConfig: Setting CVar [[r.SSS.HalfRes:0]]
[2022.07.15-21.07.30:885][  0]LogConfig: Setting CVar [[r.SSGI.Quality:3]]
[2022.07.15-21.07.30:885][  0]LogConfig: Setting CVar [[r.EmitterSpawnRateScale:1.0]]
[2022.07.15-21.07.30:885][  0]LogConfig: Setting CVar [[r.ParticleLightQuality:2]]
[2022.07.15-21.07.30:885][  0]LogConfig: Setting CVar [[r.SkyAtmosphere.AerialPerspectiveLUT.FastApplyOnOpaque:1 ; Always have FastSkyLUT 1 in this case to avoid wrong sky]]
[2022.07.15-21.07.30:885][  0]LogConfig: Setting CVar [[r.SkyAtmosphere.AerialPerspectiveLUT.SampleCountMaxPerSlice:4]]
[2022.07.15-21.07.30:885][  0]LogConfig: Setting CVar [[r.SkyAtmosphere.AerialPerspectiveLUT.DepthResolution:16.0]]
[2022.07.15-21.07.30:885][  0]LogConfig: Setting CVar [[r.SkyAtmosphere.FastSkyLUT:1]]
[2022.07.15-21.07.30:885][  0]LogConfig: Setting CVar [[r.SkyAtmosphere.FastSkyLUT.SampleCountMin:4.0]]
[2022.07.15-21.07.30:885][  0]LogConfig: Setting CVar [[r.SkyAtmosphere.FastSkyLUT.SampleCountMax:128.0]]
[2022.07.15-21.07.30:885][  0]LogConfig: Setting CVar [[r.SkyAtmosphere.SampleCountMin:4.0]]
[2022.07.15-21.07.30:885][  0]LogConfig: Setting CVar [[r.SkyAtmosphere.SampleCountMax:128.0]]
[2022.07.15-21.07.30:885][  0]LogConfig: Setting CVar [[r.SkyAtmosphere.TransmittanceLUT.UseSmallFormat:0]]
[2022.07.15-21.07.30:885][  0]LogConfig: Setting CVar [[r.SkyAtmosphere.TransmittanceLUT.SampleCount:10.0]]
[2022.07.15-21.07.30:886][  0]LogConfig: Setting CVar [[r.SkyAtmosphere.MultiScatteringLUT.SampleCount:15.0]]
[2022.07.15-21.07.30:886][  0]LogConfig: Setting CVar [[r.SkyLight.RealTimeReflectionCapture:1]]
[2022.07.15-21.07.30:886][  0]LogConfig: Applying CVar settings from Section [FoliageQuality@3] File [C:/Users/ivcha/Documents/GitHub/GameplayProgramming/Saved/Config/Windows/Scalability.ini]
[2022.07.15-21.07.30:886][  0]LogConfig: Setting CVar [[foliage.DensityScale:1.0]]
[2022.07.15-21.07.30:886][  0]LogConfig: Setting CVar [[grass.DensityScale:1.0]]
[2022.07.15-21.07.30:886][  0]LogConfig: Applying CVar settings from Section [ShadingQuality@3] File [C:/Users/ivcha/Documents/GitHub/GameplayProgramming/Saved/Config/Windows/Scalability.ini]
[2022.07.15-21.07.30:886][  0]LogConfig: Setting CVar [[r.HairStrands.SkyLighting.IntegrationType:2]]
[2022.07.15-21.07.30:886][  0]LogConfig: Setting CVar [[r.HairStrands.SkyAO.SampleCount:4]]
[2022.07.15-21.07.30:886][  0]LogConfig: Setting CVar [[r.HairStrands.Visibility.MSAA.SamplePerPixel:4]]
[2022.07.15-21.07.30:886][  0]LogConfig: Applying CVar settings from Section [Startup] File [../../../Engine/Config/ConsoleVariables.ini]
[2022.07.15-21.07.30:887][  0]LogConfig: Setting CVar [[net.UseAdaptiveNetUpdateFrequency:0]]
[2022.07.15-21.07.30:887][  0]LogConfig: Setting CVar [[p.chaos.AllowCreatePhysxBodies:1]]
[2022.07.15-21.07.30:887][  0]LogConfig: Setting CVar [[fx.SkipVectorVMBackendOptimizations:1]]
[2022.07.15-21.07.30:887][  0]LogConfig: Applying CVar settings from Section [ConsoleVariables] File [C:/Users/ivcha/Documents/GitHub/GameplayProgramming/Saved/Config/Windows/Engine.ini]
[2022.07.15-21.07.30:887][  0]LogConfig: Applying CVar settings from Section [ConsoleVariables] File [C:/Users/ivcha/Documents/GitHub/GameplayProgramming/Saved/Config/Windows/Editor.ini]
[2022.07.15-21.07.30:887][  0]LogInit: Computer: DESKTOP-4KBLNKT
[2022.07.15-21.07.30:887][  0]LogInit: User: ivcha
[2022.07.15-21.07.30:887][  0]LogInit: CPU Page size=4096, Cores=8
[2022.07.15-21.07.30:887][  0]LogInit: High frequency timer resolution =10.000000 MHz
[2022.07.15-21.07.30:887][  0]LogMemory: Memory total: Physical=15.4GB (16GB approx)
[2022.07.15-21.07.30:887][  0]LogMemory: Platform Memory Stats for Windows
[2022.07.15-21.07.30:887][  0]LogMemory: Process Physical Memory: 147.23 MB used, 147.24 MB peak
[2022.07.15-21.07.30:887][  0]LogMemory: Process Virtual Memory: 131.27 MB used, 131.27 MB peak
[2022.07.15-21.07.30:887][  0]LogMemory: Physical Memory: 11741.28 MB used,  4050.00 MB free, 15791.28 MB total
[2022.07.15-21.07.30:887][  0]LogMemory: Virtual Memory: 134212888.00 MB used,  4837.87 MB free, 134217728.00 MB total
[2022.07.15-21.07.30:894][  0]LogWindows: WindowsPlatformFeatures enabled
[2022.07.15-21.07.30:934][  0]LogInit: Physics initialised using underlying interface: PhysX
[2022.07.15-21.07.30:934][  0]LogInit: Using OS detected language (es-ES).
[2022.07.15-21.07.30:934][  0]LogInit: Using OS detected locale (es-ES).
[2022.07.15-21.07.30:937][  0]LogTextLocalizationManager: No specific localization for 'es-ES' exists, so the 'es' localization will be used.
[2022.07.15-21.07.30:983][  0]LogWindowsTextInputMethodSystem: Display: IME system deactivated.
[2022.07.15-21.07.31:001][  0]LogSlate: New Slate User Created.  User Index 0, Is Virtual User: 0
[2022.07.15-21.07.31:001][  0]LogSlate: Slate User Registered.  User Index 0, Is Virtual User: 0
[2022.07.15-21.07.31:014][  0]LogD3D11RHI: Loaded GFSDK_Aftermath_Lib.x64.dll
[2022.07.15-21.07.31:027][  0]LogHMD: Failed to initialize OpenVR with code 110
[2022.07.15-21.07.31:027][  0]LogD3D11RHI: D3D11 min allowed feature level: 11_0
[2022.07.15-21.07.31:027][  0]LogD3D11RHI: D3D11 max allowed feature level: 11_0
[2022.07.15-21.07.31:027][  0]LogD3D11RHI: D3D11 adapters:
[2022.07.15-21.07.31:109][  0]LogD3D11RHI:    0. 'NVIDIA GeForce GTX 1650 Ti' (Feature Level 11_0)
[2022.07.15-21.07.31:109][  0]LogD3D11RHI:       3962/0/7895 MB DedicatedVideo/DedicatedSystem/SharedSystem, Outputs:1, VendorId:0x10de
[2022.07.15-21.07.31:134][  0]LogD3D11RHI:    1. 'AMD Radeon(TM) Graphics' (Feature Level 11_0)
[2022.07.15-21.07.31:134][  0]LogD3D11RHI:       496/0/7895 MB DedicatedVideo/DedicatedSystem/SharedSystem, Outputs:0, VendorId:0x1002
[2022.07.15-21.07.31:136][  0]LogD3D11RHI:    2. 'Microsoft Basic Render Driver' (Feature Level 11_0)
[2022.07.15-21.07.31:136][  0]LogD3D11RHI:       0/0/7895 MB DedicatedVideo/DedicatedSystem/SharedSystem, Outputs:0, VendorId:0x1414
[2022.07.15-21.07.31:136][  0]LogD3D11RHI: Chosen D3D11 Adapter:
[2022.07.15-21.07.31:136][  0]LogD3D11RHI:     Description : NVIDIA GeForce GTX 1650 Ti
[2022.07.15-21.07.31:136][  0]LogD3D11RHI:     VendorId    : 10de
[2022.07.15-21.07.31:136][  0]LogD3D11RHI:     DeviceId    : 1f95
[2022.07.15-21.07.31:136][  0]LogD3D11RHI:     SubSysId    : 16df1043
[2022.07.15-21.07.31:136][  0]LogD3D11RHI:     Revision    : 00a1
[2022.07.15-21.07.31:136][  0]LogD3D11RHI:     DedicatedVideoMemory : 4154458112 bytes
[2022.07.15-21.07.31:136][  0]LogD3D11RHI:     DedicatedSystemMemory : 0 bytes
[2022.07.15-21.07.31:136][  0]LogD3D11RHI:     SharedSystemMemory : 8279177216 bytes
[2022.07.15-21.07.31:136][  0]LogD3D11RHI:     AdapterLuid : 0 59561
[2022.07.15-21.07.31:144][  0]LogD3D11RHI: Creating new Direct3DDevice
[2022.07.15-21.07.31:144][  0]LogD3D11RHI:     GPU DeviceId: 0x1f95 (for the marketing name, search the web for "GPU Device Id")
[2022.07.15-21.07.31:144][  0]LogWindows: EnumDisplayDevices:
[2022.07.15-21.07.31:144][  0]LogWindows:    0. 'AMD Radeon(TM) Graphics' (P:1 D:1)
[2022.07.15-21.07.31:145][  0]LogWindows:    1. 'AMD Radeon(TM) Graphics' (P:0 D:0)
[2022.07.15-21.07.31:145][  0]LogWindows:    2. 'AMD Radeon(TM) Graphics' (P:0 D:0)
[2022.07.15-21.07.31:145][  0]LogWindows:    3. 'AMD Radeon(TM) Graphics' (P:0 D:0)
[2022.07.15-21.07.31:145][  0]LogWindows:    4. 'NVIDIA GeForce GTX 1650 Ti' (P:0 D:0)
[2022.07.15-21.07.31:145][  0]LogWindows:    5. 'NVIDIA GeForce GTX 1650 Ti' (P:0 D:0)
[2022.07.15-21.07.31:146][  0]LogWindows:    6. 'NVIDIA GeForce GTX 1650 Ti' (P:0 D:0)
[2022.07.15-21.07.31:146][  0]LogWindows:    7. 'NVIDIA GeForce GTX 1650 Ti' (P:0 D:0)
[2022.07.15-21.07.31:146][  0]LogWindows: DebugString: PrimaryIsNotTheChoosenAdapter PrimaryIsNotTheChoosenAdapter PrimaryIsNotTheChoosenAdapter PrimaryIsNotTheChoosenAdapter FoundDriverCount:4 
[2022.07.15-21.07.31:146][  0]LogD3D11RHI:     Adapter Name: NVIDIA GeForce GTX 1650 Ti
[2022.07.15-21.07.31:146][  0]LogD3D11RHI:   Driver Version: 516.59 (internal:31.0.15.1659, unified:516.59)
[2022.07.15-21.07.31:146][  0]LogD3D11RHI:      Driver Date: 6-23-2022
[2022.07.15-21.07.31:146][  0]LogRHI: Texture pool is 2773 MB (70% of 3962 MB)
[2022.07.15-21.07.31:146][  0]LogD3D11RHI: Creating D3DDevice using adapter:
[2022.07.15-21.07.31:146][  0]LogD3D11RHI:     Description : NVIDIA GeForce GTX 1650 Ti
[2022.07.15-21.07.31:146][  0]LogD3D11RHI:     VendorId    : 10de
[2022.07.15-21.07.31:146][  0]LogD3D11RHI:     DeviceId    : 1f95
[2022.07.15-21.07.31:146][  0]LogD3D11RHI:     SubSysId    : 16df1043
[2022.07.15-21.07.31:146][  0]LogD3D11RHI:     Revision    : 00a1
[2022.07.15-21.07.31:146][  0]LogD3D11RHI:     DedicatedVideoMemory : 4154458112 bytes
[2022.07.15-21.07.31:146][  0]LogD3D11RHI:     DedicatedSystemMemory : 0 bytes
[2022.07.15-21.07.31:146][  0]LogD3D11RHI:     SharedSystemMemory : 8279177216 bytes
[2022.07.15-21.07.31:146][  0]LogD3D11RHI:     AdapterLuid : 0 59561
[2022.07.15-21.07.31:204][  0]LogD3D11RHI: RHI has support for 64 bit atomics
[2022.07.15-21.07.31:205][  0]LogD3D11RHI: Async texture creation enabled
[2022.07.15-21.07.31:205][  0]LogD3D11RHI: Array index from any shader is supported
[2022.07.15-21.07.31:224][  0]LogD3D11RHI: GPU Timing Frequency: 1000.000000 (Debug: 2 1)
[2022.07.15-21.07.31:248][  0]LogRHI: GeForceNow SDK initialized: 1
[2022.07.15-21.07.31:504][  0]LogTargetPlatformManager: Display: Loaded TargetPlatform 'WindowsNoEditor'
[2022.07.15-21.07.31:509][  0]LogTargetPlatformManager: Display: Loaded TargetPlatform 'Windows'
[2022.07.15-21.07.31:514][  0]LogTargetPlatformManager: Display: Loaded TargetPlatform 'WindowsClient'
[2022.07.15-21.07.31:520][  0]LogTargetPlatformManager: Display: Loaded TargetPlatform 'WindowsServer'
[2022.07.15-21.07.31:521][  0]LogTargetPlatformManager: Display: Building Assets For Windows
[2022.07.15-21.07.31:528][  0]LogAudioDebug: Display: Lib vorbis DLL was dynamically loaded.
[2022.07.15-21.07.31:564][  0]LogTextureFormatOodle: Display: Oodle Texture 2.9.0 init RDO Off
[2022.07.15-21.07.31:600][  0]LogRendererCore: Ray tracing is disabled. Reason: r.RayTracing=0.
[2022.07.15-21.07.31:600][  0]LogShaderCompilers: Guid format shader working directory is -21 characters bigger than the processId version (../../../../../../Users/ivcha/Documents/GitHub/GameplayProgramming/Intermediate/Shaders/WorkingDirectory/30472/).
[2022.07.15-21.07.31:600][  0]LogShaderCompilers: Cleaned the shader compiler working directory 'C:/Users/ivcha/AppData/Local/Temp/UnrealShaderWorkingDir/6CB90AF545B43CB80B1BCF9EB5FA388E/'.
[2022.07.15-21.07.31:600][  0]LogXGEController: Cannot use XGE Controller as Incredibuild is not installed on this machine.
[2022.07.15-21.07.31:600][  0]LogShaderCompilers: Cannot use XGE Shader Compiler as Incredibuild is not installed on this machine.
[2022.07.15-21.07.31:600][  0]LogShaderCompilers: Display: Using Local Shader Compiler.
[2022.07.15-21.07.32:255][  0]LogDerivedDataCache: Display: Max Cache Size: 512 MB
[2022.07.15-21.07.32:305][  0]LogDerivedDataCache: Loaded boot cache 0.05s 94MB C:/Users/ivcha/AppData/Local/UnrealEngine/4.27/DerivedDataCache/Boot.ddc.
[2022.07.15-21.07.32:305][  0]LogDerivedDataCache: Display: Loaded Boot cache: C:/Users/ivcha/AppData/Local/UnrealEngine/4.27/DerivedDataCache/Boot.ddc
[2022.07.15-21.07.32:305][  0]LogDerivedDataCache: FDerivedDataBackendGraph:  Pak pak cache file ../../../../../../Users/ivcha/Documents/GitHub/GameplayProgramming/DerivedDataCache/DDC.ddp not found, will not use a pak cache.
[2022.07.15-21.07.32:305][  0]LogDerivedDataCache: Unable to find inner node Pak for hierarchical cache Hierarchy.
[2022.07.15-21.07.32:305][  0]LogDerivedDataCache: FDerivedDataBackendGraph:  CompressedPak pak cache file ../../../../../../Users/ivcha/Documents/GitHub/GameplayProgramming/DerivedDataCache/Compressed.ddp not found, will not use a pak cache.
[2022.07.15-21.07.32:305][  0]LogDerivedDataCache: Unable to find inner node CompressedPak for hierarchical cache Hierarchy.
[2022.07.15-21.07.32:323][  0]LogDerivedDataCache: Display: Pak cache opened for reading ../../../Engine/DerivedDataCache/Compressed.ddp.
[2022.07.15-21.07.32:323][  0]LogDerivedDataCache: FDerivedDataBackendGraph:  EnterprisePak pak cache file ../../../Enterprise/DerivedDataCache/Compressed.ddp not found, will not use a pak cache.
[2022.07.15-21.07.32:323][  0]LogDerivedDataCache: Unable to find inner node EnterprisePak for hierarchical cache Hierarchy.
[2022.07.15-21.07.32:332][  0]LogDerivedDataCache: Speed tests for C:/Users/ivcha/AppData/Local/UnrealEngine/Common/DerivedDataCache took 0.01 seconds
[2022.07.15-21.07.32:332][  0]LogDerivedDataCache: Display: Performance to C:/Users/ivcha/AppData/Local/UnrealEngine/Common/DerivedDataCache: Latency=0.02ms. RandomReadSpeed=220.54MBs, RandomWriteSpeed=190.00MBs. Assigned SpeedClass 'Local'
[2022.07.15-21.07.32:333][  0]LogDerivedDataCache: Using Local data cache path C:/Users/ivcha/AppData/Local/UnrealEngine/Common/DerivedDataCache: Writable
[2022.07.15-21.07.32:333][  0]LogDerivedDataCache: Shared data cache path not found in *engine.ini, will not use an Shared cache.
[2022.07.15-21.07.32:333][  0]LogDerivedDataCache: Unable to find inner node Shared for hierarchical cache Hierarchy.
[2022.07.15-21.07.32:365][  0]LogSlate: Using FreeType 2.10.0
[2022.07.15-21.07.32:366][  0]LogSlate: SlateFontServices - WITH_FREETYPE: 1, WITH_HARFBUZZ: 1
[2022.07.15-21.07.32:473][  0]LogInit: Using OS detected language (es-ES).
[2022.07.15-21.07.32:473][  0]LogInit: Using OS detected locale (es-ES).
[2022.07.15-21.07.32:473][  0]LogTextLocalizationManager: No localization for 'es-ES' exists, so 'en' will be used for the language.
[2022.07.15-21.07.32:473][  0]LogTextLocalizationManager: No localization for 'es-ES' exists, so 'en' will be used for the locale.
[2022.07.15-21.07.32:473][  0]LogSlate: FontCache flush requested. Reason: Culture for localization was changed
[2022.07.15-21.07.32:473][  0]LogSlate: FontCache flush requested. Reason: Culture for localization was changed
[2022.07.15-21.07.32:477][  0]LogAssetRegistry: FAssetRegistry took 0.0028 seconds to start up
[2022.07.15-21.07.32:626][  0]LogTextLocalizationManager: Compacting localization data took   0.01ms
[2022.07.15-21.07.32:626][  0]LogPackageLocalizationCache: Processed 27 localized package path(s) for 1 prioritized culture(s) in 0.000948 seconds
[2022.07.15-21.07.32:690][  0]LogInit: Selected Device Profile: [Windows]
[2022.07.15-21.07.32:690][  0]LogInit: Active device profile: [00000210DDF78900][00000210D0758640 49] Windows
[2022.07.15-21.07.32:690][  0]LogInit: Profiles: [00000210DDF78900][00000210D0758640 49] Windows, [00000210DDF3B800][00000210D49D67C0 49] WindowsNoEditor, [00000210DDF7B500][00000210D49DA940 49] WindowsServer, [00000210DDF38E00][00000210D49DEAC0 49] WindowsClient, [00000210DDF7B800][00000210D05CEC40 49] IOS, [00000210DDF3A800][00000210D05D2DC0 49] iPadAir, [00000210DDF7A000][00000210D05D6F40 49] iPadAir2, [00000210DDEECA00][00000210D05DF200 49] IPadPro, [00000210DDEECB00][00000210D05DB240 49] iPadAir3, [00000210DDF39900][00000210D05E33C0 49] iPadAir4, [00000210DDEEF400][00000210D05E7540 49] iPadMini2, [00000210DDF3AA00][00000210D05EB6C0 49] iPadMini3, [00000210DDEED700][00000210D49D3800 49] iPadMini4, [00000210DDF79100][00000210D05EF940 49] iPadMini5, [00000210DDF10300][00000210D05FBBC0 49] iPhone6, [00000210DDF10400][00000210D05F3C00 49] iPodTouch6, [00000210DDEEF600][00000210D0602340 49] iPhone7, [00000210DDEED800][00000210D05FE380 49] iPodTouch7, [00000210DDF13F00][00000210D0606500 49] iPhone5S, [00000210DDF3A200][00000210D060A680 49] iPhone6Plus, [00000210DDEEC200][00000210D060E800 49] iPhone6S, [00000210DDF3A400][00000210D0612980 49] iPhone6SPlus, [00000210DDEEFC00][00000210D0616B00 49] iPhone7Plus, [00000210DDF38300][00000210DC39AC80 49] iPhoneSE, [00000210DDEEF500][00000210DC39EE00 49] iPhone8, [00000210DDF39E00][00000210DC3A2F80 49] iPhone8Plus, [00000210DDEED100][00000210DC3A7100 49] iPhoneX, [00000210DDF38400][00000210DC3AB280 49] iPhoneXS, [00000210DDEED300][00000210DC3AF400 49] iPhoneXSMax, [00000210DDF39400][00000210DC3B3580 49] iPhoneXR, [00000210DDEEF800][00000210DC3B7700 49] iPhone11, [00000210DDF3AE00][00000210DC3BB880 49] iPhone11Pro, [00000210DDEEF700][00000210D05F79C0 49] iPhone11ProMax, [00000210DDF38F00][00000210DC3BFB00 49] iPhoneSE2, [00000210DDEEEE00][00000210DC3C20C0 49] iPhone12Mini, [00000210DDF3BC00][00000210DC3CA240 49] iPhone12, [00000210DDEEE400][00000210DC3CE3C0 49] iPhone12Pro, [00000210DDF38700][00000210DC3D2540 49] iPhone12ProMax, [00000210DDEEE300][00000210DC3D66C0 49] iPadPro105, [00000210DDF3B100][00000210DC3DA840 49] iPadPro129, [00000210DDEEE200][00000210DC3DE9C0 49] iPadPro97, [00000210DDF38B00][00000210DC3E2B40 49] iPadPro2_129, [00000210DDEEF200][00000210DC3E6CC0 49] iPad5, [00000210DDF3B400][00000210DC3EAE40 49] iPad6, [00000210DDEEF300][00000210DC3EEFC0 49] iPad7, [00000210DDF38200][00000210DC3F3140 49] iPad8, [00000210DDEEFD00][00000210DC3F72C0 49] iPadPro11, [00000210DDF39A00][00000210DC3FB440 49] iPadPro2_11, [00000210DDEEDD00][00000210DC3FF5C0 49] iPadPro3_129, [00000210DDF3A500][00000210DC403740 49] iPadPro4_129, [00000210DDEEE500][00000210DC4078C0 49] AppleTV, [00000210DDF3AF00][00000210DC40BA40 49] AppleTV4K, [00000210DDEEC100][00000210DC3C7B80 49] TVOS, [00000210DDF3AC00][00000210DC40E140 49] Mac, [00000210DDEEE700][00000210DC412280 49] MacClient, [00000210DDF38800][00000210DC4163C0 49] MacNoEditor, [00000210DDEEEC00][00000210DC41E540 49] MacServer, [00000210DDF38D00][00000210DC4226C0 49] Linux, [00000210DDEEE000][00000210DC426840 49] LinuxAArch64, [00000210DDF3B600][00000210DC42A9C0 49] LinuxNoEditor, [00000210DDEEE600][00000210DC42EB40 49] LinuxAArch64NoEditor, [00000210DDF3AD00][00000210DC432CC0 49] LinuxClient, [00000210DDEEF900][00000210DC436E40 49] LinuxAArch64Client, [00000210DDF39800][00000210DC43AFC0 49] LinuxServer, [00000210DDEED900][00000210DC43F140 49] LinuxAArch64Server, [00000210DDF39D00][00000210DC4432C0 49] Android, [00000210DDEEC600][00000210DC447440 49] Android_Low, [00000210DDF38A00][00000210DC44B5C0 49] Android_Mid, [00000210DDF7BA00][00000210DC44F740 49] Android_High, [00000210DDF11C00][00000210DC4538C0 49] Android_Default, [00000210DDF7A100][00000210DC457A40 49] Android_Adreno4xx, [00000210DDF12700][00000210DC45BBC0 49] Android_Adreno5xx_Low, [00000210DDF78A00][00000210DC41A180 49] Android_Adreno5xx, [00000210DDF12D00][00000210DC45E2C0 49] Android_Adreno6xx, [00000210DDF79200][00000210DC462400 49] Android_Adreno6xx_Vulkan, [00000210DDF12800][00000210DC466540 49] Android_Mali_T6xx, [00000210DDF7A600][00000210DC46E6C0 49] Android_Mali_T7xx, [00000210DDF12E00][00000210DC472840 49] Android_Mali_T8xx, [00000210DDF7B200][00000210DC4769C0 49] Android_Mali_G71, [00000210DDF13C00][00000210DC47AB40 49] Android_Mali_G72, [00000210DDF7AA00][00000210DCCB0CC0 49] Android_Mali_G72_Vulkan, [00000210DDF11B00][00000210DCCB4E40 49] Android_Mali_G76, [00000210DDF79A00][00000210DCCB8FC0 49] Android_Mali_G76_Vulkan, [00000210DDF12000][00000210DCCBD140 49] Android_Mali_G77, [00000210DDF7AD00][00000210DCCC12C0 49] Android_Mali_G77_Vulkan, [00000210DDF13800][00000210DCCC5440 49] Android_Mali_G78, [00000210DDF7A800][00000210DCCC95C0 49] Android_Mali_G78_Vulkan, [00000210DDF11200][00000210DCCCD740 49] Android_Mali_G710, [00000210DDF78E00][00000210DCCD18C0 49] Android_Mali_G710_Vulkan, [00000210DDF11D00][00000210DCCD5A40 49] Android_Vulkan_SM5, [00000210DDF7B400][00000210DCCD9BC0 49] Android_PowerVR_G6xxx, [00000210DDF12C00][00000210DCCDC1C0 49] Android_PowerVR_GT7xxx, [00000210DDF7BC00][00000210DCCE0340 49] Android_PowerVR_GE8xxx, [00000210DDF10E00][00000210DC46A480 49] Android_PowerVR_GM9xxx, [00000210DDF79800][00000210DCCE45C0 49] Android_PowerVR_GM9xxx_Vulkan, [00000210DDF12400][00000210DCCE8700 49] Android_TegraK1, [00000210DDF79000][00000210DCCF0880 49] Android_Unknown_Vulkan, [00000210DDF3AB00][00000210DCCF4A00 49] Lumin, [00000210DDF79E00][00000210DCCF8B80 49] Lumin_Desktop, [00000210DDF3B500][00000210DCCFCD00 49] HoloLens, 
[2022.07.15-21.07.32:733][  0]LogMeshReduction: Using QuadricMeshReduction for automatic static mesh reduction
[2022.07.15-21.07.32:733][  0]LogMeshReduction: Using SimplygonMeshReduction for automatic skeletal mesh reduction
[2022.07.15-21.07.32:733][  0]LogMeshReduction: Using ProxyLODMeshReduction for automatic mesh merging
[2022.07.15-21.07.32:733][  0]LogMeshReduction: No distributed automatic mesh merging module available
[2022.07.15-21.07.32:733][  0]LogMeshMerging: No distributed automatic mesh merging module available
[2022.07.15-21.07.32:822][  0]LogNetVersion: GameplayProgramming 1.0.0, NetCL: 17155196, EngineNetVer: 17, GameNetVer: 0 (Checksum: 1408040546)
[2022.07.15-21.07.33:053][  0]LogTexture: Default maximum texture size for cubemaps generated from long-lat sources has been changed from 512 to unlimited. In order to preserve old behaiour for '/Engine/MapTemplates/Sky/DaylightAmbientCubemap.DaylightAmbientCubemap', its maximum texture size has been explicitly set to 512.
[2022.07.15-21.07.33:103][  0]LogHMD: PokeAHoleMaterial loaded successfully
[2022.07.15-21.07.33:217][  0]LogMoviePlayer: Initializing movie player
[2022.07.15-21.07.33:307][  0]LogPython: Using Python 3.7.7
[2022.07.15-21.07.33:789][  0]LogNiagaraDebuggerClient: Niagara Debugger Client Initialized | Session: 7965F8D64FF2AA3893313E8C9D4B34F4 | Instance: 6A4347EF419832234D6759A16789F7C2 (DESKTOP-4KBLNKT-30472).
[2022.07.15-21.07.33:809][  0]LogCollectionManager: Loaded 0 collections in 0.001541 seconds
[2022.07.15-21.07.33:811][  0]LogFileCache: Scanning file cache for directory 'C:/Users/ivcha/Documents/GitHub/GameplayProgramming/Saved/Collections/' took 0.00s
[2022.07.15-21.07.33:811][  0]LogFileCache: Scanning file cache for directory 'C:/Users/ivcha/Documents/GitHub/GameplayProgramming/Content/Developers/ivcha/Collections/' took 0.00s
[2022.07.15-21.07.33:811][  0]LogFileCache: Scanning file cache for directory 'C:/Users/ivcha/Documents/GitHub/GameplayProgramming/Content/Collections/' took 0.00s
[2022.07.15-21.07.33:811][  0]LogCollectionManager: Fixed up redirectors for 0 collections in 0.000002 seconds (updated 0 objects)
[2022.07.15-21.07.33:863][  0]LogTcpMessaging: Initializing TcpMessaging bridge
[2022.07.15-21.07.33:868][  0]LogUdpMessaging: Initializing bridge on interface 0.0.0.0:0 to multicast group 230.0.0.1:6666.
[2022.07.15-21.07.33:964][  0]SourceControl: Source control is disabled
[2022.07.15-21.07.33:964][  0]SourceControl: Source control is disabled
[2022.07.15-21.07.33:967][  0]SourceControl: Source control is disabled
[2022.07.15-21.07.33:978][  0]LogUProjectInfo: Found projects:
[2022.07.15-21.07.33:980][  0]LogVSAccessor: Display: Unable to create Visual Studio setup instance: 80040154
[2022.07.15-21.07.33:980][  0]LogVSAccessor: Display: Unable to create Visual Studio setup instance: 80040154
[2022.07.15-21.07.33:981][  0]LogVSAccessor: Display: Unable to create Visual Studio setup instance: 80040154
[2022.07.15-21.07.34:064][  0]LogOpenImageDenoise: OIDN starting up
[2022.07.15-21.07.34:101][  0]LogAndroidPermission: UAndroidPermissionCallbackProxy::GetInstance
[2022.07.15-21.07.34:115][  0]LogAudioCaptureCore: Display: No Audio Capture implementations found. Audio input will be silent.
[2022.07.15-21.07.34:115][  0]LogAudioCaptureCore: Display: No Audio Capture implementations found. Audio input will be silent.
[2022.07.15-21.07.34:190][  0]LogOcInput: OculusInput pre-init called
[2022.07.15-21.07.34:198][  0]LogUObjectArray: 22121 objects as part of root set at end of initial load.
[2022.07.15-21.07.34:198][  0]LogUObjectAllocator: 5975632 out of 0 bytes used by permanent object pool.
[2022.07.15-21.07.34:198][  0]LogUObjectArray: CloseDisregardForGC: 0/0 objects in disregard for GC pool
[2022.07.15-21.07.34:252][  0]LogEngine: Initializing Engine...
[2022.07.15-21.07.34:254][  0]LogHMD: Failed to enumerate extensions. Please check that you have a valid OpenXR runtime installed.
[2022.07.15-21.07.34:254][  0]LogHMD: Failed to initialize OpenVR with code 110
[2022.07.15-21.07.34:254][  0]LogMagicLeap: Warning: VR disabled because ZI is not enabled.  To enable, in the editor, Edit -> Project Settings -> Plugins -> Magic Leap Plugin -> Enable Zero Iteration
[2022.07.15-21.07.34:256][  0]LogStats: UGameplayTagsManager::InitializeManager -  0.000 s
[2022.07.15-21.07.34:341][  0]LogInit: Initializing FReadOnlyCVARCache
[2022.07.15-21.07.34:341][  0]LogAudio: Display: Initializing Audio Device Manager...
[2022.07.15-21.07.34:345][  0]LogAudio: Display: Loading Default Audio Settings Objects...
[2022.07.15-21.07.34:346][  0]LogAudio: Display: No default SoundConcurrencyObject specified (or failed to load).
[2022.07.15-21.07.34:346][  0]LogAudio: Display: Audio Device Manager Initialized
[2022.07.15-21.07.34:346][  0]LogAudio: Display: Creating Audio Device:                 Id: 1, Scope: Shared, Realtime: True
[2022.07.15-21.07.34:346][  0]LogAudioMixer: Display: Audio Mixer Platform Settings:
[2022.07.15-21.07.34:346][  0]LogAudioMixer: Display: 	Sample Rate:						  48000
[2022.07.15-21.07.34:346][  0]LogAudioMixer: Display: 	Callback Buffer Frame Size Requested: 1024
[2022.07.15-21.07.34:346][  0]LogAudioMixer: Display: 	Callback Buffer Frame Size To Use:	  1024
[2022.07.15-21.07.34:346][  0]LogAudioMixer: Display: 	Number of buffers to queue:			  2
[2022.07.15-21.07.34:346][  0]LogAudioMixer: Display: 	Max Channels (voices):				  32
[2022.07.15-21.07.34:346][  0]LogAudioMixer: Display: 	Number of Async Source Workers:		  0
[2022.07.15-21.07.34:346][  0]LogAudio: Display: AudioDevice MaxSources: 32
[2022.07.15-21.07.34:346][  0]LogAudio: Display: Audio Spatialization Plugin: None (built-in).
[2022.07.15-21.07.34:346][  0]LogAudio: Display: Audio Reverb Plugin: None (built-in).
[2022.07.15-21.07.34:346][  0]LogAudio: Display: Audio Occlusion Plugin: None (built-in).
[2022.07.15-21.07.34:346][  0]LogAudioMixer: Display: Initializing audio mixer.
[2022.07.15-21.07.34:362][  0]LogAudioMixer: Display: 0: FrontLeft
[2022.07.15-21.07.34:362][  0]LogAudioMixer: Display: 1: FrontRight
[2022.07.15-21.07.34:383][  0]LogAudioMixer: Display: Using Audio Device Altavoces (KROM)
[2022.07.15-21.07.34:389][  0]LogAudioMixer: Display: Initializing Sound Submixes...
[2022.07.15-21.07.34:391][  0]LogAudioMixer: Display: Creating Master Submix 'MasterSubmixDefault'
[2022.07.15-21.07.34:391][  0]LogAudioMixer: Display: Creating Master Submix 'MasterReverbSubmixDefault'
[2022.07.15-21.07.34:392][  0]LogAudioMixer: Display: Creating Master Submix 'MasterEQSubmixDefault'
[2022.07.15-21.07.34:392][  0]LogAudioMixer: FMixerPlatformXAudio2::StartAudioStream() called
[2022.07.15-21.07.34:392][  0]LogAudioMixer: Display: Output buffers initialized: Frames=1024, Channels=2, Samples=2048
[2022.07.15-21.07.34:393][  0]LogAudioMixer: Display: Starting AudioMixerPlatformInterface::RunInternal()
[2022.07.15-21.07.34:393][  0]LogAudioMixer: Display: FMixerPlatformXAudio2::SubmitBuffer() called for the first time
[2022.07.15-21.07.34:393][  0]LogInit: FAudioDevice initialized.
[2022.07.15-21.07.34:395][  0]LogNetVersion: Set ProjectVersion to 1.0.0.0. Version Checksum will be recalculated on next use.
[2022.07.15-21.07.34:395][  0]LogInit: Texture streaming: Enabled
[2022.07.15-21.07.34:462][  0]LogAudio: Display: Audio Device (ID: 1) registered with world 'Untitled'.
[2022.07.15-21.07.34:462][  0]LogSlate: Updating window title bar state: overlay mode, drag disabled, window buttons hidden, title bar hidden
[2022.07.15-21.07.34:463][  0]LogInit: Display: Game Engine Initialized.
[2022.07.15-21.07.34:463][  0]LogNiagaraEditor: GEditor isn't valid! Particle reset commands will not work for Niagara components!
[2022.07.15-21.07.34:584][  0]LogInit: Display: Starting Game.
[2022.07.15-21.07.34:584][  0]LogNet: Browse: /Game/Maps/Test/FirstPersonExampleMap?Name=Player
[2022.07.15-21.07.34:584][  0]LogLoad: LoadMap: /Game/Maps/Test/FirstPersonExampleMap?Name=Player
[2022.07.15-21.07.34:584][  0]LogWorld: BeginTearingDown for /Temp/Untitled_0
[2022.07.15-21.07.34:585][  0]LogWorld: UWorld::CleanupWorld for Untitled, bSessionEnded=true, bCleanupResources=true
[2022.07.15-21.07.34:585][  0]LogSlate: InvalidateAllWidgets triggered.  All widgets were invalidated
[2022.07.15-21.07.34:592][  0]LogAudio: Display: Audio Device unregistered from world 'None'.
[2022.07.15-21.07.34:595][  0]LogUObjectHash: Compacting FUObjectHashTables data took   1.18ms
[2022.07.15-21.07.35:115][  0]LogAudio: Display: Audio Device (ID: 1) registered with world 'FirstPersonExampleMap'.
[2022.07.15-21.07.35:125][  0]LogAIModule: Creating AISystem for world FirstPersonExampleMap
[2022.07.15-21.07.35:125][  0]LogLoad: Game class is 'FirstPersonGameMode_C'
[2022.07.15-21.07.35:137][  0]LogPhysics: Warning: Scale for /Game/Maps/Test/FirstPersonExampleMap.FirstPersonExampleMap:PersistentLevel.EnemyNoShootBP_2.SpawnPoint has a component set to zero, which will result in a bad body instance. Scale:X=0.000 Y=0.000 Z=0.000
[2022.07.15-21.07.35:137][  0]LogPhysics: Warning: Initialising Body : Scale3D is (nearly) zero: Component: '/Game/Maps/Test/FirstPersonExampleMap.FirstPersonExampleMap:PersistentLevel.EnemyNoShootBP_2.SpawnPoint' 
[2022.07.15-21.07.35:139][  0]LogPhysics: Warning: Scale for /Game/Maps/Test/FirstPersonExampleMap.FirstPersonExampleMap:PersistentLevel.EnemyNoShootBP2.SpawnPoint has a component set to zero, which will result in a bad body instance. Scale:X=0.000 Y=0.000 Z=0.000
[2022.07.15-21.07.35:139][  0]LogPhysics: Warning: Initialising Body : Scale3D is (nearly) zero: Component: '/Game/Maps/Test/FirstPersonExampleMap.FirstPersonExampleMap:PersistentLevel.EnemyNoShootBP2.SpawnPoint' 
[2022.07.15-21.07.35:140][  0]LogPhysics: Warning: Scale for /Game/Maps/Test/FirstPersonExampleMap.FirstPersonExampleMap:PersistentLevel.EnemyNoShootBP_2.SpawnPoint has a component set to zero, which will result in a bad body instance. Scale:X=0.000 Y=0.000 Z=0.000
[2022.07.15-21.07.35:140][  0]LogPhysics: Warning: Initialising Body : Scale3D is (nearly) zero: Component: '/Game/Maps/Test/FirstPersonExampleMap.FirstPersonExampleMap:PersistentLevel.EnemyNoShootBP_2.SpawnPoint' 
[2022.07.15-21.07.35:140][  0]LogPhysics: Warning: Scale for /Game/Maps/Test/FirstPersonExampleMap.FirstPersonExampleMap:PersistentLevel.EnemyNoShootBP_2.SpawnPoint has a component set to zero, which will result in a bad body instance. Scale:X=0.000 Y=0.000 Z=0.000
[2022.07.15-21.07.35:140][  0]LogPhysics: Warning: Initialising Body : Scale3D is (nearly) zero: Component: '/Game/Maps/Test/FirstPersonExampleMap.FirstPersonExampleMap:PersistentLevel.EnemyNoShootBP_2.SpawnPoint' 
[2022.07.15-21.07.35:140][  0]LogPhysics: Warning: Scale for /Game/Maps/Test/FirstPersonExampleMap.FirstPersonExampleMap:PersistentLevel.EnemyNoShootBP_2.SpawnPoint has a component set to zero, which will result in a bad body instance. Scale:X=0.000 Y=0.000 Z=0.000
[2022.07.15-21.07.35:140][  0]LogPhysics: Warning: Initialising Body : Scale3D is (nearly) zero: Component: '/Game/Maps/Test/FirstPersonExampleMap.FirstPersonExampleMap:PersistentLevel.EnemyNoShootBP_2.SpawnPoint' 
[2022.07.15-21.07.35:142][  0]LogPhysics: Warning: Scale for /Game/Maps/Test/FirstPersonExampleMap.FirstPersonExampleMap:PersistentLevel.EnemyNoShootBP2.SpawnPoint has a component set to zero, which will result in a bad body instance. Scale:X=0.000 Y=0.000 Z=0.000
[2022.07.15-21.07.35:142][  0]LogPhysics: Warning: Initialising Body : Scale3D is (nearly) zero: Component: '/Game/Maps/Test/FirstPersonExampleMap.FirstPersonExampleMap:PersistentLevel.EnemyNoShootBP2.SpawnPoint' 
[2022.07.15-21.07.35:143][  0]LogPhysics: Warning: Scale for /Game/Maps/Test/FirstPersonExampleMap.FirstPersonExampleMap:PersistentLevel.EnemyNoShootBP2.SpawnPoint has a component set to zero, which will result in a bad body instance. Scale:X=0.000 Y=0.000 Z=0.000
[2022.07.15-21.07.35:143][  0]LogPhysics: Warning: Initialising Body : Scale3D is (nearly) zero: Component: '/Game/Maps/Test/FirstPersonExampleMap.FirstPersonExampleMap:PersistentLevel.EnemyNoShootBP2.SpawnPoint' 
[2022.07.15-21.07.35:143][  0]LogPhysics: Warning: Scale for /Game/Maps/Test/FirstPersonExampleMap.FirstPersonExampleMap:PersistentLevel.EnemyNoShootBP2.SpawnPoint has a component set to zero, which will result in a bad body instance. Scale:X=0.000 Y=0.000 Z=0.000
[2022.07.15-21.07.35:143][  0]LogPhysics: Warning: Initialising Body : Scale3D is (nearly) zero: Component: '/Game/Maps/Test/FirstPersonExampleMap.FirstPersonExampleMap:PersistentLevel.EnemyNoShootBP2.SpawnPoint' 
[2022.07.15-21.07.35:143][  0]LogWorld: Bringing World /Game/Maps/Test/FirstPersonExampleMap.FirstPersonExampleMap up for play (max tick rate 0) at 2022.07.15-23.07.35
[2022.07.15-21.07.35:144][  0]LogWorld: Bringing up level for play took: 0.018061
[2022.07.15-21.07.35:147][  0]LogLoad: Took 0.562893 seconds to LoadMap(/Game/Maps/Test/FirstPersonExampleMap)
[2022.07.15-21.07.35:170][  0]LogSlate: Took 0.000171 seconds to synchronously load lazily loaded font '../../../Engine/Content/Slate/Fonts/Roboto-Regular.ttf' (155K)
[2022.07.15-21.07.35:191][  0]LogRenderer: Reallocating scene render targets to support 1280x720 Format 10 NumSamples 1 (Frame:1).
[2022.07.15-21.07.35:191][  0]LogInit: Display: Engine is initialized. Leaving FEngineLoop::Init()
[2022.07.15-21.07.35:191][  0]LogLoad: (Engine Initialization) Total time: 5.37 seconds
[2022.07.15-21.07.35:191][  0]LogLoad: (Engine Initialization) Total Blueprint compile time: 0.00 seconds
[2022.07.15-21.07.35:206][  0]LogContentStreaming: Texture pool size now 1000 MB
[2022.07.15-21.07.35:208][  0]LogSlate: InvalidateAllWidgets triggered.  All widgets were invalidated
[2022.07.15-21.07.35:408][  0]LogRenderer: Reallocating scene render targets to support 128x128 Format 10 NumSamples 1 (Frame:1).
[2022.07.15-21.07.35:438][  0]LogRenderer: Reallocating scene render targets to support 1280x720 Format 10 NumSamples 1 (Frame:2).
[2022.07.15-21.07.35:453][  1]LogSlate: Took 0.000179 seconds to synchronously load lazily loaded font '../../../Engine/Content/Slate/Fonts/Roboto-Regular.ttf' (155K)
[2022.07.15-21.07.53:336][228]LogRenderer: Reallocating scene render targets to support 1288x724 Format 10 NumSamples 1 (Frame:4230).
[2022.07.15-21.07.59:641][726]LogWindowsDesktop: Alt-F4 pressed!
[2022.07.15-21.07.59:649][726]LogSlate: Window 'GameplayProgramming (64-bit Development PCD3D_SM5) ' being destroyed
[2022.07.15-21.07.59:650][726]LogWindowsTextInputMethodSystem: Display: IME system deactivated.
[2022.07.15-21.07.59:657][726]LogWindowsTextInputMethodSystem: Display: IME system deactivated.
[2022.07.15-21.07.59:659][726]LogSlate: Updating window title bar state: overlay mode, drag disabled, window buttons hidden, title bar hidden
[2022.07.15-21.07.59:659][726]LogEngine: All Windows Closed
[2022.07.15-21.07.59:659][726]LogWindows: FPlatformMisc::RequestExit(0)
[2022.07.15-21.07.59:659][726]LogWindows: FPlatformMisc::RequestExitWithStatus(0, 0)
[2022.07.15-21.07.59:659][726]LogCore: Engine exit requested (reason: Win RequestExit)
[2022.07.15-21.07.59:659][727]LogCore: Engine exit requested (reason: EngineExit() was called; note: exit was already requested)
[2022.07.15-21.07.59:659][727]LogInit: Display: PreExit Game.
[2022.07.15-21.07.59:670][727]LogWorld: BeginTearingDown for /Game/Maps/Test/FirstPersonExampleMap
[2022.07.15-21.07.59:670][727]LogWorld: UWorld::CleanupWorld for FirstPersonExampleMap, bSessionEnded=true, bCleanupResources=true
[2022.07.15-21.07.59:670][727]LogSlate: InvalidateAllWidgets triggered.  All widgets were invalidated
[2022.07.15-21.08.00:280][727]LogAudio: Display: Beginning Audio Device Manager Shutdown (Module: AudioMixerXAudio2)...
[2022.07.15-21.08.00:280][727]LogAudio: Display: Destroying 1 Remaining Audio Device(s)...
[2022.07.15-21.08.00:280][727]LogAudio: Display: Audio Device unregistered from world 'FirstPersonExampleMap'.
[2022.07.15-21.08.00:309][727]LogAudioMixer: FMixerPlatformXAudio2::StopAudioStream() called
[2022.07.15-21.08.00:310][727]LogAudioMixer: FMixerPlatformXAudio2::StopAudioStream() called
[2022.07.15-21.08.00:313][727]LogAudio: Display: Audio Device Manager Shutdown
[2022.07.15-21.08.00:318][727]LogExit: Preparing to exit.
[2022.07.15-21.08.00:893][727]LogSlate: Updating window title bar state: overlay mode, drag disabled, window buttons hidden, title bar hidden
[2022.07.15-21.08.00:898][727]LogUObjectHash: Compacting FUObjectHashTables data took   1.00ms
[2022.07.15-21.08.00:925][727]LogMoviePlayer: Shutting down movie player
[2022.07.15-21.08.01:021][727]LogDemo: Cleaned up 0 splitscreen connections with owner deletion
[2022.07.15-21.08.01:026][727]LogExit: Game engine shut down
[2022.07.15-21.08.01:069][727]LogExit: Object subsystem successfully closed.
[2022.07.15-21.08.01:098][727]LogShaderCompilers: Display: === FShaderJobCache stats ===
[2022.07.15-21.08.01:098][727]LogShaderCompilers: Display: Total job queries 0, among them cache hits 0 (0.00%)
[2022.07.15-21.08.01:098][727]LogShaderCompilers: Display: Tracking 0 distinct input hashes that result in 0 distinct outputs (0.00%)
[2022.07.15-21.08.01:098][727]LogShaderCompilers: Display: RAM used: 0.00 MB (0.00 GB) of 819.20 MB (0.80 GB) budget. Usage: 0.00%
[2022.07.15-21.08.01:098][727]LogShaderCompilers: Display: ================================================
[2022.07.15-21.08.01:108][727]LogShaderCompilers: Display: Shaders left to compile 0
[2022.07.15-21.08.01:123][727]LogModuleManager: Shutting down and abandoning module SequenceRecorderSections (560)
[2022.07.15-21.08.01:123][727]LogModuleManager: Shutting down and abandoning module SequenceRecorder (558)
[2022.07.15-21.08.01:123][727]LogModuleManager: Shutting down and abandoning module AutomationController (556)
[2022.07.15-21.08.01:123][727]LogModuleManager: Shutting down and abandoning module AutomationWorker (554)
[2022.07.15-21.08.01:123][727]LogModuleManager: Shutting down and abandoning module Voice (552)
[2022.07.15-21.08.01:123][727]LogModuleManager: Shutting down and abandoning module AIModule (550)
[2022.07.15-21.08.01:123][727]LogModuleManager: Shutting down and abandoning module GameplayDebugger (549)
[2022.07.15-21.08.01:123][727]LogModuleManager: Shutting down and abandoning module AITestSuite (547)
[2022.07.15-21.08.01:123][727]LogModuleManager: Shutting down and abandoning module NavigationSystem (545)
[2022.07.15-21.08.01:123][727]LogModuleManager: Shutting down and abandoning module AnimGraph (542)
[2022.07.15-21.08.01:123][727]LogModuleManager: Shutting down and abandoning module SteamVREditor (540)
[2022.07.15-21.08.01:123][727]LogModuleManager: Shutting down and abandoning module ToolMenus (539)
[2022.07.15-21.08.01:123][727]LogModuleManager: Shutting down and abandoning module OculusMR (536)
[2022.07.15-21.08.01:123][727]LogModuleManager: Shutting down and abandoning module OpenXRInput (534)
[2022.07.15-21.08.01:123][727]LogModuleManager: Shutting down and abandoning module TakeRecorderSources (532)
[2022.07.15-21.08.01:123][727]LogModuleManager: Shutting down and abandoning module TakeRecorder (531)
[2022.07.15-21.08.01:123][727]LogModuleManager: Shutting down and abandoning module TakeTrackRecorders (528)
[2022.07.15-21.08.01:123][727]LogModuleManager: Shutting down and abandoning module TakesCore (526)
[2022.07.15-21.08.01:123][727]LogModuleManager: Shutting down and abandoning module OpenExrWrapper (524)
[2022.07.15-21.08.01:123][727]LogModuleManager: Shutting down and abandoning module ImgMediaFactory (522)
[2022.07.15-21.08.01:123][727]LogModuleManager: Shutting down and abandoning module WmfMediaFactory (520)
[2022.07.15-21.08.01:123][727]LogModuleManager: Shutting down and abandoning module WebMMediaFactory (518)
[2022.07.15-21.08.01:123][727]LogModuleManager: Shutting down and abandoning module WebMMedia (516)
[2022.07.15-21.08.01:123][727]LogModuleManager: Shutting down and abandoning module AvfMediaFactory (514)
[2022.07.15-21.08.01:123][727]LogModuleManager: Shutting down and abandoning module MagicLeapMediaCodecFactory (512)
[2022.07.15-21.08.01:123][727]LogModuleManager: Shutting down and abandoning module MagicLeapMediaFactory (510)
[2022.07.15-21.08.01:123][727]LogModuleManager: Shutting down and abandoning module PlanarCut (508)
[2022.07.15-21.08.01:123][727]LogModuleManager: Shutting down and abandoning module CharacterAI (506)
[2022.07.15-21.08.01:123][727]LogModuleManager: Shutting down and abandoning module SessionServices (504)
[2022.07.15-21.08.01:123][727]LogModuleManager: Shutting down and abandoning module MovieSceneCapture (502)
[2022.07.15-21.08.01:123][727]LogModuleManager: Shutting down and abandoning module LiveCoding (500)
[2022.07.15-21.08.01:124][727]LogModuleManager: Shutting down and abandoning module LevelSequence (498)
[2022.07.15-21.08.01:124][727]LogModuleManager: Shutting down and abandoning module MovieSceneTracks (496)
[2022.07.15-21.08.01:124][727]LogModuleManager: Shutting down and abandoning module MovieScene (494)
[2022.07.15-21.08.01:124][727]LogModuleManager: Shutting down and abandoning module StreamingPauseRendering (492)
[2022.07.15-21.08.01:124][727]LogModuleManager: Shutting down and abandoning module PortalServices (490)
[2022.07.15-21.08.01:124][727]LogModuleManager: Shutting down and abandoning module PortalRpc (488)
[2022.07.15-21.08.01:124][727]LogModuleManager: Shutting down and abandoning module MessagingRpc (486)
[2022.07.15-21.08.01:124][727]LogModuleManager: Shutting down and abandoning module AudioMixerXAudio2 (484)
[2022.07.15-21.08.01:124][727]LogModuleManager: Shutting down and abandoning module AudioMixerCore (483)
[2022.07.15-21.08.01:124][727]LogModuleManager: Shutting down and abandoning module ImageWriteQueue (480)
[2022.07.15-21.08.01:130][727]LogModuleManager: Shutting down and abandoning module ProfilerService (478)
[2022.07.15-21.08.01:267][727]LogModuleManager: Shutting down and abandoning module TaskGraph (476)
[2022.07.15-21.08.01:267][727]LogModuleManager: Shutting down and abandoning module OculusInput (474)
[2022.07.15-21.08.01:267][727]LogModuleManager: Shutting down and abandoning module Synthesis (472)
[2022.07.15-21.08.01:267][727]LogModuleManager: Shutting down and abandoning module ProceduralMeshComponent (470)
[2022.07.15-21.08.01:267][727]LogModuleManager: Shutting down and abandoning module MobilePatchingUtils (468)
[2022.07.15-21.08.01:267][727]LogModuleManager: Shutting down and abandoning module TakeMovieScene (466)
[2022.07.15-21.08.01:267][727]LogModuleManager: Shutting down and abandoning module GooglePAD (464)
[2022.07.15-21.08.01:267][727]LogModuleManager: Shutting down and abandoning module EditableMesh (462)
[2022.07.15-21.08.01:267][727]LogModuleManager: Shutting down and abandoning module CustomMeshComponent (460)
[2022.07.15-21.08.01:267][727]LogModuleManager: Shutting down and abandoning module AssetTags (458)
[2022.07.15-21.08.01:267][727]LogModuleManager: Shutting down and abandoning module CableComponent (456)
[2022.07.15-21.08.01:267][727]LogModuleManager: Shutting down and abandoning module ArchVisCharacter (454)
[2022.07.15-21.08.01:267][727]LogModuleManager: Shutting down and abandoning module AudioCapture (452)
[2022.07.15-21.08.01:267][727]LogModuleManager: Shutting down and abandoning module AudioCaptureRtAudio (451)
[2022.07.15-21.08.01:267][727]LogModuleManager: Shutting down and abandoning module AppleImageUtilsBlueprintSupport (448)
[2022.07.15-21.08.01:267][727]LogModuleManager: Shutting down and abandoning module AppleImageUtils (446)
[2022.07.15-21.08.01:267][727]LogModuleManager: Shutting down and abandoning module AndroidPermission (444)
[2022.07.15-21.08.01:267][727]LogModuleManager: Shutting down and abandoning module ActorLayerUtilities (442)
[2022.07.15-21.08.01:267][727]LogModuleManager: Shutting down and abandoning module TemplateSequence (440)
[2022.07.15-21.08.01:267][727]LogModuleManager: Shutting down and abandoning module MediaCompositing (438)
[2022.07.15-21.08.01:267][727]LogModuleManager: Shutting down and abandoning module ImgMedia (436)
[2022.07.15-21.08.01:267][727]LogModuleManager: Shutting down and abandoning module MagicLeapSharedWorld (434)
[2022.07.15-21.08.01:267][727]LogModuleManager: Shutting down and abandoning module MagicLeapLightEstimation (432)
[2022.07.15-21.08.01:267][727]LogModuleManager: Shutting down and abandoning module MagicLeapHelperVulkan (430)
[2022.07.15-21.08.01:267][727]LogModuleManager: Shutting down and abandoning module MagicLeapHelperOpenGL (428)
[2022.07.15-21.08.01:267][727]LogModuleManager: Shutting down and abandoning module MagicLeapAudio (426)
[2022.07.15-21.08.01:267][727]LogModuleManager: Shutting down and abandoning module OpenImageDenoise (424)
[2022.07.15-21.08.01:267][727]LogOpenImageDenoise: OIDN shutting down
[2022.07.15-21.08.01:267][727]LogModuleManager: Shutting down and abandoning module MotoSynth (422)
[2022.07.15-21.08.01:267][727]LogModuleManager: Shutting down and abandoning module GeometryCollectionTracks (420)
[2022.07.15-21.08.01:267][727]LogModuleManager: Shutting down and abandoning module GeometryCollectionSequencer (419)
[2022.07.15-21.08.01:267][727]LogModuleManager: Shutting down and abandoning module MeshConversion (416)
[2022.07.15-21.08.01:267][727]LogModuleManager: Shutting down and abandoning module DynamicMesh (414)
[2022.07.15-21.08.01:267][727]LogModuleManager: Shutting down and abandoning module GeometryAlgorithms (412)
[2022.07.15-21.08.01:268][727]LogModuleManager: Shutting down and abandoning module GeometricObjects (410)
[2022.07.15-21.08.01:268][727]LogModuleManager: Shutting down and abandoning module GeometryCacheTracks (408)
[2022.07.15-21.08.01:268][727]LogModuleManager: Shutting down and abandoning module GeometryCacheSequencer (407)
[2022.07.15-21.08.01:268][727]LogModuleManager: Shutting down and abandoning module GeometryCache (404)
[2022.07.15-21.08.01:268][727]LogModuleManager: Shutting down and abandoning module GeometryCacheEd (403)
[2022.07.15-21.08.01:268][727]LogModuleManager: Shutting down and abandoning module ChaosNiagara (400)
[2022.07.15-21.08.01:268][727]LogModuleManager: Shutting down and abandoning module FieldSystemEngine (399)
[2022.07.15-21.08.01:268][727]LogModuleManager: Shutting down and abandoning module BackChannel (396)
[2022.07.15-21.08.01:268][727]LogModuleManager: Shutting down and abandoning module AutomationUtils (394)
[2022.07.15-21.08.01:268][727]LogModuleManager: Shutting down and abandoning module VisualStudioCodeSourceCodeAccess (392)
[2022.07.15-21.08.01:268][727]LogModuleManager: Shutting down and abandoning module VisualStudioSourceCodeAccess (390)
[2022.07.15-21.08.01:268][727]LogModuleManager: Shutting down and abandoning module HotReload (389)
[2022.07.15-21.08.01:268][727]LogModuleManager: Shutting down and abandoning module UObjectPlugin (386)
[2022.07.15-21.08.01:268][727]LogModuleManager: Shutting down and abandoning module SubversionSourceControl (384)
[2022.07.15-21.08.01:268][727]LogModuleManager: Shutting down and abandoning module PerforceSourceControl (382)
[2022.07.15-21.08.01:268][727]LogModuleManager: Shutting down and abandoning module SourceControl (381)
[2022.07.15-21.08.01:268][727]LogModuleManager: Shutting down and abandoning module CLionSourceCodeAccess (378)
[2022.07.15-21.08.01:268][727]LogModuleManager: Shutting down and abandoning module OodleNetworkHandlerComponent (376)
[2022.07.15-21.08.01:268][727]LogModuleManager: Shutting down and abandoning module LiveLinkSequencer (374)
[2022.07.15-21.08.01:268][727]LogModuleManager: Shutting down and abandoning module LiveLinkMovieScene (372)
[2022.07.15-21.08.01:268][727]LogModuleManager: Shutting down and abandoning module LiveLinkGraphNode (370)
[2022.07.15-21.08.01:268][727]LogModuleManager: Shutting down and abandoning module LiveLinkComponents (368)
[2022.07.15-21.08.01:268][727]LogModuleManager: Shutting down and abandoning module LiveLink (366)
