Log file open, 07/15/22 12:36:58
LogWindows: Failed to load 'aqProf.dll' (GetLastError=126)
LogWindows: File 'aqProf.dll' does not exist
LogWindows: Failed to load 'VtuneApi.dll' (GetLastError=126)
LogWindows: File 'VtuneApi.dll' does not exist
LogWindows: Failed to load 'VtuneApi32e.dll' (GetLastError=126)
LogWindows: File 'VtuneApi32e.dll' does not exist
LogConsoleResponse: Display: Failed to find resolution value strings in scalability ini. Falling back to default.
LogConsoleResponse: Display: Failed to find resolution value strings in scalability ini. Falling back to default.
LogInit: Display: Running engine for game: GameplayProgramming
LogPlatformFile: Not using cached read wrapper
LogTaskGraph: Started task graph with 5 named threads and 47 total threads with 3 sets of task threads.
LogStats: Stats thread started at 0.243980
LogICUInternationalization: ICU TimeZone Detection - Raw Offset: +1:00, Platform Override: ''
LogInit: Display: Loading text-based GConfig....
LogPluginManager: Mounting plugin MeshPainting
LogPluginManager: Mounting plugin XGEController
LogPluginManager: Mounting plugin Paper2D
LogPluginManager: Mounting plugin AISupport
LogPluginManager: Mounting plugin EnvironmentQueryEditor
LogPluginManager: Mounting plugin LightPropagationVolume
LogPluginManager: Mounting plugin LiveLink
LogPluginManager: Mounting plugin CameraShakePreviewer
LogPluginManager: Mounting plugin GameplayCameras
LogPluginManager: Mounting plugin DatasmithContent
LogPluginManager: Mounting plugin AnimationSharing
LogPluginManager: Mounting plugin CLionSourceCodeAccess
LogPluginManager: Mounting plugin KDevelopSourceCodeAccess
LogPluginManager: Mounting plugin NullSourceCodeAccess
LogPluginManager: Mounting plugin GitSourceControl
LogPluginManager: Mounting plugin PixWinPlugin
LogPluginManager: Mounting plugin PerforceSourceControl
LogPluginManager: Mounting plugin PropertyAccessNode
LogPluginManager: Mounting plugin CodeLiteSourceCodeAccess
LogPluginManager: Mounting plugin RiderSourceCodeAccess
LogPluginManager: Mounting plugin PluginUtils
LogPluginManager: Mounting plugin SubversionSourceControl
LogPluginManager: Mounting plugin TextureFormatOodle
LogPluginManager: Mounting plugin PlasticSourceControl
LogPluginManager: Mounting plugin UObjectPlugin
LogPluginManager: Mounting plugin VisualStudioSourceCodeAccess
LogPluginManager: Mounting plugin VisualStudioCodeSourceCodeAccess
LogPluginManager: Mounting plugin OodleData
LogPluginManager: Mounting plugin XCodeSourceCodeAccess
LogPluginManager: Mounting plugin VariantManagerContent
LogPluginManager: Mounting plugin OodleNetwork
LogPluginManager: Mounting plugin Niagara
LogPluginManager: Mounting plugin LuminPlatformFeatures
LogPluginManager: Mounting plugin MagicLeap
LogPluginManager: Mounting plugin MagicLeapLightEstimation
LogPluginManager: Mounting plugin MagicLeapMedia
LogPluginManager: Mounting plugin MagicLeapPassableWorld
LogPluginManager: Mounting plugin ActorSequence
LogPluginManager: Mounting plugin MLSDK
LogPluginManager: Mounting plugin LevelSequenceEditor
LogPluginManager: Mounting plugin MatineeToLevelSequence
LogPluginManager: Mounting plugin AndroidMedia
LogPluginManager: Mounting plugin AvfMedia
LogPluginManager: Mounting plugin ImgMedia
LogPluginManager: Mounting plugin MediaCompositing
LogPluginManager: Mounting plugin TemplateSequence
LogPluginManager: Mounting plugin MediaPlayerEditor
LogPluginManager: Mounting plugin WebMMedia
LogPluginManager: Mounting plugin WmfMedia
LogPluginManager: Mounting plugin AlembicImporter
LogPluginManager: Mounting plugin BackChannel
LogPluginManager: Mounting plugin ChaosCloth
LogPluginManager: Mounting plugin AutomationUtils
LogPluginManager: Mounting plugin ChaosClothEditor
LogPluginManager: Mounting plugin ChaosNiagara
LogPluginManager: Mounting plugin CharacterAI
LogPluginManager: Mounting plugin ChaosSolverPlugin
LogPluginManager: Mounting plugin ChaosEditor
LogPluginManager: Mounting plugin OnlineSubsystem
LogPluginManager: Mounting plugin OnlineSubsystemNull
LogPluginManager: Mounting plugin GeometryCache
LogPluginManager: Mounting plugin OnlineSubsystemUtils
LogPluginManager: Mounting plugin GeometryCollectionPlugin
LogPluginManager: Mounting plugin ActorLayerUtilities
LogPluginManager: Mounting plugin AndroidDeviceProfileSelector
LogPluginManager: Mounting plugin AndroidMoviePlayer
LogPluginManager: Mounting plugin AndroidPermission
LogPluginManager: Mounting plugin AppleMoviePlayer
LogPluginManager: Mounting plugin ArchVisCharacter
LogPluginManager: Mounting plugin AppleImageUtils
LogPluginManager: Mounting plugin AssetTags
LogPluginManager: Mounting plugin AudioCapture
LogPluginManager: Mounting plugin CableComponent
LogPluginManager: Mounting plugin ChunkDownloader
LogPluginManager: Mounting plugin AudioSynesthesia
LogPluginManager: Mounting plugin CustomMeshComponent
LogPluginManager: Mounting plugin EditableMesh
LogPluginManager: Mounting plugin ExampleDeviceProfileSelector
LogPluginManager: Mounting plugin GoogleCloudMessaging
LogPluginManager: Mounting plugin GooglePAD
LogPluginManager: Mounting plugin GeometryProcessing
LogPluginManager: Mounting plugin MotoSynth
LogPluginManager: Mounting plugin OpenImageDenoise
LogPluginManager: Mounting plugin PlatformCrypto
LogPluginManager: Mounting plugin ProxyLODPlugin
LogPluginManager: Mounting plugin SkeletalReduction
LogPluginManager: Mounting plugin PythonScriptPlugin
LogPluginManager: Mounting plugin PlanarCut
LogPluginManager: Mounting plugin TcpMessaging
LogPluginManager: Mounting plugin UdpMessaging
LogPluginManager: Mounting plugin IOSDeviceProfileSelector
LogPluginManager: Mounting plugin LinuxDeviceProfileSelector
LogPluginManager: Mounting plugin LocationServicesBPLibrary
LogPluginManager: Mounting plugin MobilePatchingUtils
LogPluginManager: Mounting plugin OpenXREyeTracker
LogPluginManager: Mounting plugin OpenXRHandTracking
LogPluginManager: Mounting plugin OpenXR
LogPluginManager: Mounting plugin PhysXVehicles
LogPluginManager: Mounting plugin PostSplashScreen
LogPluginManager: Mounting plugin ProceduralMeshComponent
LogPluginManager: Mounting plugin PropertyAccessEditor
LogPluginManager: Mounting plugin SignificanceManager
LogPluginManager: Mounting plugin RuntimePhysXCooking
LogPluginManager: Mounting plugin SoundFields
LogPluginManager: Mounting plugin LauncherChunkInstaller
LogPluginManager: Mounting plugin Synthesis
LogPluginManager: Mounting plugin WebMMoviePlayer
LogPluginManager: Mounting plugin WindowsMoviePlayer
LogPluginManager: Mounting plugin Takes
LogPluginManager: Mounting plugin AssetManagerEditor
LogPluginManager: Mounting plugin CryptoKeys
LogPluginManager: Mounting plugin ScreenshotTools
LogPluginManager: Mounting plugin DataValidation
LogPluginManager: Mounting plugin CurveEditorTools
LogPluginManager: Mounting plugin GameplayTagsEditor
LogPluginManager: Mounting plugin FacialAnimation
LogPluginManager: Mounting plugin GeometryMode
LogPluginManager: Mounting plugin MacGraphicsSwitching
LogPluginManager: Mounting plugin MaterialAnalyzer
LogPluginManager: Mounting plugin PluginBrowser
LogPluginManager: Mounting plugin SpeedTreeImporter
LogPluginManager: Mounting plugin MobileLauncherProfileWizard
LogPluginManager: Mounting plugin OnlineSubsystemGooglePlay
LogPluginManager: Mounting plugin OnlineSubsystemIOS
LogPluginManager: Mounting plugin OculusVR
LogPluginManager: Mounting plugin SteamVR
LogPluginManager: Mounting plugin ContentBrowserAssetDataSource
LogPluginManager: Mounting plugin ContentBrowserClassDataSource
LogPluginManager: Mounting plugin ContentBrowserFileDataSource
PixWinPlugin: PIX capture plugin failed to initialize! Check that the process is launched from PIX.
LogInit: Using libcurl 7.55.1-DEV
LogInit:  - built for x86_64-pc-win32
LogInit:  - supports SSL with OpenSSL/1.1.1
LogInit:  - supports HTTP deflate (compression) using libz 1.2.8
LogInit:  - other features:
LogInit:      CURL_VERSION_SSL
LogInit:      CURL_VERSION_LIBZ
LogInit:      CURL_VERSION_IPV6
LogInit:      CURL_VERSION_ASYNCHDNS
LogInit:      CURL_VERSION_LARGEFILE
LogInit:      CURL_VERSION_IDN
LogInit:  CurlRequestOptions (configurable via config and command line):
LogInit:  - bVerifyPeer = true  - Libcurl will verify peer certificate
LogInit:  - bUseHttpProxy = false  - Libcurl will NOT use HTTP proxy
LogInit:  - bDontReuseConnections = false  - Libcurl will reuse connections
LogInit:  - MaxHostConnections = 16  - Libcurl will limit the number of connections to a host
LogInit:  - LocalHostAddr = Default
LogInit:  - BufferSize = 65536
LogOnline: OSS: Creating online subsystem instance for: NULL
LogInit: WinSock: version 1.1 (2.2), MaxSocks=32767, MaxUdp=65467
LogOnline: OSS: TryLoadSubsystemAndSetDefault: Loaded subsystem for module [NULL]
LogOculusPluginWrapper: OculusPlugin initialized successfully
LogHMD: Failed initializing OVRPlugin 1.59.0
LogInit: Build: ++UE4+Release-4.27-CL-18319896
LogInit: Engine Version: 4.27.2-18319896+++UE4+Release-4.27
LogInit: Compatible Engine Version: 4.27.0-17155196+++UE4+Release-4.27
LogInit: Net CL: 17155196
LogInit: OS: Windows 10 (Release 2009) (), CPU: AMD Ryzen 7 4800H with Radeon Graphics         , GPU: AMD Radeon(TM) Graphics
LogInit: Compiled (64-bit): Nov 30 2021 07:12:08
LogInit: Compiled with Visual C++: 19.24.28315.00
LogInit: Build Configuration: Development
LogInit: Branch Name: ++UE4+Release-4.27
LogInit: Command Line:  /Game/FirstPersonBP/Maps/FirstPersonExampleMap -game -PIEVIACONSOLE -Multiprocess GameUserSettingsINI=C:/Users/ivcha/Documents/GitHub/GameplayProgramming/Saved/Config/Windows/PIEGameUserSettings0.ini -MultiprocessSaveConfig -forcepassthrough -messaging -SessionName="Play in Standalone Game" -windowed -ResX=1280 -ResY=720
LogInit: Base Directory: C:/Program Files/Epic Games/UE_4.27/Engine/Binaries/Win64/
LogInit: Allocator: TBB
LogInit: Installed Engine Build: 1
LogDevObjectVersion: Number of dev versions registered: 29
LogDevObjectVersion:   Dev-Blueprints (B0D832E4-1F89-4F0D-ACCF-7EB736FD4AA2): 10
LogDevObjectVersion:   Dev-Build (E1C64328-A22C-4D53-A36C-8E866417BD8C): 0
LogDevObjectVersion:   Dev-Core (375EC13C-06E4-48FB-B500-84F0262A717E): 4
LogDevObjectVersion:   Dev-Editor (E4B068ED-F494-42E9-A231-DA0B2E46BB41): 40
LogDevObjectVersion:   Dev-Framework (CFFC743F-43B0-4480-9391-14DF171D2073): 37
LogDevObjectVersion:   Dev-Mobile (B02B49B5-BB20-44E9-A304-32B752E40360): 3
LogDevObjectVersion:   Dev-Networking (A4E4105C-59A1-49B5-A7C5-40C4547EDFEE): 0
LogDevObjectVersion:   Dev-Online (39C831C9-5AE6-47DC-9A44-9C173E1C8E7C): 0
LogDevObjectVersion:   Dev-Physics (78F01B33-EBEA-4F98-B9B4-84EACCB95AA2): 14
LogDevObjectVersion:   Dev-Platform (6631380F-2D4D-43E0-8009-CF276956A95A): 0
LogDevObjectVersion:   Dev-Rendering (12F88B9F-8875-4AFC-A67C-D90C383ABD29): 45
LogDevObjectVersion:   Dev-Sequencer (7B5AE74C-D270-4C10-A958-57980B212A5A): 13
LogDevObjectVersion:   Dev-VR (D7296918-1DD6-4BDD-9DE2-64A83CC13884): 3
LogDevObjectVersion:   Dev-LoadTimes (C2A15278-BFE7-4AFE-6C17-90FF531DF755): 1
LogDevObjectVersion:   Private-Geometry (6EACA3D4-40EC-4CC1-B786-8BED09428FC5): 3
LogDevObjectVersion:   Dev-AnimPhys (29E575DD-E0A3-4627-9D10-D276232CDCEA): 17
LogDevObjectVersion:   Dev-Anim (AF43A65D-7FD3-4947-9873-3E8ED9C1BB05): 15
LogDevObjectVersion:   Dev-ReflectionCapture (6B266CEC-1EC7-4B8F-A30B-E4D90942FC07): 1
LogDevObjectVersion:   Dev-Automation (0DF73D61-A23F-47EA-B727-89E90C41499A): 1
LogDevObjectVersion:   FortniteMain (601D1886-AC64-4F84-AA16-D3DE0DEAC7D6): 47
LogDevObjectVersion:   FortniteRelease (E7086368-6B23-4C58-8439-1B7016265E91): 1
LogDevObjectVersion:   Dev-Enterprise (9DFFBCD6-494F-0158-E221-12823C92A888): 10
LogDevObjectVersion:   Dev-Niagara (F2AED0AC-9AFE-416F-8664-AA7FFA26D6FC): 1
LogDevObjectVersion:   Dev-Destruction (174F1F0B-B4C6-45A5-B13F-2EE8D0FB917D): 10
LogDevObjectVersion:   Dev-Physics-Ext (35F94A83-E258-406C-A318-09F59610247C): 41
LogDevObjectVersion:   Dev-PhysicsMaterial-Chaos (B68FC16E-8B1B-42E2-B453-215C058844FE): 1
LogDevObjectVersion:   Dev-CineCamera (B2E18506-4273-CFC2-A54E-F4BB758BBA07): 1
LogDevObjectVersion:   Dev-VirtualProduction (64F58936-FD1B-42BA-BA96-7289D5D0FA4E): 1
LogDevObjectVersion:   Dev-MediaFramework (6F0ED827-A609-4895-9C91-998D90180EA4): 2
LogInit: Presizing for max 25165824 objects, including 0 objects not considered by GC, pre-allocating 0 bytes for permanent pool.
LogConfig: Applying CVar settings from Section [/Script/Engine.StreamingSettings] File [C:/Users/ivcha/Documents/GitHub/GameplayProgramming/Saved/Config/Windows/Engine.ini]
LogConfig: Setting CVar [[s.MinBulkDataSizeForAsyncLoading:131072]]
LogConfig: Setting CVar [[s.AsyncLoadingThreadEnabled:0]]
LogConfig: Setting CVar [[s.EventDrivenLoaderEnabled:1]]
LogConfig: Setting CVar [[s.WarnIfTimeLimitExceeded:0]]
LogConfig: Setting CVar [[s.TimeLimitExceededMultiplier:1.5]]
LogConfig: Setting CVar [[s.TimeLimitExceededMinTime:0.005]]
LogConfig: Setting CVar [[s.UseBackgroundLevelStreaming:1]]
LogConfig: Setting CVar [[s.PriorityAsyncLoadingExtraTime:15.0]]
LogConfig: Setting CVar [[s.LevelStreamingActorsUpdateTimeLimit:5.0]]
LogConfig: Setting CVar [[s.PriorityLevelStreamingActorsUpdateExtraTime:5.0]]
LogConfig: Setting CVar [[s.LevelStreamingComponentsRegistrationGranularity:10]]
LogConfig: Setting CVar [[s.UnregisterComponentsTimeLimit:1.0]]
LogConfig: Setting CVar [[s.LevelStreamingComponentsUnregistrationGranularity:5]]
LogConfig: Setting CVar [[s.FlushStreamingOnExit:1]]
LogInit: Object subsystem initialized
LogConfig: Setting CVar [[con.DebugEarlyDefault:1]]
LogConfig: Setting CVar [[r.setres:1280x720]]
[2022.07.15-10.36.59:326][  0]LogConfig: Setting CVar [[con.DebugEarlyDefault:1]]
[2022.07.15-10.36.59:326][  0]LogConfig: Setting CVar [[r.setres:1280x720]]
[2022.07.15-10.36.59:326][  0]LogConfig: Applying CVar settings from Section [/Script/Engine.RendererSettings] File [C:/Users/ivcha/Documents/GitHub/GameplayProgramming/Saved/Config/Windows/Engine.ini]
[2022.07.15-10.36.59:326][  0]LogConfig: Setting CVar [[r.GPUCrashDebugging:0]]
[2022.07.15-10.36.59:326][  0]LogConfig: Applying CVar settings from Section [/Script/Engine.RendererOverrideSettings] File [C:/Users/ivcha/Documents/GitHub/GameplayProgramming/Saved/Config/Windows/Engine.ini]
[2022.07.15-10.36.59:326][  0]LogConfig: Applying CVar settings from Section [/Script/Engine.StreamingSettings] File [C:/Users/ivcha/Documents/GitHub/GameplayProgramming/Saved/Config/Windows/Engine.ini]
[2022.07.15-10.36.59:326][  0]LogConfig: Setting CVar [[s.MinBulkDataSizeForAsyncLoading:131072]]
[2022.07.15-10.36.59:326][  0]LogConfig: Setting CVar [[s.AsyncLoadingThreadEnabled:0]]
[2022.07.15-10.36.59:326][  0]LogConfig: Setting CVar [[s.EventDrivenLoaderEnabled:1]]
[2022.07.15-10.36.59:326][  0]LogConfig: Setting CVar [[s.WarnIfTimeLimitExceeded:0]]
[2022.07.15-10.36.59:326][  0]LogConfig: Setting CVar [[s.TimeLimitExceededMultiplier:1.5]]
[2022.07.15-10.36.59:326][  0]LogConfig: Setting CVar [[s.TimeLimitExceededMinTime:0.005]]
[2022.07.15-10.36.59:326][  0]LogConfig: Setting CVar [[s.UseBackgroundLevelStreaming:1]]
[2022.07.15-10.36.59:326][  0]LogConfig: Setting CVar [[s.PriorityAsyncLoadingExtraTime:15.0]]
[2022.07.15-10.36.59:326][  0]LogConfig: Setting CVar [[s.LevelStreamingActorsUpdateTimeLimit:5.0]]
[2022.07.15-10.36.59:326][  0]LogConfig: Setting CVar [[s.PriorityLevelStreamingActorsUpdateExtraTime:5.0]]
[2022.07.15-10.36.59:326][  0]LogConfig: Setting CVar [[s.LevelStreamingComponentsRegistrationGranularity:10]]
[2022.07.15-10.36.59:326][  0]LogConfig: Setting CVar [[s.UnregisterComponentsTimeLimit:1.0]]
[2022.07.15-10.36.59:326][  0]LogConfig: Setting CVar [[s.LevelStreamingComponentsUnregistrationGranularity:5]]
[2022.07.15-10.36.59:326][  0]LogConfig: Setting CVar [[s.FlushStreamingOnExit:1]]
[2022.07.15-10.36.59:326][  0]LogConfig: Applying CVar settings from Section [/Script/Engine.GarbageCollectionSettings] File [C:/Users/ivcha/Documents/GitHub/GameplayProgramming/Saved/Config/Windows/Engine.ini]
[2022.07.15-10.36.59:326][  0]LogConfig: Setting CVar [[gc.MaxObjectsNotConsideredByGC:1]]
[2022.07.15-10.36.59:326][  0]LogConfig: Setting CVar [[gc.SizeOfPermanentObjectPool:0]]
[2022.07.15-10.36.59:326][  0]LogConfig: Setting CVar [[gc.FlushStreamingOnGC:0]]
[2022.07.15-10.36.59:326][  0]LogConfig: Setting CVar [[gc.NumRetriesBeforeForcingGC:10]]
[2022.07.15-10.36.59:326][  0]LogConfig: Setting CVar [[gc.AllowParallelGC:1]]
[2022.07.15-10.36.59:326][  0]LogConfig: Setting CVar [[gc.TimeBetweenPurgingPendingKillObjects:61.1]]
[2022.07.15-10.36.59:326][  0]LogConfig: Setting CVar [[gc.MaxObjectsInEditor:25165824]]
[2022.07.15-10.36.59:326][  0]LogConfig: Setting CVar [[gc.IncrementalBeginDestroyEnabled:1]]
[2022.07.15-10.36.59:326][  0]LogConfig: Setting CVar [[gc.CreateGCClusters:1]]
[2022.07.15-10.36.59:326][  0]LogConfig: Setting CVar [[gc.MinGCClusterSize:5]]
[2022.07.15-10.36.59:326][  0]LogConfig: Setting CVar [[gc.ActorClusteringEnabled:0]]
[2022.07.15-10.36.59:326][  0]LogConfig: Setting CVar [[gc.BlueprintClusteringEnabled:0]]
[2022.07.15-10.36.59:326][  0]LogConfig: Setting CVar [[gc.UseDisregardForGCOnDedicatedServers:0]]
[2022.07.15-10.36.59:326][  0]LogConfig: Setting CVar [[gc.MultithreadedDestructionEnabled:1]]
[2022.07.15-10.36.59:326][  0]LogConfig: Applying CVar settings from Section [/Script/Engine.NetworkSettings] File [C:/Users/ivcha/Documents/GitHub/GameplayProgramming/Saved/Config/Windows/Engine.ini]
[2022.07.15-10.36.59:327][  0]LogConfig: Applying CVar settings from Section [/Script/UnrealEd.CookerSettings] File [C:/Users/ivcha/Documents/GitHub/GameplayProgramming/Saved/Config/Windows/Engine.ini]
[2022.07.15-10.36.59:331][  0]LogConfig: Applying CVar settings from Section [ViewDistanceQuality@3] File [C:/Users/ivcha/Documents/GitHub/GameplayProgramming/Saved/Config/Windows/Scalability.ini]
[2022.07.15-10.36.59:331][  0]LogConfig: Setting CVar [[r.SkeletalMeshLODBias:0]]
[2022.07.15-10.36.59:331][  0]LogConfig: Setting CVar [[r.ViewDistanceScale:1.0]]
[2022.07.15-10.36.59:331][  0]LogConfig: Applying CVar settings from Section [AntiAliasingQuality@3] File [C:/Users/ivcha/Documents/GitHub/GameplayProgramming/Saved/Config/Windows/Scalability.ini]
[2022.07.15-10.36.59:331][  0]LogConfig: Setting CVar [[r.PostProcessAAQuality:4]]
[2022.07.15-10.36.59:331][  0]LogConfig: Applying CVar settings from Section [ShadowQuality@3] File [C:/Users/ivcha/Documents/GitHub/GameplayProgramming/Saved/Config/Windows/Scalability.ini]
[2022.07.15-10.36.59:331][  0]LogConfig: Setting CVar [[r.LightFunctionQuality:1]]
[2022.07.15-10.36.59:331][  0]LogConfig: Setting CVar [[r.ShadowQuality:5]]
[2022.07.15-10.36.59:331][  0]LogConfig: Setting CVar [[r.Shadow.CSM.MaxCascades:10]]
[2022.07.15-10.36.59:331][  0]LogConfig: Setting CVar [[r.Shadow.MaxResolution:2048]]
[2022.07.15-10.36.59:331][  0]LogConfig: Setting CVar [[r.Shadow.MaxCSMResolution:2048]]
[2022.07.15-10.36.59:331][  0]LogConfig: Setting CVar [[r.Shadow.RadiusThreshold:0.01]]
[2022.07.15-10.36.59:331][  0]LogConfig: Setting CVar [[r.Shadow.DistanceScale:1.0]]
[2022.07.15-10.36.59:331][  0]LogConfig: Setting CVar [[r.Shadow.CSM.TransitionScale:1.0]]
[2022.07.15-10.36.59:331][  0]LogConfig: Setting CVar [[r.Shadow.PreShadowResolutionFactor:1.0]]
[2022.07.15-10.36.59:331][  0]LogConfig: Setting CVar [[r.DistanceFieldShadowing:1]]
[2022.07.15-10.36.59:331][  0]LogConfig: Setting CVar [[r.DistanceFieldAO:1]]
[2022.07.15-10.36.59:331][  0]LogConfig: Setting CVar [[r.AOQuality:2]]
[2022.07.15-10.36.59:331][  0]LogConfig: Setting CVar [[r.VolumetricFog:1]]
[2022.07.15-10.36.59:331][  0]LogConfig: Setting CVar [[r.VolumetricFog.GridPixelSize:8]]
[2022.07.15-10.36.59:331][  0]LogConfig: Setting CVar [[r.VolumetricFog.GridSizeZ:128]]
[2022.07.15-10.36.59:331][  0]LogConfig: Setting CVar [[r.VolumetricFog.HistoryMissSupersampleCount:4]]
[2022.07.15-10.36.59:331][  0]LogConfig: Setting CVar [[r.LightMaxDrawDistanceScale:1]]
[2022.07.15-10.36.59:331][  0]LogConfig: Setting CVar [[r.CapsuleShadows:1]]
[2022.07.15-10.36.59:331][  0]LogConfig: Applying CVar settings from Section [PostProcessQuality@3] File [C:/Users/ivcha/Documents/GitHub/GameplayProgramming/Saved/Config/Windows/Scalability.ini]
[2022.07.15-10.36.59:331][  0]LogConfig: Setting CVar [[r.MotionBlurQuality:4]]
[2022.07.15-10.36.59:331][  0]LogConfig: Setting CVar [[r.AmbientOcclusionMipLevelFactor:0.4]]
[2022.07.15-10.36.59:331][  0]LogConfig: Setting CVar [[r.AmbientOcclusionMaxQuality:100]]
[2022.07.15-10.36.59:331][  0]LogConfig: Setting CVar [[r.AmbientOcclusionLevels:-1]]
[2022.07.15-10.36.59:331][  0]LogConfig: Setting CVar [[r.AmbientOcclusionRadiusScale:1.0]]
[2022.07.15-10.36.59:331][  0]LogConfig: Setting CVar [[r.DepthOfFieldQuality:2]]
[2022.07.15-10.36.59:331][  0]LogConfig: Setting CVar [[r.RenderTargetPoolMin:400]]
[2022.07.15-10.36.59:331][  0]LogConfig: Setting CVar [[r.LensFlareQuality:2]]
[2022.07.15-10.36.59:331][  0]LogConfig: Setting CVar [[r.SceneColorFringeQuality:1]]
[2022.07.15-10.36.59:331][  0]LogConfig: Setting CVar [[r.EyeAdaptationQuality:2]]
[2022.07.15-10.36.59:331][  0]LogConfig: Setting CVar [[r.BloomQuality:5]]
[2022.07.15-10.36.59:331][  0]LogConfig: Setting CVar [[r.FastBlurThreshold:100]]
[2022.07.15-10.36.59:331][  0]LogConfig: Setting CVar [[r.Upscale.Quality:3]]
[2022.07.15-10.36.59:331][  0]LogConfig: Setting CVar [[r.Tonemapper.GrainQuantization:1]]
[2022.07.15-10.36.59:331][  0]LogConfig: Setting CVar [[r.LightShaftQuality:1]]
[2022.07.15-10.36.59:331][  0]LogConfig: Setting CVar [[r.Filter.SizeScale:1]]
[2022.07.15-10.36.59:331][  0]LogConfig: Setting CVar [[r.Tonemapper.Quality:5]]
[2022.07.15-10.36.59:331][  0]LogConfig: Setting CVar [[r.DOF.Gather.AccumulatorQuality:1        ; higher gathering accumulator quality]]
[2022.07.15-10.36.59:331][  0]LogConfig: Setting CVar [[r.DOF.Gather.PostfilterMethod:1          ; Median3x3 postfilering method]]
[2022.07.15-10.36.59:331][  0]LogConfig: Setting CVar [[r.DOF.Gather.EnableBokehSettings:0       ; no bokeh simulation when gathering]]
[2022.07.15-10.36.59:331][  0]LogConfig: Setting CVar [[r.DOF.Gather.RingCount:4                 ; medium number of samples when gathering]]
[2022.07.15-10.36.59:331][  0]LogConfig: Setting CVar [[r.DOF.Scatter.ForegroundCompositing:1    ; additive foreground scattering]]
[2022.07.15-10.36.59:331][  0]LogConfig: Setting CVar [[r.DOF.Scatter.BackgroundCompositing:2    ; additive background scattering]]
[2022.07.15-10.36.59:331][  0]LogConfig: Setting CVar [[r.DOF.Scatter.EnableBokehSettings:1      ; bokeh simulation when scattering]]
[2022.07.15-10.36.59:331][  0]LogConfig: Setting CVar [[r.DOF.Scatter.MaxSpriteRatio:0.1         ; only a maximum of 10% of scattered bokeh]]
[2022.07.15-10.36.59:331][  0]LogConfig: Setting CVar [[r.DOF.Recombine.Quality:1                ; cheap slight out of focus]]
[2022.07.15-10.36.59:331][  0]LogConfig: Setting CVar [[r.DOF.Recombine.EnableBokehSettings:0    ; no bokeh simulation on slight out of focus]]
[2022.07.15-10.36.59:331][  0]LogConfig: Setting CVar [[r.DOF.TemporalAAQuality:1                ; more stable temporal accumulation]]
[2022.07.15-10.36.59:331][  0]LogConfig: Setting CVar [[r.DOF.Kernel.MaxForegroundRadius:0.025]]
[2022.07.15-10.36.59:331][  0]LogConfig: Setting CVar [[r.DOF.Kernel.MaxBackgroundRadius:0.025]]
[2022.07.15-10.36.59:331][  0]LogConfig: Applying CVar settings from Section [TextureQuality@3] File [C:/Users/ivcha/Documents/GitHub/GameplayProgramming/Saved/Config/Windows/Scalability.ini]
[2022.07.15-10.36.59:331][  0]LogConfig: Setting CVar [[r.Streaming.MipBias:0]]
[2022.07.15-10.36.59:331][  0]LogConfig: Setting CVar [[r.Streaming.AmortizeCPUToGPUCopy:0]]
[2022.07.15-10.36.59:331][  0]LogConfig: Setting CVar [[r.Streaming.MaxNumTexturesToStreamPerFrame:0]]
[2022.07.15-10.36.59:331][  0]LogConfig: Setting CVar [[r.Streaming.Boost:1]]
[2022.07.15-10.36.59:331][  0]LogConfig: Setting CVar [[r.MaxAnisotropy:8]]
[2022.07.15-10.36.59:331][  0]LogConfig: Setting CVar [[r.VT.MaxAnisotropy:8]]
[2022.07.15-10.36.59:331][  0]LogConfig: Setting CVar [[r.Streaming.LimitPoolSizeToVRAM:0]]
[2022.07.15-10.36.59:331][  0]LogConfig: Setting CVar [[r.Streaming.PoolSize:1000]]
[2022.07.15-10.36.59:331][  0]LogConfig: Setting CVar [[r.Streaming.MaxEffectiveScreenSize:0]]
[2022.07.15-10.36.59:331][  0]LogConfig: Applying CVar settings from Section [EffectsQuality@3] File [C:/Users/ivcha/Documents/GitHub/GameplayProgramming/Saved/Config/Windows/Scalability.ini]
[2022.07.15-10.36.59:331][  0]LogConfig: Setting CVar [[r.TranslucencyLightingVolumeDim:64]]
[2022.07.15-10.36.59:331][  0]LogConfig: Setting CVar [[r.RefractionQuality:2]]
[2022.07.15-10.36.59:331][  0]LogConfig: Setting CVar [[r.SSR.Quality:3]]
[2022.07.15-10.36.59:331][  0]LogConfig: Setting CVar [[r.SSR.HalfResSceneColor:0]]
[2022.07.15-10.36.59:331][  0]LogConfig: Setting CVar [[r.SceneColorFormat:4]]
[2022.07.15-10.36.59:331][  0]LogConfig: Setting CVar [[r.DetailMode:2]]
[2022.07.15-10.36.59:331][  0]LogConfig: Setting CVar [[r.TranslucencyVolumeBlur:1]]
[2022.07.15-10.36.59:331][  0]LogConfig: Setting CVar [[r.MaterialQualityLevel:1 ; High quality]]
[2022.07.15-10.36.59:332][  0]LogConfig: Setting CVar [[r.AnisotropicMaterials:1]]
[2022.07.15-10.36.59:332][  0]LogConfig: Setting CVar [[r.SSS.Scale:1]]
[2022.07.15-10.36.59:332][  0]LogConfig: Setting CVar [[r.SSS.SampleSet:2]]
[2022.07.15-10.36.59:332][  0]LogConfig: Setting CVar [[r.SSS.Quality:1]]
[2022.07.15-10.36.59:332][  0]LogConfig: Setting CVar [[r.SSS.HalfRes:0]]
[2022.07.15-10.36.59:332][  0]LogConfig: Setting CVar [[r.SSGI.Quality:3]]
[2022.07.15-10.36.59:332][  0]LogConfig: Setting CVar [[r.EmitterSpawnRateScale:1.0]]
[2022.07.15-10.36.59:332][  0]LogConfig: Setting CVar [[r.ParticleLightQuality:2]]
[2022.07.15-10.36.59:332][  0]LogConfig: Setting CVar [[r.SkyAtmosphere.AerialPerspectiveLUT.FastApplyOnOpaque:1 ; Always have FastSkyLUT 1 in this case to avoid wrong sky]]
[2022.07.15-10.36.59:332][  0]LogConfig: Setting CVar [[r.SkyAtmosphere.AerialPerspectiveLUT.SampleCountMaxPerSlice:4]]
[2022.07.15-10.36.59:332][  0]LogConfig: Setting CVar [[r.SkyAtmosphere.AerialPerspectiveLUT.DepthResolution:16.0]]
[2022.07.15-10.36.59:332][  0]LogConfig: Setting CVar [[r.SkyAtmosphere.FastSkyLUT:1]]
[2022.07.15-10.36.59:332][  0]LogConfig: Setting CVar [[r.SkyAtmosphere.FastSkyLUT.SampleCountMin:4.0]]
[2022.07.15-10.36.59:332][  0]LogConfig: Setting CVar [[r.SkyAtmosphere.FastSkyLUT.SampleCountMax:128.0]]
[2022.07.15-10.36.59:332][  0]LogConfig: Setting CVar [[r.SkyAtmosphere.SampleCountMin:4.0]]
[2022.07.15-10.36.59:332][  0]LogConfig: Setting CVar [[r.SkyAtmosphere.SampleCountMax:128.0]]
[2022.07.15-10.36.59:332][  0]LogConfig: Setting CVar [[r.SkyAtmosphere.TransmittanceLUT.UseSmallFormat:0]]
[2022.07.15-10.36.59:332][  0]LogConfig: Setting CVar [[r.SkyAtmosphere.TransmittanceLUT.SampleCount:10.0]]
[2022.07.15-10.36.59:332][  0]LogConfig: Setting CVar [[r.SkyAtmosphere.MultiScatteringLUT.SampleCount:15.0]]
[2022.07.15-10.36.59:332][  0]LogConfig: Setting CVar [[r.SkyLight.RealTimeReflectionCapture:1]]
[2022.07.15-10.36.59:332][  0]LogConfig: Applying CVar settings from Section [FoliageQuality@3] File [C:/Users/ivcha/Documents/GitHub/GameplayProgramming/Saved/Config/Windows/Scalability.ini]
[2022.07.15-10.36.59:332][  0]LogConfig: Setting CVar [[foliage.DensityScale:1.0]]
[2022.07.15-10.36.59:332][  0]LogConfig: Setting CVar [[grass.DensityScale:1.0]]
[2022.07.15-10.36.59:332][  0]LogConfig: Applying CVar settings from Section [ShadingQuality@3] File [C:/Users/ivcha/Documents/GitHub/GameplayProgramming/Saved/Config/Windows/Scalability.ini]
[2022.07.15-10.36.59:332][  0]LogConfig: Setting CVar [[r.HairStrands.SkyLighting.IntegrationType:2]]
[2022.07.15-10.36.59:332][  0]LogConfig: Setting CVar [[r.HairStrands.SkyAO.SampleCount:4]]
[2022.07.15-10.36.59:332][  0]LogConfig: Setting CVar [[r.HairStrands.Visibility.MSAA.SamplePerPixel:4]]
[2022.07.15-10.36.59:332][  0]LogInit: Selected Device Profile: [Windows]
[2022.07.15-10.36.59:332][  0]LogInit: Applying CVar settings loaded from the selected device profile: [Windows]
[2022.07.15-10.36.59:332][  0]LogHAL: Display: Platform has ~ 16 GB [16558354432 / 17179869184 / 16], which maps to Larger [LargestMinGB=32, LargerMinGB=12, DefaultMinGB=8, SmallerMinGB=6, SmallestMinGB=0)
[2022.07.15-10.36.59:332][  0]LogInit: Going up to parent DeviceProfile []
[2022.07.15-10.36.59:332][  0]LogConfig: Applying CVar settings from Section [ViewDistanceQuality@3] File [C:/Users/ivcha/Documents/GitHub/GameplayProgramming/Saved/Config/Windows/Scalability.ini]
[2022.07.15-10.36.59:332][  0]LogConfig: Setting CVar [[r.SkeletalMeshLODBias:0]]
[2022.07.15-10.36.59:332][  0]LogConfig: Setting CVar [[r.ViewDistanceScale:1.0]]
[2022.07.15-10.36.59:332][  0]LogConfig: Applying CVar settings from Section [AntiAliasingQuality@3] File [C:/Users/ivcha/Documents/GitHub/GameplayProgramming/Saved/Config/Windows/Scalability.ini]
[2022.07.15-10.36.59:332][  0]LogConfig: Setting CVar [[r.PostProcessAAQuality:4]]
[2022.07.15-10.36.59:332][  0]LogConfig: Applying CVar settings from Section [ShadowQuality@3] File [C:/Users/ivcha/Documents/GitHub/GameplayProgramming/Saved/Config/Windows/Scalability.ini]
[2022.07.15-10.36.59:332][  0]LogConfig: Setting CVar [[r.LightFunctionQuality:1]]
[2022.07.15-10.36.59:332][  0]LogConfig: Setting CVar [[r.ShadowQuality:5]]
[2022.07.15-10.36.59:332][  0]LogConfig: Setting CVar [[r.Shadow.CSM.MaxCascades:10]]
[2022.07.15-10.36.59:332][  0]LogConfig: Setting CVar [[r.Shadow.MaxResolution:2048]]
[2022.07.15-10.36.59:332][  0]LogConfig: Setting CVar [[r.Shadow.MaxCSMResolution:2048]]
[2022.07.15-10.36.59:332][  0]LogConfig: Setting CVar [[r.Shadow.RadiusThreshold:0.01]]
[2022.07.15-10.36.59:332][  0]LogConfig: Setting CVar [[r.Shadow.DistanceScale:1.0]]
[2022.07.15-10.36.59:332][  0]LogConfig: Setting CVar [[r.Shadow.CSM.TransitionScale:1.0]]
[2022.07.15-10.36.59:332][  0]LogConfig: Setting CVar [[r.Shadow.PreShadowResolutionFactor:1.0]]
[2022.07.15-10.36.59:332][  0]LogConfig: Setting CVar [[r.DistanceFieldShadowing:1]]
[2022.07.15-10.36.59:332][  0]LogConfig: Setting CVar [[r.DistanceFieldAO:1]]
[2022.07.15-10.36.59:332][  0]LogConfig: Setting CVar [[r.AOQuality:2]]
[2022.07.15-10.36.59:332][  0]LogConfig: Setting CVar [[r.VolumetricFog:1]]
[2022.07.15-10.36.59:332][  0]LogConfig: Setting CVar [[r.VolumetricFog.GridPixelSize:8]]
[2022.07.15-10.36.59:332][  0]LogConfig: Setting CVar [[r.VolumetricFog.GridSizeZ:128]]
[2022.07.15-10.36.59:332][  0]LogConfig: Setting CVar [[r.VolumetricFog.HistoryMissSupersampleCount:4]]
[2022.07.15-10.36.59:332][  0]LogConfig: Setting CVar [[r.LightMaxDrawDistanceScale:1]]
[2022.07.15-10.36.59:332][  0]LogConfig: Setting CVar [[r.CapsuleShadows:1]]
[2022.07.15-10.36.59:332][  0]LogConfig: Applying CVar settings from Section [PostProcessQuality@3] File [C:/Users/ivcha/Documents/GitHub/GameplayProgramming/Saved/Config/Windows/Scalability.ini]
[2022.07.15-10.36.59:332][  0]LogConfig: Setting CVar [[r.MotionBlurQuality:4]]
[2022.07.15-10.36.59:332][  0]LogConfig: Setting CVar [[r.AmbientOcclusionMipLevelFactor:0.4]]
[2022.07.15-10.36.59:332][  0]LogConfig: Setting CVar [[r.AmbientOcclusionMaxQuality:100]]
[2022.07.15-10.36.59:332][  0]LogConfig: Setting CVar [[r.AmbientOcclusionLevels:-1]]
[2022.07.15-10.36.59:332][  0]LogConfig: Setting CVar [[r.AmbientOcclusionRadiusScale:1.0]]
[2022.07.15-10.36.59:332][  0]LogConfig: Setting CVar [[r.DepthOfFieldQuality:2]]
[2022.07.15-10.36.59:332][  0]LogConfig: Setting CVar [[r.RenderTargetPoolMin:400]]
[2022.07.15-10.36.59:332][  0]LogConfig: Setting CVar [[r.LensFlareQuality:2]]
[2022.07.15-10.36.59:332][  0]LogConfig: Setting CVar [[r.SceneColorFringeQuality:1]]
[2022.07.15-10.36.59:332][  0]LogConfig: Setting CVar [[r.EyeAdaptationQuality:2]]
[2022.07.15-10.36.59:332][  0]LogConfig: Setting CVar [[r.BloomQuality:5]]
[2022.07.15-10.36.59:332][  0]LogConfig: Setting CVar [[r.FastBlurThreshold:100]]
[2022.07.15-10.36.59:332][  0]LogConfig: Setting CVar [[r.Upscale.Quality:3]]
[2022.07.15-10.36.59:332][  0]LogConfig: Setting CVar [[r.Tonemapper.GrainQuantization:1]]
[2022.07.15-10.36.59:332][  0]LogConfig: Setting CVar [[r.LightShaftQuality:1]]
[2022.07.15-10.36.59:332][  0]LogConfig: Setting CVar [[r.Filter.SizeScale:1]]
[2022.07.15-10.36.59:332][  0]LogConfig: Setting CVar [[r.Tonemapper.Quality:5]]
[2022.07.15-10.36.59:332][  0]LogConfig: Setting CVar [[r.DOF.Gather.AccumulatorQuality:1        ; higher gathering accumulator quality]]
[2022.07.15-10.36.59:332][  0]LogConfig: Setting CVar [[r.DOF.Gather.PostfilterMethod:1          ; Median3x3 postfilering method]]
[2022.07.15-10.36.59:332][  0]LogConfig: Setting CVar [[r.DOF.Gather.EnableBokehSettings:0       ; no bokeh simulation when gathering]]
[2022.07.15-10.36.59:332][  0]LogConfig: Setting CVar [[r.DOF.Gather.RingCount:4                 ; medium number of samples when gathering]]
[2022.07.15-10.36.59:332][  0]LogConfig: Setting CVar [[r.DOF.Scatter.ForegroundCompositing:1    ; additive foreground scattering]]
[2022.07.15-10.36.59:333][  0]LogConfig: Setting CVar [[r.DOF.Scatter.BackgroundCompositing:2    ; additive background scattering]]
[2022.07.15-10.36.59:333][  0]LogConfig: Setting CVar [[r.DOF.Scatter.EnableBokehSettings:1      ; bokeh simulation when scattering]]
[2022.07.15-10.36.59:333][  0]LogConfig: Setting CVar [[r.DOF.Scatter.MaxSpriteRatio:0.1         ; only a maximum of 10% of scattered bokeh]]
[2022.07.15-10.36.59:333][  0]LogConfig: Setting CVar [[r.DOF.Recombine.Quality:1                ; cheap slight out of focus]]
[2022.07.15-10.36.59:333][  0]LogConfig: Setting CVar [[r.DOF.Recombine.EnableBokehSettings:0    ; no bokeh simulation on slight out of focus]]
[2022.07.15-10.36.59:333][  0]LogConfig: Setting CVar [[r.DOF.TemporalAAQuality:1                ; more stable temporal accumulation]]
[2022.07.15-10.36.59:333][  0]LogConfig: Setting CVar [[r.DOF.Kernel.MaxForegroundRadius:0.025]]
[2022.07.15-10.36.59:333][  0]LogConfig: Setting CVar [[r.DOF.Kernel.MaxBackgroundRadius:0.025]]
[2022.07.15-10.36.59:333][  0]LogConfig: Applying CVar settings from Section [TextureQuality@3] File [C:/Users/ivcha/Documents/GitHub/GameplayProgramming/Saved/Config/Windows/Scalability.ini]
[2022.07.15-10.36.59:333][  0]LogConfig: Setting CVar [[r.Streaming.MipBias:0]]
[2022.07.15-10.36.59:333][  0]LogConfig: Setting CVar [[r.Streaming.AmortizeCPUToGPUCopy:0]]
[2022.07.15-10.36.59:333][  0]LogConfig: Setting CVar [[r.Streaming.MaxNumTexturesToStreamPerFrame:0]]
[2022.07.15-10.36.59:333][  0]LogConfig: Setting CVar [[r.Streaming.Boost:1]]
[2022.07.15-10.36.59:333][  0]LogConfig: Setting CVar [[r.MaxAnisotropy:8]]
[2022.07.15-10.36.59:333][  0]LogConfig: Setting CVar [[r.VT.MaxAnisotropy:8]]
[2022.07.15-10.36.59:333][  0]LogConfig: Setting CVar [[r.Streaming.LimitPoolSizeToVRAM:0]]
[2022.07.15-10.36.59:333][  0]LogConfig: Setting CVar [[r.Streaming.PoolSize:1000]]
[2022.07.15-10.36.59:333][  0]LogConfig: Setting CVar [[r.Streaming.MaxEffectiveScreenSize:0]]
[2022.07.15-10.36.59:333][  0]LogConfig: Applying CVar settings from Section [EffectsQuality@3] File [C:/Users/ivcha/Documents/GitHub/GameplayProgramming/Saved/Config/Windows/Scalability.ini]
[2022.07.15-10.36.59:333][  0]LogConfig: Setting CVar [[r.TranslucencyLightingVolumeDim:64]]
[2022.07.15-10.36.59:333][  0]LogConfig: Setting CVar [[r.RefractionQuality:2]]
[2022.07.15-10.36.59:333][  0]LogConfig: Setting CVar [[r.SSR.Quality:3]]
[2022.07.15-10.36.59:333][  0]LogConfig: Setting CVar [[r.SSR.HalfResSceneColor:0]]
[2022.07.15-10.36.59:333][  0]LogConfig: Setting CVar [[r.SceneColorFormat:4]]
[2022.07.15-10.36.59:333][  0]LogConfig: Setting CVar [[r.DetailMode:2]]
[2022.07.15-10.36.59:333][  0]LogConfig: Setting CVar [[r.TranslucencyVolumeBlur:1]]
[2022.07.15-10.36.59:333][  0]LogConfig: Setting CVar [[r.MaterialQualityLevel:1 ; High quality]]
[2022.07.15-10.36.59:333][  0]LogConfig: Setting CVar [[r.AnisotropicMaterials:1]]
[2022.07.15-10.36.59:333][  0]LogConfig: Setting CVar [[r.SSS.Scale:1]]
[2022.07.15-10.36.59:333][  0]LogConfig: Setting CVar [[r.SSS.SampleSet:2]]
[2022.07.15-10.36.59:333][  0]LogConfig: Setting CVar [[r.SSS.Quality:1]]
[2022.07.15-10.36.59:333][  0]LogConfig: Setting CVar [[r.SSS.HalfRes:0]]
[2022.07.15-10.36.59:333][  0]LogConfig: Setting CVar [[r.SSGI.Quality:3]]
[2022.07.15-10.36.59:333][  0]LogConfig: Setting CVar [[r.EmitterSpawnRateScale:1.0]]
[2022.07.15-10.36.59:333][  0]LogConfig: Setting CVar [[r.ParticleLightQuality:2]]
[2022.07.15-10.36.59:333][  0]LogConfig: Setting CVar [[r.SkyAtmosphere.AerialPerspectiveLUT.FastApplyOnOpaque:1 ; Always have FastSkyLUT 1 in this case to avoid wrong sky]]
[2022.07.15-10.36.59:333][  0]LogConfig: Setting CVar [[r.SkyAtmosphere.AerialPerspectiveLUT.SampleCountMaxPerSlice:4]]
[2022.07.15-10.36.59:333][  0]LogConfig: Setting CVar [[r.SkyAtmosphere.AerialPerspectiveLUT.DepthResolution:16.0]]
[2022.07.15-10.36.59:333][  0]LogConfig: Setting CVar [[r.SkyAtmosphere.FastSkyLUT:1]]
[2022.07.15-10.36.59:333][  0]LogConfig: Setting CVar [[r.SkyAtmosphere.FastSkyLUT.SampleCountMin:4.0]]
[2022.07.15-10.36.59:333][  0]LogConfig: Setting CVar [[r.SkyAtmosphere.FastSkyLUT.SampleCountMax:128.0]]
[2022.07.15-10.36.59:333][  0]LogConfig: Setting CVar [[r.SkyAtmosphere.SampleCountMin:4.0]]
[2022.07.15-10.36.59:333][  0]LogConfig: Setting CVar [[r.SkyAtmosphere.SampleCountMax:128.0]]
[2022.07.15-10.36.59:333][  0]LogConfig: Setting CVar [[r.SkyAtmosphere.TransmittanceLUT.UseSmallFormat:0]]
[2022.07.15-10.36.59:333][  0]LogConfig: Setting CVar [[r.SkyAtmosphere.TransmittanceLUT.SampleCount:10.0]]
[2022.07.15-10.36.59:333][  0]LogConfig: Setting CVar [[r.SkyAtmosphere.MultiScatteringLUT.SampleCount:15.0]]
[2022.07.15-10.36.59:333][  0]LogConfig: Setting CVar [[r.SkyLight.RealTimeReflectionCapture:1]]
[2022.07.15-10.36.59:333][  0]LogConfig: Applying CVar settings from Section [FoliageQuality@3] File [C:/Users/ivcha/Documents/GitHub/GameplayProgramming/Saved/Config/Windows/Scalability.ini]
[2022.07.15-10.36.59:333][  0]LogConfig: Setting CVar [[foliage.DensityScale:1.0]]
[2022.07.15-10.36.59:333][  0]LogConfig: Setting CVar [[grass.DensityScale:1.0]]
[2022.07.15-10.36.59:333][  0]LogConfig: Applying CVar settings from Section [ShadingQuality@3] File [C:/Users/ivcha/Documents/GitHub/GameplayProgramming/Saved/Config/Windows/Scalability.ini]
[2022.07.15-10.36.59:333][  0]LogConfig: Setting CVar [[r.HairStrands.SkyLighting.IntegrationType:2]]
[2022.07.15-10.36.59:333][  0]LogConfig: Setting CVar [[r.HairStrands.SkyAO.SampleCount:4]]
[2022.07.15-10.36.59:333][  0]LogConfig: Setting CVar [[r.HairStrands.Visibility.MSAA.SamplePerPixel:4]]
[2022.07.15-10.36.59:333][  0]LogConfig: Applying CVar settings from Section [Startup] File [../../../Engine/Config/ConsoleVariables.ini]
[2022.07.15-10.36.59:334][  0]LogConfig: Setting CVar [[net.UseAdaptiveNetUpdateFrequency:0]]
[2022.07.15-10.36.59:334][  0]LogConfig: Setting CVar [[p.chaos.AllowCreatePhysxBodies:1]]
[2022.07.15-10.36.59:334][  0]LogConfig: Setting CVar [[fx.SkipVectorVMBackendOptimizations:1]]
[2022.07.15-10.36.59:334][  0]LogConfig: Applying CVar settings from Section [ConsoleVariables] File [C:/Users/ivcha/Documents/GitHub/GameplayProgramming/Saved/Config/Windows/Engine.ini]
[2022.07.15-10.36.59:334][  0]LogConfig: Applying CVar settings from Section [ConsoleVariables] File [C:/Users/ivcha/Documents/GitHub/GameplayProgramming/Saved/Config/Windows/Editor.ini]
[2022.07.15-10.36.59:334][  0]LogInit: Computer: DESKTOP-4KBLNKT
[2022.07.15-10.36.59:334][  0]LogInit: User: ivcha
[2022.07.15-10.36.59:334][  0]LogInit: CPU Page size=4096, Cores=8
[2022.07.15-10.36.59:334][  0]LogInit: High frequency timer resolution =10.000000 MHz
[2022.07.15-10.36.59:334][  0]LogMemory: Memory total: Physical=15.4GB (16GB approx)
[2022.07.15-10.36.59:334][  0]LogMemory: Platform Memory Stats for Windows
[2022.07.15-10.36.59:334][  0]LogMemory: Process Physical Memory: 148.93 MB used, 148.94 MB peak
[2022.07.15-10.36.59:334][  0]LogMemory: Process Virtual Memory: 123.27 MB used, 123.27 MB peak
[2022.07.15-10.36.59:334][  0]LogMemory: Physical Memory: 11093.77 MB used,  4697.51 MB free, 15791.28 MB total
[2022.07.15-10.36.59:334][  0]LogMemory: Virtual Memory: 134209824.00 MB used,  7906.62 MB free, 134217728.00 MB total
[2022.07.15-10.36.59:340][  0]LogWindows: WindowsPlatformFeatures enabled
[2022.07.15-10.36.59:376][  0]LogInit: Physics initialised using underlying interface: PhysX
[2022.07.15-10.36.59:376][  0]LogInit: Using OS detected language (es-ES).
[2022.07.15-10.36.59:376][  0]LogInit: Using OS detected locale (es-ES).
[2022.07.15-10.36.59:381][  0]LogTextLocalizationManager: No specific localization for 'es-ES' exists, so the 'es' localization will be used.
[2022.07.15-10.36.59:418][  0]LogWindowsTextInputMethodSystem: Display: IME system deactivated.
[2022.07.15-10.36.59:439][  0]LogSlate: New Slate User Created.  User Index 0, Is Virtual User: 0
[2022.07.15-10.36.59:439][  0]LogSlate: Slate User Registered.  User Index 0, Is Virtual User: 0
[2022.07.15-10.36.59:453][  0]LogD3D11RHI: Loaded GFSDK_Aftermath_Lib.x64.dll
[2022.07.15-10.36.59:467][  0]LogHMD: Failed to initialize OpenVR with code 110
[2022.07.15-10.36.59:467][  0]LogD3D11RHI: D3D11 min allowed feature level: 11_0
[2022.07.15-10.36.59:467][  0]LogD3D11RHI: D3D11 max allowed feature level: 11_0
[2022.07.15-10.36.59:467][  0]LogD3D11RHI: D3D11 adapters:
[2022.07.15-10.36.59:557][  0]LogD3D11RHI:    0. 'NVIDIA GeForce GTX 1650 Ti' (Feature Level 11_0)
[2022.07.15-10.36.59:557][  0]LogD3D11RHI:       3962/0/7895 MB DedicatedVideo/DedicatedSystem/SharedSystem, Outputs:1, VendorId:0x10de
[2022.07.15-10.36.59:582][  0]LogD3D11RHI:    1. 'AMD Radeon(TM) Graphics' (Feature Level 11_0)
[2022.07.15-10.36.59:582][  0]LogD3D11RHI:       496/0/7895 MB DedicatedVideo/DedicatedSystem/SharedSystem, Outputs:0, VendorId:0x1002
[2022.07.15-10.36.59:585][  0]LogD3D11RHI:    2. 'Microsoft Basic Render Driver' (Feature Level 11_0)
[2022.07.15-10.36.59:585][  0]LogD3D11RHI:       0/0/7895 MB DedicatedVideo/DedicatedSystem/SharedSystem, Outputs:0, VendorId:0x1414
[2022.07.15-10.36.59:585][  0]LogD3D11RHI: Chosen D3D11 Adapter:
[2022.07.15-10.36.59:585][  0]LogD3D11RHI:     Description : NVIDIA GeForce GTX 1650 Ti
[2022.07.15-10.36.59:585][  0]LogD3D11RHI:     VendorId    : 10de
[2022.07.15-10.36.59:585][  0]LogD3D11RHI:     DeviceId    : 1f95
[2022.07.15-10.36.59:585][  0]LogD3D11RHI:     SubSysId    : 16df1043
[2022.07.15-10.36.59:585][  0]LogD3D11RHI:     Revision    : 00a1
[2022.07.15-10.36.59:585][  0]LogD3D11RHI:     DedicatedVideoMemory : 4154458112 bytes
[2022.07.15-10.36.59:585][  0]LogD3D11RHI:     DedicatedSystemMemory : 0 bytes
[2022.07.15-10.36.59:585][  0]LogD3D11RHI:     SharedSystemMemory : 8279177216 bytes
[2022.07.15-10.36.59:585][  0]LogD3D11RHI:     AdapterLuid : 0 59561
[2022.07.15-10.36.59:593][  0]LogD3D11RHI: Creating new Direct3DDevice
[2022.07.15-10.36.59:593][  0]LogD3D11RHI:     GPU DeviceId: 0x1f95 (for the marketing name, search the web for "GPU Device Id")
[2022.07.15-10.36.59:593][  0]LogWindows: EnumDisplayDevices:
[2022.07.15-10.36.59:593][  0]LogWindows:    0. 'AMD Radeon(TM) Graphics' (P:1 D:1)
[2022.07.15-10.36.59:594][  0]LogWindows:    1. 'AMD Radeon(TM) Graphics' (P:0 D:0)
[2022.07.15-10.36.59:594][  0]LogWindows:    2. 'AMD Radeon(TM) Graphics' (P:0 D:0)
[2022.07.15-10.36.59:594][  0]LogWindows:    3. 'AMD Radeon(TM) Graphics' (P:0 D:0)
[2022.07.15-10.36.59:594][  0]LogWindows:    4. 'NVIDIA GeForce GTX 1650 Ti' (P:0 D:0)
[2022.07.15-10.36.59:595][  0]LogWindows:    5. 'NVIDIA GeForce GTX 1650 Ti' (P:0 D:0)
[2022.07.15-10.36.59:595][  0]LogWindows:    6. 'NVIDIA GeForce GTX 1650 Ti' (P:0 D:0)
[2022.07.15-10.36.59:595][  0]LogWindows:    7. 'NVIDIA GeForce GTX 1650 Ti' (P:0 D:0)
[2022.07.15-10.36.59:595][  0]LogWindows: DebugString: PrimaryIsNotTheChoosenAdapter PrimaryIsNotTheChoosenAdapter PrimaryIsNotTheChoosenAdapter PrimaryIsNotTheChoosenAdapter FoundDriverCount:4 
[2022.07.15-10.36.59:595][  0]LogD3D11RHI:     Adapter Name: NVIDIA GeForce GTX 1650 Ti
[2022.07.15-10.36.59:595][  0]LogD3D11RHI:   Driver Version: 516.59 (internal:31.0.15.1659, unified:516.59)
[2022.07.15-10.36.59:595][  0]LogD3D11RHI:      Driver Date: 6-23-2022
[2022.07.15-10.36.59:595][  0]LogRHI: Texture pool is 2773 MB (70% of 3962 MB)
[2022.07.15-10.36.59:595][  0]LogD3D11RHI: Creating D3DDevice using adapter:
[2022.07.15-10.36.59:595][  0]LogD3D11RHI:     Description : NVIDIA GeForce GTX 1650 Ti
[2022.07.15-10.36.59:595][  0]LogD3D11RHI:     VendorId    : 10de
[2022.07.15-10.36.59:595][  0]LogD3D11RHI:     DeviceId    : 1f95
[2022.07.15-10.36.59:595][  0]LogD3D11RHI:     SubSysId    : 16df1043
[2022.07.15-10.36.59:595][  0]LogD3D11RHI:     Revision    : 00a1
[2022.07.15-10.36.59:595][  0]LogD3D11RHI:     DedicatedVideoMemory : 4154458112 bytes
[2022.07.15-10.36.59:595][  0]LogD3D11RHI:     DedicatedSystemMemory : 0 bytes
[2022.07.15-10.36.59:595][  0]LogD3D11RHI:     SharedSystemMemory : 8279177216 bytes
[2022.07.15-10.36.59:595][  0]LogD3D11RHI:     AdapterLuid : 0 59561
[2022.07.15-10.36.59:655][  0]LogD3D11RHI: RHI has support for 64 bit atomics
[2022.07.15-10.36.59:655][  0]LogD3D11RHI: Async texture creation enabled
[2022.07.15-10.36.59:655][  0]LogD3D11RHI: Array index from any shader is supported
[2022.07.15-10.36.59:680][  0]LogD3D11RHI: GPU Timing Frequency: 1000.000000 (Debug: 2 1)
[2022.07.15-10.36.59:705][  0]LogRHI: GeForceNow SDK initialized: 1
[2022.07.15-10.36.59:973][  0]LogTargetPlatformManager: Display: Loaded TargetPlatform 'WindowsNoEditor'
[2022.07.15-10.36.59:979][  0]LogTargetPlatformManager: Display: Loaded TargetPlatform 'Windows'
[2022.07.15-10.36.59:984][  0]LogTargetPlatformManager: Display: Loaded TargetPlatform 'WindowsClient'
[2022.07.15-10.36.59:989][  0]LogTargetPlatformManager: Display: Loaded TargetPlatform 'WindowsServer'
[2022.07.15-10.36.59:989][  0]LogTargetPlatformManager: Display: Building Assets For Windows
[2022.07.15-10.36.59:996][  0]LogAudioDebug: Display: Lib vorbis DLL was dynamically loaded.
[2022.07.15-10.37.00:027][  0]LogTextureFormatOodle: Display: Oodle Texture 2.9.0 init RDO Off
[2022.07.15-10.37.00:058][  0]LogRendererCore: Ray tracing is disabled. Reason: r.RayTracing=0.
[2022.07.15-10.37.00:058][  0]LogShaderCompilers: Guid format shader working directory is -21 characters bigger than the processId version (../../../../../../Users/ivcha/Documents/GitHub/GameplayProgramming/Intermediate/Shaders/WorkingDirectory/17788/).
[2022.07.15-10.37.00:059][  0]LogShaderCompilers: Cleaned the shader compiler working directory 'C:/Users/ivcha/AppData/Local/Temp/UnrealShaderWorkingDir/A6E2DB934D82F76311436E8DB384E225/'.
[2022.07.15-10.37.00:059][  0]LogXGEController: Cannot use XGE Controller as Incredibuild is not installed on this machine.
[2022.07.15-10.37.00:059][  0]LogShaderCompilers: Cannot use XGE Shader Compiler as Incredibuild is not installed on this machine.
[2022.07.15-10.37.00:059][  0]LogShaderCompilers: Display: Using Local Shader Compiler.
[2022.07.15-10.37.00:737][  0]LogDerivedDataCache: Display: Max Cache Size: 512 MB
[2022.07.15-10.37.00:790][  0]LogDerivedDataCache: Loaded boot cache 0.05s 94MB C:/Users/ivcha/AppData/Local/UnrealEngine/4.27/DerivedDataCache/Boot.ddc.
[2022.07.15-10.37.00:790][  0]LogDerivedDataCache: Display: Loaded Boot cache: C:/Users/ivcha/AppData/Local/UnrealEngine/4.27/DerivedDataCache/Boot.ddc
[2022.07.15-10.37.00:790][  0]LogDerivedDataCache: FDerivedDataBackendGraph:  Pak pak cache file ../../../../../../Users/ivcha/Documents/GitHub/GameplayProgramming/DerivedDataCache/DDC.ddp not found, will not use a pak cache.
[2022.07.15-10.37.00:790][  0]LogDerivedDataCache: Unable to find inner node Pak for hierarchical cache Hierarchy.
[2022.07.15-10.37.00:790][  0]LogDerivedDataCache: FDerivedDataBackendGraph:  CompressedPak pak cache file ../../../../../../Users/ivcha/Documents/GitHub/GameplayProgramming/DerivedDataCache/Compressed.ddp not found, will not use a pak cache.
[2022.07.15-10.37.00:790][  0]LogDerivedDataCache: Unable to find inner node CompressedPak for hierarchical cache Hierarchy.
[2022.07.15-10.37.00:808][  0]LogDerivedDataCache: Display: Pak cache opened for reading ../../../Engine/DerivedDataCache/Compressed.ddp.
[2022.07.15-10.37.00:808][  0]LogDerivedDataCache: FDerivedDataBackendGraph:  EnterprisePak pak cache file ../../../Enterprise/DerivedDataCache/Compressed.ddp not found, will not use a pak cache.
[2022.07.15-10.37.00:808][  0]LogDerivedDataCache: Unable to find inner node EnterprisePak for hierarchical cache Hierarchy.
[2022.07.15-10.37.00:818][  0]LogDerivedDataCache: Speed tests for C:/Users/ivcha/AppData/Local/UnrealEngine/Common/DerivedDataCache took 0.01 seconds
[2022.07.15-10.37.00:818][  0]LogDerivedDataCache: Display: Performance to C:/Users/ivcha/AppData/Local/UnrealEngine/Common/DerivedDataCache: Latency=0.02ms. RandomReadSpeed=226.25MBs, RandomWriteSpeed=172.82MBs. Assigned SpeedClass 'Local'
[2022.07.15-10.37.00:818][  0]LogDerivedDataCache: Using Local data cache path C:/Users/ivcha/AppData/Local/UnrealEngine/Common/DerivedDataCache: Writable
[2022.07.15-10.37.00:818][  0]LogDerivedDataCache: Shared data cache path not found in *engine.ini, will not use an Shared cache.
[2022.07.15-10.37.00:818][  0]LogDerivedDataCache: Unable to find inner node Shared for hierarchical cache Hierarchy.
[2022.07.15-10.37.00:851][  0]LogSlate: Using FreeType 2.10.0
[2022.07.15-10.37.00:851][  0]LogSlate: SlateFontServices - WITH_FREETYPE: 1, WITH_HARFBUZZ: 1
[2022.07.15-10.37.00:988][  0]LogInit: Using OS detected language (es-ES).
[2022.07.15-10.37.00:988][  0]LogInit: Using OS detected locale (es-ES).
[2022.07.15-10.37.00:988][  0]LogTextLocalizationManager: No localization for 'es-ES' exists, so 'en' will be used for the language.
[2022.07.15-10.37.00:988][  0]LogTextLocalizationManager: No localization for 'es-ES' exists, so 'en' will be used for the locale.
[2022.07.15-10.37.00:988][  0]LogSlate: FontCache flush requested. Reason: Culture for localization was changed
[2022.07.15-10.37.00:988][  0]LogSlate: FontCache flush requested. Reason: Culture for localization was changed
[2022.07.15-10.37.00:991][  0]LogAssetRegistry: FAssetRegistry took 0.0021 seconds to start up
[2022.07.15-10.37.01:152][  0]LogTextLocalizationManager: Compacting localization data took   0.01ms
[2022.07.15-10.37.01:152][  0]LogPackageLocalizationCache: Processed 27 localized package path(s) for 1 prioritized culture(s) in 0.000996 seconds
[2022.07.15-10.37.01:223][  0]LogInit: Selected Device Profile: [Windows]
[2022.07.15-10.37.01:223][  0]LogInit: Active device profile: [000001FDBE95BD00][000001FDB2D26640 49] Windows
[2022.07.15-10.37.01:223][  0]LogInit: Profiles: [000001FDBE95BD00][000001FDB2D26640 49] Windows, [000001FDBE910500][000001FDB30647C0 49] WindowsNoEditor, [000001FDBE958500][000001FDB3068940 49] WindowsServer, [000001FDBE911600][000001FDB306CAC0 49] WindowsClient, [000001FDBE959600][000001FDB3070C40 49] IOS, [000001FDBE912400][000001FDB3074DC0 49] iPadAir, [000001FDBE95A300][000001FDB3078F40 49] iPadAir2, [000001FDBE8BFE00][000001FDB3081200 49] IPadPro, [000001FDBE8BFF00][000001FDB307D240 49] iPadAir3, [000001FDBE95B800][000001FDB30853C0 49] iPadAir4, [000001FDBE8BCA00][000001FDB3089540 49] iPadMini2, [000001FDBE958800][000001FDB308D6C0 49] iPadMini3, [000001FDBE8BED00][000001FDB72FF800 49] iPadMini4, [000001FDBE95AE00][000001FDB3091940 49] iPadMini5, [000001FDBE8F3700][000001FDB772FBC0 49] iPhone6, [000001FDBE8F3800][000001FDB7727C00 49] iPodTouch6, [000001FDBE8BE100][000001FDB7736340 49] iPhone7, [000001FDBE8BE200][000001FDB7732380 49] iPodTouch7, [000001FDBE8F0900][000001FDB773A500 49] iPhone5S, [000001FDBE8BE500][000001FDB773E680 49] iPhone6Plus, [000001FDBE8F2E00][000001FDB7742800 49] iPhone6S, [000001FDBE8BDC00][000001FDB7746980 49] iPhone6SPlus, [000001FDBE8F1300][000001FDB774AB00 49] iPhone7Plus, [000001FDBE8BE800][000001FDB774EC80 49] iPhoneSE, [000001FDBE8F0A00][000001FDB7752E00 49] iPhone8, [000001FDBE8BD500][000001FDB7756F80 49] iPhone8Plus, [000001FDBE8F2C00][000001FDB775B100 49] iPhoneX, [000001FDBE8BEB00][000001FDB775F280 49] iPhoneXS, [000001FDBE8F3400][000001FDB7763400 49] iPhoneXSMax, [000001FDBE8BD900][000001FDB7767580 49] iPhoneXR, [000001FDBE8F1800][000001FDB776B700 49] iPhone11, [000001FDBE8BDD00][000001FDA2485880 49] iPhone11Pro, [000001FDBE8F2300][000001FDB772B9C0 49] iPhone11ProMax, [000001FDBE8BC200][000001FDA2489B00 49] iPhoneSE2, [000001FDBE8F3F00][000001FDA248C0C0 49] iPhone12Mini, [000001FDBE8BE900][000001FDA2494240 49] iPhone12, [000001FDBE8F3000][000001FDA24983C0 49] iPhone12Pro, [000001FDBE8BCC00][000001FDA249C540 49] iPhone12ProMax, [000001FDBE8F1700][000001FDA24A06C0 49] iPadPro105, [000001FDBE8BD800][000001FDA24A4840 49] iPadPro129, [000001FDBE8F1900][000001FDA24A89C0 49] iPadPro97, [000001FDBE8BEF00][000001FDA24ACB40 49] iPadPro2_129, [000001FDBE8F2800][000001FDA24B0CC0 49] iPad5, [000001FDBE8BF800][000001FDA24B4E40 49] iPad6, [000001FDBE8F0F00][000001FDA24B8FC0 49] iPad7, [000001FDBE8BF700][000001FDA24BD140 49] iPad8, [000001FDBE8F2000][000001FDA24C12C0 49] iPadPro11, [000001FDBE8BFA00][000001FDA24C5440 49] iPadPro2_11, [000001FDBE8F2600][000001FDA24C95C0 49] iPadPro3_129, [000001FDBE8BC400][000001FDA24CD740 49] iPadPro4_129, [000001FDBE8F2D00][000001FDBF4E38C0 49] AppleTV, [000001FDBE8BC600][000001FDBF4E7A40 49] AppleTV4K, [000001FDBE8F1B00][000001FDA2491B80 49] TVOS, [000001FDBE8BCB00][000001FDBF4EA140 49] Mac, [000001FDBE8F3D00][000001FDBF4EE280 49] MacClient, [000001FDBE8BD400][000001FDBF4F23C0 49] MacNoEditor, [000001FDBE8F3C00][000001FDBF4FA540 49] MacServer, [000001FDBE8BCF00][000001FDBF4FE6C0 49] Linux, [000001FDBE8F1C00][000001FDBF502840 49] LinuxAArch64, [000001FDBE8BD300][000001FDBF5069C0 49] LinuxNoEditor, [000001FDBE8F0500][000001FDBF50AB40 49] LinuxAArch64NoEditor, [000001FDBE8BF300][000001FDBF50ECC0 49] LinuxClient, [000001FDBE8F1500][000001FDBF512E40 49] LinuxAArch64Client, [000001FDBE910800][000001FDBF516FC0 49] LinuxServer, [000001FDBE999900][000001FDBF51B140 49] LinuxAArch64Server, [000001FDBE911800][000001FDBF51F2C0 49] Android, [000001FDBE998800][000001FDBF523440 49] Android_Low, [000001FDBE911700][000001FDBF5275C0 49] Android_Mid, [000001FDBE999E00][000001FDBF52B740 49] Android_High, [000001FDBE913D00][000001FDBF52F8C0 49] Android_Default, [000001FDBE99AD00][000001FDBF533A40 49] Android_Adreno4xx, [000001FDBE910B00][000001FDBF537BC0 49] Android_Adreno5xx_Low, [000001FDBE99B300][000001FDBF4F6180 49] Android_Adreno5xx, [000001FDBE913300][000001FDBF53A2C0 49] Android_Adreno6xx, [000001FDBE99AE00][000001FDBF53E400 49] Android_Adreno6xx_Vulkan, [000001FDBE913900][000001FDBF542540 49] Android_Mali_T6xx, [000001FDBE998600][000001FDBF54A6C0 49] Android_Mali_T7xx, [000001FDBE912500][000001FDBF54E840 49] Android_Mali_T8xx, [000001FDBE998200][000001FDBF5529C0 49] Android_Mali_G71, [000001FDBE910E00][000001FDBF556B40 49] Android_Mali_G72, [000001FDBE99A600][000001FDBF55ACC0 49] Android_Mali_G72_Vulkan, [000001FDBE911300][000001FDBF55EE40 49] Android_Mali_G76, [000001FDBE999400][000001FDBF562FC0 49] Android_Mali_G76_Vulkan, [000001FDBE913F00][000001FDBF567140 49] Android_Mali_G77, [000001FDBE998900][000001FDBF56B2C0 49] Android_Mali_G77_Vulkan, [000001FDBE8F0E00][000001FDBF56F440 49] Android_Mali_G78, [000001FDBE998B00][000001FDBF5735C0 49] Android_Mali_G78_Vulkan, [000001FDBE8F0C00][000001FDBF577740 49] Android_Mali_G710, [000001FDBE99AC00][000001FDBF57B8C0 49] Android_Mali_G710_Vulkan, [000001FDBE8F3200][000001FDBF57FA40 49] Android_Vulkan_SM5, [000001FDBE998700][000001FDBF583BC0 49] Android_PowerVR_G6xxx, [000001FDBE8F0300][000001FDBF5861C0 49] Android_PowerVR_GT7xxx, [000001FDBE999B00][000001FDBF58A340 49] Android_PowerVR_GE8xxx, [000001FDBE8F0800][000001FDBF546480 49] Android_PowerVR_GM9xxx, [000001FDBE998A00][000001FDBF58E5C0 49] Android_PowerVR_GM9xxx_Vulkan, [000001FDBE8F1000][000001FDBF592700 49] Android_TegraK1, [000001FDBE99B200][000001FDBF59A880 49] Android_Unknown_Vulkan, [000001FDBE8F1A00][000001FDB7200A00 49] Lumin, [000001FDBE99A800][000001FDB7204B80 49] Lumin_Desktop, [000001FDBE8F2700][000001FDB7208D00 49] HoloLens, 
[2022.07.15-10.37.01:269][  0]LogMeshReduction: Using QuadricMeshReduction for automatic static mesh reduction
[2022.07.15-10.37.01:269][  0]LogMeshReduction: Using SimplygonMeshReduction for automatic skeletal mesh reduction
[2022.07.15-10.37.01:269][  0]LogMeshReduction: Using ProxyLODMeshReduction for automatic mesh merging
[2022.07.15-10.37.01:269][  0]LogMeshReduction: No distributed automatic mesh merging module available
[2022.07.15-10.37.01:269][  0]LogMeshMerging: No distributed automatic mesh merging module available
[2022.07.15-10.37.01:362][  0]LogNetVersion: GameplayProgramming 1.0.0, NetCL: 17155196, EngineNetVer: 17, GameNetVer: 0 (Checksum: 1408040546)
[2022.07.15-10.37.01:609][  0]LogTexture: Default maximum texture size for cubemaps generated from long-lat sources has been changed from 512 to unlimited. In order to preserve old behaiour for '/Engine/MapTemplates/Sky/DaylightAmbientCubemap.DaylightAmbientCubemap', its maximum texture size has been explicitly set to 512.
[2022.07.15-10.37.01:664][  0]LogHMD: PokeAHoleMaterial loaded successfully
[2022.07.15-10.37.01:770][  0]LogMoviePlayer: Initializing movie player
[2022.07.15-10.37.01:865][  0]LogNiagaraDebuggerClient: Niagara Debugger Client Initialized | Session: DCC6191C456B7C6E9912BAB48E054EB9 | Instance: F7CF38F140F68838348A1FBE0A293365 (DESKTOP-4KBLNKT-17788).
[2022.07.15-10.37.01:884][  0]LogCollectionManager: Loaded 0 collections in 0.001583 seconds
[2022.07.15-10.37.01:888][  0]LogFileCache: Scanning file cache for directory 'C:/Users/ivcha/Documents/GitHub/GameplayProgramming/Saved/Collections/' took 0.00s
[2022.07.15-10.37.01:888][  0]LogFileCache: Scanning file cache for directory 'C:/Users/ivcha/Documents/GitHub/GameplayProgramming/Content/Developers/ivcha/Collections/' took 0.00s
[2022.07.15-10.37.01:888][  0]LogFileCache: Scanning file cache for directory 'C:/Users/ivcha/Documents/GitHub/GameplayProgramming/Content/Collections/' took 0.00s
[2022.07.15-10.37.01:888][  0]LogCollectionManager: Fixed up redirectors for 0 collections in 0.000002 seconds (updated 0 objects)
[2022.07.15-10.37.01:995][  0]LogPython: Using Python 3.7.7
[2022.07.15-10.37.02:403][  0]LogTcpMessaging: Initializing TcpMessaging bridge
[2022.07.15-10.37.02:408][  0]LogUdpMessaging: Initializing bridge on interface 0.0.0.0:0 to multicast group 230.0.0.1:6666.
[2022.07.15-10.37.02:497][  0]SourceControl: Source control is disabled
[2022.07.15-10.37.02:497][  0]SourceControl: Source control is disabled
[2022.07.15-10.37.02:500][  0]SourceControl: Source control is disabled
[2022.07.15-10.37.02:509][  0]LogUProjectInfo: Found projects:
[2022.07.15-10.37.02:510][  0]LogVSAccessor: Display: Unable to create Visual Studio setup instance: 80040154
[2022.07.15-10.37.02:511][  0]LogVSAccessor: Display: Unable to create Visual Studio setup instance: 80040154
[2022.07.15-10.37.02:511][  0]LogVSAccessor: Display: Unable to create Visual Studio setup instance: 80040154
[2022.07.15-10.37.02:600][  0]LogAndroidPermission: UAndroidPermissionCallbackProxy::GetInstance
[2022.07.15-10.37.02:620][  0]LogAudioCaptureCore: Display: No Audio Capture implementations found. Audio input will be silent.
[2022.07.15-10.37.02:620][  0]LogAudioCaptureCore: Display: No Audio Capture implementations found. Audio input will be silent.
[2022.07.15-10.37.02:662][  0]LogOpenImageDenoise: OIDN starting up
[2022.07.15-10.37.02:702][  0]LogOcInput: OculusInput pre-init called
[2022.07.15-10.37.02:712][  0]LogUObjectArray: 22121 objects as part of root set at end of initial load.
[2022.07.15-10.37.02:712][  0]LogUObjectAllocator: 5975632 out of 0 bytes used by permanent object pool.
[2022.07.15-10.37.02:712][  0]LogUObjectArray: CloseDisregardForGC: 0/0 objects in disregard for GC pool
[2022.07.15-10.37.02:765][  0]LogEngine: Initializing Engine...
[2022.07.15-10.37.02:767][  0]LogHMD: Failed to enumerate extensions. Please check that you have a valid OpenXR runtime installed.
[2022.07.15-10.37.02:767][  0]LogHMD: Failed to initialize OpenVR with code 110
[2022.07.15-10.37.02:767][  0]LogMagicLeap: Warning: VR disabled because ZI is not enabled.  To enable, in the editor, Edit -> Project Settings -> Plugins -> Magic Leap Plugin -> Enable Zero Iteration
[2022.07.15-10.37.02:769][  0]LogStats: UGameplayTagsManager::InitializeManager -  0.000 s
[2022.07.15-10.37.02:859][  0]LogInit: Initializing FReadOnlyCVARCache
[2022.07.15-10.37.02:859][  0]LogAudio: Display: Initializing Audio Device Manager...
[2022.07.15-10.37.02:863][  0]LogAudio: Display: Loading Default Audio Settings Objects...
[2022.07.15-10.37.02:863][  0]LogAudio: Display: No default SoundConcurrencyObject specified (or failed to load).
[2022.07.15-10.37.02:864][  0]LogAudio: Display: Audio Device Manager Initialized
[2022.07.15-10.37.02:864][  0]LogAudio: Display: Creating Audio Device:                 Id: 1, Scope: Shared, Realtime: True
[2022.07.15-10.37.02:864][  0]LogAudioMixer: Display: Audio Mixer Platform Settings:
[2022.07.15-10.37.02:864][  0]LogAudioMixer: Display: 	Sample Rate:						  48000
[2022.07.15-10.37.02:864][  0]LogAudioMixer: Display: 	Callback Buffer Frame Size Requested: 1024
[2022.07.15-10.37.02:864][  0]LogAudioMixer: Display: 	Callback Buffer Frame Size To Use:	  1024
[2022.07.15-10.37.02:864][  0]LogAudioMixer: Display: 	Number of buffers to queue:			  2
[2022.07.15-10.37.02:864][  0]LogAudioMixer: Display: 	Max Channels (voices):				  32
[2022.07.15-10.37.02:864][  0]LogAudioMixer: Display: 	Number of Async Source Workers:		  0
[2022.07.15-10.37.02:864][  0]LogAudio: Display: AudioDevice MaxSources: 32
[2022.07.15-10.37.02:864][  0]LogAudio: Display: Audio Spatialization Plugin: None (built-in).
[2022.07.15-10.37.02:864][  0]LogAudio: Display: Audio Reverb Plugin: None (built-in).
[2022.07.15-10.37.02:864][  0]LogAudio: Display: Audio Occlusion Plugin: None (built-in).
[2022.07.15-10.37.02:864][  0]LogAudioMixer: Display: Initializing audio mixer.
[2022.07.15-10.37.02:876][  0]LogAudioMixer: Display: 0: FrontLeft
[2022.07.15-10.37.02:876][  0]LogAudioMixer: Display: 1: FrontRight
[2022.07.15-10.37.02:889][  0]LogAudioMixer: Display: Using Audio Device Altavoces (KROM)
[2022.07.15-10.37.02:895][  0]LogAudioMixer: Display: Initializing Sound Submixes...
[2022.07.15-10.37.02:896][  0]LogAudioMixer: Display: Creating Master Submix 'MasterSubmixDefault'
[2022.07.15-10.37.02:896][  0]LogAudioMixer: Display: Creating Master Submix 'MasterReverbSubmixDefault'
[2022.07.15-10.37.02:897][  0]LogAudioMixer: Display: Creating Master Submix 'MasterEQSubmixDefault'
[2022.07.15-10.37.02:897][  0]LogAudioMixer: FMixerPlatformXAudio2::StartAudioStream() called
[2022.07.15-10.37.02:897][  0]LogAudioMixer: Display: Output buffers initialized: Frames=1024, Channels=2, Samples=2048
[2022.07.15-10.37.02:899][  0]LogAudioMixer: Display: Starting AudioMixerPlatformInterface::RunInternal()
[2022.07.15-10.37.02:899][  0]LogAudioMixer: Display: FMixerPlatformXAudio2::SubmitBuffer() called for the first time
[2022.07.15-10.37.02:899][  0]LogInit: FAudioDevice initialized.
[2022.07.15-10.37.02:900][  0]LogNetVersion: Set ProjectVersion to 1.0.0.0. Version Checksum will be recalculated on next use.
[2022.07.15-10.37.02:901][  0]LogInit: Texture streaming: Enabled
[2022.07.15-10.37.02:979][  0]LogAudio: Display: Audio Device (ID: 1) registered with world 'Untitled'.
[2022.07.15-10.37.02:979][  0]LogSlate: Updating window title bar state: overlay mode, drag disabled, window buttons hidden, title bar hidden
[2022.07.15-10.37.02:979][  0]LogInit: Display: Game Engine Initialized.
[2022.07.15-10.37.02:979][  0]LogNiagaraEditor: GEditor isn't valid! Particle reset commands will not work for Niagara components!
[2022.07.15-10.37.03:092][  0]LogInit: Display: Starting Game.
[2022.07.15-10.37.03:092][  0]LogNet: Browse: /Game/FirstPersonBP/Maps/FirstPersonExampleMap?Name=Player
[2022.07.15-10.37.03:092][  0]LogLoad: LoadMap: /Game/FirstPersonBP/Maps/FirstPersonExampleMap?Name=Player
[2022.07.15-10.37.03:092][  0]LogWorld: BeginTearingDown for /Temp/Untitled_0
[2022.07.15-10.37.03:094][  0]LogWorld: UWorld::CleanupWorld for Untitled, bSessionEnded=true, bCleanupResources=true
[2022.07.15-10.37.03:094][  0]LogSlate: InvalidateAllWidgets triggered.  All widgets were invalidated
[2022.07.15-10.37.03:098][  0]LogAudio: Display: Audio Device unregistered from world 'None'.
[2022.07.15-10.37.03:101][  0]LogUObjectHash: Compacting FUObjectHashTables data took   0.86ms
[2022.07.15-10.37.03:671][  0]LogAudio: Display: Audio Device (ID: 1) registered with world 'FirstPersonExampleMap'.
[2022.07.15-10.37.03:679][  0]LogAIModule: Creating AISystem for world FirstPersonExampleMap
[2022.07.15-10.37.03:680][  0]LogLoad: Game class is 'FirstPersonGameMode_C'
[2022.07.15-10.37.03:683][  0]LogPhysics: Warning: Scale for /Game/FirstPersonBP/Maps/FirstPersonExampleMap.FirstPersonExampleMap:PersistentLevel.EnemyNoShootBP_2.SpawnPoint has a component set to zero, which will result in a bad body instance. Scale:X=0.000 Y=0.000 Z=0.000
[2022.07.15-10.37.03:683][  0]LogPhysics: Warning: Initialising Body : Scale3D is (nearly) zero: Component: '/Game/FirstPersonBP/Maps/FirstPersonExampleMap.FirstPersonExampleMap:PersistentLevel.EnemyNoShootBP_2.SpawnPoint' 
[2022.07.15-10.37.03:685][  0]LogPhysics: Warning: Scale for /Game/FirstPersonBP/Maps/FirstPersonExampleMap.FirstPersonExampleMap:PersistentLevel.EnemyNoShootBP_2.SpawnPoint has a component set to zero, which will result in a bad body instance. Scale:X=0.000 Y=0.000 Z=0.000
[2022.07.15-10.37.03:685][  0]LogPhysics: Warning: Initialising Body : Scale3D is (nearly) zero: Component: '/Game/FirstPersonBP/Maps/FirstPersonExampleMap.FirstPersonExampleMap:PersistentLevel.EnemyNoShootBP_2.SpawnPoint' 
[2022.07.15-10.37.03:685][  0]LogPhysics: Warning: Scale for /Game/FirstPersonBP/Maps/FirstPersonExampleMap.FirstPersonExampleMap:PersistentLevel.EnemyNoShootBP_2.SpawnPoint has a component set to zero, which will result in a bad body instance. Scale:X=0.000 Y=0.000 Z=0.000
[2022.07.15-10.37.03:685][  0]LogPhysics: Warning: Initialising Body : Scale3D is (nearly) zero: Component: '/Game/FirstPersonBP/Maps/FirstPersonExampleMap.FirstPersonExampleMap:PersistentLevel.EnemyNoShootBP_2.SpawnPoint' 
[2022.07.15-10.37.03:685][  0]LogPhysics: Warning: Scale for /Game/FirstPersonBP/Maps/FirstPersonExampleMap.FirstPersonExampleMap:PersistentLevel.EnemyNoShootBP_2.SpawnPoint has a component set to zero, which will result in a bad body instance. Scale:X=0.000 Y=0.000 Z=0.000
[2022.07.15-10.37.03:685][  0]LogPhysics: Warning: Initialising Body : Scale3D is (nearly) zero: Component: '/Game/FirstPersonBP/Maps/FirstPersonExampleMap.FirstPersonExampleMap:PersistentLevel.EnemyNoShootBP_2.SpawnPoint' 
[2022.07.15-10.37.03:689][  0]LogWorld: Bringing World /Game/FirstPersonBP/Maps/FirstPersonExampleMap.FirstPersonExampleMap up for play (max tick rate 0) at 2022.07.15-12.37.03
[2022.07.15-10.37.03:690][  0]LogWorld: Bringing up level for play took: 0.009335
[2022.07.15-10.37.03:694][  0]LogLoad: Took 0.601963 seconds to LoadMap(/Game/FirstPersonBP/Maps/FirstPersonExampleMap)
[2022.07.15-10.37.03:726][  0]LogSlate: Took 0.000193 seconds to synchronously load lazily loaded font '../../../Engine/Content/Slate/Fonts/Roboto-Regular.ttf' (155K)
[2022.07.15-10.37.03:746][  0]LogRenderer: Reallocating scene render targets to support 1280x720 Format 10 NumSamples 1 (Frame:1).
[2022.07.15-10.37.03:746][  0]LogInit: Display: Engine is initialized. Leaving FEngineLoop::Init()
[2022.07.15-10.37.03:746][  0]LogLoad: (Engine Initialization) Total time: 5.45 seconds
[2022.07.15-10.37.03:746][  0]LogLoad: (Engine Initialization) Total Blueprint compile time: 0.00 seconds
[2022.07.15-10.37.03:763][  0]LogContentStreaming: Texture pool size now 1000 MB
[2022.07.15-10.37.03:766][  0]LogSlate: InvalidateAllWidgets triggered.  All widgets were invalidated
[2022.07.15-10.37.03:828][  0]LogRenderer: Reallocating scene render targets to support 128x128 Format 10 NumSamples 1 (Frame:1).
[2022.07.15-10.37.03:854][  0]LogRenderer: Reallocating scene render targets to support 1280x720 Format 10 NumSamples 1 (Frame:2).
[2022.07.15-10.37.03:872][  1]LogSlate: Took 0.000241 seconds to synchronously load lazily loaded font '../../../Engine/Content/Slate/Fonts/Roboto-Regular.ttf' (155K)
