Log file open, 07/14/22 00:23:47
LogWindows: Failed to load 'aqProf.dll' (GetLastError=126)
LogWindows: File 'aqProf.dll' does not exist
LogWindows: Failed to load 'VtuneApi.dll' (GetLastError=126)
LogWindows: File 'VtuneApi.dll' does not exist
LogWindows: Failed to load 'VtuneApi32e.dll' (GetLastError=126)
LogWindows: File 'VtuneApi32e.dll' does not exist
LogConsoleResponse: Display: Failed to find resolution value strings in scalability ini. Falling back to default.
LogConsoleResponse: Display: Failed to find resolution value strings in scalability ini. Falling back to default.
LogInit: Display: Running engine for game: GameplayProgramming
LogPlatformFile: Not using cached read wrapper
LogTaskGraph: Started task graph with 5 named threads and 47 total threads with 3 sets of task threads.
LogStats: Stats thread started at 0.233014
LogICUInternationalization: ICU TimeZone Detection - Raw Offset: +1:00, Platform Override: ''
LogInit: Display: Loading text-based GConfig....
LogPluginManager: Mounting plugin MeshPainting
LogPluginManager: Mounting plugin XGEController
LogPluginManager: Mounting plugin Paper2D
LogPluginManager: Mounting plugin LiveLink
LogPluginManager: Mounting plugin AISupport
LogPluginManager: Mounting plugin EnvironmentQueryEditor
LogPluginManager: Mounting plugin OodleNetwork
LogPluginManager: Mounting plugin LightPropagationVolume
LogPluginManager: Mounting plugin OodleData
LogPluginManager: Mounting plugin GameplayCameras
LogPluginManager: Mounting plugin CameraShakePreviewer
LogPluginManager: Mounting plugin DatasmithContent
LogPluginManager: Mounting plugin VariantManagerContent
LogPluginManager: Mounting plugin CodeLiteSourceCodeAccess
LogPluginManager: Mounting plugin GitSourceControl
LogPluginManager: Mounting plugin AnimationSharing
LogPluginManager: Mounting plugin CLionSourceCodeAccess
LogPluginManager: Mounting plugin NullSourceCodeAccess
LogPluginManager: Mounting plugin Niagara
LogPluginManager: Mounting plugin PerforceSourceControl
LogPluginManager: Mounting plugin KDevelopSourceCodeAccess
LogPluginManager: Mounting plugin RiderSourceCodeAccess
LogPluginManager: Mounting plugin PropertyAccessNode
LogPluginManager: Mounting plugin SubversionSourceControl
LogPluginManager: Mounting plugin TextureFormatOodle
LogPluginManager: Mounting plugin PlasticSourceControl
LogPluginManager: Mounting plugin UObjectPlugin
LogPluginManager: Mounting plugin PluginUtils
LogPluginManager: Mounting plugin VisualStudioCodeSourceCodeAccess
LogPluginManager: Mounting plugin VisualStudioSourceCodeAccess
LogPluginManager: Mounting plugin XCodeSourceCodeAccess
LogPluginManager: Mounting plugin AlembicImporter
LogPluginManager: Mounting plugin PixWinPlugin
LogPluginManager: Mounting plugin BackChannel
LogPluginManager: Mounting plugin AutomationUtils
LogPluginManager: Mounting plugin ChaosClothEditor
LogPluginManager: Mounting plugin ChaosEditor
LogPluginManager: Mounting plugin ChaosCloth
LogPluginManager: Mounting plugin ChaosNiagara
LogPluginManager: Mounting plugin ChaosSolverPlugin
LogPluginManager: Mounting plugin CharacterAI
LogPluginManager: Mounting plugin GeometryCache
LogPluginManager: Mounting plugin MagicLeap
LogPluginManager: Mounting plugin LuminPlatformFeatures
LogPluginManager: Mounting plugin MagicLeapLightEstimation
LogPluginManager: Mounting plugin MagicLeapMedia
LogPluginManager: Mounting plugin MagicLeapPassableWorld
LogPluginManager: Mounting plugin MLSDK
LogPluginManager: Mounting plugin GeometryCollectionPlugin
LogPluginManager: Mounting plugin GeometryProcessing
LogPluginManager: Mounting plugin AssetManagerEditor
LogPluginManager: Mounting plugin MotoSynth
LogPluginManager: Mounting plugin PlanarCut
LogPluginManager: Mounting plugin OpenImageDenoise
LogPluginManager: Mounting plugin ProxyLODPlugin
LogPluginManager: Mounting plugin PythonScriptPlugin
LogPluginManager: Mounting plugin PlatformCrypto
LogPluginManager: Mounting plugin SkeletalReduction
LogPluginManager: Mounting plugin CurveEditorTools
LogPluginManager: Mounting plugin DataValidation
LogPluginManager: Mounting plugin CryptoKeys
LogPluginManager: Mounting plugin GeometryMode
LogPluginManager: Mounting plugin GameplayTagsEditor
LogPluginManager: Mounting plugin FacialAnimation
LogPluginManager: Mounting plugin MacGraphicsSwitching
LogPluginManager: Mounting plugin MaterialAnalyzer
LogPluginManager: Mounting plugin MobileLauncherProfileWizard
LogPluginManager: Mounting plugin PluginBrowser
LogPluginManager: Mounting plugin ActorSequence
LogPluginManager: Mounting plugin MatineeToLevelSequence
LogPluginManager: Mounting plugin SpeedTreeImporter
LogPluginManager: Mounting plugin LevelSequenceEditor
LogPluginManager: Mounting plugin TemplateSequence
LogPluginManager: Mounting plugin AndroidMedia
LogPluginManager: Mounting plugin AvfMedia
LogPluginManager: Mounting plugin ImgMedia
LogPluginManager: Mounting plugin MediaCompositing
LogPluginManager: Mounting plugin WebMMedia
LogPluginManager: Mounting plugin MediaPlayerEditor
LogPluginManager: Mounting plugin WmfMedia
LogPluginManager: Mounting plugin LauncherChunkInstaller
LogPluginManager: Mounting plugin TcpMessaging
LogPluginManager: Mounting plugin UdpMessaging
LogPluginManager: Mounting plugin OnlineSubsystem
LogPluginManager: Mounting plugin ActorLayerUtilities
LogPluginManager: Mounting plugin AndroidDeviceProfileSelector
LogPluginManager: Mounting plugin OnlineSubsystemNull
LogPluginManager: Mounting plugin AndroidMoviePlayer
LogPluginManager: Mounting plugin AndroidPermission
LogPluginManager: Mounting plugin OnlineSubsystemUtils
LogPluginManager: Mounting plugin ArchVisCharacter
LogPluginManager: Mounting plugin AppleImageUtils
LogPluginManager: Mounting plugin AppleMoviePlayer
LogPluginManager: Mounting plugin AssetTags
LogPluginManager: Mounting plugin AudioCapture
LogPluginManager: Mounting plugin AudioSynesthesia
LogPluginManager: Mounting plugin CableComponent
LogPluginManager: Mounting plugin ChunkDownloader
LogPluginManager: Mounting plugin CustomMeshComponent
LogPluginManager: Mounting plugin EditableMesh
LogPluginManager: Mounting plugin ExampleDeviceProfileSelector
LogPluginManager: Mounting plugin GoogleCloudMessaging
LogPluginManager: Mounting plugin GooglePAD
LogPluginManager: Mounting plugin ScreenshotTools
LogPluginManager: Mounting plugin IOSDeviceProfileSelector
LogPluginManager: Mounting plugin LinuxDeviceProfileSelector
LogPluginManager: Mounting plugin LocationServicesBPLibrary
LogPluginManager: Mounting plugin Takes
LogPluginManager: Mounting plugin MobilePatchingUtils
LogPluginManager: Mounting plugin OpenXRHandTracking
LogPluginManager: Mounting plugin OpenXR
LogPluginManager: Mounting plugin PostSplashScreen
LogPluginManager: Mounting plugin ProceduralMeshComponent
LogPluginManager: Mounting plugin PhysXVehicles
LogPluginManager: Mounting plugin PropertyAccessEditor
LogPluginManager: Mounting plugin OpenXREyeTracker
LogPluginManager: Mounting plugin SignificanceManager
LogPluginManager: Mounting plugin RuntimePhysXCooking
LogPluginManager: Mounting plugin SoundFields
LogPluginManager: Mounting plugin WebMMoviePlayer
LogPluginManager: Mounting plugin Synthesis
LogPluginManager: Mounting plugin WindowsMoviePlayer
LogPluginManager: Mounting plugin ContentBrowserAssetDataSource
LogPluginManager: Mounting plugin ContentBrowserClassDataSource
LogPluginManager: Mounting plugin ContentBrowserFileDataSource
LogPluginManager: Mounting plugin OnlineSubsystemGooglePlay
LogPluginManager: Mounting plugin OnlineSubsystemIOS
LogPluginManager: Mounting plugin SteamVR
LogPluginManager: Mounting plugin OculusVR
PixWinPlugin: PIX capture plugin failed to initialize! Check that the process is launched from PIX.
LogInit: Using libcurl 7.55.1-DEV
LogInit:  - built for x86_64-pc-win32
LogInit:  - supports SSL with OpenSSL/1.1.1
LogInit:  - supports HTTP deflate (compression) using libz 1.2.8
LogInit:  - other features:
LogInit:      CURL_VERSION_SSL
LogInit:      CURL_VERSION_LIBZ
LogInit:      CURL_VERSION_IPV6
LogInit:      CURL_VERSION_ASYNCHDNS
LogInit:      CURL_VERSION_LARGEFILE
LogInit:      CURL_VERSION_IDN
LogInit:  CurlRequestOptions (configurable via config and command line):
LogInit:  - bVerifyPeer = true  - Libcurl will verify peer certificate
LogInit:  - bUseHttpProxy = false  - Libcurl will NOT use HTTP proxy
LogInit:  - bDontReuseConnections = false  - Libcurl will reuse connections
LogInit:  - MaxHostConnections = 16  - Libcurl will limit the number of connections to a host
LogInit:  - LocalHostAddr = Default
LogInit:  - BufferSize = 65536
LogOnline: OSS: Creating online subsystem instance for: NULL
LogInit: WinSock: version 1.1 (2.2), MaxSocks=32767, MaxUdp=65467
LogOnline: OSS: TryLoadSubsystemAndSetDefault: Loaded subsystem for module [NULL]
LogOculusPluginWrapper: OculusPlugin initialized successfully
LogHMD: Failed initializing OVRPlugin 1.59.0
LogInit: Build: ++UE4+Release-4.27-CL-18319896
LogInit: Engine Version: 4.27.2-18319896+++UE4+Release-4.27
LogInit: Compatible Engine Version: 4.27.0-17155196+++UE4+Release-4.27
LogInit: Net CL: 17155196
LogInit: OS: Windows 10 (Release 2009) (), CPU: AMD Ryzen 7 4800H with Radeon Graphics         , GPU: AMD Radeon(TM) Graphics
LogInit: Compiled (64-bit): Nov 30 2021 07:12:08
LogInit: Compiled with Visual C++: 19.24.28315.00
LogInit: Build Configuration: Development
LogInit: Branch Name: ++UE4+Release-4.27
LogInit: Command Line:  /Game/Menu/MainMenuMap -game -PIEVIACONSOLE -Multiprocess GameUserSettingsINI=C:/Users/ivcha/Documents/GitHub/GameplayProgramming/Saved/Config/Windows/PIEGameUserSettings0.ini -MultiprocessSaveConfig -forcepassthrough -messaging -SessionName="Play in Standalone Game" -windowed -ResX=1280 -ResY=720
LogInit: Base Directory: C:/Program Files/Epic Games/UE_4.27/Engine/Binaries/Win64/
LogInit: Allocator: TBB
LogInit: Installed Engine Build: 1
LogDevObjectVersion: Number of dev versions registered: 29
LogDevObjectVersion:   Dev-Blueprints (B0D832E4-1F89-4F0D-ACCF-7EB736FD4AA2): 10
LogDevObjectVersion:   Dev-Build (E1C64328-A22C-4D53-A36C-8E866417BD8C): 0
LogDevObjectVersion:   Dev-Core (375EC13C-06E4-48FB-B500-84F0262A717E): 4
LogDevObjectVersion:   Dev-Editor (E4B068ED-F494-42E9-A231-DA0B2E46BB41): 40
LogDevObjectVersion:   Dev-Framework (CFFC743F-43B0-4480-9391-14DF171D2073): 37
LogDevObjectVersion:   Dev-Mobile (B02B49B5-BB20-44E9-A304-32B752E40360): 3
LogDevObjectVersion:   Dev-Networking (A4E4105C-59A1-49B5-A7C5-40C4547EDFEE): 0
LogDevObjectVersion:   Dev-Online (39C831C9-5AE6-47DC-9A44-9C173E1C8E7C): 0
LogDevObjectVersion:   Dev-Physics (78F01B33-EBEA-4F98-B9B4-84EACCB95AA2): 14
LogDevObjectVersion:   Dev-Platform (6631380F-2D4D-43E0-8009-CF276956A95A): 0
LogDevObjectVersion:   Dev-Rendering (12F88B9F-8875-4AFC-A67C-D90C383ABD29): 45
LogDevObjectVersion:   Dev-Sequencer (7B5AE74C-D270-4C10-A958-57980B212A5A): 13
LogDevObjectVersion:   Dev-VR (D7296918-1DD6-4BDD-9DE2-64A83CC13884): 3
LogDevObjectVersion:   Dev-LoadTimes (C2A15278-BFE7-4AFE-6C17-90FF531DF755): 1
LogDevObjectVersion:   Private-Geometry (6EACA3D4-40EC-4CC1-B786-8BED09428FC5): 3
LogDevObjectVersion:   Dev-AnimPhys (29E575DD-E0A3-4627-9D10-D276232CDCEA): 17
LogDevObjectVersion:   Dev-Anim (AF43A65D-7FD3-4947-9873-3E8ED9C1BB05): 15
LogDevObjectVersion:   Dev-ReflectionCapture (6B266CEC-1EC7-4B8F-A30B-E4D90942FC07): 1
LogDevObjectVersion:   Dev-Automation (0DF73D61-A23F-47EA-B727-89E90C41499A): 1
LogDevObjectVersion:   FortniteMain (601D1886-AC64-4F84-AA16-D3DE0DEAC7D6): 47
LogDevObjectVersion:   FortniteRelease (E7086368-6B23-4C58-8439-1B7016265E91): 1
LogDevObjectVersion:   Dev-Enterprise (9DFFBCD6-494F-0158-E221-12823C92A888): 10
LogDevObjectVersion:   Dev-Niagara (F2AED0AC-9AFE-416F-8664-AA7FFA26D6FC): 1
LogDevObjectVersion:   Dev-Destruction (174F1F0B-B4C6-45A5-B13F-2EE8D0FB917D): 10
LogDevObjectVersion:   Dev-Physics-Ext (35F94A83-E258-406C-A318-09F59610247C): 41
LogDevObjectVersion:   Dev-PhysicsMaterial-Chaos (B68FC16E-8B1B-42E2-B453-215C058844FE): 1
LogDevObjectVersion:   Dev-CineCamera (B2E18506-4273-CFC2-A54E-F4BB758BBA07): 1
LogDevObjectVersion:   Dev-VirtualProduction (64F58936-FD1B-42BA-BA96-7289D5D0FA4E): 1
LogDevObjectVersion:   Dev-MediaFramework (6F0ED827-A609-4895-9C91-998D90180EA4): 2
LogInit: Presizing for max 25165824 objects, including 0 objects not considered by GC, pre-allocating 0 bytes for permanent pool.
LogConfig: Applying CVar settings from Section [/Script/Engine.StreamingSettings] File [C:/Users/ivcha/Documents/GitHub/GameplayProgramming/Saved/Config/Windows/Engine.ini]
LogConfig: Setting CVar [[s.MinBulkDataSizeForAsyncLoading:131072]]
LogConfig: Setting CVar [[s.AsyncLoadingThreadEnabled:0]]
LogConfig: Setting CVar [[s.EventDrivenLoaderEnabled:1]]
LogConfig: Setting CVar [[s.WarnIfTimeLimitExceeded:0]]
LogConfig: Setting CVar [[s.TimeLimitExceededMultiplier:1.5]]
LogConfig: Setting CVar [[s.TimeLimitExceededMinTime:0.005]]
LogConfig: Setting CVar [[s.UseBackgroundLevelStreaming:1]]
LogConfig: Setting CVar [[s.PriorityAsyncLoadingExtraTime:15.0]]
LogConfig: Setting CVar [[s.LevelStreamingActorsUpdateTimeLimit:5.0]]
LogConfig: Setting CVar [[s.PriorityLevelStreamingActorsUpdateExtraTime:5.0]]
LogConfig: Setting CVar [[s.LevelStreamingComponentsRegistrationGranularity:10]]
LogConfig: Setting CVar [[s.UnregisterComponentsTimeLimit:1.0]]
LogConfig: Setting CVar [[s.LevelStreamingComponentsUnregistrationGranularity:5]]
LogConfig: Setting CVar [[s.FlushStreamingOnExit:1]]
LogInit: Object subsystem initialized
LogConfig: Setting CVar [[con.DebugEarlyDefault:1]]
LogConfig: Setting CVar [[r.setres:1280x720]]
[2022.07.13-22.23.48:234][  0]LogConfig: Setting CVar [[con.DebugEarlyDefault:1]]
[2022.07.13-22.23.48:234][  0]LogConfig: Setting CVar [[r.setres:1280x720]]
[2022.07.13-22.23.48:234][  0]LogConfig: Applying CVar settings from Section [/Script/Engine.RendererSettings] File [C:/Users/ivcha/Documents/GitHub/GameplayProgramming/Saved/Config/Windows/Engine.ini]
[2022.07.13-22.23.48:234][  0]LogConfig: Setting CVar [[r.GPUCrashDebugging:0]]
[2022.07.13-22.23.48:234][  0]LogConfig: Applying CVar settings from Section [/Script/Engine.RendererOverrideSettings] File [C:/Users/ivcha/Documents/GitHub/GameplayProgramming/Saved/Config/Windows/Engine.ini]
[2022.07.13-22.23.48:234][  0]LogConfig: Applying CVar settings from Section [/Script/Engine.StreamingSettings] File [C:/Users/ivcha/Documents/GitHub/GameplayProgramming/Saved/Config/Windows/Engine.ini]
[2022.07.13-22.23.48:234][  0]LogConfig: Setting CVar [[s.MinBulkDataSizeForAsyncLoading:131072]]
[2022.07.13-22.23.48:234][  0]LogConfig: Setting CVar [[s.AsyncLoadingThreadEnabled:0]]
[2022.07.13-22.23.48:234][  0]LogConfig: Setting CVar [[s.EventDrivenLoaderEnabled:1]]
[2022.07.13-22.23.48:234][  0]LogConfig: Setting CVar [[s.WarnIfTimeLimitExceeded:0]]
[2022.07.13-22.23.48:234][  0]LogConfig: Setting CVar [[s.TimeLimitExceededMultiplier:1.5]]
[2022.07.13-22.23.48:234][  0]LogConfig: Setting CVar [[s.TimeLimitExceededMinTime:0.005]]
[2022.07.13-22.23.48:234][  0]LogConfig: Setting CVar [[s.UseBackgroundLevelStreaming:1]]
[2022.07.13-22.23.48:234][  0]LogConfig: Setting CVar [[s.PriorityAsyncLoadingExtraTime:15.0]]
[2022.07.13-22.23.48:234][  0]LogConfig: Setting CVar [[s.LevelStreamingActorsUpdateTimeLimit:5.0]]
[2022.07.13-22.23.48:234][  0]LogConfig: Setting CVar [[s.PriorityLevelStreamingActorsUpdateExtraTime:5.0]]
[2022.07.13-22.23.48:234][  0]LogConfig: Setting CVar [[s.LevelStreamingComponentsRegistrationGranularity:10]]
[2022.07.13-22.23.48:234][  0]LogConfig: Setting CVar [[s.UnregisterComponentsTimeLimit:1.0]]
[2022.07.13-22.23.48:234][  0]LogConfig: Setting CVar [[s.LevelStreamingComponentsUnregistrationGranularity:5]]
[2022.07.13-22.23.48:234][  0]LogConfig: Setting CVar [[s.FlushStreamingOnExit:1]]
[2022.07.13-22.23.48:234][  0]LogConfig: Applying CVar settings from Section [/Script/Engine.GarbageCollectionSettings] File [C:/Users/ivcha/Documents/GitHub/GameplayProgramming/Saved/Config/Windows/Engine.ini]
[2022.07.13-22.23.48:234][  0]LogConfig: Setting CVar [[gc.MaxObjectsNotConsideredByGC:1]]
[2022.07.13-22.23.48:234][  0]LogConfig: Setting CVar [[gc.SizeOfPermanentObjectPool:0]]
[2022.07.13-22.23.48:234][  0]LogConfig: Setting CVar [[gc.FlushStreamingOnGC:0]]
[2022.07.13-22.23.48:234][  0]LogConfig: Setting CVar [[gc.NumRetriesBeforeForcingGC:10]]
[2022.07.13-22.23.48:234][  0]LogConfig: Setting CVar [[gc.AllowParallelGC:1]]
[2022.07.13-22.23.48:234][  0]LogConfig: Setting CVar [[gc.TimeBetweenPurgingPendingKillObjects:61.1]]
[2022.07.13-22.23.48:234][  0]LogConfig: Setting CVar [[gc.MaxObjectsInEditor:25165824]]
[2022.07.13-22.23.48:234][  0]LogConfig: Setting CVar [[gc.IncrementalBeginDestroyEnabled:1]]
[2022.07.13-22.23.48:234][  0]LogConfig: Setting CVar [[gc.CreateGCClusters:1]]
[2022.07.13-22.23.48:234][  0]LogConfig: Setting CVar [[gc.MinGCClusterSize:5]]
[2022.07.13-22.23.48:234][  0]LogConfig: Setting CVar [[gc.ActorClusteringEnabled:0]]
[2022.07.13-22.23.48:234][  0]LogConfig: Setting CVar [[gc.BlueprintClusteringEnabled:0]]
[2022.07.13-22.23.48:234][  0]LogConfig: Setting CVar [[gc.UseDisregardForGCOnDedicatedServers:0]]
[2022.07.13-22.23.48:234][  0]LogConfig: Setting CVar [[gc.MultithreadedDestructionEnabled:1]]
[2022.07.13-22.23.48:234][  0]LogConfig: Applying CVar settings from Section [/Script/Engine.NetworkSettings] File [C:/Users/ivcha/Documents/GitHub/GameplayProgramming/Saved/Config/Windows/Engine.ini]
[2022.07.13-22.23.48:234][  0]LogConfig: Applying CVar settings from Section [/Script/UnrealEd.CookerSettings] File [C:/Users/ivcha/Documents/GitHub/GameplayProgramming/Saved/Config/Windows/Engine.ini]
[2022.07.13-22.23.48:239][  0]LogConfig: Applying CVar settings from Section [ViewDistanceQuality@3] File [C:/Users/ivcha/Documents/GitHub/GameplayProgramming/Saved/Config/Windows/Scalability.ini]
[2022.07.13-22.23.48:239][  0]LogConfig: Setting CVar [[r.SkeletalMeshLODBias:0]]
[2022.07.13-22.23.48:239][  0]LogConfig: Setting CVar [[r.ViewDistanceScale:1.0]]
[2022.07.13-22.23.48:239][  0]LogConfig: Applying CVar settings from Section [AntiAliasingQuality@3] File [C:/Users/ivcha/Documents/GitHub/GameplayProgramming/Saved/Config/Windows/Scalability.ini]
[2022.07.13-22.23.48:239][  0]LogConfig: Setting CVar [[r.PostProcessAAQuality:4]]
[2022.07.13-22.23.48:239][  0]LogConfig: Applying CVar settings from Section [ShadowQuality@3] File [C:/Users/ivcha/Documents/GitHub/GameplayProgramming/Saved/Config/Windows/Scalability.ini]
[2022.07.13-22.23.48:239][  0]LogConfig: Setting CVar [[r.LightFunctionQuality:1]]
[2022.07.13-22.23.48:239][  0]LogConfig: Setting CVar [[r.ShadowQuality:5]]
[2022.07.13-22.23.48:239][  0]LogConfig: Setting CVar [[r.Shadow.CSM.MaxCascades:10]]
[2022.07.13-22.23.48:239][  0]LogConfig: Setting CVar [[r.Shadow.MaxResolution:2048]]
[2022.07.13-22.23.48:239][  0]LogConfig: Setting CVar [[r.Shadow.MaxCSMResolution:2048]]
[2022.07.13-22.23.48:239][  0]LogConfig: Setting CVar [[r.Shadow.RadiusThreshold:0.01]]
[2022.07.13-22.23.48:239][  0]LogConfig: Setting CVar [[r.Shadow.DistanceScale:1.0]]
[2022.07.13-22.23.48:239][  0]LogConfig: Setting CVar [[r.Shadow.CSM.TransitionScale:1.0]]
[2022.07.13-22.23.48:239][  0]LogConfig: Setting CVar [[r.Shadow.PreShadowResolutionFactor:1.0]]
[2022.07.13-22.23.48:239][  0]LogConfig: Setting CVar [[r.DistanceFieldShadowing:1]]
[2022.07.13-22.23.48:239][  0]LogConfig: Setting CVar [[r.DistanceFieldAO:1]]
[2022.07.13-22.23.48:239][  0]LogConfig: Setting CVar [[r.AOQuality:2]]
[2022.07.13-22.23.48:239][  0]LogConfig: Setting CVar [[r.VolumetricFog:1]]
[2022.07.13-22.23.48:239][  0]LogConfig: Setting CVar [[r.VolumetricFog.GridPixelSize:8]]
[2022.07.13-22.23.48:239][  0]LogConfig: Setting CVar [[r.VolumetricFog.GridSizeZ:128]]
[2022.07.13-22.23.48:239][  0]LogConfig: Setting CVar [[r.VolumetricFog.HistoryMissSupersampleCount:4]]
[2022.07.13-22.23.48:239][  0]LogConfig: Setting CVar [[r.LightMaxDrawDistanceScale:1]]
[2022.07.13-22.23.48:239][  0]LogConfig: Setting CVar [[r.CapsuleShadows:1]]
[2022.07.13-22.23.48:239][  0]LogConfig: Applying CVar settings from Section [PostProcessQuality@3] File [C:/Users/ivcha/Documents/GitHub/GameplayProgramming/Saved/Config/Windows/Scalability.ini]
[2022.07.13-22.23.48:239][  0]LogConfig: Setting CVar [[r.MotionBlurQuality:4]]
[2022.07.13-22.23.48:239][  0]LogConfig: Setting CVar [[r.AmbientOcclusionMipLevelFactor:0.4]]
[2022.07.13-22.23.48:239][  0]LogConfig: Setting CVar [[r.AmbientOcclusionMaxQuality:100]]
[2022.07.13-22.23.48:239][  0]LogConfig: Setting CVar [[r.AmbientOcclusionLevels:-1]]
[2022.07.13-22.23.48:239][  0]LogConfig: Setting CVar [[r.AmbientOcclusionRadiusScale:1.0]]
[2022.07.13-22.23.48:239][  0]LogConfig: Setting CVar [[r.DepthOfFieldQuality:2]]
[2022.07.13-22.23.48:239][  0]LogConfig: Setting CVar [[r.RenderTargetPoolMin:400]]
[2022.07.13-22.23.48:239][  0]LogConfig: Setting CVar [[r.LensFlareQuality:2]]
[2022.07.13-22.23.48:239][  0]LogConfig: Setting CVar [[r.SceneColorFringeQuality:1]]
[2022.07.13-22.23.48:239][  0]LogConfig: Setting CVar [[r.EyeAdaptationQuality:2]]
[2022.07.13-22.23.48:239][  0]LogConfig: Setting CVar [[r.BloomQuality:5]]
[2022.07.13-22.23.48:239][  0]LogConfig: Setting CVar [[r.FastBlurThreshold:100]]
[2022.07.13-22.23.48:239][  0]LogConfig: Setting CVar [[r.Upscale.Quality:3]]
[2022.07.13-22.23.48:239][  0]LogConfig: Setting CVar [[r.Tonemapper.GrainQuantization:1]]
[2022.07.13-22.23.48:239][  0]LogConfig: Setting CVar [[r.LightShaftQuality:1]]
[2022.07.13-22.23.48:239][  0]LogConfig: Setting CVar [[r.Filter.SizeScale:1]]
[2022.07.13-22.23.48:239][  0]LogConfig: Setting CVar [[r.Tonemapper.Quality:5]]
[2022.07.13-22.23.48:239][  0]LogConfig: Setting CVar [[r.DOF.Gather.AccumulatorQuality:1        ; higher gathering accumulator quality]]
[2022.07.13-22.23.48:239][  0]LogConfig: Setting CVar [[r.DOF.Gather.PostfilterMethod:1          ; Median3x3 postfilering method]]
[2022.07.13-22.23.48:239][  0]LogConfig: Setting CVar [[r.DOF.Gather.EnableBokehSettings:0       ; no bokeh simulation when gathering]]
[2022.07.13-22.23.48:239][  0]LogConfig: Setting CVar [[r.DOF.Gather.RingCount:4                 ; medium number of samples when gathering]]
[2022.07.13-22.23.48:239][  0]LogConfig: Setting CVar [[r.DOF.Scatter.ForegroundCompositing:1    ; additive foreground scattering]]
[2022.07.13-22.23.48:239][  0]LogConfig: Setting CVar [[r.DOF.Scatter.BackgroundCompositing:2    ; additive background scattering]]
[2022.07.13-22.23.48:239][  0]LogConfig: Setting CVar [[r.DOF.Scatter.EnableBokehSettings:1      ; bokeh simulation when scattering]]
[2022.07.13-22.23.48:239][  0]LogConfig: Setting CVar [[r.DOF.Scatter.MaxSpriteRatio:0.1         ; only a maximum of 10% of scattered bokeh]]
[2022.07.13-22.23.48:239][  0]LogConfig: Setting CVar [[r.DOF.Recombine.Quality:1                ; cheap slight out of focus]]
[2022.07.13-22.23.48:239][  0]LogConfig: Setting CVar [[r.DOF.Recombine.EnableBokehSettings:0    ; no bokeh simulation on slight out of focus]]
[2022.07.13-22.23.48:239][  0]LogConfig: Setting CVar [[r.DOF.TemporalAAQuality:1                ; more stable temporal accumulation]]
[2022.07.13-22.23.48:239][  0]LogConfig: Setting CVar [[r.DOF.Kernel.MaxForegroundRadius:0.025]]
[2022.07.13-22.23.48:239][  0]LogConfig: Setting CVar [[r.DOF.Kernel.MaxBackgroundRadius:0.025]]
[2022.07.13-22.23.48:239][  0]LogConfig: Applying CVar settings from Section [TextureQuality@3] File [C:/Users/ivcha/Documents/GitHub/GameplayProgramming/Saved/Config/Windows/Scalability.ini]
[2022.07.13-22.23.48:239][  0]LogConfig: Setting CVar [[r.Streaming.MipBias:0]]
[2022.07.13-22.23.48:239][  0]LogConfig: Setting CVar [[r.Streaming.AmortizeCPUToGPUCopy:0]]
[2022.07.13-22.23.48:239][  0]LogConfig: Setting CVar [[r.Streaming.MaxNumTexturesToStreamPerFrame:0]]
[2022.07.13-22.23.48:239][  0]LogConfig: Setting CVar [[r.Streaming.Boost:1]]
[2022.07.13-22.23.48:239][  0]LogConfig: Setting CVar [[r.MaxAnisotropy:8]]
[2022.07.13-22.23.48:239][  0]LogConfig: Setting CVar [[r.VT.MaxAnisotropy:8]]
[2022.07.13-22.23.48:239][  0]LogConfig: Setting CVar [[r.Streaming.LimitPoolSizeToVRAM:0]]
[2022.07.13-22.23.48:239][  0]LogConfig: Setting CVar [[r.Streaming.PoolSize:1000]]
[2022.07.13-22.23.48:239][  0]LogConfig: Setting CVar [[r.Streaming.MaxEffectiveScreenSize:0]]
[2022.07.13-22.23.48:239][  0]LogConfig: Applying CVar settings from Section [EffectsQuality@3] File [C:/Users/ivcha/Documents/GitHub/GameplayProgramming/Saved/Config/Windows/Scalability.ini]
[2022.07.13-22.23.48:239][  0]LogConfig: Setting CVar [[r.TranslucencyLightingVolumeDim:64]]
[2022.07.13-22.23.48:239][  0]LogConfig: Setting CVar [[r.RefractionQuality:2]]
[2022.07.13-22.23.48:239][  0]LogConfig: Setting CVar [[r.SSR.Quality:3]]
[2022.07.13-22.23.48:239][  0]LogConfig: Setting CVar [[r.SSR.HalfResSceneColor:0]]
[2022.07.13-22.23.48:239][  0]LogConfig: Setting CVar [[r.SceneColorFormat:4]]
[2022.07.13-22.23.48:239][  0]LogConfig: Setting CVar [[r.DetailMode:2]]
[2022.07.13-22.23.48:239][  0]LogConfig: Setting CVar [[r.TranslucencyVolumeBlur:1]]
[2022.07.13-22.23.48:239][  0]LogConfig: Setting CVar [[r.MaterialQualityLevel:1 ; High quality]]
[2022.07.13-22.23.48:239][  0]LogConfig: Setting CVar [[r.AnisotropicMaterials:1]]
[2022.07.13-22.23.48:239][  0]LogConfig: Setting CVar [[r.SSS.Scale:1]]
[2022.07.13-22.23.48:239][  0]LogConfig: Setting CVar [[r.SSS.SampleSet:2]]
[2022.07.13-22.23.48:239][  0]LogConfig: Setting CVar [[r.SSS.Quality:1]]
[2022.07.13-22.23.48:239][  0]LogConfig: Setting CVar [[r.SSS.HalfRes:0]]
[2022.07.13-22.23.48:239][  0]LogConfig: Setting CVar [[r.SSGI.Quality:3]]
[2022.07.13-22.23.48:239][  0]LogConfig: Setting CVar [[r.EmitterSpawnRateScale:1.0]]
[2022.07.13-22.23.48:239][  0]LogConfig: Setting CVar [[r.ParticleLightQuality:2]]
[2022.07.13-22.23.48:239][  0]LogConfig: Setting CVar [[r.SkyAtmosphere.AerialPerspectiveLUT.FastApplyOnOpaque:1 ; Always have FastSkyLUT 1 in this case to avoid wrong sky]]
[2022.07.13-22.23.48:239][  0]LogConfig: Setting CVar [[r.SkyAtmosphere.AerialPerspectiveLUT.SampleCountMaxPerSlice:4]]
[2022.07.13-22.23.48:239][  0]LogConfig: Setting CVar [[r.SkyAtmosphere.AerialPerspectiveLUT.DepthResolution:16.0]]
[2022.07.13-22.23.48:239][  0]LogConfig: Setting CVar [[r.SkyAtmosphere.FastSkyLUT:1]]
[2022.07.13-22.23.48:239][  0]LogConfig: Setting CVar [[r.SkyAtmosphere.FastSkyLUT.SampleCountMin:4.0]]
[2022.07.13-22.23.48:239][  0]LogConfig: Setting CVar [[r.SkyAtmosphere.FastSkyLUT.SampleCountMax:128.0]]
[2022.07.13-22.23.48:239][  0]LogConfig: Setting CVar [[r.SkyAtmosphere.SampleCountMin:4.0]]
[2022.07.13-22.23.48:239][  0]LogConfig: Setting CVar [[r.SkyAtmosphere.SampleCountMax:128.0]]
[2022.07.13-22.23.48:239][  0]LogConfig: Setting CVar [[r.SkyAtmosphere.TransmittanceLUT.UseSmallFormat:0]]
[2022.07.13-22.23.48:240][  0]LogConfig: Setting CVar [[r.SkyAtmosphere.TransmittanceLUT.SampleCount:10.0]]
[2022.07.13-22.23.48:240][  0]LogConfig: Setting CVar [[r.SkyAtmosphere.MultiScatteringLUT.SampleCount:15.0]]
[2022.07.13-22.23.48:240][  0]LogConfig: Setting CVar [[r.SkyLight.RealTimeReflectionCapture:1]]
[2022.07.13-22.23.48:240][  0]LogConfig: Applying CVar settings from Section [FoliageQuality@3] File [C:/Users/ivcha/Documents/GitHub/GameplayProgramming/Saved/Config/Windows/Scalability.ini]
[2022.07.13-22.23.48:240][  0]LogConfig: Setting CVar [[foliage.DensityScale:1.0]]
[2022.07.13-22.23.48:240][  0]LogConfig: Setting CVar [[grass.DensityScale:1.0]]
[2022.07.13-22.23.48:240][  0]LogConfig: Applying CVar settings from Section [ShadingQuality@3] File [C:/Users/ivcha/Documents/GitHub/GameplayProgramming/Saved/Config/Windows/Scalability.ini]
[2022.07.13-22.23.48:240][  0]LogConfig: Setting CVar [[r.HairStrands.SkyLighting.IntegrationType:2]]
[2022.07.13-22.23.48:240][  0]LogConfig: Setting CVar [[r.HairStrands.SkyAO.SampleCount:4]]
[2022.07.13-22.23.48:240][  0]LogConfig: Setting CVar [[r.HairStrands.Visibility.MSAA.SamplePerPixel:4]]
[2022.07.13-22.23.48:240][  0]LogInit: Selected Device Profile: [Windows]
[2022.07.13-22.23.48:240][  0]LogInit: Applying CVar settings loaded from the selected device profile: [Windows]
[2022.07.13-22.23.48:240][  0]LogHAL: Display: Platform has ~ 16 GB [16558354432 / 17179869184 / 16], which maps to Larger [LargestMinGB=32, LargerMinGB=12, DefaultMinGB=8, SmallerMinGB=6, SmallestMinGB=0)
[2022.07.13-22.23.48:240][  0]LogInit: Going up to parent DeviceProfile []
[2022.07.13-22.23.48:240][  0]LogConfig: Applying CVar settings from Section [ViewDistanceQuality@3] File [C:/Users/ivcha/Documents/GitHub/GameplayProgramming/Saved/Config/Windows/Scalability.ini]
[2022.07.13-22.23.48:240][  0]LogConfig: Setting CVar [[r.SkeletalMeshLODBias:0]]
[2022.07.13-22.23.48:240][  0]LogConfig: Setting CVar [[r.ViewDistanceScale:1.0]]
[2022.07.13-22.23.48:240][  0]LogConfig: Applying CVar settings from Section [AntiAliasingQuality@3] File [C:/Users/ivcha/Documents/GitHub/GameplayProgramming/Saved/Config/Windows/Scalability.ini]
[2022.07.13-22.23.48:240][  0]LogConfig: Setting CVar [[r.PostProcessAAQuality:4]]
[2022.07.13-22.23.48:240][  0]LogConfig: Applying CVar settings from Section [ShadowQuality@3] File [C:/Users/ivcha/Documents/GitHub/GameplayProgramming/Saved/Config/Windows/Scalability.ini]
[2022.07.13-22.23.48:240][  0]LogConfig: Setting CVar [[r.LightFunctionQuality:1]]
[2022.07.13-22.23.48:240][  0]LogConfig: Setting CVar [[r.ShadowQuality:5]]
[2022.07.13-22.23.48:240][  0]LogConfig: Setting CVar [[r.Shadow.CSM.MaxCascades:10]]
[2022.07.13-22.23.48:240][  0]LogConfig: Setting CVar [[r.Shadow.MaxResolution:2048]]
[2022.07.13-22.23.48:240][  0]LogConfig: Setting CVar [[r.Shadow.MaxCSMResolution:2048]]
[2022.07.13-22.23.48:240][  0]LogConfig: Setting CVar [[r.Shadow.RadiusThreshold:0.01]]
[2022.07.13-22.23.48:240][  0]LogConfig: Setting CVar [[r.Shadow.DistanceScale:1.0]]
[2022.07.13-22.23.48:240][  0]LogConfig: Setting CVar [[r.Shadow.CSM.TransitionScale:1.0]]
[2022.07.13-22.23.48:240][  0]LogConfig: Setting CVar [[r.Shadow.PreShadowResolutionFactor:1.0]]
[2022.07.13-22.23.48:240][  0]LogConfig: Setting CVar [[r.DistanceFieldShadowing:1]]
[2022.07.13-22.23.48:240][  0]LogConfig: Setting CVar [[r.DistanceFieldAO:1]]
[2022.07.13-22.23.48:240][  0]LogConfig: Setting CVar [[r.AOQuality:2]]
[2022.07.13-22.23.48:240][  0]LogConfig: Setting CVar [[r.VolumetricFog:1]]
[2022.07.13-22.23.48:240][  0]LogConfig: Setting CVar [[r.VolumetricFog.GridPixelSize:8]]
[2022.07.13-22.23.48:240][  0]LogConfig: Setting CVar [[r.VolumetricFog.GridSizeZ:128]]
[2022.07.13-22.23.48:240][  0]LogConfig: Setting CVar [[r.VolumetricFog.HistoryMissSupersampleCount:4]]
[2022.07.13-22.23.48:240][  0]LogConfig: Setting CVar [[r.LightMaxDrawDistanceScale:1]]
[2022.07.13-22.23.48:240][  0]LogConfig: Setting CVar [[r.CapsuleShadows:1]]
[2022.07.13-22.23.48:240][  0]LogConfig: Applying CVar settings from Section [PostProcessQuality@3] File [C:/Users/ivcha/Documents/GitHub/GameplayProgramming/Saved/Config/Windows/Scalability.ini]
[2022.07.13-22.23.48:240][  0]LogConfig: Setting CVar [[r.MotionBlurQuality:4]]
[2022.07.13-22.23.48:240][  0]LogConfig: Setting CVar [[r.AmbientOcclusionMipLevelFactor:0.4]]
[2022.07.13-22.23.48:240][  0]LogConfig: Setting CVar [[r.AmbientOcclusionMaxQuality:100]]
[2022.07.13-22.23.48:240][  0]LogConfig: Setting CVar [[r.AmbientOcclusionLevels:-1]]
[2022.07.13-22.23.48:240][  0]LogConfig: Setting CVar [[r.AmbientOcclusionRadiusScale:1.0]]
[2022.07.13-22.23.48:240][  0]LogConfig: Setting CVar [[r.DepthOfFieldQuality:2]]
[2022.07.13-22.23.48:240][  0]LogConfig: Setting CVar [[r.RenderTargetPoolMin:400]]
[2022.07.13-22.23.48:240][  0]LogConfig: Setting CVar [[r.LensFlareQuality:2]]
[2022.07.13-22.23.48:240][  0]LogConfig: Setting CVar [[r.SceneColorFringeQuality:1]]
[2022.07.13-22.23.48:240][  0]LogConfig: Setting CVar [[r.EyeAdaptationQuality:2]]
[2022.07.13-22.23.48:240][  0]LogConfig: Setting CVar [[r.BloomQuality:5]]
[2022.07.13-22.23.48:240][  0]LogConfig: Setting CVar [[r.FastBlurThreshold:100]]
[2022.07.13-22.23.48:240][  0]LogConfig: Setting CVar [[r.Upscale.Quality:3]]
[2022.07.13-22.23.48:240][  0]LogConfig: Setting CVar [[r.Tonemapper.GrainQuantization:1]]
[2022.07.13-22.23.48:240][  0]LogConfig: Setting CVar [[r.LightShaftQuality:1]]
[2022.07.13-22.23.48:240][  0]LogConfig: Setting CVar [[r.Filter.SizeScale:1]]
[2022.07.13-22.23.48:240][  0]LogConfig: Setting CVar [[r.Tonemapper.Quality:5]]
[2022.07.13-22.23.48:240][  0]LogConfig: Setting CVar [[r.DOF.Gather.AccumulatorQuality:1        ; higher gathering accumulator quality]]
[2022.07.13-22.23.48:240][  0]LogConfig: Setting CVar [[r.DOF.Gather.PostfilterMethod:1          ; Median3x3 postfilering method]]
[2022.07.13-22.23.48:240][  0]LogConfig: Setting CVar [[r.DOF.Gather.EnableBokehSettings:0       ; no bokeh simulation when gathering]]
[2022.07.13-22.23.48:240][  0]LogConfig: Setting CVar [[r.DOF.Gather.RingCount:4                 ; medium number of samples when gathering]]
[2022.07.13-22.23.48:240][  0]LogConfig: Setting CVar [[r.DOF.Scatter.ForegroundCompositing:1    ; additive foreground scattering]]
[2022.07.13-22.23.48:240][  0]LogConfig: Setting CVar [[r.DOF.Scatter.BackgroundCompositing:2    ; additive background scattering]]
[2022.07.13-22.23.48:240][  0]LogConfig: Setting CVar [[r.DOF.Scatter.EnableBokehSettings:1      ; bokeh simulation when scattering]]
[2022.07.13-22.23.48:240][  0]LogConfig: Setting CVar [[r.DOF.Scatter.MaxSpriteRatio:0.1         ; only a maximum of 10% of scattered bokeh]]
[2022.07.13-22.23.48:240][  0]LogConfig: Setting CVar [[r.DOF.Recombine.Quality:1                ; cheap slight out of focus]]
[2022.07.13-22.23.48:240][  0]LogConfig: Setting CVar [[r.DOF.Recombine.EnableBokehSettings:0    ; no bokeh simulation on slight out of focus]]
[2022.07.13-22.23.48:240][  0]LogConfig: Setting CVar [[r.DOF.TemporalAAQuality:1                ; more stable temporal accumulation]]
[2022.07.13-22.23.48:240][  0]LogConfig: Setting CVar [[r.DOF.Kernel.MaxForegroundRadius:0.025]]
[2022.07.13-22.23.48:240][  0]LogConfig: Setting CVar [[r.DOF.Kernel.MaxBackgroundRadius:0.025]]
[2022.07.13-22.23.48:240][  0]LogConfig: Applying CVar settings from Section [TextureQuality@3] File [C:/Users/ivcha/Documents/GitHub/GameplayProgramming/Saved/Config/Windows/Scalability.ini]
[2022.07.13-22.23.48:240][  0]LogConfig: Setting CVar [[r.Streaming.MipBias:0]]
[2022.07.13-22.23.48:240][  0]LogConfig: Setting CVar [[r.Streaming.AmortizeCPUToGPUCopy:0]]
[2022.07.13-22.23.48:240][  0]LogConfig: Setting CVar [[r.Streaming.MaxNumTexturesToStreamPerFrame:0]]
[2022.07.13-22.23.48:240][  0]LogConfig: Setting CVar [[r.Streaming.Boost:1]]
[2022.07.13-22.23.48:240][  0]LogConfig: Setting CVar [[r.MaxAnisotropy:8]]
[2022.07.13-22.23.48:240][  0]LogConfig: Setting CVar [[r.VT.MaxAnisotropy:8]]
[2022.07.13-22.23.48:240][  0]LogConfig: Setting CVar [[r.Streaming.LimitPoolSizeToVRAM:0]]
[2022.07.13-22.23.48:240][  0]LogConfig: Setting CVar [[r.Streaming.PoolSize:1000]]
[2022.07.13-22.23.48:240][  0]LogConfig: Setting CVar [[r.Streaming.MaxEffectiveScreenSize:0]]
[2022.07.13-22.23.48:240][  0]LogConfig: Applying CVar settings from Section [EffectsQuality@3] File [C:/Users/ivcha/Documents/GitHub/GameplayProgramming/Saved/Config/Windows/Scalability.ini]
[2022.07.13-22.23.48:240][  0]LogConfig: Setting CVar [[r.TranslucencyLightingVolumeDim:64]]
[2022.07.13-22.23.48:240][  0]LogConfig: Setting CVar [[r.RefractionQuality:2]]
[2022.07.13-22.23.48:240][  0]LogConfig: Setting CVar [[r.SSR.Quality:3]]
[2022.07.13-22.23.48:240][  0]LogConfig: Setting CVar [[r.SSR.HalfResSceneColor:0]]
[2022.07.13-22.23.48:240][  0]LogConfig: Setting CVar [[r.SceneColorFormat:4]]
[2022.07.13-22.23.48:240][  0]LogConfig: Setting CVar [[r.DetailMode:2]]
[2022.07.13-22.23.48:240][  0]LogConfig: Setting CVar [[r.TranslucencyVolumeBlur:1]]
[2022.07.13-22.23.48:240][  0]LogConfig: Setting CVar [[r.MaterialQualityLevel:1 ; High quality]]
[2022.07.13-22.23.48:240][  0]LogConfig: Setting CVar [[r.AnisotropicMaterials:1]]
[2022.07.13-22.23.48:240][  0]LogConfig: Setting CVar [[r.SSS.Scale:1]]
[2022.07.13-22.23.48:240][  0]LogConfig: Setting CVar [[r.SSS.SampleSet:2]]
[2022.07.13-22.23.48:240][  0]LogConfig: Setting CVar [[r.SSS.Quality:1]]
[2022.07.13-22.23.48:240][  0]LogConfig: Setting CVar [[r.SSS.HalfRes:0]]
[2022.07.13-22.23.48:240][  0]LogConfig: Setting CVar [[r.SSGI.Quality:3]]
[2022.07.13-22.23.48:240][  0]LogConfig: Setting CVar [[r.EmitterSpawnRateScale:1.0]]
[2022.07.13-22.23.48:241][  0]LogConfig: Setting CVar [[r.ParticleLightQuality:2]]
[2022.07.13-22.23.48:241][  0]LogConfig: Setting CVar [[r.SkyAtmosphere.AerialPerspectiveLUT.FastApplyOnOpaque:1 ; Always have FastSkyLUT 1 in this case to avoid wrong sky]]
[2022.07.13-22.23.48:241][  0]LogConfig: Setting CVar [[r.SkyAtmosphere.AerialPerspectiveLUT.SampleCountMaxPerSlice:4]]
[2022.07.13-22.23.48:241][  0]LogConfig: Setting CVar [[r.SkyAtmosphere.AerialPerspectiveLUT.DepthResolution:16.0]]
[2022.07.13-22.23.48:241][  0]LogConfig: Setting CVar [[r.SkyAtmosphere.FastSkyLUT:1]]
[2022.07.13-22.23.48:241][  0]LogConfig: Setting CVar [[r.SkyAtmosphere.FastSkyLUT.SampleCountMin:4.0]]
[2022.07.13-22.23.48:241][  0]LogConfig: Setting CVar [[r.SkyAtmosphere.FastSkyLUT.SampleCountMax:128.0]]
[2022.07.13-22.23.48:241][  0]LogConfig: Setting CVar [[r.SkyAtmosphere.SampleCountMin:4.0]]
[2022.07.13-22.23.48:241][  0]LogConfig: Setting CVar [[r.SkyAtmosphere.SampleCountMax:128.0]]
[2022.07.13-22.23.48:241][  0]LogConfig: Setting CVar [[r.SkyAtmosphere.TransmittanceLUT.UseSmallFormat:0]]
[2022.07.13-22.23.48:241][  0]LogConfig: Setting CVar [[r.SkyAtmosphere.TransmittanceLUT.SampleCount:10.0]]
[2022.07.13-22.23.48:241][  0]LogConfig: Setting CVar [[r.SkyAtmosphere.MultiScatteringLUT.SampleCount:15.0]]
[2022.07.13-22.23.48:241][  0]LogConfig: Setting CVar [[r.SkyLight.RealTimeReflectionCapture:1]]
[2022.07.13-22.23.48:241][  0]LogConfig: Applying CVar settings from Section [FoliageQuality@3] File [C:/Users/ivcha/Documents/GitHub/GameplayProgramming/Saved/Config/Windows/Scalability.ini]
[2022.07.13-22.23.48:241][  0]LogConfig: Setting CVar [[foliage.DensityScale:1.0]]
[2022.07.13-22.23.48:241][  0]LogConfig: Setting CVar [[grass.DensityScale:1.0]]
[2022.07.13-22.23.48:241][  0]LogConfig: Applying CVar settings from Section [ShadingQuality@3] File [C:/Users/ivcha/Documents/GitHub/GameplayProgramming/Saved/Config/Windows/Scalability.ini]
[2022.07.13-22.23.48:241][  0]LogConfig: Setting CVar [[r.HairStrands.SkyLighting.IntegrationType:2]]
[2022.07.13-22.23.48:241][  0]LogConfig: Setting CVar [[r.HairStrands.SkyAO.SampleCount:4]]
[2022.07.13-22.23.48:241][  0]LogConfig: Setting CVar [[r.HairStrands.Visibility.MSAA.SamplePerPixel:4]]
[2022.07.13-22.23.48:241][  0]LogConfig: Applying CVar settings from Section [Startup] File [../../../Engine/Config/ConsoleVariables.ini]
[2022.07.13-22.23.48:242][  0]LogConfig: Setting CVar [[net.UseAdaptiveNetUpdateFrequency:0]]
[2022.07.13-22.23.48:242][  0]LogConfig: Setting CVar [[p.chaos.AllowCreatePhysxBodies:1]]
[2022.07.13-22.23.48:242][  0]LogConfig: Setting CVar [[fx.SkipVectorVMBackendOptimizations:1]]
[2022.07.13-22.23.48:242][  0]LogConfig: Applying CVar settings from Section [ConsoleVariables] File [C:/Users/ivcha/Documents/GitHub/GameplayProgramming/Saved/Config/Windows/Engine.ini]
[2022.07.13-22.23.48:242][  0]LogConfig: Applying CVar settings from Section [ConsoleVariables] File [C:/Users/ivcha/Documents/GitHub/GameplayProgramming/Saved/Config/Windows/Editor.ini]
[2022.07.13-22.23.48:242][  0]LogInit: Computer: DESKTOP-4KBLNKT
[2022.07.13-22.23.48:242][  0]LogInit: User: ivcha
[2022.07.13-22.23.48:242][  0]LogInit: CPU Page size=4096, Cores=8
[2022.07.13-22.23.48:242][  0]LogInit: High frequency timer resolution =10.000000 MHz
[2022.07.13-22.23.48:242][  0]LogMemory: Memory total: Physical=15.4GB (16GB approx)
[2022.07.13-22.23.48:242][  0]LogMemory: Platform Memory Stats for Windows
[2022.07.13-22.23.48:242][  0]LogMemory: Process Physical Memory: 148.29 MB used, 148.30 MB peak
[2022.07.13-22.23.48:242][  0]LogMemory: Process Virtual Memory: 133.07 MB used, 133.07 MB peak
[2022.07.13-22.23.48:242][  0]LogMemory: Physical Memory: 11427.79 MB used,  4363.49 MB free, 15791.28 MB total
[2022.07.13-22.23.48:242][  0]LogMemory: Virtual Memory: 134206680.00 MB used,  11050.31 MB free, 134217728.00 MB total
[2022.07.13-22.23.48:248][  0]LogWindows: WindowsPlatformFeatures enabled
[2022.07.13-22.23.48:287][  0]LogInit: Physics initialised using underlying interface: PhysX
[2022.07.13-22.23.48:287][  0]LogInit: Using OS detected language (es-ES).
[2022.07.13-22.23.48:287][  0]LogInit: Using OS detected locale (es-ES).
[2022.07.13-22.23.48:292][  0]LogTextLocalizationManager: No specific localization for 'es-ES' exists, so the 'es' localization will be used.
[2022.07.13-22.23.48:394][  0]LogWindowsTextInputMethodSystem: Display: IME system deactivated.
[2022.07.13-22.23.48:412][  0]LogSlate: New Slate User Created.  User Index 0, Is Virtual User: 0
[2022.07.13-22.23.48:412][  0]LogSlate: Slate User Registered.  User Index 0, Is Virtual User: 0
[2022.07.13-22.23.48:427][  0]LogD3D11RHI: Loaded GFSDK_Aftermath_Lib.x64.dll
[2022.07.13-22.23.48:441][  0]LogHMD: Failed to initialize OpenVR with code 110
[2022.07.13-22.23.48:441][  0]LogD3D11RHI: D3D11 min allowed feature level: 11_0
[2022.07.13-22.23.48:441][  0]LogD3D11RHI: D3D11 max allowed feature level: 11_0
[2022.07.13-22.23.48:441][  0]LogD3D11RHI: D3D11 adapters:
[2022.07.13-22.23.48:533][  0]LogD3D11RHI:    0. 'NVIDIA GeForce GTX 1650 Ti' (Feature Level 11_0)
[2022.07.13-22.23.48:533][  0]LogD3D11RHI:       3962/0/7895 MB DedicatedVideo/DedicatedSystem/SharedSystem, Outputs:1, VendorId:0x10de
[2022.07.13-22.23.48:560][  0]LogD3D11RHI:    1. 'AMD Radeon(TM) Graphics' (Feature Level 11_0)
[2022.07.13-22.23.48:560][  0]LogD3D11RHI:       496/0/7895 MB DedicatedVideo/DedicatedSystem/SharedSystem, Outputs:0, VendorId:0x1002
[2022.07.13-22.23.48:562][  0]LogD3D11RHI:    2. 'Microsoft Basic Render Driver' (Feature Level 11_0)
[2022.07.13-22.23.48:562][  0]LogD3D11RHI:       0/0/7895 MB DedicatedVideo/DedicatedSystem/SharedSystem, Outputs:0, VendorId:0x1414
[2022.07.13-22.23.48:562][  0]LogD3D11RHI: Chosen D3D11 Adapter:
[2022.07.13-22.23.48:562][  0]LogD3D11RHI:     Description : NVIDIA GeForce GTX 1650 Ti
[2022.07.13-22.23.48:562][  0]LogD3D11RHI:     VendorId    : 10de
[2022.07.13-22.23.48:562][  0]LogD3D11RHI:     DeviceId    : 1f95
[2022.07.13-22.23.48:562][  0]LogD3D11RHI:     SubSysId    : 16df1043
[2022.07.13-22.23.48:562][  0]LogD3D11RHI:     Revision    : 00a1
[2022.07.13-22.23.48:562][  0]LogD3D11RHI:     DedicatedVideoMemory : 4154458112 bytes
[2022.07.13-22.23.48:562][  0]LogD3D11RHI:     DedicatedSystemMemory : 0 bytes
[2022.07.13-22.23.48:563][  0]LogD3D11RHI:     SharedSystemMemory : 8279177216 bytes
[2022.07.13-22.23.48:563][  0]LogD3D11RHI:     AdapterLuid : 0 59561
[2022.07.13-22.23.48:572][  0]LogD3D11RHI: Creating new Direct3DDevice
[2022.07.13-22.23.48:572][  0]LogD3D11RHI:     GPU DeviceId: 0x1f95 (for the marketing name, search the web for "GPU Device Id")
[2022.07.13-22.23.48:572][  0]LogWindows: EnumDisplayDevices:
[2022.07.13-22.23.48:572][  0]LogWindows:    0. 'AMD Radeon(TM) Graphics' (P:1 D:1)
[2022.07.13-22.23.48:572][  0]LogWindows:    1. 'AMD Radeon(TM) Graphics' (P:0 D:0)
[2022.07.13-22.23.48:573][  0]LogWindows:    2. 'AMD Radeon(TM) Graphics' (P:0 D:0)
[2022.07.13-22.23.48:573][  0]LogWindows:    3. 'AMD Radeon(TM) Graphics' (P:0 D:0)
[2022.07.13-22.23.48:573][  0]LogWindows:    4. 'NVIDIA GeForce GTX 1650 Ti' (P:0 D:0)
[2022.07.13-22.23.48:573][  0]LogWindows:    5. 'NVIDIA GeForce GTX 1650 Ti' (P:0 D:0)
[2022.07.13-22.23.48:573][  0]LogWindows:    6. 'NVIDIA GeForce GTX 1650 Ti' (P:0 D:0)
[2022.07.13-22.23.48:574][  0]LogWindows:    7. 'NVIDIA GeForce GTX 1650 Ti' (P:0 D:0)
[2022.07.13-22.23.48:574][  0]LogWindows: DebugString: PrimaryIsNotTheChoosenAdapter PrimaryIsNotTheChoosenAdapter PrimaryIsNotTheChoosenAdapter PrimaryIsNotTheChoosenAdapter FoundDriverCount:4 
[2022.07.13-22.23.48:574][  0]LogD3D11RHI:     Adapter Name: NVIDIA GeForce GTX 1650 Ti
[2022.07.13-22.23.48:574][  0]LogD3D11RHI:   Driver Version: 516.59 (internal:31.0.15.1659, unified:516.59)
[2022.07.13-22.23.48:574][  0]LogD3D11RHI:      Driver Date: 6-23-2022
[2022.07.13-22.23.48:574][  0]LogRHI: Texture pool is 2773 MB (70% of 3962 MB)
[2022.07.13-22.23.48:574][  0]LogD3D11RHI: Creating D3DDevice using adapter:
[2022.07.13-22.23.48:574][  0]LogD3D11RHI:     Description : NVIDIA GeForce GTX 1650 Ti
[2022.07.13-22.23.48:574][  0]LogD3D11RHI:     VendorId    : 10de
[2022.07.13-22.23.48:574][  0]LogD3D11RHI:     DeviceId    : 1f95
[2022.07.13-22.23.48:574][  0]LogD3D11RHI:     SubSysId    : 16df1043
[2022.07.13-22.23.48:574][  0]LogD3D11RHI:     Revision    : 00a1
[2022.07.13-22.23.48:574][  0]LogD3D11RHI:     DedicatedVideoMemory : 4154458112 bytes
[2022.07.13-22.23.48:574][  0]LogD3D11RHI:     DedicatedSystemMemory : 0 bytes
[2022.07.13-22.23.48:574][  0]LogD3D11RHI:     SharedSystemMemory : 8279177216 bytes
[2022.07.13-22.23.48:574][  0]LogD3D11RHI:     AdapterLuid : 0 59561
[2022.07.13-22.23.48:629][  0]LogD3D11RHI: RHI has support for 64 bit atomics
[2022.07.13-22.23.48:629][  0]LogD3D11RHI: Async texture creation enabled
[2022.07.13-22.23.48:629][  0]LogD3D11RHI: Array index from any shader is supported
[2022.07.13-22.23.48:651][  0]LogD3D11RHI: GPU Timing Frequency: 1000.000000 (Debug: 2 1)
[2022.07.13-22.23.48:677][  0]LogRHI: GeForceNow SDK initialized: 1
[2022.07.13-22.23.48:953][  0]LogTargetPlatformManager: Display: Loaded TargetPlatform 'WindowsNoEditor'
[2022.07.13-22.23.48:958][  0]LogTargetPlatformManager: Display: Loaded TargetPlatform 'Windows'
[2022.07.13-22.23.48:965][  0]LogTargetPlatformManager: Display: Loaded TargetPlatform 'WindowsClient'
[2022.07.13-22.23.48:970][  0]LogTargetPlatformManager: Display: Loaded TargetPlatform 'WindowsServer'
[2022.07.13-22.23.48:970][  0]LogTargetPlatformManager: Display: Building Assets For Windows
[2022.07.13-22.23.48:978][  0]LogAudioDebug: Display: Lib vorbis DLL was dynamically loaded.
[2022.07.13-22.23.49:008][  0]LogTextureFormatOodle: Display: Oodle Texture 2.9.0 init RDO Off
[2022.07.13-22.23.49:036][  0]LogRendererCore: Ray tracing is disabled. Reason: r.RayTracing=0.
[2022.07.13-22.23.49:037][  0]LogShaderCompilers: Guid format shader working directory is -20 characters bigger than the processId version (../../../../../../Users/ivcha/Documents/GitHub/GameplayProgramming/Intermediate/Shaders/WorkingDirectory/2420/).
[2022.07.13-22.23.49:037][  0]LogShaderCompilers: Cleaned the shader compiler working directory 'C:/Users/ivcha/AppData/Local/Temp/UnrealShaderWorkingDir/166566DC41A7F182D8378482E34114E0/'.
[2022.07.13-22.23.49:037][  0]LogXGEController: Cannot use XGE Controller as Incredibuild is not installed on this machine.
[2022.07.13-22.23.49:037][  0]LogShaderCompilers: Cannot use XGE Shader Compiler as Incredibuild is not installed on this machine.
[2022.07.13-22.23.49:037][  0]LogShaderCompilers: Display: Using Local Shader Compiler.
[2022.07.13-22.23.49:692][  0]LogDerivedDataCache: Display: Max Cache Size: 512 MB
[2022.07.13-22.23.49:761][  0]LogDerivedDataCache: Loaded boot cache 0.07s 94MB C:/Users/ivcha/AppData/Local/UnrealEngine/4.27/DerivedDataCache/Boot.ddc.
[2022.07.13-22.23.49:761][  0]LogDerivedDataCache: Display: Loaded Boot cache: C:/Users/ivcha/AppData/Local/UnrealEngine/4.27/DerivedDataCache/Boot.ddc
[2022.07.13-22.23.49:761][  0]LogDerivedDataCache: FDerivedDataBackendGraph:  Pak pak cache file ../../../../../../Users/ivcha/Documents/GitHub/GameplayProgramming/DerivedDataCache/DDC.ddp not found, will not use a pak cache.
[2022.07.13-22.23.49:761][  0]LogDerivedDataCache: Unable to find inner node Pak for hierarchical cache Hierarchy.
[2022.07.13-22.23.49:761][  0]LogDerivedDataCache: FDerivedDataBackendGraph:  CompressedPak pak cache file ../../../../../../Users/ivcha/Documents/GitHub/GameplayProgramming/DerivedDataCache/Compressed.ddp not found, will not use a pak cache.
[2022.07.13-22.23.49:761][  0]LogDerivedDataCache: Unable to find inner node CompressedPak for hierarchical cache Hierarchy.
[2022.07.13-22.23.49:778][  0]LogDerivedDataCache: Display: Pak cache opened for reading ../../../Engine/DerivedDataCache/Compressed.ddp.
[2022.07.13-22.23.49:778][  0]LogDerivedDataCache: FDerivedDataBackendGraph:  EnterprisePak pak cache file ../../../Enterprise/DerivedDataCache/Compressed.ddp not found, will not use a pak cache.
[2022.07.13-22.23.49:778][  0]LogDerivedDataCache: Unable to find inner node EnterprisePak for hierarchical cache Hierarchy.
[2022.07.13-22.23.49:788][  0]LogDerivedDataCache: Speed tests for C:/Users/ivcha/AppData/Local/UnrealEngine/Common/DerivedDataCache took 0.01 seconds
[2022.07.13-22.23.49:788][  0]LogDerivedDataCache: Display: Performance to C:/Users/ivcha/AppData/Local/UnrealEngine/Common/DerivedDataCache: Latency=0.02ms. RandomReadSpeed=271.72MBs, RandomWriteSpeed=158.58MBs. Assigned SpeedClass 'Local'
[2022.07.13-22.23.49:788][  0]LogDerivedDataCache: Using Local data cache path C:/Users/ivcha/AppData/Local/UnrealEngine/Common/DerivedDataCache: Writable
[2022.07.13-22.23.49:788][  0]LogDerivedDataCache: Shared data cache path not found in *engine.ini, will not use an Shared cache.
[2022.07.13-22.23.49:788][  0]LogDerivedDataCache: Unable to find inner node Shared for hierarchical cache Hierarchy.
[2022.07.13-22.23.49:822][  0]LogSlate: Using FreeType 2.10.0
[2022.07.13-22.23.49:823][  0]LogSlate: SlateFontServices - WITH_FREETYPE: 1, WITH_HARFBUZZ: 1
[2022.07.13-22.23.49:934][  0]LogInit: Using OS detected language (es-ES).
[2022.07.13-22.23.49:934][  0]LogInit: Using OS detected locale (es-ES).
[2022.07.13-22.23.49:934][  0]LogTextLocalizationManager: No localization for 'es-ES' exists, so 'en' will be used for the language.
[2022.07.13-22.23.49:934][  0]LogTextLocalizationManager: No localization for 'es-ES' exists, so 'en' will be used for the locale.
[2022.07.13-22.23.49:934][  0]LogSlate: FontCache flush requested. Reason: Culture for localization was changed
[2022.07.13-22.23.49:934][  0]LogSlate: FontCache flush requested. Reason: Culture for localization was changed
[2022.07.13-22.23.49:938][  0]LogAssetRegistry: FAssetRegistry took 0.0022 seconds to start up
[2022.07.13-22.23.50:088][  0]LogTextLocalizationManager: Compacting localization data took   0.01ms
[2022.07.13-22.23.50:088][  0]LogPackageLocalizationCache: Processed 27 localized package path(s) for 1 prioritized culture(s) in 0.000954 seconds
[2022.07.13-22.23.50:150][  0]LogInit: Selected Device Profile: [Windows]
[2022.07.13-22.23.50:150][  0]LogInit: Active device profile: [0000019566676100][00000195464F0180 49] Windows
[2022.07.13-22.23.50:150][  0]LogInit: Profiles: [0000019566676100][00000195464F0180 49] Windows, [0000019566635E00][00000195464F8300 49] WindowsNoEditor, [0000019566676200][00000195464FC480 49] WindowsServer, [0000019566635F00][0000019546500600 49] WindowsClient, [0000019566675D00][0000019546504780 49] IOS, [0000019566637D00][00000195665A0900 49] iPadAir, [0000019566675A00][00000195665A4A80 49] iPadAir2, [00000195665F1B00][00000195665ACD40 49] IPadPro, [00000195665F1C00][00000195665A8D80 49] iPadAir3, [0000019566675E00][00000195665B0F00 49] iPadAir4, [00000195665F3C00][00000195665B5080 49] iPadMini2, [0000019566674300][00000195665B9200 49] iPadMini3, [00000195665F0800][00000195665BD380 49] iPadMini4, [0000019566675400][000001955E63F500 49] iPadMini5, [0000019566619300][00000195464F5780 49] iPhone6, [0000019566619400][000001955E6437C0 49] iPodTouch6, [0000019566636100][000001955E64BA00 49] iPhone7, [0000019566634200][000001955E647A40 49] iPodTouch7, [000001956661B500][000001955E653BC0 49] iPhone5S, [0000019566635600][000001955E6561C0 49] iPhone6Plus, [0000019566618600][000001955E65A340 49] iPhone6S, [0000019566636700][000001955E65E4C0 49] iPhone6SPlus, [000001956661A300][000001955E662640 49] iPhone7Plus, [0000019566634C00][000001955E6667C0 49] iPhoneSE, [000001956661BD00][000001955E66A940 49] iPhone8, [0000019566637000][000001955E66EAC0 49] iPhone8Plus, [0000019566618500][000001955E672C40 49] iPhoneX, [0000019566636300][000001955E676DC0 49] iPhoneXS, [000001956661B100][000001955E67AF40 49] iPhoneXSMax, [0000019566634B00][000001955E67F0C0 49] iPhoneXR, [000001956661AB00][000001955E683240 49] iPhone11, [0000019566637B00][000001955E6873C0 49] iPhone11Pro, [000001956661A100][000001955E9D1540 49] iPhone11ProMax, [0000019566637E00][000001955E9D56C0 49] iPhoneSE2, [000001956661B000][000001955E9D9840 49] iPhone12Mini, [0000019566636F00][000001955E64F980 49] iPhone12, [0000019566618C00][000001955E9DDAC0 49] iPhone12Pro, [0000019566637400][000001955E9E1C00 49] iPhone12ProMax, [000001956661AA00][000001955E9E41C0 49] iPadPro105, [0000019566637100][000001955E9EC340 49] iPadPro129, [000001956661A500][000001955E9F04C0 49] iPadPro97, [0000019566636A00][000001955E9F4640 49] iPadPro2_129, [000001956661AE00][000001955E9F87C0 49] iPad5, [0000019566634400][000001955E9FC940 49] iPad6, [00000195665F2200][000001955EA00AC0 49] iPad7, [00000195666C8E00][000001955EA04C40 49] iPad8, [00000195665F0600][000001955EA08DC0 49] iPadPro11, [00000195666C8500][000001955EA0CF40 49] iPadPro2_11, [00000195665F1600][000001955EA110C0 49] iPadPro3_129, [000001956661B200][000001955EA15240 49] iPadPro4_129, [00000195665F3800][000001955EA193C0 49] AppleTV, [000001956661BC00][000001955EA1D540 49] AppleTV4K, [00000195665F0700][000001955EA216C0 49] TVOS, [000001956661AC00][000001955EA25840 49] Mac, [00000195665F2000][000001955EA299C0 49] MacClient, [000001956661A200][000001955E9E9B00 49] MacNoEditor, [00000195665F2C00][000001955EA2C0C0 49] MacServer, [0000019566635200][000001955EA30200 49] Linux, [00000195665F1D00][000001955EA34340 49] LinuxAArch64, [0000019566636000][000001955EA3C4C0 49] LinuxNoEditor, [00000195665F0D00][000001955EA40640 49] LinuxAArch64NoEditor, [0000019566637C00][000001955EA447C0 49] LinuxClient, [00000195665F0400][000001955EA48940 49] LinuxAArch64Client, [0000019566635800][000001955EA4CAC0 49] LinuxServer, [00000195665F3900][000001955EA50C40 49] LinuxAArch64Server, [0000019566634300][000001955EA54DC0 49] Android, [00000195665F2300][000001955EA58F40 49] Android_Low, [0000019566635400][000001955EA5D0C0 49] Android_Mid, [00000195665F1300][000001955EA61240 49] Android_High, [0000019566634700][000001955EA653C0 49] Android_Default, [00000195665F3500][000001955EA69540 49] Android_Adreno4xx, [0000019566637A00][000001955EA6D6C0 49] Android_Adreno5xx_Low, [00000195665F1F00][000001955EA71840 49] Android_Adreno5xx, [0000019566635700][000001955EA759C0 49] Android_Adreno6xx, [00000195665F1200][000001955EA79B40 49] Android_Adreno6xx_Vulkan, [0000019566635100][000001955EA7C140 49] Android_Mali_T6xx, [00000195665F2E00][000001955EA38280 49] Android_Mali_T7xx, [0000019566635500][000001955EA803C0 49] Android_Mali_T8xx, [00000195665F3600][000001955EA84500 49] Android_Mali_G71, [0000019566634500][000001955EA8C680 49] Android_Mali_G72, [00000195665F2400][000001955EA90800 49] Android_Mali_G72_Vulkan, [0000019566636800][000001955EA94980 49] Android_Mali_G76, [00000195665F1800][000001955EA98B00 49] Android_Mali_G76_Vulkan, [0000019566634100][000001955EA9CC80 49] Android_Mali_G77, [00000195665F3700][000001955EAA0E00 49] Android_Mali_G77_Vulkan, [0000019566636C00][000001955EAA4F80 49] Android_Mali_G78, [00000195665F0200][000001955EAA9100 49] Android_Mali_G78_Vulkan, [0000019566635000][000001955EAAD280 49] Android_Mali_G710, [00000195665F2A00][000001955EAB1400 49] Android_Mali_G710_Vulkan, [0000019566636600][000001955EAB5580 49] Android_Vulkan_SM5, [00000195665F2500][000001955EAB9700 49] Android_PowerVR_G6xxx, [0000019566636400][000001955EABD880 49] Android_PowerVR_GT7xxx, [00000195665F1E00][000001955EAC1A00 49] Android_PowerVR_GE8xxx, [0000019566637F00][000001955EAC5B80 49] Android_PowerVR_GM9xxx, [0000019566675200][000001955EAC8180 49] Android_PowerVR_GM9xxx_Vulkan, [0000019566619E00][000001955EACC300 49] Android_TegraK1, [0000019566675500][000001955EA88440 49] Android_Unknown_Vulkan, [0000019566618F00][000001955EAD0580 49] Lumin, [0000019566674800][000001955EAD46C0 49] Lumin_Desktop, [000001956661B600][000001955EADC840 49] HoloLens, 
[2022.07.13-22.23.50:260][  0]LogMeshReduction: Using QuadricMeshReduction for automatic static mesh reduction
[2022.07.13-22.23.50:260][  0]LogMeshReduction: Using SimplygonMeshReduction for automatic skeletal mesh reduction
[2022.07.13-22.23.50:260][  0]LogMeshReduction: Using ProxyLODMeshReduction for automatic mesh merging
[2022.07.13-22.23.50:260][  0]LogMeshReduction: No distributed automatic mesh merging module available
[2022.07.13-22.23.50:260][  0]LogMeshMerging: No distributed automatic mesh merging module available
[2022.07.13-22.23.50:277][  0]LogNetVersion: GameplayProgramming 1.0.0, NetCL: 17155196, EngineNetVer: 17, GameNetVer: 0 (Checksum: 1408040546)
[2022.07.13-22.23.50:525][  0]LogTexture: Default maximum texture size for cubemaps generated from long-lat sources has been changed from 512 to unlimited. In order to preserve old behaiour for '/Engine/MapTemplates/Sky/DaylightAmbientCubemap.DaylightAmbientCubemap', its maximum texture size has been explicitly set to 512.
[2022.07.13-22.23.50:615][  0]LogHMD: PokeAHoleMaterial loaded successfully
[2022.07.13-22.23.50:715][  0]LogMoviePlayer: Initializing movie player
[2022.07.13-22.23.50:815][  0]LogNiagaraDebuggerClient: Niagara Debugger Client Initialized | Session: 85F5CA4D414FDBAACB5E79944C32D16F | Instance: 8DFEBCD04F7F8B26E62600ABDE73EA87 (DESKTOP-4KBLNKT-2420).
[2022.07.13-22.23.50:833][  0]LogCollectionManager: Loaded 0 collections in 0.001692 seconds
[2022.07.13-22.23.50:836][  0]LogFileCache: Scanning file cache for directory 'C:/Users/ivcha/Documents/GitHub/GameplayProgramming/Saved/Collections/' took 0.00s
[2022.07.13-22.23.50:836][  0]LogFileCache: Scanning file cache for directory 'C:/Users/ivcha/Documents/GitHub/GameplayProgramming/Content/Developers/ivcha/Collections/' took 0.00s
[2022.07.13-22.23.50:836][  0]LogFileCache: Scanning file cache for directory 'C:/Users/ivcha/Documents/GitHub/GameplayProgramming/Content/Collections/' took 0.00s
[2022.07.13-22.23.50:836][  0]LogCollectionManager: Fixed up redirectors for 0 collections in 0.000002 seconds (updated 0 objects)
[2022.07.13-22.23.50:932][  0]LogPython: Using Python 3.7.7
[2022.07.13-22.23.51:346][  0]LogTcpMessaging: Initializing TcpMessaging bridge
[2022.07.13-22.23.51:350][  0]LogUdpMessaging: Initializing bridge on interface 0.0.0.0:0 to multicast group 230.0.0.1:6666.
[2022.07.13-22.23.51:435][  0]SourceControl: Source control is disabled
[2022.07.13-22.23.51:435][  0]SourceControl: Source control is disabled
[2022.07.13-22.23.51:438][  0]SourceControl: Source control is disabled
[2022.07.13-22.23.51:444][  0]LogUProjectInfo: Found projects:
[2022.07.13-22.23.51:452][  0]LogVSAccessor: Display: Unable to create Visual Studio setup instance: 80040154
[2022.07.13-22.23.51:452][  0]LogVSAccessor: Display: Unable to create Visual Studio setup instance: 80040154
[2022.07.13-22.23.51:453][  0]LogVSAccessor: Display: Unable to create Visual Studio setup instance: 80040154
[2022.07.13-22.23.51:529][  0]LogOpenImageDenoise: OIDN starting up
[2022.07.13-22.23.51:550][  0]LogAndroidPermission: UAndroidPermissionCallbackProxy::GetInstance
[2022.07.13-22.23.51:570][  0]LogAudioCaptureCore: Display: No Audio Capture implementations found. Audio input will be silent.
[2022.07.13-22.23.51:570][  0]LogAudioCaptureCore: Display: No Audio Capture implementations found. Audio input will be silent.
[2022.07.13-22.23.51:631][  0]LogOcInput: OculusInput pre-init called
[2022.07.13-22.23.51:640][  0]LogUObjectArray: 22121 objects as part of root set at end of initial load.
[2022.07.13-22.23.51:640][  0]LogUObjectAllocator: 5975632 out of 0 bytes used by permanent object pool.
[2022.07.13-22.23.51:640][  0]LogUObjectArray: CloseDisregardForGC: 0/0 objects in disregard for GC pool
[2022.07.13-22.23.51:691][  0]LogEngine: Initializing Engine...
[2022.07.13-22.23.51:693][  0]LogHMD: Failed to enumerate extensions. Please check that you have a valid OpenXR runtime installed.
[2022.07.13-22.23.51:694][  0]LogHMD: Failed to initialize OpenVR with code 110
[2022.07.13-22.23.51:694][  0]LogMagicLeap: Warning: VR disabled because ZI is not enabled.  To enable, in the editor, Edit -> Project Settings -> Plugins -> Magic Leap Plugin -> Enable Zero Iteration
[2022.07.13-22.23.51:696][  0]LogStats: UGameplayTagsManager::InitializeManager -  0.000 s
[2022.07.13-22.23.51:780][  0]LogInit: Initializing FReadOnlyCVARCache
[2022.07.13-22.23.51:780][  0]LogAudio: Display: Initializing Audio Device Manager...
[2022.07.13-22.23.51:784][  0]LogAudio: Display: Loading Default Audio Settings Objects...
[2022.07.13-22.23.51:784][  0]LogAudio: Display: No default SoundConcurrencyObject specified (or failed to load).
[2022.07.13-22.23.51:785][  0]LogAudio: Display: Audio Device Manager Initialized
[2022.07.13-22.23.51:785][  0]LogAudio: Display: Creating Audio Device:                 Id: 1, Scope: Shared, Realtime: True
[2022.07.13-22.23.51:785][  0]LogAudioMixer: Display: Audio Mixer Platform Settings:
[2022.07.13-22.23.51:785][  0]LogAudioMixer: Display: 	Sample Rate:						  48000
[2022.07.13-22.23.51:785][  0]LogAudioMixer: Display: 	Callback Buffer Frame Size Requested: 1024
[2022.07.13-22.23.51:785][  0]LogAudioMixer: Display: 	Callback Buffer Frame Size To Use:	  1024
[2022.07.13-22.23.51:785][  0]LogAudioMixer: Display: 	Number of buffers to queue:			  2
[2022.07.13-22.23.51:785][  0]LogAudioMixer: Display: 	Max Channels (voices):				  32
[2022.07.13-22.23.51:785][  0]LogAudioMixer: Display: 	Number of Async Source Workers:		  0
[2022.07.13-22.23.51:785][  0]LogAudio: Display: AudioDevice MaxSources: 32
[2022.07.13-22.23.51:785][  0]LogAudio: Display: Audio Spatialization Plugin: None (built-in).
[2022.07.13-22.23.51:785][  0]LogAudio: Display: Audio Reverb Plugin: None (built-in).
[2022.07.13-22.23.51:785][  0]LogAudio: Display: Audio Occlusion Plugin: None (built-in).
[2022.07.13-22.23.51:785][  0]LogAudioMixer: Display: Initializing audio mixer.
[2022.07.13-22.23.51:797][  0]LogAudioMixer: Display: 0: FrontLeft
[2022.07.13-22.23.51:797][  0]LogAudioMixer: Display: 1: FrontRight
[2022.07.13-22.23.51:811][  0]LogAudioMixer: Display: Using Audio Device Altavoces (KROM)
[2022.07.13-22.23.51:815][  0]LogAudioMixer: Display: Initializing Sound Submixes...
[2022.07.13-22.23.51:817][  0]LogAudioMixer: Display: Creating Master Submix 'MasterSubmixDefault'
[2022.07.13-22.23.51:817][  0]LogAudioMixer: Display: Creating Master Submix 'MasterReverbSubmixDefault'
[2022.07.13-22.23.51:818][  0]LogAudioMixer: Display: Creating Master Submix 'MasterEQSubmixDefault'
[2022.07.13-22.23.51:818][  0]LogAudioMixer: FMixerPlatformXAudio2::StartAudioStream() called
[2022.07.13-22.23.51:818][  0]LogAudioMixer: Display: Output buffers initialized: Frames=1024, Channels=2, Samples=2048
[2022.07.13-22.23.51:819][  0]LogAudioMixer: Display: Starting AudioMixerPlatformInterface::RunInternal()
[2022.07.13-22.23.51:819][  0]LogAudioMixer: Display: FMixerPlatformXAudio2::SubmitBuffer() called for the first time
[2022.07.13-22.23.51:819][  0]LogInit: FAudioDevice initialized.
[2022.07.13-22.23.51:821][  0]LogNetVersion: Set ProjectVersion to 1.0.0.0. Version Checksum will be recalculated on next use.
[2022.07.13-22.23.51:821][  0]LogInit: Texture streaming: Enabled
[2022.07.13-22.23.51:893][  0]LogAudio: Display: Audio Device (ID: 1) registered with world 'Untitled'.
[2022.07.13-22.23.51:893][  0]LogSlate: Updating window title bar state: overlay mode, drag disabled, window buttons hidden, title bar hidden
[2022.07.13-22.23.51:893][  0]LogInit: Display: Game Engine Initialized.
[2022.07.13-22.23.51:894][  0]LogNiagaraEditor: GEditor isn't valid! Particle reset commands will not work for Niagara components!
[2022.07.13-22.23.52:001][  0]LogInit: Display: Starting Game.
[2022.07.13-22.23.52:001][  0]LogNet: Browse: /Game/Menu/MainMenuMap?Name=Player
[2022.07.13-22.23.52:001][  0]LogLoad: LoadMap: /Game/Menu/MainMenuMap?Name=Player
[2022.07.13-22.23.52:001][  0]LogWorld: BeginTearingDown for /Temp/Untitled_0
[2022.07.13-22.23.52:003][  0]LogWorld: UWorld::CleanupWorld for Untitled, bSessionEnded=true, bCleanupResources=true
[2022.07.13-22.23.52:003][  0]LogSlate: InvalidateAllWidgets triggered.  All widgets were invalidated
[2022.07.13-22.23.52:008][  0]LogAudio: Display: Audio Device unregistered from world 'None'.
[2022.07.13-22.23.52:010][  0]LogUObjectHash: Compacting FUObjectHashTables data took   0.77ms
[2022.07.13-22.23.52:030][  0]LogAudio: Display: Audio Device (ID: 1) registered with world 'MainMenuMap'.
[2022.07.13-22.23.52:036][  0]LogAIModule: Creating AISystem for world MainMenuMap
[2022.07.13-22.23.52:287][  0]LogLoad: Game class is 'FirstPersonGameMode_C'
[2022.07.13-22.23.52:288][  0]LogWorld: Bringing World /Game/Menu/MainMenuMap.MainMenuMap up for play (max tick rate 0) at 2022.07.14-00.23.52
[2022.07.13-22.23.52:288][  0]LogWorld: Bringing up level for play took: 0.000890
[2022.07.13-22.23.52:290][  0]LogGameMode: FindPlayerStart: PATHS NOT DEFINED or NO PLAYERSTART with positive rating
[2022.07.13-22.23.52:296][  0]LogViewport: Display: Viewport MouseLockMode Changed, LockOnCapture -> DoNotLock
[2022.07.13-22.23.52:296][  0]LogViewport: Display: Viewport MouseCaptureMode Changed, CapturePermanently_IncludingInitialMouseDown -> NoCapture
[2022.07.13-22.23.52:297][  0]LogLoad: Took 0.295803 seconds to LoadMap(/Game/Menu/MainMenuMap)
[2022.07.13-22.23.52:327][  0]LogSlate: Took 0.000160 seconds to synchronously load lazily loaded font '../../../Engine/Content/Slate/Fonts/Roboto-Regular.ttf' (155K)
[2022.07.13-22.23.52:350][  0]LogRenderer: Reallocating scene render targets to support 1280x720 Format 10 NumSamples 1 (Frame:1).
[2022.07.13-22.23.52:350][  0]LogInit: Display: Engine is initialized. Leaving FEngineLoop::Init()
[2022.07.13-22.23.52:350][  0]LogLoad: (Engine Initialization) Total time: 5.13 seconds
[2022.07.13-22.23.52:350][  0]LogLoad: (Engine Initialization) Total Blueprint compile time: 0.00 seconds
[2022.07.13-22.23.52:355][  0]LogContentStreaming: Texture pool size now 1000 MB
[2022.07.13-22.23.52:358][  0]LogSlate: InvalidateAllWidgets triggered.  All widgets were invalidated
[2022.07.13-22.23.52:543][  1]LogSlate: Took 0.000163 seconds to synchronously load lazily loaded font '../../../Engine/Content/Slate/Fonts/Roboto-Regular.ttf' (155K)
[2022.07.13-22.23.56:489][404]LogViewport: Display: Viewport MouseLockMode Changed, DoNotLock -> LockOnCapture
[2022.07.13-22.23.56:489][404]LogViewport: Display: Viewport MouseCaptureMode Changed, NoCapture -> CapturePermanently
[2022.07.13-22.23.56:570][404]LogPackageName: SearchForPackageOnDisk took   0.080s to resolve PlayTestMap.umap.
[2022.07.13-22.23.56:647][404]LogPackageName: SearchForPackageOnDisk took   0.077s to resolve PlayTestMap.umap.
[2022.07.13-22.23.56:647][404]LogNet: Browse: /Game/Maps/PlayTest/PlayTestMap
[2022.07.13-22.23.56:647][404]LogLoad: LoadMap: /Game/Maps/PlayTest/PlayTestMap
[2022.07.13-22.23.56:647][404]LogWorld: BeginTearingDown for /Game/Menu/MainMenuMap
[2022.07.13-22.23.56:648][404]LogWorld: UWorld::CleanupWorld for MainMenuMap, bSessionEnded=true, bCleanupResources=true
[2022.07.13-22.23.56:648][404]LogSlate: InvalidateAllWidgets triggered.  All widgets were invalidated
[2022.07.13-22.23.56:686][404]LogAudio: Display: Audio Device unregistered from world 'None'.
[2022.07.13-22.23.56:695][404]LogUObjectHash: Compacting FUObjectHashTables data took   0.83ms
[2022.07.13-22.23.57:178][404]LogAudio: Display: Audio Device (ID: 1) registered with world 'PlayTestMap'.
[2022.07.13-22.23.57:179][404]LogAIModule: Creating AISystem for world PlayTestMap
[2022.07.13-22.23.57:188][404]LogLoad: Game class is 'FirstPersonGameMode_C'
[2022.07.13-22.23.57:190][404]LogPhysics: Warning: Scale for /Game/Maps/PlayTest/PlayTestMap.PlayTestMap:PersistentLevel.EnemyBP_2.SpawnPoint has a component set to zero, which will result in a bad body instance. Scale:X=0.000 Y=0.000 Z=0.000
[2022.07.13-22.23.57:190][404]LogPhysics: Warning: Initialising Body : Scale3D is (nearly) zero: Component: '/Game/Maps/PlayTest/PlayTestMap.PlayTestMap:PersistentLevel.EnemyBP_2.SpawnPoint' 
[2022.07.13-22.23.57:191][404]LogPhysics: Warning: Scale for /Game/Maps/PlayTest/PlayTestMap.PlayTestMap:PersistentLevel.EnemyBP2_5.SpawnPoint has a component set to zero, which will result in a bad body instance. Scale:X=0.000 Y=0.000 Z=0.000
[2022.07.13-22.23.57:191][404]LogPhysics: Warning: Initialising Body : Scale3D is (nearly) zero: Component: '/Game/Maps/PlayTest/PlayTestMap.PlayTestMap:PersistentLevel.EnemyBP2_5.SpawnPoint' 
[2022.07.13-22.23.57:194][404]LogPhysics: Warning: Scale for /Game/Maps/PlayTest/PlayTestMap.PlayTestMap:PersistentLevel.EnemyBP_2.SpawnPoint has a component set to zero, which will result in a bad body instance. Scale:X=0.000 Y=0.000 Z=0.000
[2022.07.13-22.23.57:194][404]LogPhysics: Warning: Initialising Body : Scale3D is (nearly) zero: Component: '/Game/Maps/PlayTest/PlayTestMap.PlayTestMap:PersistentLevel.EnemyBP_2.SpawnPoint' 
[2022.07.13-22.23.57:194][404]LogPhysics: Warning: Scale for /Game/Maps/PlayTest/PlayTestMap.PlayTestMap:PersistentLevel.EnemyBP_2.SpawnPoint has a component set to zero, which will result in a bad body instance. Scale:X=0.000 Y=0.000 Z=0.000
[2022.07.13-22.23.57:194][404]LogPhysics: Warning: Initialising Body : Scale3D is (nearly) zero: Component: '/Game/Maps/PlayTest/PlayTestMap.PlayTestMap:PersistentLevel.EnemyBP_2.SpawnPoint' 
[2022.07.13-22.23.57:194][404]LogPhysics: Warning: Scale for /Game/Maps/PlayTest/PlayTestMap.PlayTestMap:PersistentLevel.EnemyBP_2.SpawnPoint has a component set to zero, which will result in a bad body instance. Scale:X=0.000 Y=0.000 Z=0.000
[2022.07.13-22.23.57:194][404]LogPhysics: Warning: Initialising Body : Scale3D is (nearly) zero: Component: '/Game/Maps/PlayTest/PlayTestMap.PlayTestMap:PersistentLevel.EnemyBP_2.SpawnPoint' 
[2022.07.13-22.23.57:195][404]LogPhysics: Warning: Scale for /Game/Maps/PlayTest/PlayTestMap.PlayTestMap:PersistentLevel.EnemyBP2_5.SpawnPoint has a component set to zero, which will result in a bad body instance. Scale:X=0.000 Y=0.000 Z=0.000
[2022.07.13-22.23.57:195][404]LogPhysics: Warning: Initialising Body : Scale3D is (nearly) zero: Component: '/Game/Maps/PlayTest/PlayTestMap.PlayTestMap:PersistentLevel.EnemyBP2_5.SpawnPoint' 
[2022.07.13-22.23.57:195][404]LogPhysics: Warning: Scale for /Game/Maps/PlayTest/PlayTestMap.PlayTestMap:PersistentLevel.EnemyBP2_5.SpawnPoint has a component set to zero, which will result in a bad body instance. Scale:X=0.000 Y=0.000 Z=0.000
[2022.07.13-22.23.57:195][404]LogPhysics: Warning: Initialising Body : Scale3D is (nearly) zero: Component: '/Game/Maps/PlayTest/PlayTestMap.PlayTestMap:PersistentLevel.EnemyBP2_5.SpawnPoint' 
[2022.07.13-22.23.57:195][404]LogPhysics: Warning: Scale for /Game/Maps/PlayTest/PlayTestMap.PlayTestMap:PersistentLevel.EnemyBP2_5.SpawnPoint has a component set to zero, which will result in a bad body instance. Scale:X=0.000 Y=0.000 Z=0.000
[2022.07.13-22.23.57:195][404]LogPhysics: Warning: Initialising Body : Scale3D is (nearly) zero: Component: '/Game/Maps/PlayTest/PlayTestMap.PlayTestMap:PersistentLevel.EnemyBP2_5.SpawnPoint' 
[2022.07.13-22.23.57:195][404]LogWorld: Bringing World /Game/Maps/PlayTest/PlayTestMap.PlayTestMap up for play (max tick rate 0) at 2022.07.14-00.23.57
[2022.07.13-22.23.57:197][404]LogWorld: Bringing up level for play took: 0.008625
[2022.07.13-22.23.57:206][404]LogLoad: Took 0.558312 seconds to LoadMap(/Game/Maps/PlayTest/PlayTestMap)
[2022.07.13-22.23.57:210][405]LogCharacterMovement: Warning: GetSimulationTimeStep() - Max iterations 8 hit while remaining time 0.087112 > MaxSimulationTimeStep (0.050) for 'EnemyBP_2', movement 'Walking'
[2022.07.13-22.24.04:731][875]LogScript: Warning: Attempted to access Projectile_C_0 via property K2Node_Event_Other, but Projectile_C_0 is pending kill
	FirstPersonCharacter_C /Game/Maps/PlayTest/PlayTestMap.PlayTestMap:PersistentLevel.FirstPersonCharacter_C_0
	Function /Game/FirstPersonBP/Blueprints/FirstPersonCharacter.FirstPersonCharacter_C:ExecuteUbergraph_FirstPersonCharacter:09E7
[2022.07.13-22.24.04:731][875]LogScript: Warning: Script call stack:
	Function /Game/FirstPersonBP/Blueprints/FirstPersonCharacter.FirstPersonCharacter_C:ReceiveHit
	Function /Game/FirstPersonBP/Blueprints/FirstPersonCharacter.FirstPersonCharacter_C:ExecuteUbergraph_FirstPersonCharacter

[2022.07.13-22.24.06:556][279]LogWindowsDesktop: Alt-F4 pressed!
[2022.07.13-22.24.06:571][279]LogSlate: Window 'GameplayProgramming (64-bit Development PCD3D_SM5) ' being destroyed
[2022.07.13-22.24.06:572][279]LogWindowsTextInputMethodSystem: Display: IME system deactivated.
[2022.07.13-22.24.06:579][279]LogWindowsTextInputMethodSystem: Display: IME system deactivated.
[2022.07.13-22.24.06:581][279]LogSlate: Updating window title bar state: overlay mode, drag disabled, window buttons hidden, title bar hidden
[2022.07.13-22.24.06:581][279]LogEngine: All Windows Closed
[2022.07.13-22.24.06:581][279]LogWindows: FPlatformMisc::RequestExit(0)
[2022.07.13-22.24.06:581][279]LogWindows: FPlatformMisc::RequestExitWithStatus(0, 0)
[2022.07.13-22.24.06:581][279]LogCore: Engine exit requested (reason: Win RequestExit)
[2022.07.13-22.24.06:581][280]LogCore: Engine exit requested (reason: EngineExit() was called; note: exit was already requested)
[2022.07.13-22.24.06:581][280]LogInit: Display: PreExit Game.
[2022.07.13-22.24.06:592][280]LogWorld: BeginTearingDown for /Game/Maps/PlayTest/PlayTestMap
[2022.07.13-22.24.06:592][280]LogWorld: UWorld::CleanupWorld for PlayTestMap, bSessionEnded=true, bCleanupResources=true
[2022.07.13-22.24.06:592][280]LogSlate: InvalidateAllWidgets triggered.  All widgets were invalidated
[2022.07.13-22.24.06:706][280]LogAudio: Display: Beginning Audio Device Manager Shutdown (Module: AudioMixerXAudio2)...
[2022.07.13-22.24.06:706][280]LogAudio: Display: Destroying 1 Remaining Audio Device(s)...
[2022.07.13-22.24.06:707][280]LogAudio: Display: Audio Device unregistered from world 'PlayTestMap'.
[2022.07.13-22.24.06:731][280]LogAudioMixer: FMixerPlatformXAudio2::StopAudioStream() called
[2022.07.13-22.24.06:732][280]LogAudioMixer: FMixerPlatformXAudio2::StopAudioStream() called
[2022.07.13-22.24.06:735][280]LogAudio: Display: Audio Device Manager Shutdown
[2022.07.13-22.24.06:743][280]LogExit: Preparing to exit.
[2022.07.13-22.24.07:366][280]LogSlate: Updating window title bar state: overlay mode, drag disabled, window buttons hidden, title bar hidden
[2022.07.13-22.24.07:370][280]LogUObjectHash: Compacting FUObjectHashTables data took   0.97ms
[2022.07.13-22.24.07:400][280]LogMoviePlayer: Shutting down movie player
[2022.07.13-22.24.07:496][280]LogDemo: Cleaned up 0 splitscreen connections with owner deletion
[2022.07.13-22.24.07:497][280]LogExit: Game engine shut down
[2022.07.13-22.24.07:535][280]LogExit: Object subsystem successfully closed.
[2022.07.13-22.24.07:562][280]LogShaderCompilers: Display: === FShaderJobCache stats ===
[2022.07.13-22.24.07:562][280]LogShaderCompilers: Display: Total job queries 0, among them cache hits 0 (0.00%)
[2022.07.13-22.24.07:562][280]LogShaderCompilers: Display: Tracking 0 distinct input hashes that result in 0 distinct outputs (0.00%)
[2022.07.13-22.24.07:562][280]LogShaderCompilers: Display: RAM used: 0.00 MB (0.00 GB) of 819.20 MB (0.80 GB) budget. Usage: 0.00%
[2022.07.13-22.24.07:562][280]LogShaderCompilers: Display: ================================================
[2022.07.13-22.24.07:577][280]LogShaderCompilers: Display: Shaders left to compile 0
[2022.07.13-22.24.07:592][280]LogModuleManager: Shutting down and abandoning module SequenceRecorderSections (560)
[2022.07.13-22.24.07:592][280]LogModuleManager: Shutting down and abandoning module SequenceRecorder (558)
[2022.07.13-22.24.07:592][280]LogModuleManager: Shutting down and abandoning module AutomationController (556)
[2022.07.13-22.24.07:592][280]LogModuleManager: Shutting down and abandoning module AutomationWorker (554)
[2022.07.13-22.24.07:592][280]LogModuleManager: Shutting down and abandoning module Voice (552)
[2022.07.13-22.24.07:592][280]LogModuleManager: Shutting down and abandoning module AnimGraph (550)
[2022.07.13-22.24.07:592][280]LogModuleManager: Shutting down and abandoning module AIModule (548)
[2022.07.13-22.24.07:593][280]LogModuleManager: Shutting down and abandoning module GameplayDebugger (547)
[2022.07.13-22.24.07:593][280]LogModuleManager: Shutting down and abandoning module AITestSuite (545)
[2022.07.13-22.24.07:593][280]LogModuleManager: Shutting down and abandoning module NavigationSystem (543)
[2022.07.13-22.24.07:593][280]LogModuleManager: Shutting down and abandoning module OculusMR (540)
[2022.07.13-22.24.07:593][280]LogModuleManager: Shutting down and abandoning module SteamVREditor (538)
[2022.07.13-22.24.07:593][280]LogModuleManager: Shutting down and abandoning module ToolMenus (537)
[2022.07.13-22.24.07:593][280]LogModuleManager: Shutting down and abandoning module OpenXRInput (534)
[2022.07.13-22.24.07:593][280]LogModuleManager: Shutting down and abandoning module TakeRecorderSources (532)
[2022.07.13-22.24.07:593][280]LogModuleManager: Shutting down and abandoning module TakeRecorder (531)
[2022.07.13-22.24.07:593][280]LogModuleManager: Shutting down and abandoning module TakeTrackRecorders (528)
[2022.07.13-22.24.07:593][280]LogModuleManager: Shutting down and abandoning module TakesCore (526)
[2022.07.13-22.24.07:593][280]LogModuleManager: Shutting down and abandoning module WmfMediaFactory (524)
[2022.07.13-22.24.07:593][280]LogModuleManager: Shutting down and abandoning module WebMMediaFactory (522)
[2022.07.13-22.24.07:593][280]LogModuleManager: Shutting down and abandoning module WebMMedia (520)
[2022.07.13-22.24.07:593][280]LogModuleManager: Shutting down and abandoning module OpenExrWrapper (518)
[2022.07.13-22.24.07:593][280]LogModuleManager: Shutting down and abandoning module ImgMediaFactory (516)
[2022.07.13-22.24.07:593][280]LogModuleManager: Shutting down and abandoning module AvfMediaFactory (514)
[2022.07.13-22.24.07:593][280]LogModuleManager: Shutting down and abandoning module PlanarCut (512)
[2022.07.13-22.24.07:593][280]LogModuleManager: Shutting down and abandoning module MagicLeapMediaCodecFactory (510)
[2022.07.13-22.24.07:593][280]LogModuleManager: Shutting down and abandoning module MagicLeapMediaFactory (508)
[2022.07.13-22.24.07:593][280]LogModuleManager: Shutting down and abandoning module CharacterAI (506)
[2022.07.13-22.24.07:593][280]LogModuleManager: Shutting down and abandoning module SessionServices (504)
[2022.07.13-22.24.07:593][280]LogModuleManager: Shutting down and abandoning module MovieSceneCapture (502)
[2022.07.13-22.24.07:593][280]LogModuleManager: Shutting down and abandoning module LiveCoding (500)
[2022.07.13-22.24.07:593][280]LogModuleManager: Shutting down and abandoning module LevelSequence (498)
[2022.07.13-22.24.07:593][280]LogModuleManager: Shutting down and abandoning module MovieSceneTracks (496)
[2022.07.13-22.24.07:593][280]LogModuleManager: Shutting down and abandoning module MovieScene (494)
[2022.07.13-22.24.07:593][280]LogModuleManager: Shutting down and abandoning module StreamingPauseRendering (492)
[2022.07.13-22.24.07:593][280]LogModuleManager: Shutting down and abandoning module PortalServices (490)
[2022.07.13-22.24.07:593][280]LogModuleManager: Shutting down and abandoning module PortalRpc (488)
[2022.07.13-22.24.07:593][280]LogModuleManager: Shutting down and abandoning module MessagingRpc (486)
[2022.07.13-22.24.07:593][280]LogModuleManager: Shutting down and abandoning module AudioMixerXAudio2 (484)
[2022.07.13-22.24.07:593][280]LogModuleManager: Shutting down and abandoning module AudioMixerCore (483)
[2022.07.13-22.24.07:593][280]LogModuleManager: Shutting down and abandoning module ImageWriteQueue (480)
[2022.07.13-22.24.07:599][280]LogModuleManager: Shutting down and abandoning module ProfilerService (478)
[2022.07.13-22.24.07:682][280]LogModuleManager: Shutting down and abandoning module TaskGraph (476)
[2022.07.13-22.24.07:682][280]LogModuleManager: Shutting down and abandoning module OculusInput (474)
[2022.07.13-22.24.07:682][280]LogModuleManager: Shutting down and abandoning module Synthesis (472)
[2022.07.13-22.24.07:682][280]LogModuleManager: Shutting down and abandoning module ProceduralMeshComponent (470)
[2022.07.13-22.24.07:682][280]LogModuleManager: Shutting down and abandoning module MobilePatchingUtils (468)
[2022.07.13-22.24.07:682][280]LogModuleManager: Shutting down and abandoning module TakeMovieScene (466)
[2022.07.13-22.24.07:682][280]LogModuleManager: Shutting down and abandoning module GooglePAD (464)
[2022.07.13-22.24.07:682][280]LogModuleManager: Shutting down and abandoning module EditableMesh (462)
[2022.07.13-22.24.07:682][280]LogModuleManager: Shutting down and abandoning module CustomMeshComponent (460)
[2022.07.13-22.24.07:682][280]LogModuleManager: Shutting down and abandoning module CableComponent (458)
[2022.07.13-22.24.07:682][280]LogModuleManager: Shutting down and abandoning module AudioCapture (456)
[2022.07.13-22.24.07:682][280]LogModuleManager: Shutting down and abandoning module AudioCaptureRtAudio (455)
[2022.07.13-22.24.07:682][280]LogModuleManager: Shutting down and abandoning module AssetTags (452)
[2022.07.13-22.24.07:682][280]LogModuleManager: Shutting down and abandoning module AppleImageUtilsBlueprintSupport (450)
[2022.07.13-22.24.07:682][280]LogModuleManager: Shutting down and abandoning module AppleImageUtils (448)
[2022.07.13-22.24.07:682][280]LogModuleManager: Shutting down and abandoning module ArchVisCharacter (446)
[2022.07.13-22.24.07:682][280]LogModuleManager: Shutting down and abandoning module AndroidPermission (444)
[2022.07.13-22.24.07:682][280]LogModuleManager: Shutting down and abandoning module ActorLayerUtilities (442)
[2022.07.13-22.24.07:682][280]LogModuleManager: Shutting down and abandoning module MediaCompositing (440)
[2022.07.13-22.24.07:682][280]LogModuleManager: Shutting down and abandoning module ImgMedia (438)
[2022.07.13-22.24.07:682][280]LogModuleManager: Shutting down and abandoning module TemplateSequence (436)
[2022.07.13-22.24.07:682][280]LogModuleManager: Shutting down and abandoning module OpenImageDenoise (434)
[2022.07.13-22.24.07:682][280]LogOpenImageDenoise: OIDN shutting down
[2022.07.13-22.24.07:682][280]LogModuleManager: Shutting down and abandoning module MotoSynth (432)
[2022.07.13-22.24.07:682][280]LogModuleManager: Shutting down and abandoning module MeshConversion (430)
[2022.07.13-22.24.07:682][280]LogModuleManager: Shutting down and abandoning module DynamicMesh (428)
[2022.07.13-22.24.07:682][280]LogModuleManager: Shutting down and abandoning module GeometryAlgorithms (426)
[2022.07.13-22.24.07:682][280]LogModuleManager: Shutting down and abandoning module GeometricObjects (424)
[2022.07.13-22.24.07:682][280]LogModuleManager: Shutting down and abandoning module GeometryCollectionTracks (422)
[2022.07.13-22.24.07:682][280]LogModuleManager: Shutting down and abandoning module GeometryCollectionSequencer (421)
[2022.07.13-22.24.07:682][280]LogModuleManager: Shutting down and abandoning module MagicLeapSharedWorld (418)
[2022.07.13-22.24.07:682][280]LogModuleManager: Shutting down and abandoning module MagicLeapLightEstimation (416)
[2022.07.13-22.24.07:682][280]LogModuleManager: Shutting down and abandoning module MagicLeapHelperVulkan (414)
[2022.07.13-22.24.07:682][280]LogModuleManager: Shutting down and abandoning module MagicLeapHelperOpenGL (412)
[2022.07.13-22.24.07:682][280]LogModuleManager: Shutting down and abandoning module MagicLeapAudio (410)
[2022.07.13-22.24.07:682][280]LogModuleManager: Shutting down and abandoning module GeometryCacheTracks (408)
[2022.07.13-22.24.07:682][280]LogModuleManager: Shutting down and abandoning module GeometryCacheSequencer (407)
[2022.07.13-22.24.07:682][280]LogModuleManager: Shutting down and abandoning module GeometryCache (404)
[2022.07.13-22.24.07:682][280]LogModuleManager: Shutting down and abandoning module GeometryCacheEd (403)
[2022.07.13-22.24.07:682][280]LogModuleManager: Shutting down and abandoning module ChaosNiagara (400)
[2022.07.13-22.24.07:682][280]LogModuleManager: Shutting down and abandoning module FieldSystemEngine (399)
[2022.07.13-22.24.07:682][280]LogModuleManager: Shutting down and abandoning module AutomationUtils (396)
[2022.07.13-22.24.07:682][280]LogModuleManager: Shutting down and abandoning module BackChannel (394)
[2022.07.13-22.24.07:683][280]LogModuleManager: Shutting down and abandoning module VisualStudioSourceCodeAccess (392)
[2022.07.13-22.24.07:683][280]LogModuleManager: Shutting down and abandoning module HotReload (391)
[2022.07.13-22.24.07:683][280]LogModuleManager: Shutting down and abandoning module VisualStudioCodeSourceCodeAccess (388)
[2022.07.13-22.24.07:683][280]LogModuleManager: Shutting down and abandoning module UObjectPlugin (386)
[2022.07.13-22.24.07:683][280]LogModuleManager: Shutting down and abandoning module SubversionSourceControl (384)
[2022.07.13-22.24.07:683][280]LogModuleManager: Shutting down and abandoning module PerforceSourceControl (382)
[2022.07.13-22.24.07:683][280]LogModuleManager: Shutting down and abandoning module SourceControl (381)
[2022.07.13-22.24.07:683][280]LogModuleManager: Shutting down and abandoning module CLionSourceCodeAccess (378)
[2022.07.13-22.24.07:683][280]LogModuleManager: Shutting down and abandoning module OodleNetworkHandlerComponent (376)
[2022.07.13-22.24.07:683][280]LogModuleManager: Shutting down and abandoning module LiveLinkSequencer (374)
[2022.07.13-22.24.07:683][280]LogModuleManager: Shutting down and abandoning module LiveLinkMovieScene (372)
[2022.07.13-22.24.07:683][280]LogModuleManager: Shutting down and abandoning module LiveLinkGraphNode (370)
[2022.07.13-22.24.07:683][280]LogModuleManager: Shutting down and abandoning module LiveLinkComponents (368)
[2022.07.13-22.24.07:683][280]LogModuleManager: Shutting down and abandoning module LiveLink (366)
[2022.07.13-22.24.08:399][280]LogModuleManager: Shutting down and abandoning module SoundFields (364)
[2022.07.13-22.24.08:399][280]LogModuleManager: Shutting down and abandoning module RuntimePhysXCooking (362)
[2022.07.13-22.24.08:399][280]LogModuleManager: Shutting down and abandoning module SignificanceManager (360)
[2022.07.13-22.24.08:399][280]LogModuleManager: Shutting down and abandoning module PropertyAccessEditor (358)
[2022.07.13-22.24.08:399][280]LogModuleManager: Shutting down and abandoning module PhysXVehiclesEditor (356)
[2022.07.13-22.24.08:399][280]LogModuleManager: Shutting down and abandoning module LocationServicesBPLibrary (352)
[2022.07.13-22.24.08:399][280]LogModuleManager: Shutting down and abandoning module AudioSynesthesia (350)
[2022.07.13-22.24.08:399][280]LogModuleManager: Shutting down and abandoning module AudioSynesthesiaCore (348)
[2022.07.13-22.24.08:399][280]LogModuleManager: Shutting down and abandoning module UdpMessaging (346)
